Epoch: [0][100/108]	Time 4.128 (4.123)	Data 4.062 (4.042)	Loss 0.0599 (0.1883)	MAE 0.200 (0.320)
Test: [0/15]	Time 3.578 (3.578)	Loss 0.0827 (0.0827)	MAE 0.259 (0.259)
Test: [10/15]	Time 3.973 (4.069)	Loss 0.0738 (0.0797)	MAE 0.240 (0.245)
 * MAE 0.246
Epoch: [1][100/108]	Time 0.082 (0.093)	Data 0.019 (0.019)	Loss 0.0426 (0.0719)	MAE 0.160 (0.208)
Test: [0/15]	Time 0.042 (0.042)	Loss 0.0560 (0.0560)	MAE 0.201 (0.201)
Test: [10/15]	Time 0.040 (0.069)	Loss 0.1557 (0.0758)	MAE 0.237 (0.219)
 * MAE 0.218
Epoch: [2][100/108]	Time 0.097 (0.092)	Data 0.017 (0.018)	Loss 0.0344 (0.0583)	MAE 0.158 (0.182)
Test: [0/15]	Time 0.045 (0.045)	Loss 0.0917 (0.0917)	MAE 0.261 (0.261)
Test: [10/15]	Time 0.040 (0.070)	Loss 0.0751 (0.0732)	MAE 0.241 (0.236)
 * MAE 0.237
Epoch: [3][100/108]	Time 0.091 (0.092)	Data 0.015 (0.019)	Loss 0.0334 (0.0532)	MAE 0.154 (0.174)
Test: [0/15]	Time 0.047 (0.047)	Loss 0.0313 (0.0313)	MAE 0.148 (0.148)
Test: [10/15]	Time 0.036 (0.042)	Loss 0.0497 (0.0505)	MAE 0.176 (0.169)
 * MAE 0.171
Epoch: [4][100/108]	Time 0.094 (0.092)	Data 0.018 (0.018)	Loss 0.0372 (0.0466)	MAE 0.165 (0.165)
Test: [0/15]	Time 0.043 (0.043)	Loss 0.0899 (0.0899)	MAE 0.277 (0.277)
Test: [10/15]	Time 0.039 (0.042)	Loss 0.0891 (0.0960)	MAE 0.274 (0.280)
 * MAE 0.282
Epoch: [5][100/108]	Time 0.093 (0.096)	Data 0.021 (0.021)	Loss 0.0380 (0.0444)	MAE 0.158 (0.157)
Test: [0/15]	Time 0.043 (0.043)	Loss 0.0403 (0.0403)	MAE 0.164 (0.164)
Test: [10/15]	Time 0.037 (0.044)	Loss 0.0391 (0.0487)	MAE 0.162 (0.165)
 * MAE 0.163
Epoch: [6][100/108]	Time 0.085 (0.096)	Data 0.014 (0.021)	Loss 0.0359 (0.0426)	MAE 0.141 (0.155)
Test: [0/15]	Time 0.043 (0.043)	Loss 0.1043 (0.1043)	MAE 0.156 (0.156)
Test: [10/15]	Time 0.039 (0.042)	Loss 0.0256 (0.0384)	MAE 0.115 (0.137)
 * MAE 0.136
Epoch: [7][100/108]	Time 0.083 (0.095)	Data 0.019 (0.021)	Loss 0.0429 (0.0431)	MAE 0.172 (0.155)
Test: [0/15]	Time 0.043 (0.043)	Loss 0.0181 (0.0181)	MAE 0.104 (0.104)
Test: [10/15]	Time 0.045 (0.042)	Loss 0.0245 (0.0312)	MAE 0.110 (0.117)
 * MAE 0.116
Epoch: [8][100/108]	Time 0.090 (0.095)	Data 0.019 (0.021)	Loss 0.0126 (0.0388)	MAE 0.092 (0.145)
Test: [0/15]	Time 0.043 (0.043)	Loss 0.0204 (0.0204)	MAE 0.113 (0.113)
Test: [10/15]	Time 0.038 (0.040)	Loss 0.0257 (0.0264)	MAE 0.114 (0.111)
 * MAE 0.111
Epoch: [9][100/108]	Time 0.099 (0.094)	Data 0.024 (0.021)	Loss 0.0318 (0.0359)	MAE 0.143 (0.137)
Test: [0/15]	Time 0.039 (0.039)	Loss 0.0182 (0.0182)	MAE 0.109 (0.109)
Test: [10/15]	Time 0.042 (0.041)	Loss 0.0250 (0.0289)	MAE 0.114 (0.118)
 * MAE 0.116
Epoch: [10][100/108]	Time 0.096 (0.094)	Data 0.019 (0.021)	Loss 0.0245 (0.0371)	MAE 0.121 (0.142)
Test: [0/15]	Time 0.040 (0.040)	Loss 0.0361 (0.0361)	MAE 0.147 (0.147)
Test: [10/15]	Time 0.046 (0.041)	Loss 0.0254 (0.0280)	MAE 0.136 (0.135)
 * MAE 0.137
Epoch: [11][100/108]	Time 0.088 (0.095)	Data 0.019 (0.021)	Loss 0.0170 (0.0379)	MAE 0.114 (0.145)
Test: [0/15]	Time 0.038 (0.038)	Loss 0.0493 (0.0493)	MAE 0.176 (0.176)
Test: [10/15]	Time 0.047 (0.042)	Loss 0.0448 (0.0518)	MAE 0.173 (0.179)
 * MAE 0.180
Epoch: [12][100/108]	Time 0.092 (0.095)	Data 0.017 (0.021)	Loss 0.0250 (0.0362)	MAE 0.121 (0.139)
Test: [0/15]	Time 0.038 (0.038)	Loss 0.0287 (0.0287)	MAE 0.137 (0.137)
Test: [10/15]	Time 0.043 (0.042)	Loss 0.0221 (0.0316)	MAE 0.135 (0.138)
 * MAE 0.136
Epoch: [13][100/108]	Time 0.094 (0.096)	Data 0.015 (0.021)	Loss 0.1794 (0.0333)	MAE 0.132 (0.133)
Test: [0/15]	Time 0.043 (0.043)	Loss 0.0336 (0.0336)	MAE 0.163 (0.163)
Test: [10/15]	Time 0.039 (0.043)	Loss 0.0263 (0.0386)	MAE 0.149 (0.164)
 * MAE 0.164
Epoch: [14][100/108]	Time 0.103 (0.096)	Data 0.022 (0.021)	Loss 0.0397 (0.0285)	MAE 0.115 (0.119)
Test: [0/15]	Time 0.040 (0.040)	Loss 0.0754 (0.0754)	MAE 0.243 (0.243)
Test: [10/15]	Time 0.036 (0.042)	Loss 0.0800 (0.0814)	MAE 0.244 (0.239)
 * MAE 0.238
Epoch: [15][100/108]	Time 0.091 (0.095)	Data 0.016 (0.021)	Loss 0.0315 (0.0296)	MAE 0.155 (0.134)
Test: [0/15]	Time 0.040 (0.040)	Loss 0.0182 (0.0182)	MAE 0.098 (0.098)
Test: [10/15]	Time 0.039 (0.042)	Loss 0.0274 (0.0213)	MAE 0.121 (0.102)
 * MAE 0.102
Epoch: [16][100/108]	Time 0.084 (0.095)	Data 0.016 (0.021)	Loss 0.0173 (0.0295)	MAE 0.096 (0.122)
Test: [0/15]	Time 0.048 (0.048)	Loss 0.0208 (0.0208)	MAE 0.118 (0.118)
Test: [10/15]	Time 0.033 (0.044)	Loss 0.0306 (0.0293)	MAE 0.139 (0.129)
 * MAE 0.128
Epoch: [17][100/108]	Time 0.087 (0.094)	Data 0.019 (0.021)	Loss 0.0455 (0.0280)	MAE 0.163 (0.118)
Test: [0/15]	Time 0.044 (0.044)	Loss 0.0199 (0.0199)	MAE 0.115 (0.115)
Test: [10/15]	Time 0.040 (0.040)	Loss 0.0991 (0.0297)	MAE 0.155 (0.124)
 * MAE 0.126
Epoch: [18][100/108]	Time 0.105 (0.094)	Data 0.016 (0.021)	Loss 0.0190 (0.0294)	MAE 0.119 (0.121)
Test: [0/15]	Time 0.043 (0.043)	Loss 0.0138 (0.0138)	MAE 0.097 (0.097)
Test: [10/15]	Time 0.040 (0.040)	Loss 0.0214 (0.0231)	MAE 0.111 (0.106)
 * MAE 0.105
Epoch: [19][100/108]	Time 0.099 (0.095)	Data 0.018 (0.021)	Loss 0.0513 (0.0302)	MAE 0.162 (0.124)
Test: [0/15]	Time 0.052 (0.052)	Loss 0.0353 (0.0353)	MAE 0.175 (0.175)
Test: [10/15]	Time 0.047 (0.047)	Loss 0.0389 (0.0419)	MAE 0.179 (0.173)
 * MAE 0.173
Epoch: [20][100/108]	Time 0.102 (0.095)	Data 0.019 (0.021)	Loss 0.0141 (0.0267)	MAE 0.098 (0.120)
Test: [0/15]	Time 0.038 (0.038)	Loss 0.0175 (0.0175)	MAE 0.112 (0.112)
Test: [10/15]	Time 0.044 (0.041)	Loss 0.0239 (0.0207)	MAE 0.123 (0.117)
 * MAE 0.120
Epoch: [21][100/108]	Time 0.099 (0.096)	Data 0.019 (0.022)	Loss 0.0174 (0.0301)	MAE 0.108 (0.126)
Test: [0/15]	Time 0.047 (0.047)	Loss 0.0295 (0.0295)	MAE 0.137 (0.137)
Test: [10/15]	Time 0.046 (0.044)	Loss 0.0185 (0.0260)	MAE 0.118 (0.132)
 * MAE 0.132
Epoch: [22][100/108]	Time 0.096 (0.094)	Data 0.022 (0.021)	Loss 0.0118 (0.0256)	MAE 0.088 (0.111)
Test: [0/15]	Time 0.044 (0.044)	Loss 0.0150 (0.0150)	MAE 0.095 (0.095)
Test: [10/15]	Time 0.042 (0.043)	Loss 0.0116 (0.0156)	MAE 0.088 (0.095)
 * MAE 0.097
Epoch: [23][100/108]	Time 0.093 (0.095)	Data 0.020 (0.021)	Loss 0.0125 (0.0251)	MAE 0.094 (0.110)
Test: [0/15]	Time 0.048 (0.048)	Loss 0.0346 (0.0346)	MAE 0.156 (0.156)
Test: [10/15]	Time 0.048 (0.045)	Loss 0.1010 (0.0403)	MAE 0.165 (0.158)
 * MAE 0.160
Epoch: [24][100/108]	Time 0.112 (0.095)	Data 0.022 (0.021)	Loss 0.0168 (0.0203)	MAE 0.104 (0.107)
Test: [0/15]	Time 0.038 (0.038)	Loss 0.0218 (0.0218)	MAE 0.116 (0.116)
Test: [10/15]	Time 0.043 (0.042)	Loss 0.0170 (0.0257)	MAE 0.112 (0.113)
 * MAE 0.114
Epoch: [25][100/108]	Time 0.093 (0.095)	Data 0.018 (0.021)	Loss 0.0231 (0.0273)	MAE 0.107 (0.117)
Test: [0/15]	Time 0.045 (0.045)	Loss 0.0206 (0.0206)	MAE 0.128 (0.128)
Test: [10/15]	Time 0.051 (0.044)	Loss 0.0225 (0.0267)	MAE 0.132 (0.128)
 * MAE 0.128
Epoch: [26][100/108]	Time 0.079 (0.095)	Data 0.019 (0.021)	Loss 0.0320 (0.0292)	MAE 0.162 (0.125)
Test: [0/15]	Time 0.038 (0.038)	Loss 0.0182 (0.0182)	MAE 0.103 (0.103)
Test: [10/15]	Time 0.039 (0.043)	Loss 0.0183 (0.0212)	MAE 0.103 (0.096)
 * MAE 0.096
Epoch: [27][100/108]	Time 0.096 (0.095)	Data 0.018 (0.021)	Loss 0.0261 (0.0275)	MAE 0.117 (0.118)
Test: [0/15]	Time 0.042 (0.042)	Loss 0.0233 (0.0233)	MAE 0.130 (0.130)
Test: [10/15]	Time 0.042 (0.043)	Loss 0.0283 (0.0347)	MAE 0.147 (0.145)
 * MAE 0.146
Epoch: [28][100/108]	Time 0.083 (0.094)	Data 0.018 (0.021)	Loss 0.0224 (0.0258)	MAE 0.109 (0.113)
Test: [0/15]	Time 0.047 (0.047)	Loss 0.0338 (0.0338)	MAE 0.165 (0.165)
Test: [10/15]	Time 0.041 (0.042)	Loss 0.0419 (0.0346)	MAE 0.182 (0.166)
 * MAE 0.166
Epoch: [29][100/108]	Time 0.091 (0.094)	Data 0.016 (0.021)	Loss 0.0325 (0.0246)	MAE 0.163 (0.109)
Test: [0/15]	Time 0.040 (0.040)	Loss 0.0219 (0.0219)	MAE 0.126 (0.126)
Test: [10/15]	Time 0.036 (0.042)	Loss 0.0261 (0.0276)	MAE 0.125 (0.123)
 * MAE 0.124
Epoch: [30][100/108]	Time 0.088 (0.095)	Data 0.015 (0.021)	Loss 0.0300 (0.0247)	MAE 0.154 (0.110)
Test: [0/15]	Time 0.040 (0.040)	Loss 0.0195 (0.0195)	MAE 0.095 (0.095)
Test: [10/15]	Time 0.036 (0.039)	Loss 0.0181 (0.0216)	MAE 0.100 (0.095)
 * MAE 0.095
Epoch: [31][100/108]	Time 0.090 (0.095)	Data 0.018 (0.021)	Loss 0.0133 (0.0246)	MAE 0.093 (0.108)
Test: [0/15]	Time 0.041 (0.041)	Loss 0.0097 (0.0097)	MAE 0.080 (0.080)
Test: [10/15]	Time 0.038 (0.041)	Loss 0.0112 (0.0200)	MAE 0.089 (0.092)
 * MAE 0.093
Epoch: [32][100/108]	Time 0.092 (0.094)	Data 0.017 (0.021)	Loss 0.0167 (0.0249)	MAE 0.109 (0.111)
Test: [0/15]	Time 0.043 (0.043)	Loss 0.0265 (0.0265)	MAE 0.144 (0.144)
Test: [10/15]	Time 0.041 (0.042)	Loss 0.0296 (0.0358)	MAE 0.156 (0.151)
 * MAE 0.150
Epoch: [33][100/108]	Time 0.092 (0.095)	Data 0.019 (0.021)	Loss 0.0120 (0.0259)	MAE 0.087 (0.114)
Test: [0/15]	Time 0.046 (0.046)	Loss 0.0153 (0.0153)	MAE 0.094 (0.094)
Test: [10/15]	Time 0.038 (0.042)	Loss 0.0907 (0.0213)	MAE 0.116 (0.095)
 * MAE 0.094
Epoch: [34][100/108]	Time 0.082 (0.095)	Data 0.018 (0.021)	Loss 0.0856 (0.0245)	MAE 0.172 (0.109)
Test: [0/15]	Time 0.042 (0.042)	Loss 0.0996 (0.0996)	MAE 0.133 (0.133)
Test: [10/15]	Time 0.046 (0.043)	Loss 0.0205 (0.0270)	MAE 0.125 (0.119)
 * MAE 0.118
Epoch: [35][100/108]	Time 0.097 (0.094)	Data 0.021 (0.021)	Loss 0.0120 (0.0232)	MAE 0.086 (0.105)
Test: [0/15]	Time 0.042 (0.042)	Loss 0.0101 (0.0101)	MAE 0.085 (0.085)
Test: [10/15]	Time 0.039 (0.042)	Loss 0.0159 (0.0215)	MAE 0.094 (0.093)
 * MAE 0.093
Epoch: [36][100/108]	Time 0.098 (0.095)	Data 0.021 (0.022)	Loss 0.0146 (0.0250)	MAE 0.092 (0.110)
Test: [0/15]	Time 0.044 (0.044)	Loss 0.0202 (0.0202)	MAE 0.120 (0.120)
Test: [10/15]	Time 0.033 (0.041)	Loss 0.0273 (0.0282)	MAE 0.128 (0.126)
 * MAE 0.124
Epoch: [37][100/108]	Time 0.087 (0.095)	Data 0.017 (0.021)	Loss 0.0243 (0.0243)	MAE 0.110 (0.107)
Test: [0/15]	Time 0.057 (0.057)	Loss 0.0184 (0.0184)	MAE 0.111 (0.111)
Test: [10/15]	Time 0.041 (0.045)	Loss 0.0189 (0.0249)	MAE 0.107 (0.107)
 * MAE 0.105
Epoch: [38][100/108]	Time 0.105 (0.095)	Data 0.019 (0.021)	Loss 0.0476 (0.0264)	MAE 0.191 (0.114)
Test: [0/15]	Time 0.044 (0.044)	Loss 0.0368 (0.0368)	MAE 0.158 (0.158)
Test: [10/15]	Time 0.042 (0.043)	Loss 0.0337 (0.0416)	MAE 0.164 (0.162)
 * MAE 0.161
Epoch: [39][100/108]	Time 0.098 (0.094)	Data 0.019 (0.021)	Loss 0.0285 (0.0198)	MAE 0.150 (0.108)
Test: [0/15]	Time 0.039 (0.039)	Loss 0.0179 (0.0179)	MAE 0.110 (0.110)
Test: [10/15]	Time 0.047 (0.043)	Loss 0.0185 (0.0242)	MAE 0.111 (0.110)
 * MAE 0.109
Epoch: [40][100/108]	Time 0.081 (0.095)	Data 0.017 (0.021)	Loss 0.0122 (0.0232)	MAE 0.087 (0.105)
Test: [0/15]	Time 0.042 (0.042)	Loss 0.0172 (0.0172)	MAE 0.102 (0.102)
Test: [10/15]	Time 0.044 (0.041)	Loss 0.0195 (0.0254)	MAE 0.108 (0.105)
 * MAE 0.105
Epoch: [41][100/108]	Time 0.090 (0.095)	Data 0.018 (0.021)	Loss 0.0153 (0.0224)	MAE 0.105 (0.104)
Test: [0/15]	Time 0.042 (0.042)	Loss 0.1074 (0.1074)	MAE 0.153 (0.153)
Test: [10/15]	Time 0.053 (0.043)	Loss 0.0197 (0.0322)	MAE 0.116 (0.129)
 * MAE 0.128
Epoch: [42][100/108]	Time 0.100 (0.095)	Data 0.019 (0.021)	Loss 0.0127 (0.0223)	MAE 0.085 (0.102)
Test: [0/15]	Time 0.045 (0.045)	Loss 0.0126 (0.0126)	MAE 0.085 (0.085)
Test: [10/15]	Time 0.041 (0.044)	Loss 0.0142 (0.0196)	MAE 0.085 (0.083)
 * MAE 0.082
Epoch: [43][100/108]	Time 0.089 (0.092)	Data 0.018 (0.018)	Loss 0.0089 (0.0217)	MAE 0.075 (0.101)
Test: [0/15]	Time 0.046 (0.046)	Loss 0.0110 (0.0110)	MAE 0.081 (0.081)
Test: [10/15]	Time 0.035 (0.041)	Loss 0.0117 (0.0125)	MAE 0.086 (0.085)
 * MAE 0.086
Epoch: [44][100/108]	Time 0.084 (0.091)	Data 0.016 (0.018)	Loss 0.0129 (0.0202)	MAE 0.090 (0.095)
Test: [0/15]	Time 0.320 (0.320)	Loss 0.0165 (0.0165)	MAE 0.101 (0.101)
Test: [10/15]	Time 0.041 (0.067)	Loss 0.0184 (0.0259)	MAE 0.112 (0.112)
 * MAE 0.112
Epoch: [45][100/108]	Time 0.083 (0.091)	Data 0.015 (0.018)	Loss 0.0202 (0.0216)	MAE 0.121 (0.100)
Test: [0/15]	Time 0.043 (0.043)	Loss 0.0139 (0.0139)	MAE 0.103 (0.103)
Test: [10/15]	Time 0.036 (0.068)	Loss 0.0193 (0.0178)	MAE 0.107 (0.113)
 * MAE 0.113
Epoch: [46][100/108]	Time 0.098 (0.091)	Data 0.020 (0.018)	Loss 0.0162 (0.0232)	MAE 0.099 (0.108)
Test: [0/15]	Time 0.046 (0.046)	Loss 0.0117 (0.0117)	MAE 0.088 (0.088)
Test: [10/15]	Time 0.043 (0.042)	Loss 0.1008 (0.0198)	MAE 0.110 (0.086)
 * MAE 0.086
Epoch: [47][100/108]	Time 0.090 (0.092)	Data 0.018 (0.019)	Loss 0.0117 (0.0221)	MAE 0.089 (0.107)
Test: [0/15]	Time 0.324 (0.324)	Loss 0.0150 (0.0150)	MAE 0.095 (0.095)
Test: [10/15]	Time 0.039 (0.069)	Loss 0.0144 (0.0225)	MAE 0.096 (0.099)
 * MAE 0.099
Epoch: [48][100/108]	Time 0.095 (0.092)	Data 0.017 (0.018)	Loss 0.0129 (0.0212)	MAE 0.081 (0.097)
Test: [0/15]	Time 0.038 (0.038)	Loss 0.0181 (0.0181)	MAE 0.100 (0.100)
Test: [10/15]	Time 0.035 (0.042)	Loss 0.0173 (0.0217)	MAE 0.104 (0.097)
 * MAE 0.096
Epoch: [49][100/108]	Time 0.092 (0.093)	Data 0.017 (0.019)	Loss 0.0118 (0.0209)	MAE 0.091 (0.096)
Test: [0/15]	Time 0.044 (0.044)	Loss 0.0094 (0.0094)	MAE 0.077 (0.077)
Test: [10/15]	Time 0.039 (0.066)	Loss 0.0098 (0.0202)	MAE 0.074 (0.084)
 * MAE 0.084
Epoch: [50][100/108]	Time 0.094 (0.092)	Data 0.017 (0.019)	Loss 0.0162 (0.0213)	MAE 0.112 (0.098)
Test: [0/15]	Time 0.039 (0.039)	Loss 0.0200 (0.0200)	MAE 0.102 (0.102)
Test: [10/15]	Time 0.048 (0.070)	Loss 0.0181 (0.0244)	MAE 0.100 (0.101)
 * MAE 0.100
Epoch: [51][100/108]	Time 0.088 (0.091)	Data 0.016 (0.018)	Loss 0.0103 (0.0217)	MAE 0.082 (0.101)
Test: [0/15]	Time 0.046 (0.046)	Loss 0.0143 (0.0143)	MAE 0.089 (0.089)
Test: [10/15]	Time 0.333 (0.069)	Loss 0.0151 (0.0206)	MAE 0.090 (0.088)
 * MAE 0.088
Epoch: [52][100/108]	Time 0.078 (0.093)	Data 0.018 (0.018)	Loss 0.0165 (0.0191)	MAE 0.104 (0.097)
Test: [0/15]	Time 0.041 (0.041)	Loss 0.0142 (0.0142)	MAE 0.092 (0.092)
Test: [10/15]	Time 0.041 (0.041)	Loss 0.0141 (0.0228)	MAE 0.094 (0.095)
 * MAE 0.095
Epoch: [53][100/108]	Time 0.108 (0.095)	Data 0.022 (0.021)	Loss 0.0150 (0.0192)	MAE 0.107 (0.091)
Test: [0/15]	Time 0.043 (0.043)	Loss 0.0128 (0.0128)	MAE 0.095 (0.095)
Test: [10/15]	Time 0.042 (0.043)	Loss 0.0123 (0.0217)	MAE 0.093 (0.100)
 * MAE 0.100
Epoch: [54][100/108]	Time 0.093 (0.095)	Data 0.019 (0.021)	Loss 0.0150 (0.0203)	MAE 0.097 (0.097)
Test: [0/15]	Time 0.051 (0.051)	Loss 0.0154 (0.0154)	MAE 0.088 (0.088)
Test: [10/15]	Time 0.038 (0.042)	Loss 0.0140 (0.0221)	MAE 0.089 (0.088)
 * MAE 0.088
Epoch: [55][100/108]	Time 0.086 (0.094)	Data 0.018 (0.021)	Loss 0.0160 (0.0187)	MAE 0.109 (0.092)
Test: [0/15]	Time 0.041 (0.041)	Loss 0.0161 (0.0161)	MAE 0.102 (0.102)
Test: [10/15]	Time 0.040 (0.042)	Loss 0.0153 (0.0230)	MAE 0.099 (0.103)
 * MAE 0.101
Epoch: [56][100/108]	Time 0.104 (0.095)	Data 0.015 (0.021)	Loss 0.0174 (0.0195)	MAE 0.092 (0.093)
Test: [0/15]	Time 0.043 (0.043)	Loss 0.0127 (0.0127)	MAE 0.090 (0.090)
Test: [10/15]	Time 0.046 (0.042)	Loss 0.0111 (0.0197)	MAE 0.083 (0.088)
 * MAE 0.087
Epoch: [57][100/108]	Time 0.095 (0.093)	Data 0.016 (0.020)	Loss 0.0099 (0.0203)	MAE 0.077 (0.096)
Test: [0/15]	Time 0.041 (0.041)	Loss 0.0148 (0.0148)	MAE 0.092 (0.092)
Test: [10/15]	Time 0.044 (0.043)	Loss 0.0090 (0.0186)	MAE 0.078 (0.083)
 * MAE 0.084
Epoch: [58][100/108]	Time 0.099 (0.096)	Data 0.019 (0.021)	Loss 0.0336 (0.0218)	MAE 0.160 (0.104)
Test: [0/15]	Time 0.044 (0.044)	Loss 0.0084 (0.0084)	MAE 0.073 (0.073)
Test: [10/15]	Time 0.041 (0.042)	Loss 0.0084 (0.0185)	MAE 0.074 (0.083)
 * MAE 0.084
Epoch: [59][100/108]	Time 0.107 (0.094)	Data 0.024 (0.021)	Loss 0.0295 (0.0196)	MAE 0.119 (0.094)
Test: [0/15]	Time 0.043 (0.043)	Loss 0.0204 (0.0204)	MAE 0.124 (0.124)
Test: [10/15]	Time 0.049 (0.043)	Loss 0.0230 (0.0310)	MAE 0.130 (0.134)
 * MAE 0.132
Epoch: [60][100/108]	Time 0.097 (0.095)	Data 0.019 (0.022)	Loss 0.0135 (0.0203)	MAE 0.098 (0.097)
Test: [0/15]	Time 0.046 (0.046)	Loss 0.0123 (0.0123)	MAE 0.083 (0.083)
Test: [10/15]	Time 0.038 (0.042)	Loss 0.0094 (0.0193)	MAE 0.076 (0.085)
 * MAE 0.084
Epoch: [61][100/108]	Time 0.094 (0.094)	Data 0.018 (0.021)	Loss 0.0110 (0.0195)	MAE 0.084 (0.093)
Test: [0/15]	Time 0.042 (0.042)	Loss 0.0108 (0.0108)	MAE 0.083 (0.083)
Test: [10/15]	Time 0.038 (0.042)	Loss 0.0165 (0.0155)	MAE 0.102 (0.099)
 * MAE 0.102
Epoch: [62][100/108]	Time 0.098 (0.094)	Data 0.020 (0.021)	Loss 0.0156 (0.0190)	MAE 0.103 (0.091)
Test: [0/15]	Time 0.044 (0.044)	Loss 0.0177 (0.0177)	MAE 0.102 (0.102)
Test: [10/15]	Time 0.039 (0.044)	Loss 0.0140 (0.0241)	MAE 0.098 (0.101)
 * MAE 0.101
Epoch: [63][100/108]	Time 0.105 (0.095)	Data 0.016 (0.021)	Loss 0.0136 (0.0191)	MAE 0.082 (0.093)
Test: [0/15]	Time 0.043 (0.043)	Loss 0.0111 (0.0111)	MAE 0.082 (0.082)
Test: [10/15]	Time 0.047 (0.044)	Loss 0.0928 (0.0204)	MAE 0.115 (0.091)
 * MAE 0.091
Epoch: [64][100/108]	Time 0.087 (0.095)	Data 0.018 (0.021)	Loss 0.4107 (0.0199)	MAE 0.132 (0.095)
Test: [0/15]	Time 0.040 (0.040)	Loss 0.0213 (0.0213)	MAE 0.126 (0.126)
Test: [10/15]	Time 0.041 (0.042)	Loss 0.0186 (0.0191)	MAE 0.121 (0.120)
 * MAE 0.122
Epoch: [65][100/108]	Time 0.080 (0.095)	Data 0.016 (0.020)	Loss 0.0136 (0.0205)	MAE 0.082 (0.099)
Test: [0/15]	Time 0.045 (0.045)	Loss 0.0128 (0.0128)	MAE 0.086 (0.086)
Test: [10/15]	Time 0.036 (0.043)	Loss 0.0081 (0.0190)	MAE 0.072 (0.083)
 * MAE 0.082
Epoch: [66][100/108]	Time 0.092 (0.095)	Data 0.019 (0.021)	Loss 0.0100 (0.0185)	MAE 0.068 (0.090)
Test: [0/15]	Time 0.036 (0.036)	Loss 0.0094 (0.0094)	MAE 0.079 (0.079)
Test: [10/15]	Time 0.041 (0.043)	Loss 0.0936 (0.0178)	MAE 0.103 (0.081)
 * MAE 0.081
Epoch: [67][100/108]	Time 0.098 (0.095)	Data 0.021 (0.021)	Loss 0.0165 (0.0184)	MAE 0.117 (0.090)
Test: [0/15]	Time 0.049 (0.049)	Loss 0.0096 (0.0096)	MAE 0.084 (0.084)
Test: [10/15]	Time 0.036 (0.043)	Loss 0.0126 (0.0119)	MAE 0.089 (0.087)
 * MAE 0.090
Epoch: [68][100/108]	Time 0.100 (0.095)	Data 0.020 (0.021)	Loss 0.0117 (0.0188)	MAE 0.092 (0.090)
Test: [0/15]	Time 0.043 (0.043)	Loss 0.0137 (0.0137)	MAE 0.097 (0.097)
Test: [10/15]	Time 0.036 (0.043)	Loss 0.0190 (0.0221)	MAE 0.115 (0.103)
 * MAE 0.104
Epoch: [69][100/108]	Time 0.091 (0.095)	Data 0.018 (0.021)	Loss 0.0170 (0.0189)	MAE 0.102 (0.090)
Test: [0/15]	Time 0.042 (0.042)	Loss 0.0973 (0.0973)	MAE 0.131 (0.131)
Test: [10/15]	Time 0.044 (0.043)	Loss 0.0168 (0.0261)	MAE 0.110 (0.115)
 * MAE 0.117
Epoch: [70][100/108]	Time 0.098 (0.095)	Data 0.016 (0.021)	Loss 0.0111 (0.0181)	MAE 0.088 (0.090)
Test: [0/15]	Time 0.039 (0.039)	Loss 0.0170 (0.0170)	MAE 0.104 (0.104)
Test: [10/15]	Time 0.039 (0.043)	Loss 0.0196 (0.0230)	MAE 0.111 (0.105)
 * MAE 0.105
Epoch: [71][100/108]	Time 0.095 (0.095)	Data 0.017 (0.021)	Loss 0.0164 (0.0192)	MAE 0.105 (0.094)
Test: [0/15]	Time 0.041 (0.041)	Loss 0.0260 (0.0260)	MAE 0.126 (0.126)
Test: [10/15]	Time 0.042 (0.040)	Loss 0.0269 (0.0236)	MAE 0.121 (0.119)
 * MAE 0.121
Epoch: [72][100/108]	Time 0.099 (0.095)	Data 0.021 (0.022)	Loss 0.0104 (0.0172)	MAE 0.078 (0.090)
Test: [0/15]	Time 0.040 (0.040)	Loss 0.0119 (0.0119)	MAE 0.084 (0.084)
Test: [10/15]	Time 0.051 (0.042)	Loss 0.0133 (0.0208)	MAE 0.091 (0.090)
 * MAE 0.090
Epoch: [73][100/108]	Time 0.092 (0.095)	Data 0.019 (0.021)	Loss 0.0099 (0.0180)	MAE 0.082 (0.089)
Test: [0/15]	Time 0.041 (0.041)	Loss 0.0103 (0.0103)	MAE 0.084 (0.084)
Test: [10/15]	Time 0.043 (0.043)	Loss 0.0154 (0.0192)	MAE 0.089 (0.087)
 * MAE 0.086
Epoch: [74][100/108]	Time 0.104 (0.095)	Data 0.022 (0.021)	Loss 0.0127 (0.0185)	MAE 0.094 (0.090)
Test: [0/15]	Time 0.050 (0.050)	Loss 0.0116 (0.0116)	MAE 0.085 (0.085)
Test: [10/15]	Time 0.038 (0.043)	Loss 0.0142 (0.0224)	MAE 0.096 (0.099)
 * MAE 0.099
Epoch: [75][100/108]	Time 0.101 (0.095)	Data 0.021 (0.021)	Loss 0.0105 (0.0191)	MAE 0.075 (0.096)
Test: [0/15]	Time 0.045 (0.045)	Loss 0.0204 (0.0204)	MAE 0.117 (0.117)
Test: [10/15]	Time 0.040 (0.041)	Loss 0.0194 (0.0204)	MAE 0.118 (0.121)
 * MAE 0.121
Epoch: [76][100/108]	Time 0.107 (0.095)	Data 0.021 (0.021)	Loss 0.0118 (0.0185)	MAE 0.076 (0.090)
Test: [0/15]	Time 0.043 (0.043)	Loss 0.0108 (0.0108)	MAE 0.084 (0.084)
Test: [10/15]	Time 0.046 (0.042)	Loss 0.0110 (0.0188)	MAE 0.081 (0.086)
 * MAE 0.085
Epoch: [77][100/108]	Time 0.090 (0.095)	Data 0.020 (0.021)	Loss 0.0125 (0.0170)	MAE 0.081 (0.085)
Test: [0/15]	Time 0.048 (0.048)	Loss 0.0164 (0.0164)	MAE 0.095 (0.095)
Test: [10/15]	Time 0.040 (0.042)	Loss 0.0117 (0.0205)	MAE 0.089 (0.094)
 * MAE 0.095
Epoch: [78][100/108]	Time 0.095 (0.096)	Data 0.020 (0.022)	Loss 0.0146 (0.0198)	MAE 0.104 (0.095)
Test: [0/15]	Time 0.047 (0.047)	Loss 0.0139 (0.0139)	MAE 0.098 (0.098)
Test: [10/15]	Time 0.037 (0.042)	Loss 0.0155 (0.0209)	MAE 0.100 (0.098)
 * MAE 0.096
Epoch: [79][100/108]	Time 0.090 (0.095)	Data 0.019 (0.021)	Loss 0.0095 (0.0184)	MAE 0.076 (0.090)
Test: [0/15]	Time 0.042 (0.042)	Loss 0.0135 (0.0135)	MAE 0.090 (0.090)
Test: [10/15]	Time 0.044 (0.044)	Loss 0.0149 (0.0216)	MAE 0.096 (0.096)
 * MAE 0.096
Epoch: [80][100/108]	Time 0.095 (0.096)	Data 0.019 (0.021)	Loss 0.0083 (0.0169)	MAE 0.074 (0.086)
Test: [0/15]	Time 0.038 (0.038)	Loss 0.0140 (0.0140)	MAE 0.102 (0.102)
Test: [10/15]	Time 0.040 (0.040)	Loss 0.0928 (0.0227)	MAE 0.132 (0.110)
 * MAE 0.109
Epoch: [81][100/108]	Time 0.095 (0.095)	Data 0.015 (0.021)	Loss 0.0112 (0.0181)	MAE 0.093 (0.094)
Test: [0/15]	Time 0.044 (0.044)	Loss 0.0154 (0.0154)	MAE 0.113 (0.113)
Test: [10/15]	Time 0.041 (0.042)	Loss 0.0137 (0.0161)	MAE 0.107 (0.113)
 * MAE 0.114
Epoch: [82][100/108]	Time 0.080 (0.096)	Data 0.015 (0.021)	Loss 0.0106 (0.0162)	MAE 0.081 (0.085)
Test: [0/15]	Time 0.039 (0.039)	Loss 0.0132 (0.0132)	MAE 0.097 (0.097)
Test: [10/15]	Time 0.037 (0.042)	Loss 0.0152 (0.0203)	MAE 0.099 (0.098)
 * MAE 0.097
Epoch: [83][100/108]	Time 0.090 (0.096)	Data 0.016 (0.021)	Loss 0.0104 (0.0174)	MAE 0.077 (0.091)
Test: [0/15]	Time 0.040 (0.040)	Loss 0.0081 (0.0081)	MAE 0.073 (0.073)
Test: [10/15]	Time 0.043 (0.042)	Loss 0.0111 (0.0167)	MAE 0.082 (0.078)
 * MAE 0.077
Epoch: [84][100/108]	Time 0.091 (0.096)	Data 0.019 (0.021)	Loss 0.0131 (0.0170)	MAE 0.081 (0.083)
Test: [0/15]	Time 0.042 (0.042)	Loss 0.0131 (0.0131)	MAE 0.094 (0.094)
Test: [10/15]	Time 0.049 (0.041)	Loss 0.0109 (0.0136)	MAE 0.089 (0.094)
 * MAE 0.096
Epoch: [85][100/108]	Time 0.097 (0.097)	Data 0.015 (0.021)	Loss 0.0100 (0.0167)	MAE 0.080 (0.085)
Test: [0/15]	Time 0.048 (0.048)	Loss 0.0115 (0.0115)	MAE 0.087 (0.087)
Test: [10/15]	Time 0.039 (0.041)	Loss 0.0147 (0.0125)	MAE 0.088 (0.088)
 * MAE 0.090
Epoch: [86][100/108]	Time 0.092 (0.096)	Data 0.020 (0.021)	Loss 0.0076 (0.0169)	MAE 0.068 (0.089)
Test: [0/15]	Time 0.038 (0.038)	Loss 0.0160 (0.0160)	MAE 0.095 (0.095)
Test: [10/15]	Time 0.039 (0.041)	Loss 0.0145 (0.0132)	MAE 0.089 (0.088)
 * MAE 0.089
Epoch: [87][100/108]	Time 0.088 (0.095)	Data 0.018 (0.021)	Loss 0.0094 (0.0160)	MAE 0.081 (0.086)
Test: [0/15]	Time 0.040 (0.040)	Loss 0.0133 (0.0133)	MAE 0.086 (0.086)
Test: [10/15]	Time 0.040 (0.042)	Loss 0.0125 (0.0110)	MAE 0.083 (0.080)
 * MAE 0.081
Epoch: [88][100/108]	Time 0.091 (0.093)	Data 0.015 (0.018)	Loss 0.0086 (0.0146)	MAE 0.075 (0.080)
Test: [0/15]	Time 0.048 (0.048)	Loss 0.0120 (0.0120)	MAE 0.088 (0.088)
Test: [10/15]	Time 0.040 (0.043)	Loss 0.0110 (0.0198)	MAE 0.087 (0.092)
 * MAE 0.091
Epoch: [89][100/108]	Time 0.095 (0.092)	Data 0.020 (0.018)	Loss 0.0256 (0.0188)	MAE 0.114 (0.094)
Test: [0/15]	Time 0.048 (0.048)	Loss 0.0133 (0.0133)	MAE 0.094 (0.094)
Test: [10/15]	Time 0.040 (0.042)	Loss 0.0124 (0.0143)	MAE 0.087 (0.092)
 * MAE 0.094
Epoch: [90][100/108]	Time 0.098 (0.092)	Data 0.020 (0.019)	Loss 0.0076 (0.0212)	MAE 0.073 (0.099)
Test: [0/15]	Time 0.041 (0.041)	Loss 0.0117 (0.0117)	MAE 0.083 (0.083)
Test: [10/15]	Time 0.037 (0.040)	Loss 0.0098 (0.0175)	MAE 0.076 (0.080)
 * MAE 0.079
Epoch: [91][100/108]	Time 0.092 (0.091)	Data 0.017 (0.018)	Loss 0.0139 (0.0176)	MAE 0.082 (0.084)
Test: [0/15]	Time 0.041 (0.041)	Loss 0.0141 (0.0141)	MAE 0.089 (0.089)
Test: [10/15]	Time 0.039 (0.042)	Loss 0.0892 (0.0191)	MAE 0.106 (0.085)
 * MAE 0.084
Epoch: [92][100/108]	Time 0.096 (0.092)	Data 0.020 (0.018)	Loss 0.0096 (0.0167)	MAE 0.074 (0.083)
Test: [0/15]	Time 0.042 (0.042)	Loss 0.0126 (0.0126)	MAE 0.088 (0.088)
Test: [10/15]	Time 0.041 (0.042)	Loss 0.0101 (0.0195)	MAE 0.084 (0.089)
 * MAE 0.089
Epoch: [93][100/108]	Time 0.098 (0.092)	Data 0.020 (0.018)	Loss 0.0129 (0.0178)	MAE 0.098 (0.087)
Test: [0/15]	Time 0.039 (0.039)	Loss 0.0095 (0.0095)	MAE 0.073 (0.073)
Test: [10/15]	Time 0.034 (0.039)	Loss 0.0147 (0.0172)	MAE 0.087 (0.076)
 * MAE 0.075
Epoch: [94][100/108]	Time 0.087 (0.092)	Data 0.017 (0.018)	Loss 0.0092 (0.0165)	MAE 0.081 (0.083)
Test: [0/15]	Time 0.043 (0.043)	Loss 0.0191 (0.0191)	MAE 0.113 (0.113)
Test: [10/15]	Time 0.042 (0.068)	Loss 0.0157 (0.0248)	MAE 0.102 (0.111)
 * MAE 0.111
Epoch: [95][100/108]	Time 0.095 (0.092)	Data 0.024 (0.019)	Loss 0.0097 (0.0159)	MAE 0.075 (0.084)
Test: [0/15]	Time 0.042 (0.042)	Loss 0.0112 (0.0112)	MAE 0.084 (0.084)
Test: [10/15]	Time 0.038 (0.069)	Loss 0.0086 (0.0106)	MAE 0.075 (0.080)
 * MAE 0.081
Epoch: [96][100/108]	Time 0.082 (0.093)	Data 0.015 (0.018)	Loss 0.0122 (0.0161)	MAE 0.092 (0.082)
Test: [0/15]	Time 0.328 (0.328)	Loss 0.0180 (0.0180)	MAE 0.107 (0.107)
Test: [10/15]	Time 0.036 (0.068)	Loss 0.0166 (0.0246)	MAE 0.110 (0.109)
 * MAE 0.108
Epoch: [97][100/108]	Time 0.084 (0.092)	Data 0.016 (0.018)	Loss 0.0104 (0.0140)	MAE 0.085 (0.091)
Test: [0/15]	Time 0.049 (0.049)	Loss 0.0133 (0.0133)	MAE 0.091 (0.091)
Test: [10/15]	Time 0.036 (0.071)	Loss 0.0976 (0.0210)	MAE 0.113 (0.092)
 * MAE 0.092
Epoch: [98][100/108]	Time 0.107 (0.093)	Data 0.022 (0.018)	Loss 0.0119 (0.0161)	MAE 0.098 (0.089)
Test: [0/15]	Time 0.042 (0.042)	Loss 0.0124 (0.0124)	MAE 0.081 (0.081)
Test: [10/15]	Time 0.044 (0.044)	Loss 0.0149 (0.0177)	MAE 0.081 (0.080)
 * MAE 0.080
Epoch: [99][100/108]	Time 0.100 (0.096)	Data 0.016 (0.021)	Loss 0.0068 (0.0170)	MAE 0.070 (0.085)
Test: [0/15]	Time 0.043 (0.043)	Loss 0.0124 (0.0124)	MAE 0.087 (0.087)
Test: [10/15]	Time 0.044 (0.042)	Loss 0.0107 (0.0174)	MAE 0.081 (0.084)
 * MAE 0.083
Epoch: [100][100/108]	Time 0.094 (0.096)	Data 0.014 (0.021)	Loss 0.0076 (0.0127)	MAE 0.076 (0.070)
Test: [0/15]	Time 0.046 (0.046)	Loss 0.0099 (0.0099)	MAE 0.073 (0.073)
Test: [10/15]	Time 0.038 (0.047)	Loss 0.0101 (0.0153)	MAE 0.070 (0.070)
 * MAE 0.070
Epoch: [101][100/108]	Time 0.086 (0.096)	Data 0.020 (0.021)	Loss 0.0070 (0.0121)	MAE 0.064 (0.070)
Test: [0/15]	Time 0.034 (0.034)	Loss 0.0839 (0.0839)	MAE 0.084 (0.084)
Test: [10/15]	Time 0.034 (0.041)	Loss 0.0120 (0.0162)	MAE 0.075 (0.071)
 * MAE 0.071
Epoch: [102][100/108]	Time 0.096 (0.096)	Data 0.020 (0.022)	Loss 0.0201 (0.0118)	MAE 0.078 (0.068)
Test: [0/15]	Time 0.044 (0.044)	Loss 0.0098 (0.0098)	MAE 0.069 (0.069)
Test: [10/15]	Time 0.042 (0.041)	Loss 0.0107 (0.0156)	MAE 0.069 (0.069)
 * MAE 0.069
Epoch: [103][100/108]	Time 0.092 (0.095)	Data 0.021 (0.021)	Loss 0.0079 (0.0114)	MAE 0.070 (0.066)
Test: [0/15]	Time 0.045 (0.045)	Loss 0.0102 (0.0102)	MAE 0.075 (0.075)
Test: [10/15]	Time 0.044 (0.042)	Loss 0.0084 (0.0159)	MAE 0.070 (0.070)
 * MAE 0.068
Epoch: [104][100/108]	Time 0.091 (0.095)	Data 0.018 (0.021)	Loss 0.0051 (0.0113)	MAE 0.062 (0.066)
Test: [0/15]	Time 0.042 (0.042)	Loss 0.0088 (0.0088)	MAE 0.068 (0.068)
Test: [10/15]	Time 0.044 (0.044)	Loss 0.0092 (0.0148)	MAE 0.068 (0.067)
 * MAE 0.067
Epoch: [105][100/108]	Time 0.087 (0.094)	Data 0.016 (0.021)	Loss 0.0059 (0.0113)	MAE 0.059 (0.066)
Test: [0/15]	Time 0.039 (0.039)	Loss 0.0077 (0.0077)	MAE 0.069 (0.069)
Test: [10/15]	Time 0.042 (0.040)	Loss 0.0061 (0.0083)	MAE 0.060 (0.066)
 * MAE 0.068
Epoch: [106][100/108]	Time 0.098 (0.096)	Data 0.019 (0.022)	Loss 0.0198 (0.0113)	MAE 0.074 (0.067)
Test: [0/15]	Time 0.043 (0.043)	Loss 0.0096 (0.0096)	MAE 0.071 (0.071)
Test: [10/15]	Time 0.036 (0.043)	Loss 0.0059 (0.0147)	MAE 0.062 (0.068)
 * MAE 0.067
Epoch: [107][100/108]	Time 0.091 (0.095)	Data 0.019 (0.022)	Loss 0.0067 (0.0115)	MAE 0.066 (0.068)
Test: [0/15]	Time 0.042 (0.042)	Loss 0.0097 (0.0097)	MAE 0.069 (0.069)
Test: [10/15]	Time 0.037 (0.043)	Loss 0.0102 (0.0153)	MAE 0.069 (0.068)
 * MAE 0.068
Epoch: [108][100/108]	Time 0.097 (0.095)	Data 0.017 (0.021)	Loss 0.0055 (0.0113)	MAE 0.063 (0.067)
Test: [0/15]	Time 0.053 (0.053)	Loss 0.0076 (0.0076)	MAE 0.067 (0.067)
Test: [10/15]	Time 0.040 (0.042)	Loss 0.0083 (0.0081)	MAE 0.066 (0.066)
 * MAE 0.068
Epoch: [109][100/108]	Time 0.081 (0.095)	Data 0.018 (0.021)	Loss 0.0066 (0.0112)	MAE 0.066 (0.066)
Test: [0/15]	Time 0.040 (0.040)	Loss 0.0081 (0.0081)	MAE 0.064 (0.064)
Test: [10/15]	Time 0.035 (0.040)	Loss 0.0113 (0.0150)	MAE 0.070 (0.066)
 * MAE 0.066
Epoch: [110][100/108]	Time 0.086 (0.096)	Data 0.014 (0.021)	Loss 0.0057 (0.0107)	MAE 0.061 (0.067)
Test: [0/15]	Time 0.044 (0.044)	Loss 0.0074 (0.0074)	MAE 0.062 (0.062)
Test: [10/15]	Time 0.040 (0.043)	Loss 0.0116 (0.0156)	MAE 0.072 (0.068)
 * MAE 0.068
Epoch: [111][100/108]	Time 0.086 (0.096)	Data 0.015 (0.021)	Loss 0.0075 (0.0108)	MAE 0.066 (0.065)
Test: [0/15]	Time 0.043 (0.043)	Loss 0.0093 (0.0093)	MAE 0.072 (0.072)
Test: [10/15]	Time 0.037 (0.042)	Loss 0.0073 (0.0080)	MAE 0.065 (0.065)
 * MAE 0.067
Epoch: [112][100/108]	Time 0.092 (0.096)	Data 0.022 (0.022)	Loss 0.0067 (0.0111)	MAE 0.069 (0.065)
Test: [0/15]	Time 0.048 (0.048)	Loss 0.0069 (0.0069)	MAE 0.063 (0.063)
Test: [10/15]	Time 0.038 (0.044)	Loss 0.0061 (0.0155)	MAE 0.063 (0.070)
 * MAE 0.072
Epoch: [113][100/108]	Time 0.087 (0.096)	Data 0.018 (0.021)	Loss 0.0080 (0.0112)	MAE 0.066 (0.067)
Test: [0/15]	Time 0.045 (0.045)	Loss 0.0081 (0.0081)	MAE 0.067 (0.067)
Test: [10/15]	Time 0.045 (0.043)	Loss 0.0065 (0.0154)	MAE 0.060 (0.067)
 * MAE 0.067
Epoch: [114][100/108]	Time 0.089 (0.096)	Data 0.016 (0.021)	Loss 0.0086 (0.0108)	MAE 0.083 (0.065)
Test: [0/15]	Time 0.042 (0.042)	Loss 0.0080 (0.0080)	MAE 0.065 (0.065)
Test: [10/15]	Time 0.041 (0.041)	Loss 0.0060 (0.0141)	MAE 0.065 (0.065)
 * MAE 0.066
Epoch: [115][100/108]	Time 0.091 (0.096)	Data 0.014 (0.021)	Loss 0.0057 (0.0109)	MAE 0.060 (0.067)
Test: [0/15]	Time 0.044 (0.044)	Loss 0.0068 (0.0068)	MAE 0.062 (0.062)
Test: [10/15]	Time 0.042 (0.042)	Loss 0.0082 (0.0159)	MAE 0.065 (0.069)
 * MAE 0.068
Epoch: [116][100/108]	Time 0.087 (0.095)	Data 0.016 (0.021)	Loss 0.0138 (0.0109)	MAE 0.073 (0.067)
Test: [0/15]	Time 0.042 (0.042)	Loss 0.0838 (0.0838)	MAE 0.077 (0.077)
Test: [10/15]	Time 0.041 (0.043)	Loss 0.0118 (0.0150)	MAE 0.073 (0.067)
 * MAE 0.067
Epoch: [117][100/108]	Time 0.090 (0.096)	Data 0.020 (0.022)	Loss 0.0093 (0.0109)	MAE 0.072 (0.066)
Test: [0/15]	Time 0.043 (0.043)	Loss 0.0826 (0.0826)	MAE 0.072 (0.072)
Test: [10/15]	Time 0.042 (0.043)	Loss 0.0101 (0.0152)	MAE 0.071 (0.067)
 * MAE 0.067
Epoch: [118][100/108]	Time 0.094 (0.095)	Data 0.015 (0.021)	Loss 0.0126 (0.0104)	MAE 0.091 (0.066)
Test: [0/15]	Time 0.040 (0.040)	Loss 0.0095 (0.0095)	MAE 0.072 (0.072)
Test: [10/15]	Time 0.047 (0.042)	Loss 0.0098 (0.0087)	MAE 0.070 (0.068)
 * MAE 0.069
Epoch: [119][100/108]	Time 0.094 (0.095)	Data 0.022 (0.021)	Loss 0.0059 (0.0101)	MAE 0.061 (0.065)
Test: [0/15]	Time 0.049 (0.049)	Loss 0.0079 (0.0079)	MAE 0.070 (0.070)
Test: [10/15]	Time 0.050 (0.043)	Loss 0.0083 (0.0158)	MAE 0.069 (0.071)
 * MAE 0.069
Epoch: [120][100/108]	Time 0.090 (0.096)	Data 0.019 (0.021)	Loss 0.0077 (0.0105)	MAE 0.059 (0.066)
Test: [0/15]	Time 0.044 (0.044)	Loss 0.0112 (0.0112)	MAE 0.081 (0.081)
Test: [10/15]	Time 0.038 (0.042)	Loss 0.0099 (0.0166)	MAE 0.077 (0.078)
 * MAE 0.077
Epoch: [121][100/108]	Time 0.082 (0.095)	Data 0.016 (0.021)	Loss 0.0062 (0.0097)	MAE 0.064 (0.066)
Test: [0/15]	Time 0.049 (0.049)	Loss 0.0063 (0.0063)	MAE 0.060 (0.060)
Test: [10/15]	Time 0.047 (0.045)	Loss 0.0080 (0.0086)	MAE 0.064 (0.066)
 * MAE 0.067
Epoch: [122][100/108]	Time 0.098 (0.094)	Data 0.016 (0.021)	Loss 0.0074 (0.0101)	MAE 0.066 (0.066)
Test: [0/15]	Time 0.037 (0.037)	Loss 0.0087 (0.0087)	MAE 0.064 (0.064)
Test: [10/15]	Time 0.039 (0.040)	Loss 0.0119 (0.0086)	MAE 0.069 (0.065)
 * MAE 0.066
Epoch: [123][100/108]	Time 0.085 (0.095)	Data 0.015 (0.021)	Loss 0.0089 (0.0097)	MAE 0.072 (0.065)
Test: [0/15]	Time 0.048 (0.048)	Loss 0.0071 (0.0071)	MAE 0.056 (0.056)
Test: [10/15]	Time 0.038 (0.044)	Loss 0.0059 (0.0154)	MAE 0.062 (0.067)
 * MAE 0.067
Epoch: [124][100/108]	Time 0.084 (0.095)	Data 0.018 (0.021)	Loss 0.2461 (0.0092)	MAE 0.094 (0.064)
Test: [0/15]	Time 0.050 (0.050)	Loss 0.0112 (0.0112)	MAE 0.069 (0.069)
Test: [10/15]	Time 0.038 (0.042)	Loss 0.0091 (0.0161)	MAE 0.068 (0.069)
 * MAE 0.068
Epoch: [125][100/108]	Time 0.089 (0.094)	Data 0.020 (0.021)	Loss 0.0079 (0.0100)	MAE 0.065 (0.065)
Test: [0/15]	Time 0.041 (0.041)	Loss 0.0084 (0.0084)	MAE 0.067 (0.067)
Test: [10/15]	Time 0.039 (0.042)	Loss 0.0130 (0.0090)	MAE 0.083 (0.071)
 * MAE 0.072
Epoch: [126][100/108]	Time 0.092 (0.095)	Data 0.020 (0.021)	Loss 0.0045 (0.0099)	MAE 0.056 (0.066)
Test: [0/15]	Time 0.039 (0.039)	Loss 0.0096 (0.0096)	MAE 0.068 (0.068)
Test: [10/15]	Time 0.038 (0.042)	Loss 0.0059 (0.0084)	MAE 0.061 (0.066)
 * MAE 0.068
Epoch: [127][100/108]	Time 0.086 (0.095)	Data 0.016 (0.021)	Loss 0.0307 (0.0097)	MAE 0.079 (0.066)
Test: [0/15]	Time 0.043 (0.043)	Loss 0.0105 (0.0105)	MAE 0.072 (0.072)
Test: [10/15]	Time 0.043 (0.040)	Loss 0.0099 (0.0088)	MAE 0.067 (0.068)
 * MAE 0.068
Epoch: [128][100/108]	Time 0.103 (0.095)	Data 0.019 (0.021)	Loss 0.0086 (0.0102)	MAE 0.071 (0.068)
Test: [0/15]	Time 0.046 (0.046)	Loss 0.0073 (0.0073)	MAE 0.064 (0.064)
Test: [10/15]	Time 0.040 (0.043)	Loss 0.0135 (0.0163)	MAE 0.072 (0.068)
 * MAE 0.068
Epoch: [129][100/108]	Time 0.099 (0.095)	Data 0.020 (0.021)	Loss 0.0068 (0.0095)	MAE 0.064 (0.067)
Test: [0/15]	Time 0.036 (0.036)	Loss 0.0092 (0.0092)	MAE 0.068 (0.068)
Test: [10/15]	Time 0.039 (0.041)	Loss 0.0090 (0.0088)	MAE 0.070 (0.067)
 * MAE 0.068
Epoch: [130][100/108]	Time 0.089 (0.095)	Data 0.017 (0.022)	Loss 0.0068 (0.0095)	MAE 0.073 (0.067)
Test: [0/15]	Time 0.040 (0.040)	Loss 0.0157 (0.0157)	MAE 0.080 (0.080)
Test: [10/15]	Time 0.038 (0.042)	Loss 0.0108 (0.0164)	MAE 0.075 (0.070)
 * MAE 0.069
Epoch: [131][100/108]	Time 0.084 (0.095)	Data 0.017 (0.021)	Loss 0.0075 (0.0099)	MAE 0.072 (0.067)
Test: [0/15]	Time 0.044 (0.044)	Loss 0.0066 (0.0066)	MAE 0.061 (0.061)
Test: [10/15]	Time 0.041 (0.043)	Loss 0.0115 (0.0166)	MAE 0.075 (0.069)
 * MAE 0.069
Epoch: [132][100/108]	Time 0.096 (0.097)	Data 0.017 (0.021)	Loss 0.0140 (0.0093)	MAE 0.074 (0.067)
Test: [0/15]	Time 0.044 (0.044)	Loss 0.0855 (0.0855)	MAE 0.079 (0.079)
Test: [10/15]	Time 0.040 (0.041)	Loss 0.0102 (0.0161)	MAE 0.070 (0.071)
 * MAE 0.070
Epoch: [133][100/108]	Time 0.096 (0.096)	Data 0.019 (0.021)	Loss 0.0063 (0.0093)	MAE 0.070 (0.067)
Test: [0/15]	Time 0.043 (0.043)	Loss 0.0092 (0.0092)	MAE 0.066 (0.066)
Test: [10/15]	Time 0.040 (0.043)	Loss 0.0082 (0.0171)	MAE 0.070 (0.071)
 * MAE 0.070
Epoch: [134][100/108]	Time 0.099 (0.097)	Data 0.016 (0.021)	Loss 0.0083 (0.0079)	MAE 0.064 (0.066)
Test: [0/15]	Time 0.038 (0.038)	Loss 0.0083 (0.0083)	MAE 0.069 (0.069)
Test: [10/15]	Time 0.038 (0.044)	Loss 0.0078 (0.0164)	MAE 0.063 (0.071)
 * MAE 0.070
Epoch: [135][100/108]	Time 0.088 (0.095)	Data 0.017 (0.021)	Loss 0.0116 (0.0080)	MAE 0.072 (0.066)
Test: [0/15]	Time 0.049 (0.049)	Loss 0.0083 (0.0083)	MAE 0.067 (0.067)
Test: [10/15]	Time 0.035 (0.042)	Loss 0.0097 (0.0160)	MAE 0.069 (0.070)
 * MAE 0.069
Epoch: [136][100/108]	Time 0.087 (0.094)	Data 0.015 (0.021)	Loss 0.0075 (0.0088)	MAE 0.061 (0.067)
Test: [0/15]	Time 0.046 (0.046)	Loss 0.0120 (0.0120)	MAE 0.078 (0.078)
Test: [10/15]	Time 0.049 (0.043)	Loss 0.0071 (0.0101)	MAE 0.068 (0.074)
 * MAE 0.075
Epoch: [137][100/108]	Time 0.095 (0.096)	Data 0.021 (0.021)	Loss 0.0067 (0.0087)	MAE 0.064 (0.067)
Test: [0/15]	Time 0.043 (0.043)	Loss 0.0082 (0.0082)	MAE 0.069 (0.069)
Test: [10/15]	Time 0.039 (0.042)	Loss 0.0091 (0.0162)	MAE 0.070 (0.073)
 * MAE 0.072
Epoch: [138][100/108]	Time 0.082 (0.096)	Data 0.014 (0.021)	Loss 0.0101 (0.0085)	MAE 0.074 (0.066)
Test: [0/15]	Time 0.040 (0.040)	Loss 0.0083 (0.0083)	MAE 0.065 (0.065)
Test: [10/15]	Time 0.044 (0.044)	Loss 0.0114 (0.0160)	MAE 0.073 (0.068)
 * MAE 0.068
Epoch: [139][100/108]	Time 0.089 (0.096)	Data 0.021 (0.021)	Loss 0.0067 (0.0086)	MAE 0.068 (0.067)
Test: [0/15]	Time 0.048 (0.048)	Loss 0.0126 (0.0126)	MAE 0.080 (0.080)
Test: [10/15]	Time 0.042 (0.042)	Loss 0.0073 (0.0166)	MAE 0.070 (0.075)
 * MAE 0.073
Epoch: [140][100/108]	Time 0.098 (0.095)	Data 0.016 (0.021)	Loss 0.0086 (0.0081)	MAE 0.071 (0.066)
Test: [0/15]	Time 0.045 (0.045)	Loss 0.0069 (0.0069)	MAE 0.065 (0.065)
Test: [10/15]	Time 0.047 (0.042)	Loss 0.0094 (0.0160)	MAE 0.068 (0.069)
 * MAE 0.068
Epoch: [141][100/108]	Time 0.098 (0.096)	Data 0.018 (0.021)	Loss 0.0047 (0.0079)	MAE 0.058 (0.065)
Test: [0/15]	Time 0.043 (0.043)	Loss 0.0090 (0.0090)	MAE 0.066 (0.066)
Test: [10/15]	Time 0.044 (0.042)	Loss 0.0090 (0.0086)	MAE 0.069 (0.066)
 * MAE 0.067
Epoch: [142][100/108]	Time 0.108 (0.095)	Data 0.021 (0.021)	Loss 0.0056 (0.0079)	MAE 0.063 (0.066)
Test: [0/15]	Time 0.040 (0.040)	Loss 0.0909 (0.0909)	MAE 0.087 (0.087)
Test: [10/15]	Time 0.041 (0.042)	Loss 0.0077 (0.0160)	MAE 0.066 (0.068)
 * MAE 0.068
Epoch: [143][100/108]	Time 0.097 (0.096)	Data 0.016 (0.021)	Loss 0.0082 (0.0083)	MAE 0.069 (0.067)
Test: [0/15]	Time 0.040 (0.040)	Loss 0.0080 (0.0080)	MAE 0.067 (0.067)
Test: [10/15]	Time 0.053 (0.042)	Loss 0.0090 (0.0165)	MAE 0.063 (0.069)
 * MAE 0.068
Epoch: [144][100/108]	Time 0.097 (0.095)	Data 0.019 (0.021)	Loss 0.0086 (0.0076)	MAE 0.063 (0.064)
Test: [0/15]	Time 0.042 (0.042)	Loss 0.0082 (0.0082)	MAE 0.061 (0.061)
Test: [10/15]	Time 0.049 (0.044)	Loss 0.0093 (0.0157)	MAE 0.066 (0.067)
 * MAE 0.068
Epoch: [145][100/108]	Time 0.099 (0.095)	Data 0.017 (0.021)	Loss 0.0064 (0.0070)	MAE 0.067 (0.064)
Test: [0/15]	Time 0.045 (0.045)	Loss 0.0099 (0.0099)	MAE 0.071 (0.071)
Test: [10/15]	Time 0.044 (0.043)	Loss 0.0064 (0.0081)	MAE 0.060 (0.065)
 * MAE 0.068
Epoch: [146][100/108]	Time 0.092 (0.095)	Data 0.019 (0.021)	Loss 0.0061 (0.0080)	MAE 0.055 (0.066)
Test: [0/15]	Time 0.044 (0.044)	Loss 0.0062 (0.0062)	MAE 0.058 (0.058)
Test: [10/15]	Time 0.045 (0.042)	Loss 0.0070 (0.0083)	MAE 0.062 (0.066)
 * MAE 0.068
Epoch: [147][100/108]	Time 0.090 (0.094)	Data 0.023 (0.021)	Loss 0.0062 (0.0077)	MAE 0.060 (0.065)
Test: [0/15]	Time 0.042 (0.042)	Loss 0.0070 (0.0070)	MAE 0.067 (0.067)
Test: [10/15]	Time 0.044 (0.041)	Loss 0.0073 (0.0086)	MAE 0.068 (0.069)
 * MAE 0.071
Epoch: [148][100/108]	Time 0.096 (0.091)	Data 0.020 (0.018)	Loss 0.0139 (0.0077)	MAE 0.069 (0.065)
Test: [0/15]	Time 0.046 (0.046)	Loss 0.0061 (0.0061)	MAE 0.058 (0.058)
Test: [10/15]	Time 0.035 (0.045)	Loss 0.0121 (0.0082)	MAE 0.076 (0.066)
 * MAE 0.068
Epoch: [149][100/108]	Time 0.079 (0.093)	Data 0.019 (0.018)	Loss 0.0068 (0.0076)	MAE 0.067 (0.064)
Test: [0/15]	Time 0.047 (0.047)	Loss 0.0094 (0.0094)	MAE 0.072 (0.072)
Test: [10/15]	Time 0.035 (0.044)	Loss 0.0096 (0.0160)	MAE 0.073 (0.069)
 * MAE 0.069
Epoch: [150][100/108]	Time 0.088 (0.092)	Data 0.017 (0.018)	Loss 0.0095 (0.0077)	MAE 0.076 (0.066)
Test: [0/15]	Time 0.047 (0.047)	Loss 0.0063 (0.0063)	MAE 0.064 (0.064)
Test: [10/15]	Time 0.043 (0.069)	Loss 0.0069 (0.0156)	MAE 0.061 (0.068)
 * MAE 0.068
Epoch: [151][100/108]	Time 0.093 (0.093)	Data 0.020 (0.018)	Loss 0.0050 (0.0075)	MAE 0.056 (0.065)
Test: [0/15]	Time 0.046 (0.046)	Loss 0.0071 (0.0071)	MAE 0.063 (0.063)
Test: [10/15]	Time 0.043 (0.069)	Loss 0.0878 (0.0152)	MAE 0.087 (0.067)
 * MAE 0.066
Epoch: [152][100/108]	Time 0.079 (0.093)	Data 0.015 (0.018)	Loss 0.0046 (0.0075)	MAE 0.059 (0.064)
Test: [0/15]	Time 0.044 (0.044)	Loss 0.0076 (0.0076)	MAE 0.067 (0.067)
Test: [10/15]	Time 0.042 (0.069)	Loss 0.0098 (0.0083)	MAE 0.067 (0.066)
 * MAE 0.069
Epoch: [153][100/108]	Time 0.091 (0.092)	Data 0.017 (0.018)	Loss 0.0063 (0.0077)	MAE 0.064 (0.065)
Test: [0/15]	Time 0.041 (0.041)	Loss 0.0070 (0.0070)	MAE 0.063 (0.063)
Test: [10/15]	Time 0.040 (0.069)	Loss 0.0069 (0.0160)	MAE 0.061 (0.068)
 * MAE 0.067
Epoch: [154][100/108]	Time 0.097 (0.092)	Data 0.018 (0.018)	Loss 0.0059 (0.0073)	MAE 0.059 (0.064)
Test: [0/15]	Time 0.038 (0.038)	Loss 0.0081 (0.0081)	MAE 0.065 (0.065)
Test: [10/15]	Time 0.041 (0.068)	Loss 0.0071 (0.0154)	MAE 0.063 (0.068)
 * MAE 0.067
Epoch: [155][100/108]	Time 0.098 (0.092)	Data 0.017 (0.018)	Loss 0.0057 (0.0071)	MAE 0.061 (0.065)
Test: [0/15]	Time 0.039 (0.039)	Loss 0.0073 (0.0073)	MAE 0.064 (0.064)
Test: [10/15]	Time 0.049 (0.067)	Loss 0.0085 (0.0156)	MAE 0.066 (0.068)
 * MAE 0.067
Epoch: [156][100/108]	Time 0.098 (0.092)	Data 0.020 (0.018)	Loss 0.0086 (0.0075)	MAE 0.074 (0.064)
Test: [0/15]	Time 0.047 (0.047)	Loss 0.0102 (0.0102)	MAE 0.073 (0.073)
Test: [10/15]	Time 0.042 (0.043)	Loss 0.0086 (0.0156)	MAE 0.066 (0.071)
 * MAE 0.071
Epoch: [157][100/108]	Time 0.094 (0.093)	Data 0.020 (0.018)	Loss 0.0069 (0.0075)	MAE 0.066 (0.064)
Test: [0/15]	Time 0.039 (0.039)	Loss 0.0076 (0.0076)	MAE 0.060 (0.060)
Test: [10/15]	Time 0.057 (0.042)	Loss 0.0080 (0.0079)	MAE 0.069 (0.065)
 * MAE 0.067
Epoch: [158][100/108]	Time 0.092 (0.093)	Data 0.020 (0.018)	Loss 0.0057 (0.0081)	MAE 0.060 (0.065)
Test: [0/15]	Time 0.044 (0.044)	Loss 0.0089 (0.0089)	MAE 0.072 (0.072)
Test: [10/15]	Time 0.043 (0.043)	Loss 0.0066 (0.0153)	MAE 0.065 (0.070)
 * MAE 0.070
Epoch: [159][100/108]	Time 0.091 (0.094)	Data 0.020 (0.021)	Loss 0.0066 (0.0074)	MAE 0.063 (0.065)
Test: [0/15]	Time 0.036 (0.036)	Loss 0.0101 (0.0101)	MAE 0.067 (0.067)
Test: [10/15]	Time 0.044 (0.041)	Loss 0.0074 (0.0151)	MAE 0.063 (0.068)
 * MAE 0.066
Epoch: [160][100/108]	Time 0.087 (0.096)	Data 0.016 (0.021)	Loss 0.0049 (0.0072)	MAE 0.057 (0.062)
Test: [0/15]	Time 0.038 (0.038)	Loss 0.0103 (0.0103)	MAE 0.075 (0.075)
Test: [10/15]	Time 0.044 (0.041)	Loss 0.0086 (0.0167)	MAE 0.072 (0.075)
 * MAE 0.075
Epoch: [161][100/108]	Time 0.093 (0.096)	Data 0.017 (0.021)	Loss 0.0049 (0.0075)	MAE 0.059 (0.064)
Test: [0/15]	Time 0.041 (0.041)	Loss 0.0835 (0.0835)	MAE 0.077 (0.077)
Test: [10/15]	Time 0.040 (0.042)	Loss 0.0090 (0.0148)	MAE 0.069 (0.065)
 * MAE 0.065
Epoch: [162][100/108]	Time 0.094 (0.096)	Data 0.016 (0.021)	Loss 0.0052 (0.0072)	MAE 0.061 (0.063)
Test: [0/15]	Time 0.047 (0.047)	Loss 0.0089 (0.0089)	MAE 0.068 (0.068)
Test: [10/15]	Time 0.044 (0.043)	Loss 0.0111 (0.0091)	MAE 0.076 (0.068)
 * MAE 0.069
Epoch: [163][100/108]	Time 0.098 (0.096)	Data 0.016 (0.021)	Loss 0.0048 (0.0073)	MAE 0.057 (0.063)
Test: [0/15]	Time 0.039 (0.039)	Loss 0.0078 (0.0078)	MAE 0.067 (0.067)
Test: [10/15]	Time 0.036 (0.043)	Loss 0.0852 (0.0146)	MAE 0.083 (0.066)
 * MAE 0.067
Epoch: [164][100/108]	Time 0.088 (0.094)	Data 0.018 (0.021)	Loss 0.0073 (0.0076)	MAE 0.071 (0.064)
Test: [0/15]	Time 0.043 (0.043)	Loss 0.0095 (0.0095)	MAE 0.066 (0.066)
Test: [10/15]	Time 0.042 (0.043)	Loss 0.0054 (0.0150)	MAE 0.057 (0.065)
 * MAE 0.065
Epoch: [165][100/108]	Time 0.099 (0.096)	Data 0.021 (0.021)	Loss 0.0072 (0.0070)	MAE 0.068 (0.063)
Test: [0/15]	Time 0.046 (0.046)	Loss 0.0866 (0.0866)	MAE 0.085 (0.085)
Test: [10/15]	Time 0.042 (0.044)	Loss 0.0092 (0.0148)	MAE 0.064 (0.065)
 * MAE 0.065
Epoch: [166][100/108]	Time 0.098 (0.096)	Data 0.018 (0.022)	Loss 0.0062 (0.0071)	MAE 0.063 (0.062)
Test: [0/15]	Time 0.043 (0.043)	Loss 0.0916 (0.0916)	MAE 0.096 (0.096)
Test: [10/15]	Time 0.040 (0.043)	Loss 0.0117 (0.0168)	MAE 0.073 (0.072)
 * MAE 0.070
Epoch: [167][100/108]	Time 0.092 (0.096)	Data 0.020 (0.021)	Loss 0.0090 (0.0080)	MAE 0.073 (0.064)
Test: [0/15]	Time 0.045 (0.045)	Loss 0.0091 (0.0091)	MAE 0.072 (0.072)
Test: [10/15]	Time 0.048 (0.043)	Loss 0.0069 (0.0088)	MAE 0.065 (0.068)
 * MAE 0.068
Epoch: [168][100/108]	Time 0.104 (0.096)	Data 0.019 (0.021)	Loss 0.0056 (0.0073)	MAE 0.063 (0.063)
Test: [0/15]	Time 0.040 (0.040)	Loss 0.0073 (0.0073)	MAE 0.063 (0.063)
Test: [10/15]	Time 0.043 (0.044)	Loss 0.0062 (0.0152)	MAE 0.059 (0.067)
 * MAE 0.066
Epoch: [169][100/108]	Time 0.086 (0.098)	Data 0.018 (0.022)	Loss 0.0047 (0.0072)	MAE 0.057 (0.062)
Test: [0/15]	Time 0.039 (0.039)	Loss 0.0081 (0.0081)	MAE 0.065 (0.065)
Test: [10/15]	Time 0.043 (0.043)	Loss 0.0073 (0.0145)	MAE 0.062 (0.064)
 * MAE 0.064
Epoch: [170][100/108]	Time 0.112 (0.097)	Data 0.017 (0.021)	Loss 0.0051 (0.0072)	MAE 0.052 (0.062)
Test: [0/15]	Time 0.047 (0.047)	Loss 0.0044 (0.0044)	MAE 0.053 (0.053)
Test: [10/15]	Time 0.040 (0.042)	Loss 0.0067 (0.0157)	MAE 0.064 (0.068)
 * MAE 0.067
Epoch: [171][100/108]	Time 0.098 (0.097)	Data 0.023 (0.021)	Loss 0.0045 (0.0072)	MAE 0.055 (0.062)
Test: [0/15]	Time 0.045 (0.045)	Loss 0.0065 (0.0065)	MAE 0.061 (0.061)
Test: [10/15]	Time 0.042 (0.044)	Loss 0.0100 (0.0084)	MAE 0.072 (0.065)
 * MAE 0.066
Epoch: [172][100/108]	Time 0.088 (0.098)	Data 0.015 (0.021)	Loss 0.0071 (0.0074)	MAE 0.068 (0.063)
Test: [0/15]	Time 0.041 (0.041)	Loss 0.0084 (0.0084)	MAE 0.070 (0.070)
Test: [10/15]	Time 0.049 (0.042)	Loss 0.0073 (0.0087)	MAE 0.063 (0.067)
 * MAE 0.068
Epoch: [173][100/108]	Time 0.101 (0.096)	Data 0.022 (0.022)	Loss 0.0065 (0.0075)	MAE 0.062 (0.063)
Test: [0/15]	Time 0.041 (0.041)	Loss 0.0075 (0.0075)	MAE 0.065 (0.065)
Test: [10/15]	Time 0.037 (0.043)	Loss 0.0079 (0.0146)	MAE 0.064 (0.065)
 * MAE 0.066
Epoch: [174][100/108]	Time 0.082 (0.098)	Data 0.015 (0.022)	Loss 0.0052 (0.0071)	MAE 0.059 (0.062)
Test: [0/15]	Time 0.038 (0.038)	Loss 0.0079 (0.0079)	MAE 0.066 (0.066)
Test: [10/15]	Time 0.045 (0.041)	Loss 0.0103 (0.0080)	MAE 0.063 (0.063)
 * MAE 0.064
Epoch: [175][100/108]	Time 0.087 (0.097)	Data 0.019 (0.022)	Loss 0.0071 (0.0072)	MAE 0.065 (0.062)
Test: [0/15]	Time 0.041 (0.041)	Loss 0.0057 (0.0057)	MAE 0.061 (0.061)
Test: [10/15]	Time 0.039 (0.041)	Loss 0.0088 (0.0152)	MAE 0.063 (0.066)
 * MAE 0.066
Epoch: [176][100/108]	Time 0.094 (0.096)	Data 0.018 (0.021)	Loss 0.0072 (0.0075)	MAE 0.061 (0.064)
Test: [0/15]	Time 0.044 (0.044)	Loss 0.0106 (0.0106)	MAE 0.073 (0.073)
Test: [10/15]	Time 0.038 (0.043)	Loss 0.0066 (0.0149)	MAE 0.055 (0.065)
 * MAE 0.064
Epoch: [177][100/108]	Time 0.108 (0.098)	Data 0.020 (0.022)	Loss 0.0040 (0.0071)	MAE 0.050 (0.062)
Test: [0/15]	Time 0.047 (0.047)	Loss 0.0052 (0.0052)	MAE 0.056 (0.056)
Test: [10/15]	Time 0.040 (0.042)	Loss 0.0115 (0.0154)	MAE 0.076 (0.068)
 * MAE 0.067
Epoch: [178][100/108]	Time 0.084 (0.096)	Data 0.018 (0.022)	Loss 0.0042 (0.0071)	MAE 0.052 (0.063)
Test: [0/15]	Time 0.045 (0.045)	Loss 0.0057 (0.0057)	MAE 0.060 (0.060)
Test: [10/15]	Time 0.045 (0.044)	Loss 0.0080 (0.0150)	MAE 0.066 (0.066)
 * MAE 0.065
Epoch: [179][100/108]	Time 0.081 (0.098)	Data 0.016 (0.021)	Loss 0.0058 (0.0071)	MAE 0.060 (0.062)
Test: [0/15]	Time 0.041 (0.041)	Loss 0.0089 (0.0089)	MAE 0.064 (0.064)
Test: [10/15]	Time 0.039 (0.044)	Loss 0.0081 (0.0150)	MAE 0.068 (0.065)
 * MAE 0.066
Epoch: [180][100/108]	Time 0.104 (0.097)	Data 0.017 (0.021)	Loss 0.0051 (0.0068)	MAE 0.062 (0.061)
Test: [0/15]	Time 0.046 (0.046)	Loss 0.0094 (0.0094)	MAE 0.066 (0.066)
Test: [10/15]	Time 0.039 (0.043)	Loss 0.0074 (0.0157)	MAE 0.061 (0.069)
 * MAE 0.068
Epoch: [181][100/108]	Time 0.094 (0.095)	Data 0.019 (0.021)	Loss 0.0049 (0.0068)	MAE 0.057 (0.061)
Test: [0/15]	Time 0.040 (0.040)	Loss 0.0070 (0.0070)	MAE 0.063 (0.063)
Test: [10/15]	Time 0.045 (0.042)	Loss 0.0081 (0.0150)	MAE 0.068 (0.069)
 * MAE 0.069
Epoch: [182][100/108]	Time 0.098 (0.095)	Data 0.016 (0.021)	Loss 0.0052 (0.0070)	MAE 0.058 (0.062)
Test: [0/15]	Time 0.044 (0.044)	Loss 0.0065 (0.0065)	MAE 0.060 (0.060)
Test: [10/15]	Time 0.037 (0.042)	Loss 0.0119 (0.0154)	MAE 0.071 (0.065)
 * MAE 0.065
Epoch: [183][100/108]	Time 0.089 (0.095)	Data 0.016 (0.021)	Loss 0.0054 (0.0069)	MAE 0.055 (0.061)
Test: [0/15]	Time 0.040 (0.040)	Loss 0.0107 (0.0107)	MAE 0.072 (0.072)
Test: [10/15]	Time 0.036 (0.040)	Loss 0.0072 (0.0149)	MAE 0.066 (0.067)
 * MAE 0.067
Epoch: [184][100/108]	Time 0.094 (0.095)	Data 0.019 (0.021)	Loss 0.0252 (0.0072)	MAE 0.066 (0.062)
Test: [0/15]	Time 0.043 (0.043)	Loss 0.0116 (0.0116)	MAE 0.076 (0.076)
Test: [10/15]	Time 0.040 (0.043)	Loss 0.0070 (0.0147)	MAE 0.065 (0.064)
 * MAE 0.065
Epoch: [185][100/108]	Time 0.105 (0.097)	Data 0.020 (0.021)	Loss 0.0062 (0.0070)	MAE 0.064 (0.062)
Test: [0/15]	Time 0.041 (0.041)	Loss 0.0093 (0.0093)	MAE 0.072 (0.072)
Test: [10/15]	Time 0.040 (0.043)	Loss 0.0097 (0.0161)	MAE 0.069 (0.070)
 * MAE 0.071
Epoch: [186][100/108]	Time 0.107 (0.096)	Data 0.019 (0.021)	Loss 0.0166 (0.0070)	MAE 0.077 (0.062)
Test: [0/15]	Time 0.038 (0.038)	Loss 0.0091 (0.0091)	MAE 0.070 (0.070)
Test: [10/15]	Time 0.045 (0.044)	Loss 0.0094 (0.0149)	MAE 0.068 (0.067)
 * MAE 0.067
Epoch: [187][100/108]	Time 0.091 (0.096)	Data 0.018 (0.021)	Loss 0.0060 (0.0071)	MAE 0.068 (0.062)
Test: [0/15]	Time 0.043 (0.043)	Loss 0.0938 (0.0938)	MAE 0.092 (0.092)
Test: [10/15]	Time 0.055 (0.043)	Loss 0.0061 (0.0161)	MAE 0.061 (0.068)
 * MAE 0.067
Epoch: [188][100/108]	Time 0.101 (0.096)	Data 0.020 (0.021)	Loss 0.0107 (0.0071)	MAE 0.071 (0.062)
Test: [0/15]	Time 0.043 (0.043)	Loss 0.0100 (0.0100)	MAE 0.068 (0.068)
Test: [10/15]	Time 0.041 (0.043)	Loss 0.0075 (0.0081)	MAE 0.064 (0.065)
 * MAE 0.066
Epoch: [189][100/108]	Time 0.086 (0.095)	Data 0.021 (0.021)	Loss 0.0047 (0.0069)	MAE 0.057 (0.061)
Test: [0/15]	Time 0.046 (0.046)	Loss 0.0055 (0.0055)	MAE 0.058 (0.058)
Test: [10/15]	Time 0.040 (0.043)	Loss 0.0081 (0.0152)	MAE 0.063 (0.065)
 * MAE 0.064
Epoch: [190][100/108]	Time 0.107 (0.095)	Data 0.021 (0.021)	Loss 0.0100 (0.0069)	MAE 0.067 (0.061)
Test: [0/15]	Time 0.039 (0.039)	Loss 0.0124 (0.0124)	MAE 0.073 (0.073)
Test: [10/15]	Time 0.041 (0.043)	Loss 0.0080 (0.0153)	MAE 0.064 (0.065)
 * MAE 0.065
Epoch: [191][100/108]	Time 0.096 (0.095)	Data 0.019 (0.021)	Loss 0.0049 (0.0068)	MAE 0.059 (0.061)
Test: [0/15]	Time 0.047 (0.047)	Loss 0.0086 (0.0086)	MAE 0.065 (0.065)
Test: [10/15]	Time 0.047 (0.045)	Loss 0.0105 (0.0159)	MAE 0.071 (0.067)
 * MAE 0.067
Epoch: [192][100/108]	Time 0.104 (0.094)	Data 0.020 (0.021)	Loss 0.0077 (0.0068)	MAE 0.062 (0.061)
Test: [0/15]	Time 0.042 (0.042)	Loss 0.0068 (0.0068)	MAE 0.060 (0.060)
Test: [10/15]	Time 0.036 (0.043)	Loss 0.0091 (0.0150)	MAE 0.064 (0.064)
 * MAE 0.065
Epoch: [193][100/108]	Time 0.086 (0.095)	Data 0.018 (0.021)	Loss 0.0048 (0.0067)	MAE 0.058 (0.062)
Test: [0/15]	Time 0.044 (0.044)	Loss 0.0075 (0.0075)	MAE 0.061 (0.061)
Test: [10/15]	Time 0.039 (0.043)	Loss 0.0108 (0.0080)	MAE 0.074 (0.063)
 * MAE 0.064
Epoch: [194][100/108]	Time 0.101 (0.095)	Data 0.022 (0.021)	Loss 0.0053 (0.0070)	MAE 0.059 (0.062)
Test: [0/15]	Time 0.039 (0.039)	Loss 0.0139 (0.0139)	MAE 0.070 (0.070)
Test: [10/15]	Time 0.039 (0.042)	Loss 0.0096 (0.0157)	MAE 0.066 (0.066)
 * MAE 0.066
Epoch: [195][100/108]	Time 0.089 (0.095)	Data 0.015 (0.021)	Loss 0.0065 (0.0067)	MAE 0.070 (0.060)
Test: [0/15]	Time 0.041 (0.041)	Loss 0.0083 (0.0083)	MAE 0.066 (0.066)
Test: [10/15]	Time 0.036 (0.042)	Loss 0.0063 (0.0161)	MAE 0.061 (0.066)
 * MAE 0.065
Epoch: [196][100/108]	Time 0.101 (0.096)	Data 0.019 (0.021)	Loss 0.0073 (0.0070)	MAE 0.058 (0.061)
Test: [0/15]	Time 0.045 (0.045)	Loss 0.0114 (0.0114)	MAE 0.075 (0.075)
Test: [10/15]	Time 0.046 (0.045)	Loss 0.0079 (0.0078)	MAE 0.065 (0.062)
 * MAE 0.063
Epoch: [197][100/108]	Time 0.094 (0.094)	Data 0.019 (0.021)	Loss 0.0055 (0.0076)	MAE 0.061 (0.063)
Test: [0/15]	Time 0.045 (0.045)	Loss 0.0055 (0.0055)	MAE 0.055 (0.055)
Test: [10/15]	Time 0.044 (0.044)	Loss 0.0068 (0.0153)	MAE 0.061 (0.064)
 * MAE 0.064
Epoch: [198][100/108]	Time 0.102 (0.095)	Data 0.021 (0.021)	Loss 0.0076 (0.0069)	MAE 0.064 (0.061)
Test: [0/15]	Time 0.040 (0.040)	Loss 0.0097 (0.0097)	MAE 0.069 (0.069)
Test: [10/15]	Time 0.045 (0.042)	Loss 0.0065 (0.0151)	MAE 0.060 (0.067)
 * MAE 0.066
Epoch: [199][100/108]	Time 0.108 (0.096)	Data 0.017 (0.021)	Loss 0.0038 (0.0069)	MAE 0.051 (0.061)
Test: [0/15]	Time 0.036 (0.036)	Loss 0.0081 (0.0081)	MAE 0.066 (0.066)
Test: [10/15]	Time 0.047 (0.042)	Loss 0.0071 (0.0077)	MAE 0.063 (0.064)
 * MAE 0.065
---------Evaluate Model on Test Set---------------
Test: [0/22]	Time 4.673 (4.673)	Loss 0.0074 (0.0074)	MAE 0.058 (0.058)
Test: [10/22]	Time 3.953 (4.385)	Loss 0.0068 (0.0076)	MAE 0.063 (0.063)
Test: [20/22]	Time 4.195 (4.381)	Loss 0.0108 (0.0089)	MAE 0.073 (0.065)
 ** MAE 0.065
