Epoch: [0][0/5]	Time 1.568 (1.568)	Data 1.343 (1.343)	Loss 0.9846 (0.9846)	MAE 2.819 (2.819)
Test: [0/1]	Time 0.689 (0.689)	Loss 0.8994 (0.8994)	MAE 2.650 (2.650)
 * MAE 2.650
Epoch: [1][0/5]	Time 0.068 (0.068)	Data 0.022 (0.022)	Loss 0.6858 (0.6858)	MAE 2.413 (2.413)
Test: [0/1]	Time 0.019 (0.019)	Loss 0.3826 (0.3826)	MAE 1.798 (1.798)
 * MAE 1.798
Epoch: [2][0/5]	Time 0.086 (0.086)	Data 0.030 (0.030)	Loss 0.2355 (0.2355)	MAE 1.387 (1.387)
Test: [0/1]	Time 0.021 (0.021)	Loss 0.3214 (0.3214)	MAE 1.635 (1.635)
 * MAE 1.635
Epoch: [3][0/5]	Time 0.071 (0.071)	Data 0.024 (0.024)	Loss 0.2272 (0.2272)	MAE 1.256 (1.256)
Test: [0/1]	Time 0.016 (0.016)	Loss 0.3365 (0.3365)	MAE 1.799 (1.799)
 * MAE 1.799
Epoch: [4][0/5]	Time 0.064 (0.064)	Data 0.019 (0.019)	Loss 0.2198 (0.2198)	MAE 1.403 (1.403)
Test: [0/1]	Time 0.018 (0.018)	Loss 0.2109 (0.2109)	MAE 1.355 (1.355)
 * MAE 1.355
Epoch: [5][0/5]	Time 0.070 (0.070)	Data 0.028 (0.028)	Loss 0.1780 (0.1780)	MAE 1.187 (1.187)
Test: [0/1]	Time 0.020 (0.020)	Loss 0.1742 (0.1742)	MAE 1.123 (1.123)
 * MAE 1.123
Epoch: [6][0/5]	Time 0.121 (0.121)	Data 0.077 (0.077)	Loss 0.1524 (0.1524)	MAE 1.132 (1.132)
Test: [0/1]	Time 0.021 (0.021)	Loss 0.2522 (0.2522)	MAE 1.418 (1.418)
 * MAE 1.418
Epoch: [7][0/5]	Time 0.066 (0.066)	Data 0.019 (0.019)	Loss 0.1412 (0.1412)	MAE 1.094 (1.094)
Test: [0/1]	Time 0.028 (0.028)	Loss 0.1733 (0.1733)	MAE 1.214 (1.214)
 * MAE 1.214
Epoch: [8][0/5]	Time 0.077 (0.077)	Data 0.031 (0.031)	Loss 0.1215 (0.1215)	MAE 0.852 (0.852)
Test: [0/1]	Time 0.019 (0.019)	Loss 0.1635 (0.1635)	MAE 1.170 (1.170)
 * MAE 1.170
Epoch: [9][0/5]	Time 0.063 (0.063)	Data 0.018 (0.018)	Loss 0.1094 (0.1094)	MAE 0.847 (0.847)
Test: [0/1]	Time 0.018 (0.018)	Loss 0.2244 (0.2244)	MAE 1.373 (1.373)
 * MAE 1.373
Epoch: [10][0/5]	Time 0.069 (0.069)	Data 0.024 (0.024)	Loss 0.0920 (0.0920)	MAE 0.815 (0.815)
Test: [0/1]	Time 0.021 (0.021)	Loss 0.1558 (0.1558)	MAE 1.157 (1.157)
 * MAE 1.157
Epoch: [11][0/5]	Time 0.078 (0.078)	Data 0.027 (0.027)	Loss 0.1061 (0.1061)	MAE 0.905 (0.905)
Test: [0/1]	Time 0.037 (0.037)	Loss 0.1175 (0.1175)	MAE 0.929 (0.929)
 * MAE 0.929
Epoch: [12][0/5]	Time 0.101 (0.101)	Data 0.050 (0.050)	Loss 0.0777 (0.0777)	MAE 0.721 (0.721)
Test: [0/1]	Time 0.020 (0.020)	Loss 0.1294 (0.1294)	MAE 1.032 (1.032)
 * MAE 1.032
Epoch: [13][0/5]	Time 0.058 (0.058)	Data 0.017 (0.017)	Loss 0.0866 (0.0866)	MAE 0.837 (0.837)
Test: [0/1]	Time 0.020 (0.020)	Loss 0.1015 (0.1015)	MAE 0.799 (0.799)
 * MAE 0.799
Epoch: [14][0/5]	Time 0.076 (0.076)	Data 0.025 (0.025)	Loss 0.0908 (0.0908)	MAE 0.745 (0.745)
Test: [0/1]	Time 0.020 (0.020)	Loss 0.1030 (0.1030)	MAE 0.807 (0.807)
 * MAE 0.807
Epoch: [15][0/5]	Time 0.096 (0.096)	Data 0.048 (0.048)	Loss 0.0689 (0.0689)	MAE 0.644 (0.644)
Test: [0/1]	Time 0.027 (0.027)	Loss 0.1056 (0.1056)	MAE 0.893 (0.893)
 * MAE 0.893
Epoch: [16][0/5]	Time 0.067 (0.067)	Data 0.026 (0.026)	Loss 0.0751 (0.0751)	MAE 0.722 (0.722)
Test: [0/1]	Time 0.017 (0.017)	Loss 0.0921 (0.0921)	MAE 0.712 (0.712)
 * MAE 0.712
Epoch: [17][0/5]	Time 0.064 (0.064)	Data 0.023 (0.023)	Loss 0.0933 (0.0933)	MAE 0.776 (0.776)
Test: [0/1]	Time 0.020 (0.020)	Loss 0.0985 (0.0985)	MAE 0.869 (0.869)
 * MAE 0.869
Epoch: [18][0/5]	Time 0.073 (0.073)	Data 0.026 (0.026)	Loss 0.0565 (0.0565)	MAE 0.661 (0.661)
Test: [0/1]	Time 0.025 (0.025)	Loss 0.0917 (0.0917)	MAE 0.790 (0.790)
 * MAE 0.790
Epoch: [19][0/5]	Time 0.061 (0.061)	Data 0.019 (0.019)	Loss 0.0440 (0.0440)	MAE 0.553 (0.553)
Test: [0/1]	Time 0.039 (0.039)	Loss 0.0843 (0.0843)	MAE 0.699 (0.699)
 * MAE 0.699
Epoch: [20][0/5]	Time 0.075 (0.075)	Data 0.020 (0.020)	Loss 0.0788 (0.0788)	MAE 0.646 (0.646)
Test: [0/1]	Time 0.016 (0.016)	Loss 0.0816 (0.0816)	MAE 0.679 (0.679)
 * MAE 0.679
Epoch: [21][0/5]	Time 0.062 (0.062)	Data 0.021 (0.021)	Loss 0.0822 (0.0822)	MAE 0.619 (0.619)
Test: [0/1]	Time 0.024 (0.024)	Loss 0.0880 (0.0880)	MAE 0.774 (0.774)
 * MAE 0.774
Epoch: [22][0/5]	Time 0.070 (0.070)	Data 0.029 (0.029)	Loss 0.0517 (0.0517)	MAE 0.634 (0.634)
Test: [0/1]	Time 0.020 (0.020)	Loss 0.0908 (0.0908)	MAE 0.700 (0.700)
 * MAE 0.700
Epoch: [23][0/5]	Time 0.134 (0.134)	Data 0.091 (0.091)	Loss 0.0503 (0.0503)	MAE 0.598 (0.598)
Test: [0/1]	Time 0.018 (0.018)	Loss 0.0840 (0.0840)	MAE 0.717 (0.717)
 * MAE 0.717
