Epoch: [0][100/101]	Time 2.831 (4.010)	Data 2.778 (3.931)	Loss 0.0749 (0.2187)	MAE 0.217 (0.341)
Test: [0/15]	Time 3.707 (3.707)	Loss 0.1867 (0.1867)	MAE 0.422 (0.422)
Test: [10/15]	Time 4.226 (3.983)	Loss 0.1843 (0.1909)	MAE 0.424 (0.418)
 * MAE 0.414
Epoch: [1][100/101]	Time 0.058 (0.094)	Data 0.014 (0.020)	Loss 0.1075 (0.0701)	MAE 0.295 (0.200)
Test: [0/15]	Time 0.041 (0.041)	Loss 0.0836 (0.0836)	MAE 0.261 (0.261)
Test: [10/15]	Time 0.039 (0.040)	Loss 0.0813 (0.0791)	MAE 0.249 (0.248)
 * MAE 0.249
Epoch: [2][100/101]	Time 0.075 (0.093)	Data 0.018 (0.020)	Loss 0.0347 (0.0574)	MAE 0.155 (0.178)
Test: [0/15]	Time 0.040 (0.040)	Loss 0.0465 (0.0465)	MAE 0.177 (0.177)
Test: [10/15]	Time 0.044 (0.040)	Loss 0.0500 (0.0630)	MAE 0.174 (0.185)
 * MAE 0.187
Epoch: [3][100/101]	Time 0.073 (0.094)	Data 0.017 (0.021)	Loss 0.0528 (0.0495)	MAE 0.168 (0.164)
Test: [0/15]	Time 0.039 (0.039)	Loss 0.0599 (0.0599)	MAE 0.215 (0.215)
Test: [10/15]	Time 0.039 (0.040)	Loss 0.0663 (0.0616)	MAE 0.212 (0.208)
 * MAE 0.212
Epoch: [4][100/101]	Time 0.070 (0.094)	Data 0.018 (0.020)	Loss 0.0496 (0.0551)	MAE 0.194 (0.179)
Test: [0/15]	Time 0.041 (0.041)	Loss 0.0492 (0.0492)	MAE 0.148 (0.148)
Test: [10/15]	Time 0.035 (0.039)	Loss 0.0359 (0.0416)	MAE 0.148 (0.149)
 * MAE 0.149
Epoch: [5][100/101]	Time 0.073 (0.095)	Data 0.015 (0.020)	Loss 0.0644 (0.0415)	MAE 0.226 (0.147)
Test: [0/15]	Time 0.036 (0.036)	Loss 0.0995 (0.0995)	MAE 0.253 (0.253)
Test: [10/15]	Time 0.042 (0.039)	Loss 0.0713 (0.0873)	MAE 0.233 (0.240)
 * MAE 0.240
Epoch: [6][100/101]	Time 0.070 (0.094)	Data 0.017 (0.020)	Loss 0.0686 (0.0452)	MAE 0.237 (0.160)
Test: [0/15]	Time 0.036 (0.036)	Loss 0.0519 (0.0519)	MAE 0.191 (0.191)
Test: [10/15]	Time 0.036 (0.041)	Loss 0.0382 (0.0485)	MAE 0.175 (0.186)
 * MAE 0.187
Epoch: [7][100/101]	Time 0.084 (0.094)	Data 0.023 (0.020)	Loss 0.0238 (0.0462)	MAE 0.115 (0.163)
Test: [0/15]	Time 0.039 (0.039)	Loss 0.0340 (0.0340)	MAE 0.126 (0.126)
Test: [10/15]	Time 0.037 (0.040)	Loss 0.0379 (0.0344)	MAE 0.140 (0.130)
 * MAE 0.130
Epoch: [8][100/101]	Time 0.067 (0.094)	Data 0.019 (0.020)	Loss 0.0286 (0.0358)	MAE 0.130 (0.137)
Test: [0/15]	Time 0.039 (0.039)	Loss 0.0374 (0.0374)	MAE 0.170 (0.170)
Test: [10/15]	Time 0.048 (0.041)	Loss 0.0309 (0.0359)	MAE 0.159 (0.164)
 * MAE 0.164
Epoch: [9][100/101]	Time 0.071 (0.095)	Data 0.019 (0.020)	Loss 0.0393 (0.0398)	MAE 0.175 (0.148)
Test: [0/15]	Time 0.038 (0.038)	Loss 0.0433 (0.0433)	MAE 0.148 (0.148)
Test: [10/15]	Time 0.044 (0.039)	Loss 0.0275 (0.0382)	MAE 0.123 (0.139)
 * MAE 0.136
Epoch: [10][100/101]	Time 0.073 (0.093)	Data 0.019 (0.020)	Loss 0.0346 (0.0417)	MAE 0.149 (0.153)
Test: [0/15]	Time 0.042 (0.042)	Loss 0.0725 (0.0725)	MAE 0.222 (0.222)
Test: [10/15]	Time 0.036 (0.040)	Loss 0.0613 (0.0684)	MAE 0.213 (0.214)
 * MAE 0.211
Epoch: [11][100/101]	Time 0.087 (0.093)	Data 0.018 (0.020)	Loss 0.0206 (0.0385)	MAE 0.112 (0.144)
Test: [0/15]	Time 0.038 (0.038)	Loss 0.0200 (0.0200)	MAE 0.117 (0.117)
Test: [10/15]	Time 0.035 (0.039)	Loss 0.0231 (0.0295)	MAE 0.117 (0.119)
 * MAE 0.117
Epoch: [12][100/101]	Time 0.073 (0.094)	Data 0.017 (0.020)	Loss 0.0422 (0.0338)	MAE 0.200 (0.133)
Test: [0/15]	Time 0.040 (0.040)	Loss 0.0692 (0.0692)	MAE 0.234 (0.234)
Test: [10/15]	Time 0.038 (0.040)	Loss 0.0768 (0.0770)	MAE 0.245 (0.239)
 * MAE 0.240
Epoch: [13][100/101]	Time 0.077 (0.091)	Data 0.018 (0.017)	Loss 0.0163 (0.0349)	MAE 0.105 (0.136)
Test: [0/15]	Time 0.044 (0.044)	Loss 0.0314 (0.0314)	MAE 0.118 (0.118)
Test: [10/15]	Time 0.040 (0.065)	Loss 0.0227 (0.0276)	MAE 0.114 (0.108)
 * MAE 0.107
Epoch: [14][100/101]	Time 0.071 (0.090)	Data 0.015 (0.017)	Loss 0.0145 (0.0324)	MAE 0.099 (0.130)
Test: [0/15]	Time 0.036 (0.036)	Loss 0.0400 (0.0400)	MAE 0.174 (0.174)
Test: [10/15]	Time 0.041 (0.064)	Loss 0.0492 (0.0513)	MAE 0.183 (0.186)
 * MAE 0.185
Epoch: [15][100/101]	Time 0.069 (0.089)	Data 0.016 (0.017)	Loss 0.0323 (0.0350)	MAE 0.124 (0.138)
Test: [0/15]	Time 0.043 (0.043)	Loss 0.0331 (0.0331)	MAE 0.147 (0.147)
Test: [10/15]	Time 0.039 (0.039)	Loss 0.0316 (0.0334)	MAE 0.142 (0.140)
 * MAE 0.142
Epoch: [16][100/101]	Time 0.071 (0.094)	Data 0.015 (0.020)	Loss 0.0238 (0.0359)	MAE 0.125 (0.138)
Test: [0/15]	Time 0.042 (0.042)	Loss 0.0219 (0.0219)	MAE 0.118 (0.118)
Test: [10/15]	Time 0.040 (0.040)	Loss 0.0176 (0.0259)	MAE 0.105 (0.113)
 * MAE 0.113
Epoch: [17][100/101]	Time 0.070 (0.097)	Data 0.016 (0.020)	Loss 0.0144 (0.0328)	MAE 0.088 (0.130)
Test: [0/15]	Time 0.040 (0.040)	Loss 0.0201 (0.0201)	MAE 0.120 (0.120)
Test: [10/15]	Time 0.042 (0.042)	Loss 0.0249 (0.0286)	MAE 0.129 (0.128)
 * MAE 0.128
Epoch: [18][100/101]	Time 0.070 (0.097)	Data 0.016 (0.020)	Loss 0.0216 (0.0305)	MAE 0.124 (0.125)
Test: [0/15]	Time 0.041 (0.041)	Loss 0.0119 (0.0119)	MAE 0.090 (0.090)
Test: [10/15]	Time 0.037 (0.043)	Loss 0.0203 (0.0246)	MAE 0.109 (0.105)
 * MAE 0.106
Epoch: [19][100/101]	Time 0.070 (0.097)	Data 0.017 (0.021)	Loss 0.6034 (0.0307)	MAE 0.195 (0.126)
Test: [0/15]	Time 0.043 (0.043)	Loss 0.0517 (0.0517)	MAE 0.198 (0.198)
Test: [10/15]	Time 0.041 (0.042)	Loss 0.0505 (0.0568)	MAE 0.196 (0.198)
 * MAE 0.196
Epoch: [20][100/101]	Time 0.072 (0.096)	Data 0.016 (0.021)	Loss 0.0208 (0.0321)	MAE 0.123 (0.129)
Test: [0/15]	Time 0.044 (0.044)	Loss 0.0189 (0.0189)	MAE 0.112 (0.112)
Test: [10/15]	Time 0.033 (0.042)	Loss 0.0175 (0.0271)	MAE 0.115 (0.121)
 * MAE 0.120
Epoch: [21][100/101]	Time 0.087 (0.097)	Data 0.022 (0.020)	Loss 0.0267 (0.0278)	MAE 0.147 (0.117)
Test: [0/15]	Time 0.048 (0.048)	Loss 0.0492 (0.0492)	MAE 0.203 (0.203)
Test: [10/15]	Time 0.035 (0.041)	Loss 0.0440 (0.0531)	MAE 0.195 (0.201)
 * MAE 0.202
Epoch: [22][100/101]	Time 0.075 (0.098)	Data 0.020 (0.021)	Loss 0.0135 (0.0261)	MAE 0.105 (0.111)
Test: [0/15]	Time 0.034 (0.034)	Loss 0.0372 (0.0372)	MAE 0.164 (0.164)
Test: [10/15]	Time 0.034 (0.040)	Loss 0.0447 (0.0462)	MAE 0.174 (0.181)
 * MAE 0.181
Epoch: [23][100/101]	Time 0.082 (0.095)	Data 0.020 (0.020)	Loss 0.0150 (0.0278)	MAE 0.096 (0.119)
Test: [0/15]	Time 0.040 (0.040)	Loss 0.0270 (0.0270)	MAE 0.137 (0.137)
Test: [10/15]	Time 0.043 (0.039)	Loss 0.0277 (0.0317)	MAE 0.136 (0.137)
 * MAE 0.137
Epoch: [24][100/101]	Time 0.065 (0.094)	Data 0.015 (0.020)	Loss 0.0309 (0.0286)	MAE 0.155 (0.120)
Test: [0/15]	Time 0.039 (0.039)	Loss 0.0194 (0.0194)	MAE 0.115 (0.115)
Test: [10/15]	Time 0.051 (0.041)	Loss 0.0230 (0.0293)	MAE 0.122 (0.124)
 * MAE 0.125
Epoch: [25][100/101]	Time 0.080 (0.094)	Data 0.016 (0.020)	Loss 0.0228 (0.0264)	MAE 0.124 (0.113)
Test: [0/15]	Time 0.047 (0.047)	Loss 0.0217 (0.0217)	MAE 0.118 (0.118)
Test: [10/15]	Time 0.051 (0.043)	Loss 0.0166 (0.0239)	MAE 0.113 (0.115)
 * MAE 0.115
Epoch: [26][100/101]	Time 0.080 (0.094)	Data 0.017 (0.020)	Loss 0.0308 (0.0272)	MAE 0.141 (0.117)
Test: [0/15]	Time 0.043 (0.043)	Loss 0.0246 (0.0246)	MAE 0.127 (0.127)
Test: [10/15]	Time 0.036 (0.041)	Loss 0.0279 (0.0236)	MAE 0.133 (0.126)
 * MAE 0.127
Epoch: [27][100/101]	Time 0.072 (0.095)	Data 0.018 (0.020)	Loss 0.0337 (0.0256)	MAE 0.163 (0.110)
Test: [0/15]	Time 0.037 (0.037)	Loss 0.0188 (0.0188)	MAE 0.102 (0.102)
Test: [10/15]	Time 0.037 (0.040)	Loss 0.0188 (0.0163)	MAE 0.104 (0.095)
 * MAE 0.095
Epoch: [28][100/101]	Time 0.061 (0.094)	Data 0.014 (0.020)	Loss 0.2346 (0.0270)	MAE 0.139 (0.116)
Test: [0/15]	Time 0.042 (0.042)	Loss 0.0242 (0.0242)	MAE 0.114 (0.114)
Test: [10/15]	Time 0.035 (0.040)	Loss 0.0166 (0.0234)	MAE 0.100 (0.105)
 * MAE 0.105
Epoch: [29][100/101]	Time 0.065 (0.093)	Data 0.015 (0.020)	Loss 0.0326 (0.0248)	MAE 0.160 (0.107)
Test: [0/15]	Time 0.038 (0.038)	Loss 0.0286 (0.0286)	MAE 0.136 (0.136)
Test: [10/15]	Time 0.033 (0.041)	Loss 0.0341 (0.0360)	MAE 0.148 (0.146)
 * MAE 0.144
Epoch: [30][100/101]	Time 0.072 (0.093)	Data 0.018 (0.020)	Loss 0.0230 (0.0273)	MAE 0.139 (0.118)
Test: [0/15]	Time 0.047 (0.047)	Loss 0.0147 (0.0147)	MAE 0.090 (0.090)
Test: [10/15]	Time 0.035 (0.039)	Loss 0.0176 (0.0139)	MAE 0.099 (0.090)
 * MAE 0.091
Epoch: [31][100/101]	Time 0.075 (0.094)	Data 0.015 (0.020)	Loss 0.0232 (0.0248)	MAE 0.129 (0.109)
Test: [0/15]	Time 0.039 (0.039)	Loss 0.0217 (0.0217)	MAE 0.118 (0.118)
Test: [10/15]	Time 0.037 (0.040)	Loss 0.0166 (0.0272)	MAE 0.113 (0.122)
 * MAE 0.121
Epoch: [32][100/101]	Time 0.075 (0.094)	Data 0.017 (0.020)	Loss 0.0108 (0.0286)	MAE 0.081 (0.121)
Test: [0/15]	Time 0.039 (0.039)	Loss 0.0168 (0.0168)	MAE 0.093 (0.093)
Test: [10/15]	Time 0.038 (0.042)	Loss 0.0086 (0.0142)	MAE 0.077 (0.091)
 * MAE 0.092
Epoch: [33][100/101]	Time 0.057 (0.093)	Data 0.014 (0.020)	Loss 0.0673 (0.0245)	MAE 0.249 (0.107)
Test: [0/15]	Time 0.036 (0.036)	Loss 0.0326 (0.0326)	MAE 0.152 (0.152)
Test: [10/15]	Time 0.039 (0.039)	Loss 0.0348 (0.0476)	MAE 0.162 (0.174)
 * MAE 0.174
Epoch: [34][100/101]	Time 0.067 (0.093)	Data 0.015 (0.020)	Loss 0.0139 (0.0233)	MAE 0.092 (0.103)
Test: [0/15]	Time 0.039 (0.039)	Loss 0.0132 (0.0132)	MAE 0.094 (0.094)
Test: [10/15]	Time 0.043 (0.042)	Loss 0.0189 (0.0218)	MAE 0.104 (0.099)
 * MAE 0.098
Epoch: [35][100/101]	Time 0.079 (0.092)	Data 0.019 (0.018)	Loss 0.0178 (0.0265)	MAE 0.113 (0.115)
Test: [0/15]	Time 0.039 (0.039)	Loss 0.0196 (0.0196)	MAE 0.131 (0.131)
Test: [10/15]	Time 0.035 (0.064)	Loss 0.0201 (0.0275)	MAE 0.126 (0.133)
 * MAE 0.133
Epoch: [36][100/101]	Time 0.074 (0.092)	Data 0.015 (0.018)	Loss 0.0260 (0.0301)	MAE 0.142 (0.129)
Test: [0/15]	Time 0.041 (0.041)	Loss 0.0452 (0.0452)	MAE 0.179 (0.179)
Test: [10/15]	Time 0.045 (0.065)	Loss 0.0460 (0.0489)	MAE 0.185 (0.176)
 * MAE 0.177
Epoch: [37][100/101]	Time 0.061 (0.090)	Data 0.015 (0.018)	Loss 0.0156 (0.0228)	MAE 0.108 (0.101)
Test: [0/15]	Time 0.042 (0.042)	Loss 0.0147 (0.0147)	MAE 0.098 (0.098)
Test: [10/15]	Time 0.046 (0.066)	Loss 0.0130 (0.0220)	MAE 0.094 (0.099)
 * MAE 0.100
Epoch: [38][100/101]	Time 0.068 (0.091)	Data 0.016 (0.017)	Loss 0.0158 (0.0246)	MAE 0.098 (0.107)
Test: [0/15]	Time 0.046 (0.046)	Loss 0.0186 (0.0186)	MAE 0.093 (0.093)
Test: [10/15]	Time 0.040 (0.041)	Loss 0.0158 (0.0213)	MAE 0.099 (0.093)
 * MAE 0.092
Epoch: [39][100/101]	Time 0.067 (0.091)	Data 0.018 (0.017)	Loss 0.0095 (0.0267)	MAE 0.085 (0.115)
Test: [0/15]	Time 0.040 (0.040)	Loss 0.0289 (0.0289)	MAE 0.137 (0.137)
Test: [10/15]	Time 0.033 (0.039)	Loss 0.0904 (0.0282)	MAE 0.144 (0.130)
 * MAE 0.130
Epoch: [40][100/101]	Time 0.067 (0.091)	Data 0.017 (0.017)	Loss 0.0090 (0.0257)	MAE 0.075 (0.113)
Test: [0/15]	Time 0.041 (0.041)	Loss 0.0089 (0.0089)	MAE 0.074 (0.074)
Test: [10/15]	Time 0.035 (0.039)	Loss 0.0088 (0.0172)	MAE 0.074 (0.081)
 * MAE 0.080
Epoch: [41][100/101]	Time 0.080 (0.094)	Data 0.018 (0.020)	Loss 0.0167 (0.0221)	MAE 0.108 (0.100)
Test: [0/15]	Time 0.036 (0.036)	Loss 0.0087 (0.0087)	MAE 0.076 (0.076)
Test: [10/15]	Time 0.034 (0.040)	Loss 0.0127 (0.0173)	MAE 0.085 (0.083)
 * MAE 0.084
Epoch: [42][100/101]	Time 0.075 (0.094)	Data 0.016 (0.020)	Loss 0.0229 (0.0237)	MAE 0.136 (0.106)
Test: [0/15]	Time 0.038 (0.038)	Loss 0.0316 (0.0316)	MAE 0.167 (0.167)
Test: [10/15]	Time 0.040 (0.040)	Loss 0.0338 (0.0369)	MAE 0.169 (0.165)
 * MAE 0.164
Epoch: [43][100/101]	Time 0.072 (0.094)	Data 0.018 (0.020)	Loss 0.0174 (0.0231)	MAE 0.121 (0.105)
Test: [0/15]	Time 0.035 (0.035)	Loss 0.0141 (0.0141)	MAE 0.095 (0.095)
Test: [10/15]	Time 0.040 (0.039)	Loss 0.0091 (0.0128)	MAE 0.080 (0.089)
 * MAE 0.090
Epoch: [44][100/101]	Time 0.080 (0.094)	Data 0.020 (0.020)	Loss 0.0190 (0.0211)	MAE 0.115 (0.096)
Test: [0/15]	Time 0.048 (0.048)	Loss 0.0104 (0.0104)	MAE 0.083 (0.083)
Test: [10/15]	Time 0.043 (0.042)	Loss 0.0053 (0.0172)	MAE 0.063 (0.079)
 * MAE 0.079
Epoch: [45][100/101]	Time 0.073 (0.093)	Data 0.018 (0.020)	Loss 0.0245 (0.0220)	MAE 0.141 (0.100)
Test: [0/15]	Time 0.042 (0.042)	Loss 0.0239 (0.0239)	MAE 0.133 (0.133)
Test: [10/15]	Time 0.034 (0.038)	Loss 0.0285 (0.0332)	MAE 0.144 (0.142)
 * MAE 0.140
Epoch: [46][100/101]	Time 0.072 (0.095)	Data 0.019 (0.020)	Loss 0.0087 (0.0225)	MAE 0.077 (0.101)
Test: [0/15]	Time 0.039 (0.039)	Loss 0.0131 (0.0131)	MAE 0.087 (0.087)
Test: [10/15]	Time 0.043 (0.039)	Loss 0.0105 (0.0176)	MAE 0.081 (0.080)
 * MAE 0.080
Epoch: [47][100/101]	Time 0.072 (0.094)	Data 0.015 (0.020)	Loss 0.0317 (0.0220)	MAE 0.162 (0.099)
Test: [0/15]	Time 0.045 (0.045)	Loss 0.0584 (0.0584)	MAE 0.220 (0.220)
Test: [10/15]	Time 0.039 (0.042)	Loss 0.0612 (0.0632)	MAE 0.224 (0.221)
 * MAE 0.220
Epoch: [48][100/101]	Time 0.067 (0.095)	Data 0.016 (0.020)	Loss 0.0140 (0.0235)	MAE 0.094 (0.106)
Test: [0/15]	Time 0.042 (0.042)	Loss 0.0124 (0.0124)	MAE 0.085 (0.085)
Test: [10/15]	Time 0.046 (0.040)	Loss 0.0108 (0.0195)	MAE 0.086 (0.090)
 * MAE 0.089
Epoch: [49][100/101]	Time 0.071 (0.093)	Data 0.018 (0.020)	Loss 0.0123 (0.0210)	MAE 0.092 (0.097)
Test: [0/15]	Time 0.040 (0.040)	Loss 0.0115 (0.0115)	MAE 0.092 (0.092)
Test: [10/15]	Time 0.036 (0.040)	Loss 0.0121 (0.0196)	MAE 0.087 (0.090)
 * MAE 0.090
Epoch: [50][100/101]	Time 0.076 (0.094)	Data 0.019 (0.020)	Loss 0.0084 (0.0198)	MAE 0.077 (0.092)
Test: [0/15]	Time 0.039 (0.039)	Loss 0.0853 (0.0853)	MAE 0.099 (0.099)
Test: [10/15]	Time 0.042 (0.039)	Loss 0.0138 (0.0196)	MAE 0.093 (0.087)
 * MAE 0.085
Epoch: [51][100/101]	Time 0.083 (0.096)	Data 0.018 (0.021)	Loss 0.0114 (0.0221)	MAE 0.085 (0.101)
Test: [0/15]	Time 0.043 (0.043)	Loss 0.0189 (0.0189)	MAE 0.106 (0.106)
Test: [10/15]	Time 0.035 (0.043)	Loss 0.0885 (0.0239)	MAE 0.124 (0.107)
 * MAE 0.105
Epoch: [52][100/101]	Time 0.067 (0.099)	Data 0.017 (0.021)	Loss 0.0214 (0.0215)	MAE 0.129 (0.099)
Test: [0/15]	Time 0.041 (0.041)	Loss 0.0175 (0.0175)	MAE 0.095 (0.095)
Test: [10/15]	Time 0.041 (0.041)	Loss 0.0088 (0.0197)	MAE 0.078 (0.090)
 * MAE 0.089
Epoch: [53][100/101]	Time 0.068 (0.095)	Data 0.018 (0.020)	Loss 0.0110 (0.0214)	MAE 0.081 (0.098)
Test: [0/15]	Time 0.037 (0.037)	Loss 0.0128 (0.0128)	MAE 0.082 (0.082)
Test: [10/15]	Time 0.035 (0.040)	Loss 0.0143 (0.0174)	MAE 0.089 (0.082)
 * MAE 0.081
Epoch: [54][100/101]	Time 0.073 (0.097)	Data 0.020 (0.021)	Loss 0.0210 (0.0197)	MAE 0.096 (0.092)
Test: [0/15]	Time 0.041 (0.041)	Loss 0.0119 (0.0119)	MAE 0.093 (0.093)
Test: [10/15]	Time 0.039 (0.043)	Loss 0.0158 (0.0194)	MAE 0.100 (0.092)
 * MAE 0.093
Epoch: [55][100/101]	Time 0.070 (0.096)	Data 0.018 (0.021)	Loss 0.0095 (0.0199)	MAE 0.084 (0.094)
Test: [0/15]	Time 0.041 (0.041)	Loss 0.0128 (0.0128)	MAE 0.083 (0.083)
Test: [10/15]	Time 0.047 (0.041)	Loss 0.0081 (0.0161)	MAE 0.070 (0.078)
 * MAE 0.078
Epoch: [56][100/101]	Time 0.078 (0.095)	Data 0.018 (0.020)	Loss 0.0097 (0.0216)	MAE 0.083 (0.099)
Test: [0/15]	Time 0.039 (0.039)	Loss 0.0839 (0.0839)	MAE 0.110 (0.110)
Test: [10/15]	Time 0.038 (0.042)	Loss 0.0138 (0.0179)	MAE 0.097 (0.089)
 * MAE 0.089
Epoch: [57][100/101]	Time 0.071 (0.094)	Data 0.015 (0.020)	Loss 0.0090 (0.0208)	MAE 0.083 (0.095)
Test: [0/15]	Time 0.043 (0.043)	Loss 0.0368 (0.0368)	MAE 0.180 (0.180)
Test: [10/15]	Time 0.047 (0.039)	Loss 0.0418 (0.0387)	MAE 0.195 (0.184)
 * MAE 0.185
Epoch: [58][100/101]	Time 0.073 (0.093)	Data 0.017 (0.020)	Loss 0.0091 (0.0234)	MAE 0.083 (0.105)
Test: [0/15]	Time 0.040 (0.040)	Loss 0.0088 (0.0088)	MAE 0.075 (0.075)
Test: [10/15]	Time 0.038 (0.042)	Loss 0.0773 (0.0184)	MAE 0.092 (0.081)
 * MAE 0.081
Epoch: [59][100/101]	Time 0.080 (0.093)	Data 0.017 (0.020)	Loss 0.0256 (0.0206)	MAE 0.119 (0.095)
Test: [0/15]	Time 0.044 (0.044)	Loss 0.0224 (0.0224)	MAE 0.122 (0.122)
Test: [10/15]	Time 0.040 (0.039)	Loss 0.0250 (0.0258)	MAE 0.129 (0.120)
 * MAE 0.119
Epoch: [60][100/101]	Time 0.070 (0.090)	Data 0.017 (0.017)	Loss 0.0216 (0.0207)	MAE 0.133 (0.097)
Test: [0/15]	Time 0.041 (0.041)	Loss 0.0116 (0.0116)	MAE 0.082 (0.082)
Test: [10/15]	Time 0.044 (0.065)	Loss 0.0106 (0.0188)	MAE 0.085 (0.088)
 * MAE 0.087
Epoch: [61][100/101]	Time 0.072 (0.090)	Data 0.018 (0.017)	Loss 0.0097 (0.0199)	MAE 0.084 (0.093)
Test: [0/15]	Time 0.038 (0.038)	Loss 0.0115 (0.0115)	MAE 0.086 (0.086)
Test: [10/15]	Time 0.041 (0.038)	Loss 0.0134 (0.0118)	MAE 0.083 (0.085)
 * MAE 0.086
Epoch: [62][100/101]	Time 0.071 (0.091)	Data 0.015 (0.017)	Loss 0.0072 (0.0190)	MAE 0.070 (0.089)
Test: [0/15]	Time 0.038 (0.038)	Loss 0.0074 (0.0074)	MAE 0.067 (0.067)
Test: [10/15]	Time 0.044 (0.038)	Loss 0.0105 (0.0174)	MAE 0.074 (0.078)
 * MAE 0.079
Epoch: [63][100/101]	Time 0.071 (0.092)	Data 0.018 (0.020)	Loss 0.0112 (0.0189)	MAE 0.091 (0.089)
Test: [0/15]	Time 0.040 (0.040)	Loss 0.0101 (0.0101)	MAE 0.076 (0.076)
Test: [10/15]	Time 0.044 (0.040)	Loss 0.0088 (0.0103)	MAE 0.075 (0.076)
 * MAE 0.077
Epoch: [64][100/101]	Time 0.070 (0.094)	Data 0.019 (0.020)	Loss 0.0138 (0.0203)	MAE 0.094 (0.095)
Test: [0/15]	Time 0.034 (0.034)	Loss 0.0164 (0.0164)	MAE 0.099 (0.099)
Test: [10/15]	Time 0.035 (0.037)	Loss 0.0188 (0.0198)	MAE 0.110 (0.097)
 * MAE 0.095
Epoch: [65][100/101]	Time 0.065 (0.094)	Data 0.018 (0.020)	Loss 0.0120 (0.0222)	MAE 0.087 (0.100)
Test: [0/15]	Time 0.042 (0.042)	Loss 0.0196 (0.0196)	MAE 0.119 (0.119)
Test: [10/15]	Time 0.039 (0.039)	Loss 0.0174 (0.0277)	MAE 0.113 (0.122)
 * MAE 0.121
Epoch: [66][100/101]	Time 0.082 (0.094)	Data 0.017 (0.020)	Loss 0.0151 (0.0219)	MAE 0.100 (0.100)
Test: [0/15]	Time 0.047 (0.047)	Loss 0.0116 (0.0116)	MAE 0.077 (0.077)
Test: [10/15]	Time 0.043 (0.041)	Loss 0.0093 (0.0096)	MAE 0.076 (0.073)
 * MAE 0.074
Epoch: [67][100/101]	Time 0.076 (0.095)	Data 0.018 (0.020)	Loss 0.0185 (0.0202)	MAE 0.113 (0.094)
Test: [0/15]	Time 0.037 (0.037)	Loss 0.0148 (0.0148)	MAE 0.104 (0.104)
Test: [10/15]	Time 0.039 (0.041)	Loss 0.0136 (0.0155)	MAE 0.105 (0.105)
 * MAE 0.107
Epoch: [68][100/101]	Time 0.074 (0.095)	Data 0.015 (0.020)	Loss 0.0066 (0.0199)	MAE 0.070 (0.094)
Test: [0/15]	Time 0.044 (0.044)	Loss 0.0088 (0.0088)	MAE 0.074 (0.074)
Test: [10/15]	Time 0.034 (0.040)	Loss 0.0133 (0.0098)	MAE 0.081 (0.074)
 * MAE 0.074
Epoch: [69][100/101]	Time 0.074 (0.094)	Data 0.017 (0.020)	Loss 0.0110 (0.0195)	MAE 0.087 (0.091)
Test: [0/15]	Time 0.039 (0.039)	Loss 0.0184 (0.0184)	MAE 0.106 (0.106)
Test: [10/15]	Time 0.043 (0.040)	Loss 0.0291 (0.0269)	MAE 0.125 (0.112)
 * MAE 0.111
Epoch: [70][100/101]	Time 0.078 (0.094)	Data 0.020 (0.020)	Loss 0.0088 (0.0227)	MAE 0.082 (0.104)
Test: [0/15]	Time 0.037 (0.037)	Loss 0.0103 (0.0103)	MAE 0.087 (0.087)
Test: [10/15]	Time 0.036 (0.040)	Loss 0.0140 (0.0204)	MAE 0.097 (0.098)
 * MAE 0.097
Epoch: [71][100/101]	Time 0.074 (0.096)	Data 0.017 (0.020)	Loss 0.0154 (0.0198)	MAE 0.113 (0.093)
Test: [0/15]	Time 0.045 (0.045)	Loss 0.0129 (0.0129)	MAE 0.083 (0.083)
Test: [10/15]	Time 0.050 (0.042)	Loss 0.0095 (0.0168)	MAE 0.078 (0.081)
 * MAE 0.080
Epoch: [72][100/101]	Time 0.074 (0.095)	Data 0.015 (0.020)	Loss 0.0109 (0.0180)	MAE 0.087 (0.085)
Test: [0/15]	Time 0.043 (0.043)	Loss 0.0100 (0.0100)	MAE 0.071 (0.071)
Test: [10/15]	Time 0.040 (0.041)	Loss 0.0096 (0.0158)	MAE 0.066 (0.070)
 * MAE 0.069
Epoch: [73][100/101]	Time 0.064 (0.095)	Data 0.018 (0.020)	Loss 0.0199 (0.0182)	MAE 0.128 (0.086)
Test: [0/15]	Time 0.038 (0.038)	Loss 0.0192 (0.0192)	MAE 0.101 (0.101)
Test: [10/15]	Time 0.038 (0.040)	Loss 0.0129 (0.0204)	MAE 0.095 (0.095)
 * MAE 0.095
Epoch: [74][100/101]	Time 0.072 (0.095)	Data 0.018 (0.020)	Loss 0.2354 (0.0183)	MAE 0.127 (0.087)
Test: [0/15]	Time 0.044 (0.044)	Loss 0.0113 (0.0113)	MAE 0.086 (0.086)
Test: [10/15]	Time 0.046 (0.043)	Loss 0.0169 (0.0136)	MAE 0.097 (0.088)
 * MAE 0.089
Epoch: [75][100/101]	Time 0.075 (0.094)	Data 0.018 (0.020)	Loss 0.0204 (0.0195)	MAE 0.123 (0.090)
Test: [0/15]	Time 0.043 (0.043)	Loss 0.0098 (0.0098)	MAE 0.084 (0.084)
Test: [10/15]	Time 0.035 (0.041)	Loss 0.0092 (0.0187)	MAE 0.076 (0.086)
 * MAE 0.086
Epoch: [76][100/101]	Time 0.070 (0.095)	Data 0.014 (0.021)	Loss 0.0189 (0.0183)	MAE 0.102 (0.087)
Test: [0/15]	Time 0.041 (0.041)	Loss 0.0169 (0.0169)	MAE 0.124 (0.124)
Test: [10/15]	Time 0.036 (0.041)	Loss 0.0909 (0.0249)	MAE 0.147 (0.127)
 * MAE 0.127
Epoch: [77][100/101]	Time 0.074 (0.094)	Data 0.017 (0.020)	Loss 0.0069 (0.0171)	MAE 0.067 (0.082)
Test: [0/15]	Time 0.044 (0.044)	Loss 0.0139 (0.0139)	MAE 0.084 (0.084)
Test: [10/15]	Time 0.038 (0.042)	Loss 0.0130 (0.0196)	MAE 0.086 (0.086)
 * MAE 0.084
Epoch: [78][100/101]	Time 0.080 (0.094)	Data 0.018 (0.020)	Loss 0.0261 (0.0194)	MAE 0.155 (0.091)
Test: [0/15]	Time 0.039 (0.039)	Loss 0.0118 (0.0118)	MAE 0.080 (0.080)
Test: [10/15]	Time 0.041 (0.042)	Loss 0.0126 (0.0168)	MAE 0.076 (0.076)
 * MAE 0.075
Epoch: [79][100/101]	Time 0.067 (0.094)	Data 0.017 (0.020)	Loss 0.0111 (0.0190)	MAE 0.080 (0.090)
Test: [0/15]	Time 0.038 (0.038)	Loss 0.0084 (0.0084)	MAE 0.078 (0.078)
Test: [10/15]	Time 0.046 (0.042)	Loss 0.0126 (0.0178)	MAE 0.088 (0.084)
 * MAE 0.083
Epoch: [80][100/101]	Time 0.075 (0.094)	Data 0.017 (0.020)	Loss 0.0141 (0.0175)	MAE 0.100 (0.083)
Test: [0/15]	Time 0.046 (0.046)	Loss 0.0183 (0.0183)	MAE 0.114 (0.114)
Test: [10/15]	Time 0.040 (0.044)	Loss 0.0185 (0.0175)	MAE 0.113 (0.114)
 * MAE 0.115
Epoch: [81][100/101]	Time 0.080 (0.095)	Data 0.019 (0.020)	Loss 0.0195 (0.0193)	MAE 0.129 (0.091)
Test: [0/15]	Time 0.045 (0.045)	Loss 0.0235 (0.0235)	MAE 0.133 (0.133)
Test: [10/15]	Time 0.038 (0.041)	Loss 0.0225 (0.0231)	MAE 0.135 (0.134)
 * MAE 0.137
Epoch: [82][100/101]	Time 0.074 (0.094)	Data 0.016 (0.020)	Loss 0.0086 (0.0169)	MAE 0.077 (0.081)
Test: [0/15]	Time 0.037 (0.037)	Loss 0.0092 (0.0092)	MAE 0.069 (0.069)
Test: [10/15]	Time 0.038 (0.042)	Loss 0.0799 (0.0159)	MAE 0.089 (0.074)
 * MAE 0.074
Epoch: [83][100/101]	Time 0.080 (0.094)	Data 0.016 (0.020)	Loss 0.0134 (0.0175)	MAE 0.078 (0.084)
Test: [0/15]	Time 0.041 (0.041)	Loss 0.0124 (0.0124)	MAE 0.095 (0.095)
Test: [10/15]	Time 0.035 (0.040)	Loss 0.0156 (0.0200)	MAE 0.102 (0.099)
 * MAE 0.098
Epoch: [84][100/101]	Time 0.067 (0.095)	Data 0.016 (0.020)	Loss 0.0104 (0.0190)	MAE 0.091 (0.089)
Test: [0/15]	Time 0.041 (0.041)	Loss 0.0100 (0.0100)	MAE 0.082 (0.082)
Test: [10/15]	Time 0.042 (0.043)	Loss 0.0182 (0.0183)	MAE 0.092 (0.083)
 * MAE 0.082
Epoch: [85][100/101]	Time 0.065 (0.094)	Data 0.014 (0.020)	Loss 0.0167 (0.0198)	MAE 0.115 (0.094)
Test: [0/15]	Time 0.034 (0.034)	Loss 0.0162 (0.0162)	MAE 0.084 (0.084)
Test: [10/15]	Time 0.047 (0.041)	Loss 0.0076 (0.0175)	MAE 0.073 (0.082)
 * MAE 0.081
Epoch: [86][100/101]	Time 0.077 (0.093)	Data 0.019 (0.018)	Loss 0.0073 (0.0178)	MAE 0.070 (0.085)
Test: [0/15]	Time 0.302 (0.302)	Loss 0.0105 (0.0105)	MAE 0.090 (0.090)
Test: [10/15]	Time 0.042 (0.066)	Loss 0.0093 (0.0174)	MAE 0.085 (0.090)
 * MAE 0.091
Epoch: [87][100/101]	Time 0.060 (0.091)	Data 0.017 (0.017)	Loss 0.0110 (0.0172)	MAE 0.081 (0.082)
Test: [0/15]	Time 0.291 (0.291)	Loss 0.0108 (0.0108)	MAE 0.083 (0.083)
Test: [10/15]	Time 0.034 (0.065)	Loss 0.0101 (0.0182)	MAE 0.074 (0.082)
 * MAE 0.081
Epoch: [88][100/101]	Time 0.067 (0.092)	Data 0.016 (0.017)	Loss 0.0119 (0.0170)	MAE 0.092 (0.083)
Test: [0/15]	Time 0.045 (0.045)	Loss 0.0098 (0.0098)	MAE 0.075 (0.075)
Test: [10/15]	Time 0.048 (0.067)	Loss 0.0094 (0.0198)	MAE 0.077 (0.083)
 * MAE 0.083
Epoch: [89][100/101]	Time 0.070 (0.092)	Data 0.018 (0.018)	Loss 0.0101 (0.0181)	MAE 0.077 (0.086)
Test: [0/15]	Time 0.049 (0.049)	Loss 0.0170 (0.0170)	MAE 0.105 (0.105)
Test: [10/15]	Time 0.040 (0.041)	Loss 0.0176 (0.0161)	MAE 0.112 (0.107)
 * MAE 0.109
Epoch: [90][100/101]	Time 0.075 (0.092)	Data 0.018 (0.017)	Loss 0.0084 (0.0162)	MAE 0.075 (0.078)
Test: [0/15]	Time 0.043 (0.043)	Loss 0.0118 (0.0118)	MAE 0.078 (0.078)
Test: [10/15]	Time 0.290 (0.064)	Loss 0.0100 (0.0198)	MAE 0.081 (0.085)
 * MAE 0.085
Epoch: [91][100/101]	Time 0.076 (0.091)	Data 0.019 (0.017)	Loss 0.0090 (0.0168)	MAE 0.087 (0.081)
Test: [0/15]	Time 0.041 (0.041)	Loss 0.0111 (0.0111)	MAE 0.092 (0.092)
Test: [10/15]	Time 0.037 (0.042)	Loss 0.0110 (0.0202)	MAE 0.087 (0.093)
 * MAE 0.093
Epoch: [92][100/101]	Time 0.071 (0.095)	Data 0.016 (0.020)	Loss 0.0103 (0.0185)	MAE 0.081 (0.089)
Test: [0/15]	Time 0.034 (0.034)	Loss 0.0256 (0.0256)	MAE 0.132 (0.132)
Test: [10/15]	Time 0.045 (0.040)	Loss 0.0184 (0.0283)	MAE 0.123 (0.129)
 * MAE 0.128
Epoch: [93][100/101]	Time 0.069 (0.095)	Data 0.018 (0.020)	Loss 0.0096 (0.0181)	MAE 0.075 (0.086)
Test: [0/15]	Time 0.044 (0.044)	Loss 0.0075 (0.0075)	MAE 0.075 (0.075)
Test: [10/15]	Time 0.039 (0.041)	Loss 0.0115 (0.0173)	MAE 0.086 (0.086)
 * MAE 0.085
Epoch: [94][100/101]	Time 0.068 (0.095)	Data 0.015 (0.020)	Loss 0.0131 (0.0176)	MAE 0.089 (0.085)
Test: [0/15]	Time 0.035 (0.035)	Loss 0.0123 (0.0123)	MAE 0.089 (0.089)
Test: [10/15]	Time 0.038 (0.040)	Loss 0.0133 (0.0201)	MAE 0.095 (0.093)
 * MAE 0.092
Epoch: [95][100/101]	Time 0.085 (0.095)	Data 0.019 (0.020)	Loss 0.0942 (0.0170)	MAE 0.103 (0.081)
Test: [0/15]	Time 0.040 (0.040)	Loss 0.0955 (0.0955)	MAE 0.112 (0.112)
Test: [10/15]	Time 0.037 (0.041)	Loss 0.0107 (0.0199)	MAE 0.086 (0.092)
 * MAE 0.092
Epoch: [96][100/101]	Time 0.073 (0.095)	Data 0.017 (0.020)	Loss 0.0081 (0.0177)	MAE 0.078 (0.085)
Test: [0/15]	Time 0.045 (0.045)	Loss 0.0092 (0.0092)	MAE 0.078 (0.078)
Test: [10/15]	Time 0.042 (0.041)	Loss 0.0088 (0.0103)	MAE 0.074 (0.078)
 * MAE 0.079
Epoch: [97][100/101]	Time 0.075 (0.094)	Data 0.016 (0.020)	Loss 0.0160 (0.0169)	MAE 0.084 (0.081)
Test: [0/15]	Time 0.041 (0.041)	Loss 0.0162 (0.0162)	MAE 0.111 (0.111)
Test: [10/15]	Time 0.037 (0.040)	Loss 0.0177 (0.0243)	MAE 0.114 (0.114)
 * MAE 0.114
Epoch: [98][100/101]	Time 0.074 (0.094)	Data 0.017 (0.020)	Loss 0.0084 (0.0170)	MAE 0.075 (0.081)
Test: [0/15]	Time 0.036 (0.036)	Loss 0.0076 (0.0076)	MAE 0.073 (0.073)
Test: [10/15]	Time 0.039 (0.041)	Loss 0.0104 (0.0167)	MAE 0.080 (0.079)
 * MAE 0.079
Epoch: [99][100/101]	Time 0.074 (0.095)	Data 0.016 (0.020)	Loss 0.0092 (0.0181)	MAE 0.079 (0.087)
Test: [0/15]	Time 0.041 (0.041)	Loss 0.0106 (0.0106)	MAE 0.078 (0.078)
Test: [10/15]	Time 0.044 (0.039)	Loss 0.0073 (0.0170)	MAE 0.070 (0.078)
 * MAE 0.078
Epoch: [100][100/101]	Time 0.067 (0.095)	Data 0.018 (0.020)	Loss 0.0160 (0.0140)	MAE 0.081 (0.067)
Test: [0/15]	Time 0.042 (0.042)	Loss 0.0074 (0.0074)	MAE 0.063 (0.063)
Test: [10/15]	Time 0.042 (0.041)	Loss 0.0052 (0.0076)	MAE 0.053 (0.062)
 * MAE 0.062
Epoch: [101][100/101]	Time 0.070 (0.095)	Data 0.017 (0.020)	Loss 0.0050 (0.0137)	MAE 0.057 (0.066)
Test: [0/15]	Time 0.041 (0.041)	Loss 0.0074 (0.0074)	MAE 0.062 (0.062)
Test: [10/15]	Time 0.038 (0.041)	Loss 0.0081 (0.0148)	MAE 0.064 (0.063)
 * MAE 0.062
Epoch: [102][100/101]	Time 0.074 (0.094)	Data 0.017 (0.020)	Loss 0.0111 (0.0135)	MAE 0.087 (0.064)
Test: [0/15]	Time 0.036 (0.036)	Loss 0.0048 (0.0048)	MAE 0.053 (0.053)
Test: [10/15]	Time 0.037 (0.040)	Loss 0.0071 (0.0145)	MAE 0.061 (0.062)
 * MAE 0.061
Epoch: [103][100/101]	Time 0.077 (0.094)	Data 0.017 (0.020)	Loss 0.0076 (0.0132)	MAE 0.058 (0.064)
Test: [0/15]	Time 0.040 (0.040)	Loss 0.0073 (0.0073)	MAE 0.066 (0.066)
Test: [10/15]	Time 0.043 (0.040)	Loss 0.0061 (0.0149)	MAE 0.059 (0.064)
 * MAE 0.063
Epoch: [104][100/101]	Time 0.064 (0.095)	Data 0.015 (0.019)	Loss 0.0037 (0.0130)	MAE 0.047 (0.063)
Test: [0/15]	Time 0.038 (0.038)	Loss 0.0044 (0.0044)	MAE 0.054 (0.054)
Test: [10/15]	Time 0.045 (0.041)	Loss 0.0124 (0.0147)	MAE 0.065 (0.062)
 * MAE 0.062
Epoch: [105][100/101]	Time 0.080 (0.096)	Data 0.019 (0.020)	Loss 0.0067 (0.0133)	MAE 0.068 (0.064)
Test: [0/15]	Time 0.038 (0.038)	Loss 0.0065 (0.0065)	MAE 0.060 (0.060)
Test: [10/15]	Time 0.043 (0.042)	Loss 0.0053 (0.0147)	MAE 0.054 (0.062)
 * MAE 0.061
Epoch: [106][100/101]	Time 0.066 (0.095)	Data 0.016 (0.020)	Loss 0.0060 (0.0130)	MAE 0.061 (0.063)
Test: [0/15]	Time 0.037 (0.037)	Loss 0.0083 (0.0083)	MAE 0.063 (0.063)
Test: [10/15]	Time 0.045 (0.041)	Loss 0.0111 (0.0073)	MAE 0.067 (0.059)
 * MAE 0.061
Epoch: [107][100/101]	Time 0.064 (0.094)	Data 0.015 (0.020)	Loss 0.0083 (0.0128)	MAE 0.076 (0.062)
Test: [0/15]	Time 0.041 (0.041)	Loss 0.0106 (0.0106)	MAE 0.069 (0.069)
Test: [10/15]	Time 0.040 (0.040)	Loss 0.0075 (0.0082)	MAE 0.068 (0.065)
 * MAE 0.065
Epoch: [108][100/101]	Time 0.066 (0.094)	Data 0.016 (0.020)	Loss 0.0064 (0.0130)	MAE 0.063 (0.063)
Test: [0/15]	Time 0.048 (0.048)	Loss 0.0053 (0.0053)	MAE 0.056 (0.056)
Test: [10/15]	Time 0.042 (0.042)	Loss 0.0078 (0.0069)	MAE 0.060 (0.059)
 * MAE 0.061
Epoch: [109][100/101]	Time 0.073 (0.095)	Data 0.017 (0.020)	Loss 0.0091 (0.0133)	MAE 0.058 (0.064)
Test: [0/15]	Time 0.035 (0.035)	Loss 0.0057 (0.0057)	MAE 0.055 (0.055)
Test: [10/15]	Time 0.035 (0.043)	Loss 0.0046 (0.0154)	MAE 0.054 (0.062)
 * MAE 0.062
Epoch: [110][100/101]	Time 0.070 (0.094)	Data 0.015 (0.020)	Loss 0.0064 (0.0128)	MAE 0.067 (0.062)
Test: [0/15]	Time 0.048 (0.048)	Loss 0.0088 (0.0088)	MAE 0.062 (0.062)
Test: [10/15]	Time 0.037 (0.044)	Loss 0.0052 (0.0151)	MAE 0.057 (0.063)
 * MAE 0.063
Epoch: [111][100/101]	Time 0.080 (0.094)	Data 0.016 (0.020)	Loss 0.0042 (0.0131)	MAE 0.057 (0.063)
Test: [0/15]	Time 0.040 (0.040)	Loss 0.0102 (0.0102)	MAE 0.063 (0.063)
Test: [10/15]	Time 0.040 (0.039)	Loss 0.0091 (0.0153)	MAE 0.062 (0.061)
 * MAE 0.061
Epoch: [112][100/101]	Time 0.067 (0.094)	Data 0.017 (0.020)	Loss 0.0046 (0.0131)	MAE 0.057 (0.064)
Test: [0/15]	Time 0.044 (0.044)	Loss 0.0071 (0.0071)	MAE 0.058 (0.058)
Test: [10/15]	Time 0.039 (0.041)	Loss 0.0063 (0.0159)	MAE 0.056 (0.063)
 * MAE 0.062
Epoch: [113][100/101]	Time 0.079 (0.093)	Data 0.018 (0.020)	Loss 0.0054 (0.0130)	MAE 0.061 (0.063)
Test: [0/15]	Time 0.036 (0.036)	Loss 0.0073 (0.0073)	MAE 0.065 (0.065)
Test: [10/15]	Time 0.043 (0.041)	Loss 0.0061 (0.0155)	MAE 0.058 (0.065)
 * MAE 0.063
Epoch: [114][100/101]	Time 0.080 (0.092)	Data 0.018 (0.017)	Loss 0.0085 (0.0130)	MAE 0.079 (0.064)
Test: [0/15]	Time 0.043 (0.043)	Loss 0.0094 (0.0094)	MAE 0.065 (0.065)
Test: [10/15]	Time 0.033 (0.066)	Loss 0.0951 (0.0150)	MAE 0.084 (0.061)
 * MAE 0.061
Epoch: [115][100/101]	Time 0.067 (0.092)	Data 0.016 (0.017)	Loss 0.0073 (0.0129)	MAE 0.075 (0.063)
Test: [0/15]	Time 0.039 (0.039)	Loss 0.0961 (0.0961)	MAE 0.088 (0.088)
Test: [10/15]	Time 0.039 (0.068)	Loss 0.0090 (0.0154)	MAE 0.064 (0.063)
 * MAE 0.062
Epoch: [116][100/101]	Time 0.081 (0.091)	Data 0.018 (0.017)	Loss 0.0082 (0.0129)	MAE 0.065 (0.063)
Test: [0/15]	Time 0.039 (0.039)	Loss 0.0074 (0.0074)	MAE 0.060 (0.060)
Test: [10/15]	Time 0.041 (0.063)	Loss 0.0053 (0.0070)	MAE 0.050 (0.059)
 * MAE 0.061
Epoch: [117][100/101]	Time 0.078 (0.092)	Data 0.018 (0.018)	Loss 0.0043 (0.0129)	MAE 0.054 (0.063)
Test: [0/15]	Time 0.041 (0.041)	Loss 0.0053 (0.0053)	MAE 0.054 (0.054)
Test: [10/15]	Time 0.034 (0.066)	Loss 0.0057 (0.0070)	MAE 0.059 (0.060)
 * MAE 0.062
Epoch: [118][100/101]	Time 0.079 (0.091)	Data 0.015 (0.017)	Loss 0.0887 (0.0129)	MAE 0.087 (0.063)
Test: [0/15]	Time 0.045 (0.045)	Loss 0.0071 (0.0071)	MAE 0.064 (0.064)
Test: [10/15]	Time 0.041 (0.064)	Loss 0.0063 (0.0150)	MAE 0.054 (0.060)
 * MAE 0.061
Epoch: [119][100/101]	Time 0.075 (0.091)	Data 0.017 (0.017)	Loss 0.0048 (0.0128)	MAE 0.057 (0.063)
Test: [0/15]	Time 0.037 (0.037)	Loss 0.0060 (0.0060)	MAE 0.059 (0.059)
Test: [10/15]	Time 0.042 (0.041)	Loss 0.0082 (0.0164)	MAE 0.064 (0.063)
 * MAE 0.062
Epoch: [120][100/101]	Time 0.076 (0.092)	Data 0.015 (0.017)	Loss 0.0062 (0.0130)	MAE 0.066 (0.064)
Test: [0/15]	Time 0.039 (0.039)	Loss 0.0086 (0.0086)	MAE 0.059 (0.059)
Test: [10/15]	Time 0.037 (0.040)	Loss 0.0078 (0.0074)	MAE 0.062 (0.060)
 * MAE 0.061
Epoch: [121][100/101]	Time 0.087 (0.095)	Data 0.022 (0.020)	Loss 0.0054 (0.0130)	MAE 0.057 (0.063)
Test: [0/15]	Time 0.044 (0.044)	Loss 0.0048 (0.0048)	MAE 0.057 (0.057)
Test: [10/15]	Time 0.036 (0.041)	Loss 0.0045 (0.0069)	MAE 0.055 (0.060)
 * MAE 0.063
Epoch: [122][100/101]	Time 0.073 (0.095)	Data 0.016 (0.020)	Loss 0.0041 (0.0132)	MAE 0.054 (0.065)
Test: [0/15]	Time 0.038 (0.038)	Loss 0.0077 (0.0077)	MAE 0.070 (0.070)
Test: [10/15]	Time 0.039 (0.040)	Loss 0.0072 (0.0166)	MAE 0.062 (0.070)
 * MAE 0.070
Epoch: [123][100/101]	Time 0.067 (0.094)	Data 0.014 (0.020)	Loss 0.0118 (0.0127)	MAE 0.070 (0.062)
Test: [0/15]	Time 0.046 (0.046)	Loss 0.0070 (0.0070)	MAE 0.060 (0.060)
Test: [10/15]	Time 0.044 (0.042)	Loss 0.0079 (0.0073)	MAE 0.063 (0.060)
 * MAE 0.062
Epoch: [124][100/101]	Time 0.062 (0.094)	Data 0.014 (0.020)	Loss 0.0059 (0.0126)	MAE 0.060 (0.061)
Test: [0/15]	Time 0.043 (0.043)	Loss 0.0070 (0.0070)	MAE 0.061 (0.061)
Test: [10/15]	Time 0.048 (0.040)	Loss 0.0067 (0.0160)	MAE 0.060 (0.063)
 * MAE 0.062
Epoch: [125][100/101]	Time 0.065 (0.093)	Data 0.014 (0.020)	Loss 0.0069 (0.0127)	MAE 0.069 (0.062)
Test: [0/15]	Time 0.043 (0.043)	Loss 0.0075 (0.0075)	MAE 0.065 (0.065)
Test: [10/15]	Time 0.037 (0.039)	Loss 0.0073 (0.0161)	MAE 0.064 (0.063)
 * MAE 0.062
Epoch: [126][100/101]	Time 0.073 (0.094)	Data 0.016 (0.020)	Loss 0.0049 (0.0130)	MAE 0.056 (0.063)
Test: [0/15]	Time 0.041 (0.041)	Loss 0.0068 (0.0068)	MAE 0.060 (0.060)
Test: [10/15]	Time 0.037 (0.041)	Loss 0.0040 (0.0155)	MAE 0.052 (0.062)
 * MAE 0.061
Epoch: [127][100/101]	Time 0.079 (0.096)	Data 0.018 (0.020)	Loss 0.0041 (0.0130)	MAE 0.053 (0.063)
Test: [0/15]	Time 0.036 (0.036)	Loss 0.0107 (0.0107)	MAE 0.065 (0.065)
Test: [10/15]	Time 0.039 (0.039)	Loss 0.0994 (0.0157)	MAE 0.083 (0.062)
 * MAE 0.061
Epoch: [128][100/101]	Time 0.061 (0.094)	Data 0.017 (0.020)	Loss 0.0052 (0.0129)	MAE 0.058 (0.063)
Test: [0/15]	Time 0.038 (0.038)	Loss 0.0084 (0.0084)	MAE 0.072 (0.072)
Test: [10/15]	Time 0.040 (0.040)	Loss 0.0083 (0.0155)	MAE 0.065 (0.067)
 * MAE 0.068
Epoch: [129][100/101]	Time 0.063 (0.094)	Data 0.016 (0.020)	Loss 0.0067 (0.0126)	MAE 0.073 (0.062)
Test: [0/15]	Time 0.042 (0.042)	Loss 0.0064 (0.0064)	MAE 0.060 (0.060)
Test: [10/15]	Time 0.044 (0.044)	Loss 0.0073 (0.0147)	MAE 0.064 (0.065)
 * MAE 0.065
Epoch: [130][100/101]	Time 0.071 (0.094)	Data 0.018 (0.020)	Loss 0.0123 (0.0126)	MAE 0.107 (0.061)
Test: [0/15]	Time 0.039 (0.039)	Loss 0.0108 (0.0108)	MAE 0.071 (0.071)
Test: [10/15]	Time 0.042 (0.041)	Loss 0.0066 (0.0163)	MAE 0.058 (0.063)
 * MAE 0.063
Epoch: [131][100/101]	Time 0.072 (0.094)	Data 0.019 (0.020)	Loss 0.0059 (0.0127)	MAE 0.057 (0.062)
Test: [0/15]	Time 0.035 (0.035)	Loss 0.0066 (0.0066)	MAE 0.059 (0.059)
Test: [10/15]	Time 0.040 (0.038)	Loss 0.0095 (0.0158)	MAE 0.066 (0.061)
 * MAE 0.061
Epoch: [132][100/101]	Time 0.091 (0.093)	Data 0.021 (0.020)	Loss 0.5713 (0.0124)	MAE 0.119 (0.061)
Test: [0/15]	Time 0.036 (0.036)	Loss 0.0094 (0.0094)	MAE 0.064 (0.064)
Test: [10/15]	Time 0.041 (0.039)	Loss 0.0043 (0.0069)	MAE 0.052 (0.058)
 * MAE 0.060
Epoch: [133][100/101]	Time 0.078 (0.094)	Data 0.021 (0.020)	Loss 0.0066 (0.0128)	MAE 0.064 (0.064)
Test: [0/15]	Time 0.047 (0.047)	Loss 0.0116 (0.0116)	MAE 0.066 (0.066)
Test: [10/15]	Time 0.042 (0.040)	Loss 0.0085 (0.0075)	MAE 0.065 (0.064)
 * MAE 0.065
Epoch: [134][100/101]	Time 0.072 (0.094)	Data 0.018 (0.020)	Loss 0.0051 (0.0128)	MAE 0.058 (0.062)
Test: [0/15]	Time 0.039 (0.039)	Loss 0.0066 (0.0066)	MAE 0.063 (0.063)
Test: [10/15]	Time 0.036 (0.039)	Loss 0.0087 (0.0071)	MAE 0.063 (0.063)
 * MAE 0.066
Epoch: [135][100/101]	Time 0.068 (0.095)	Data 0.018 (0.020)	Loss 0.0047 (0.0127)	MAE 0.052 (0.063)
Test: [0/15]	Time 0.040 (0.040)	Loss 0.0062 (0.0062)	MAE 0.058 (0.058)
Test: [10/15]	Time 0.037 (0.039)	Loss 0.0092 (0.0160)	MAE 0.062 (0.062)
 * MAE 0.062
Epoch: [136][100/101]	Time 0.081 (0.094)	Data 0.018 (0.020)	Loss 0.0063 (0.0126)	MAE 0.069 (0.061)
Test: [0/15]	Time 0.044 (0.044)	Loss 0.1048 (0.1048)	MAE 0.089 (0.089)
Test: [10/15]	Time 0.035 (0.039)	Loss 0.0074 (0.0163)	MAE 0.063 (0.067)
 * MAE 0.066
Epoch: [137][100/101]	Time 0.075 (0.094)	Data 0.017 (0.020)	Loss 0.0042 (0.0124)	MAE 0.055 (0.060)
Test: [0/15]	Time 0.037 (0.037)	Loss 0.0053 (0.0053)	MAE 0.056 (0.056)
Test: [10/15]	Time 0.038 (0.039)	Loss 0.0065 (0.0161)	MAE 0.063 (0.062)
 * MAE 0.061
Epoch: [138][100/101]	Time 0.080 (0.094)	Data 0.018 (0.020)	Loss 0.0049 (0.0125)	MAE 0.059 (0.061)
Test: [0/15]	Time 0.041 (0.041)	Loss 0.0058 (0.0058)	MAE 0.057 (0.057)
Test: [10/15]	Time 0.042 (0.040)	Loss 0.0106 (0.0161)	MAE 0.064 (0.063)
 * MAE 0.062
Epoch: [139][100/101]	Time 0.076 (0.094)	Data 0.019 (0.020)	Loss 0.0062 (0.0130)	MAE 0.068 (0.064)
Test: [0/15]	Time 0.038 (0.038)	Loss 0.0074 (0.0074)	MAE 0.063 (0.063)
Test: [10/15]	Time 0.043 (0.040)	Loss 0.1035 (0.0156)	MAE 0.092 (0.062)
 * MAE 0.062
Epoch: [140][100/101]	Time 0.077 (0.094)	Data 0.016 (0.020)	Loss 0.0089 (0.0127)	MAE 0.070 (0.062)
Test: [0/15]	Time 0.042 (0.042)	Loss 0.0074 (0.0074)	MAE 0.063 (0.063)
Test: [10/15]	Time 0.035 (0.039)	Loss 0.0063 (0.0074)	MAE 0.058 (0.062)
 * MAE 0.062
Epoch: [141][100/101]	Time 0.077 (0.094)	Data 0.018 (0.020)	Loss 0.0043 (0.0127)	MAE 0.056 (0.062)
Test: [0/15]	Time 0.041 (0.041)	Loss 0.0076 (0.0076)	MAE 0.059 (0.059)
Test: [10/15]	Time 0.037 (0.039)	Loss 0.0078 (0.0154)	MAE 0.059 (0.061)
 * MAE 0.061
Epoch: [142][100/101]	Time 0.069 (0.094)	Data 0.015 (0.020)	Loss 0.0089 (0.0128)	MAE 0.062 (0.063)
Test: [0/15]	Time 0.041 (0.041)	Loss 0.0075 (0.0075)	MAE 0.057 (0.057)
Test: [10/15]	Time 0.039 (0.040)	Loss 0.0081 (0.0158)	MAE 0.065 (0.062)
 * MAE 0.061
Epoch: [143][100/101]	Time 0.067 (0.093)	Data 0.015 (0.020)	Loss 0.0111 (0.0125)	MAE 0.061 (0.062)
Test: [0/15]	Time 0.045 (0.045)	Loss 0.0056 (0.0056)	MAE 0.059 (0.059)
Test: [10/15]	Time 0.041 (0.042)	Loss 0.0985 (0.0154)	MAE 0.091 (0.065)
 * MAE 0.065
Epoch: [144][100/101]	Time 0.080 (0.092)	Data 0.018 (0.018)	Loss 0.0047 (0.0124)	MAE 0.054 (0.060)
Test: [0/15]	Time 0.038 (0.038)	Loss 0.0086 (0.0086)	MAE 0.064 (0.064)
Test: [10/15]	Time 0.042 (0.064)	Loss 0.0048 (0.0156)	MAE 0.054 (0.062)
 * MAE 0.062
Epoch: [145][100/101]	Time 0.074 (0.092)	Data 0.016 (0.017)	Loss 0.0087 (0.0126)	MAE 0.069 (0.062)
Test: [0/15]	Time 0.041 (0.041)	Loss 0.0064 (0.0064)	MAE 0.057 (0.057)
Test: [10/15]	Time 0.049 (0.066)	Loss 0.0046 (0.0072)	MAE 0.056 (0.060)
 * MAE 0.062
Epoch: [146][100/101]	Time 0.071 (0.091)	Data 0.018 (0.017)	Loss 0.0067 (0.0125)	MAE 0.059 (0.061)
Test: [0/15]	Time 0.038 (0.038)	Loss 0.0077 (0.0077)	MAE 0.061 (0.061)
Test: [10/15]	Time 0.044 (0.039)	Loss 0.0061 (0.0079)	MAE 0.059 (0.063)
 * MAE 0.063
Epoch: [147][100/101]	Time 0.071 (0.091)	Data 0.017 (0.017)	Loss 0.0047 (0.0127)	MAE 0.057 (0.063)
Test: [0/15]	Time 0.047 (0.047)	Loss 0.0047 (0.0047)	MAE 0.053 (0.053)
Test: [10/15]	Time 0.040 (0.042)	Loss 0.0054 (0.0148)	MAE 0.056 (0.060)
 * MAE 0.060
Epoch: [148][100/101]	Time 0.075 (0.094)	Data 0.016 (0.020)	Loss 0.0069 (0.0126)	MAE 0.070 (0.061)
Test: [0/15]	Time 0.040 (0.040)	Loss 0.0062 (0.0062)	MAE 0.061 (0.061)
Test: [10/15]	Time 0.038 (0.041)	Loss 0.0088 (0.0072)	MAE 0.062 (0.060)
 * MAE 0.061
Epoch: [149][100/101]	Time 0.072 (0.094)	Data 0.017 (0.020)	Loss 0.0057 (0.0126)	MAE 0.063 (0.062)
Test: [0/15]	Time 0.046 (0.046)	Loss 0.0062 (0.0062)	MAE 0.057 (0.057)
Test: [10/15]	Time 0.047 (0.044)	Loss 0.0058 (0.0073)	MAE 0.056 (0.061)
 * MAE 0.062
Epoch: [150][100/101]	Time 0.075 (0.093)	Data 0.015 (0.019)	Loss 0.0066 (0.0123)	MAE 0.069 (0.061)
Test: [0/15]	Time 0.044 (0.044)	Loss 0.0059 (0.0059)	MAE 0.055 (0.055)
Test: [10/15]	Time 0.035 (0.042)	Loss 0.0071 (0.0155)	MAE 0.060 (0.062)
 * MAE 0.061
Epoch: [151][100/101]	Time 0.068 (0.094)	Data 0.017 (0.020)	Loss 0.0044 (0.0121)	MAE 0.057 (0.059)
Test: [0/15]	Time 0.038 (0.038)	Loss 0.0063 (0.0063)	MAE 0.057 (0.057)
Test: [10/15]	Time 0.035 (0.042)	Loss 0.0983 (0.0160)	MAE 0.078 (0.062)
 * MAE 0.061
Epoch: [152][100/101]	Time 0.066 (0.093)	Data 0.016 (0.019)	Loss 0.0040 (0.0123)	MAE 0.056 (0.060)
Test: [0/15]	Time 0.043 (0.043)	Loss 0.0077 (0.0077)	MAE 0.056 (0.056)
Test: [10/15]	Time 0.045 (0.043)	Loss 0.0052 (0.0073)	MAE 0.055 (0.059)
 * MAE 0.061
Epoch: [153][100/101]	Time 0.071 (0.095)	Data 0.019 (0.020)	Loss 0.0052 (0.0124)	MAE 0.058 (0.061)
Test: [0/15]	Time 0.039 (0.039)	Loss 0.0074 (0.0074)	MAE 0.066 (0.066)
Test: [10/15]	Time 0.043 (0.041)	Loss 0.0060 (0.0073)	MAE 0.059 (0.062)
 * MAE 0.063
Epoch: [154][100/101]	Time 0.067 (0.096)	Data 0.015 (0.020)	Loss 0.0057 (0.0126)	MAE 0.060 (0.063)
Test: [0/15]	Time 0.037 (0.037)	Loss 0.0080 (0.0080)	MAE 0.063 (0.063)
Test: [10/15]	Time 0.041 (0.041)	Loss 0.0105 (0.0149)	MAE 0.065 (0.060)
 * MAE 0.060
Epoch: [155][100/101]	Time 0.071 (0.094)	Data 0.018 (0.020)	Loss 0.0061 (0.0125)	MAE 0.061 (0.062)
Test: [0/15]	Time 0.042 (0.042)	Loss 0.0098 (0.0098)	MAE 0.070 (0.070)
Test: [10/15]	Time 0.047 (0.040)	Loss 0.0050 (0.0150)	MAE 0.055 (0.061)
 * MAE 0.061
Epoch: [156][100/101]	Time 0.077 (0.095)	Data 0.018 (0.020)	Loss 0.0049 (0.0124)	MAE 0.053 (0.061)
Test: [0/15]	Time 0.040 (0.040)	Loss 0.0070 (0.0070)	MAE 0.060 (0.060)
Test: [10/15]	Time 0.035 (0.038)	Loss 0.0104 (0.0158)	MAE 0.062 (0.063)
 * MAE 0.061
Epoch: [157][100/101]	Time 0.081 (0.094)	Data 0.018 (0.020)	Loss 0.0040 (0.0124)	MAE 0.054 (0.061)
Test: [0/15]	Time 0.038 (0.038)	Loss 0.0065 (0.0065)	MAE 0.058 (0.058)
Test: [10/15]	Time 0.047 (0.039)	Loss 0.0080 (0.0152)	MAE 0.060 (0.062)
 * MAE 0.061
Epoch: [158][100/101]	Time 0.062 (0.094)	Data 0.017 (0.020)	Loss 0.0060 (0.0121)	MAE 0.056 (0.060)
Test: [0/15]	Time 0.040 (0.040)	Loss 0.0070 (0.0070)	MAE 0.065 (0.065)
Test: [10/15]	Time 0.037 (0.038)	Loss 0.0059 (0.0159)	MAE 0.060 (0.067)
 * MAE 0.066
Epoch: [159][100/101]	Time 0.071 (0.094)	Data 0.017 (0.020)	Loss 0.0063 (0.0122)	MAE 0.060 (0.060)
Test: [0/15]	Time 0.045 (0.045)	Loss 0.0081 (0.0081)	MAE 0.060 (0.060)
Test: [10/15]	Time 0.038 (0.039)	Loss 0.0053 (0.0145)	MAE 0.056 (0.061)
 * MAE 0.062
Epoch: [160][100/101]	Time 0.065 (0.095)	Data 0.016 (0.020)	Loss 0.0059 (0.0124)	MAE 0.061 (0.061)
Test: [0/15]	Time 0.034 (0.034)	Loss 0.0052 (0.0052)	MAE 0.057 (0.057)
Test: [10/15]	Time 0.057 (0.043)	Loss 0.0063 (0.0070)	MAE 0.057 (0.059)
 * MAE 0.061
Epoch: [161][100/101]	Time 0.080 (0.094)	Data 0.016 (0.020)	Loss 0.0067 (0.0124)	MAE 0.068 (0.061)
Test: [0/15]	Time 0.036 (0.036)	Loss 0.0933 (0.0933)	MAE 0.088 (0.088)
Test: [10/15]	Time 0.038 (0.041)	Loss 0.0074 (0.0155)	MAE 0.066 (0.065)
 * MAE 0.065
Epoch: [162][100/101]	Time 0.072 (0.096)	Data 0.018 (0.020)	Loss 0.0101 (0.0122)	MAE 0.065 (0.060)
Test: [0/15]	Time 0.036 (0.036)	Loss 0.0091 (0.0091)	MAE 0.066 (0.066)
Test: [10/15]	Time 0.035 (0.040)	Loss 0.0066 (0.0153)	MAE 0.063 (0.064)
 * MAE 0.063
Epoch: [163][100/101]	Time 0.083 (0.095)	Data 0.015 (0.020)	Loss 0.0088 (0.0122)	MAE 0.077 (0.060)
Test: [0/15]	Time 0.040 (0.040)	Loss 0.0057 (0.0057)	MAE 0.053 (0.053)
Test: [10/15]	Time 0.045 (0.041)	Loss 0.0082 (0.0147)	MAE 0.056 (0.061)
 * MAE 0.061
Epoch: [164][100/101]	Time 0.078 (0.094)	Data 0.019 (0.020)	Loss 0.0069 (0.0123)	MAE 0.070 (0.061)
Test: [0/15]	Time 0.042 (0.042)	Loss 0.0054 (0.0054)	MAE 0.055 (0.055)
Test: [10/15]	Time 0.041 (0.039)	Loss 0.0056 (0.0156)	MAE 0.055 (0.061)
 * MAE 0.061
Epoch: [165][100/101]	Time 0.066 (0.095)	Data 0.018 (0.020)	Loss 0.0052 (0.0124)	MAE 0.063 (0.061)
Test: [0/15]	Time 0.042 (0.042)	Loss 0.0053 (0.0053)	MAE 0.057 (0.057)
Test: [10/15]	Time 0.049 (0.042)	Loss 0.0044 (0.0153)	MAE 0.051 (0.063)
 * MAE 0.064
Epoch: [166][100/101]	Time 0.076 (0.094)	Data 0.018 (0.020)	Loss 0.0038 (0.0123)	MAE 0.053 (0.061)
Test: [0/15]	Time 0.041 (0.041)	Loss 0.0061 (0.0061)	MAE 0.059 (0.059)
Test: [10/15]	Time 0.050 (0.042)	Loss 0.0078 (0.0159)	MAE 0.062 (0.064)
 * MAE 0.062
Epoch: [167][100/101]	Time 0.077 (0.095)	Data 0.019 (0.020)	Loss 0.0049 (0.0123)	MAE 0.057 (0.060)
Test: [0/15]	Time 0.043 (0.043)	Loss 0.0059 (0.0059)	MAE 0.058 (0.058)
Test: [10/15]	Time 0.045 (0.040)	Loss 0.0089 (0.0076)	MAE 0.066 (0.062)
 * MAE 0.063
Epoch: [168][100/101]	Time 0.073 (0.092)	Data 0.016 (0.017)	Loss 0.0087 (0.0123)	MAE 0.059 (0.061)
Test: [0/15]	Time 0.040 (0.040)	Loss 0.0099 (0.0099)	MAE 0.065 (0.065)
Test: [10/15]	Time 0.038 (0.064)	Loss 0.0065 (0.0157)	MAE 0.063 (0.066)
 * MAE 0.066
Epoch: [169][100/101]	Time 0.071 (0.091)	Data 0.014 (0.018)	Loss 0.0057 (0.0121)	MAE 0.063 (0.060)
Test: [0/15]	Time 0.045 (0.045)	Loss 0.0047 (0.0047)	MAE 0.054 (0.054)
Test: [10/15]	Time 0.040 (0.066)	Loss 0.0066 (0.0070)	MAE 0.063 (0.060)
 * MAE 0.062
Epoch: [170][100/101]	Time 0.076 (0.093)	Data 0.015 (0.018)	Loss 0.0039 (0.0122)	MAE 0.052 (0.060)
Test: [0/15]	Time 0.293 (0.293)	Loss 0.0069 (0.0069)	MAE 0.058 (0.058)
Test: [10/15]	Time 0.042 (0.063)	Loss 0.0065 (0.0075)	MAE 0.060 (0.060)
 * MAE 0.061
Epoch: [171][100/101]	Time 0.072 (0.092)	Data 0.015 (0.017)	Loss 0.0055 (0.0123)	MAE 0.059 (0.061)
Test: [0/15]	Time 0.036 (0.036)	Loss 0.0071 (0.0071)	MAE 0.062 (0.062)
Test: [10/15]	Time 0.037 (0.063)	Loss 0.0092 (0.0149)	MAE 0.069 (0.061)
 * MAE 0.061
Epoch: [172][100/101]	Time 0.074 (0.092)	Data 0.018 (0.017)	Loss 0.0041 (0.0120)	MAE 0.053 (0.059)
Test: [0/15]	Time 0.044 (0.044)	Loss 0.0045 (0.0045)	MAE 0.054 (0.054)
Test: [10/15]	Time 0.313 (0.068)	Loss 0.0925 (0.0147)	MAE 0.076 (0.061)
 * MAE 0.061
Epoch: [173][100/101]	Time 0.063 (0.093)	Data 0.016 (0.017)	Loss 0.0045 (0.0123)	MAE 0.057 (0.061)
Test: [0/15]	Time 0.039 (0.039)	Loss 0.0089 (0.0089)	MAE 0.064 (0.064)
Test: [10/15]	Time 0.035 (0.042)	Loss 0.0069 (0.0078)	MAE 0.062 (0.062)
 * MAE 0.063
Epoch: [174][100/101]	Time 0.071 (0.095)	Data 0.015 (0.020)	Loss 0.0052 (0.0122)	MAE 0.056 (0.060)
Test: [0/15]	Time 0.045 (0.045)	Loss 0.0064 (0.0064)	MAE 0.063 (0.063)
Test: [10/15]	Time 0.039 (0.042)	Loss 0.0044 (0.0068)	MAE 0.051 (0.059)
 * MAE 0.061
Epoch: [175][100/101]	Time 0.086 (0.095)	Data 0.016 (0.020)	Loss 0.0053 (0.0127)	MAE 0.056 (0.064)
Test: [0/15]	Time 0.048 (0.048)	Loss 0.0068 (0.0068)	MAE 0.061 (0.061)
Test: [10/15]	Time 0.042 (0.042)	Loss 0.0072 (0.0156)	MAE 0.060 (0.063)
 * MAE 0.063
Epoch: [176][100/101]	Time 0.071 (0.095)	Data 0.015 (0.020)	Loss 0.0055 (0.0122)	MAE 0.063 (0.060)
Test: [0/15]	Time 0.037 (0.037)	Loss 0.0069 (0.0069)	MAE 0.060 (0.060)
Test: [10/15]	Time 0.043 (0.040)	Loss 0.0060 (0.0151)	MAE 0.056 (0.061)
 * MAE 0.061
Epoch: [177][100/101]	Time 0.071 (0.095)	Data 0.017 (0.020)	Loss 0.0062 (0.0117)	MAE 0.058 (0.057)
Test: [0/15]	Time 0.040 (0.040)	Loss 0.0044 (0.0044)	MAE 0.052 (0.052)
Test: [10/15]	Time 0.042 (0.042)	Loss 0.0065 (0.0074)	MAE 0.057 (0.059)
 * MAE 0.060
Epoch: [178][100/101]	Time 0.074 (0.095)	Data 0.018 (0.020)	Loss 0.0057 (0.0122)	MAE 0.067 (0.061)
Test: [0/15]	Time 0.037 (0.037)	Loss 0.0070 (0.0070)	MAE 0.060 (0.060)
Test: [10/15]	Time 0.044 (0.040)	Loss 0.0081 (0.0070)	MAE 0.059 (0.058)
 * MAE 0.060
Epoch: [179][100/101]	Time 0.065 (0.094)	Data 0.019 (0.020)	Loss 0.0043 (0.0123)	MAE 0.058 (0.061)
Test: [0/15]	Time 0.041 (0.041)	Loss 0.0093 (0.0093)	MAE 0.063 (0.063)
Test: [10/15]	Time 0.041 (0.040)	Loss 0.0085 (0.0076)	MAE 0.066 (0.061)
 * MAE 0.061
Epoch: [180][100/101]	Time 0.074 (0.094)	Data 0.015 (0.020)	Loss 0.0064 (0.0122)	MAE 0.061 (0.060)
Test: [0/15]	Time 0.041 (0.041)	Loss 0.0056 (0.0056)	MAE 0.052 (0.052)
Test: [10/15]	Time 0.037 (0.040)	Loss 0.0063 (0.0077)	MAE 0.063 (0.063)
 * MAE 0.064
Epoch: [181][100/101]	Time 0.066 (0.095)	Data 0.017 (0.020)	Loss 0.0080 (0.0122)	MAE 0.076 (0.060)
Test: [0/15]	Time 0.044 (0.044)	Loss 0.0088 (0.0088)	MAE 0.069 (0.069)
Test: [10/15]	Time 0.043 (0.040)	Loss 0.0068 (0.0158)	MAE 0.063 (0.066)
 * MAE 0.064
Epoch: [182][100/101]	Time 0.075 (0.094)	Data 0.018 (0.020)	Loss 0.0087 (0.0122)	MAE 0.058 (0.060)
Test: [0/15]	Time 0.046 (0.046)	Loss 0.1005 (0.1005)	MAE 0.086 (0.086)
Test: [10/15]	Time 0.037 (0.041)	Loss 0.0066 (0.0152)	MAE 0.059 (0.061)
 * MAE 0.061
Epoch: [183][100/101]	Time 0.067 (0.094)	Data 0.014 (0.020)	Loss 0.0039 (0.0120)	MAE 0.049 (0.059)
Test: [0/15]	Time 0.040 (0.040)	Loss 0.0115 (0.0115)	MAE 0.072 (0.072)
Test: [10/15]	Time 0.053 (0.041)	Loss 0.0077 (0.0179)	MAE 0.065 (0.070)
 * MAE 0.069
Epoch: [184][100/101]	Time 0.076 (0.094)	Data 0.016 (0.020)	Loss 0.0052 (0.0121)	MAE 0.055 (0.060)
Test: [0/15]	Time 0.043 (0.043)	Loss 0.0076 (0.0076)	MAE 0.059 (0.059)
Test: [10/15]	Time 0.039 (0.041)	Loss 0.0059 (0.0150)	MAE 0.056 (0.062)
 * MAE 0.062
Epoch: [185][100/101]	Time 0.075 (0.095)	Data 0.018 (0.020)	Loss 0.0062 (0.0124)	MAE 0.064 (0.062)
Test: [0/15]	Time 0.043 (0.043)	Loss 0.0093 (0.0093)	MAE 0.070 (0.070)
Test: [10/15]	Time 0.042 (0.041)	Loss 0.0064 (0.0160)	MAE 0.065 (0.069)
 * MAE 0.068
Epoch: [186][100/101]	Time 0.072 (0.095)	Data 0.017 (0.020)	Loss 0.0044 (0.0122)	MAE 0.056 (0.061)
Test: [0/15]	Time 0.046 (0.046)	Loss 0.0086 (0.0086)	MAE 0.065 (0.065)
Test: [10/15]	Time 0.040 (0.041)	Loss 0.0070 (0.0159)	MAE 0.059 (0.063)
 * MAE 0.062
Epoch: [187][100/101]	Time 0.063 (0.094)	Data 0.014 (0.020)	Loss 0.0042 (0.0123)	MAE 0.054 (0.062)
Test: [0/15]	Time 0.047 (0.047)	Loss 0.0080 (0.0080)	MAE 0.064 (0.064)
Test: [10/15]	Time 0.042 (0.041)	Loss 0.0069 (0.0160)	MAE 0.063 (0.064)
 * MAE 0.062
Epoch: [188][100/101]	Time 0.069 (0.094)	Data 0.019 (0.020)	Loss 0.0041 (0.0118)	MAE 0.053 (0.059)
Test: [0/15]	Time 0.046 (0.046)	Loss 0.0073 (0.0073)	MAE 0.054 (0.054)
Test: [10/15]	Time 0.042 (0.040)	Loss 0.0062 (0.0153)	MAE 0.057 (0.062)
 * MAE 0.062
Epoch: [189][100/101]	Time 0.071 (0.095)	Data 0.018 (0.020)	Loss 0.0067 (0.0124)	MAE 0.067 (0.061)
Test: [0/15]	Time 0.037 (0.037)	Loss 0.0070 (0.0070)	MAE 0.060 (0.060)
Test: [10/15]	Time 0.041 (0.041)	Loss 0.0070 (0.0159)	MAE 0.057 (0.062)
 * MAE 0.063
Epoch: [190][100/101]	Time 0.081 (0.094)	Data 0.016 (0.020)	Loss 0.0081 (0.0118)	MAE 0.080 (0.059)
Test: [0/15]	Time 0.040 (0.040)	Loss 0.0087 (0.0087)	MAE 0.066 (0.066)
Test: [10/15]	Time 0.036 (0.039)	Loss 0.0055 (0.0162)	MAE 0.058 (0.063)
 * MAE 0.063
Epoch: [191][100/101]	Time 0.069 (0.094)	Data 0.014 (0.019)	Loss 0.0044 (0.0122)	MAE 0.052 (0.060)
Test: [0/15]	Time 0.045 (0.045)	Loss 0.0091 (0.0091)	MAE 0.065 (0.065)
Test: [10/15]	Time 0.040 (0.041)	Loss 0.0075 (0.0076)	MAE 0.061 (0.063)
 * MAE 0.065
Epoch: [192][100/101]	Time 0.074 (0.095)	Data 0.017 (0.020)	Loss 0.0058 (0.0120)	MAE 0.061 (0.060)
Test: [0/15]	Time 0.039 (0.039)	Loss 0.0059 (0.0059)	MAE 0.058 (0.058)
Test: [10/15]	Time 0.043 (0.041)	Loss 0.0057 (0.0157)	MAE 0.054 (0.061)
 * MAE 0.061
Epoch: [193][100/101]	Time 0.078 (0.092)	Data 0.016 (0.017)	Loss 0.0034 (0.0120)	MAE 0.051 (0.060)
Test: [0/15]	Time 0.041 (0.041)	Loss 0.0101 (0.0101)	MAE 0.068 (0.068)
Test: [10/15]	Time 0.035 (0.064)	Loss 0.0064 (0.0156)	MAE 0.056 (0.061)
 * MAE 0.061
Epoch: [194][100/101]	Time 0.078 (0.092)	Data 0.018 (0.017)	Loss 0.0082 (0.0122)	MAE 0.084 (0.062)
Test: [0/15]	Time 0.038 (0.038)	Loss 0.0102 (0.0102)	MAE 0.075 (0.075)
Test: [10/15]	Time 0.037 (0.064)	Loss 0.0067 (0.0163)	MAE 0.068 (0.074)
 * MAE 0.073
Epoch: [195][100/101]	Time 0.075 (0.092)	Data 0.015 (0.017)	Loss 0.0049 (0.0122)	MAE 0.057 (0.061)
Test: [0/15]	Time 0.290 (0.290)	Loss 0.0079 (0.0079)	MAE 0.066 (0.066)
Test: [10/15]	Time 0.039 (0.062)	Loss 0.0061 (0.0077)	MAE 0.058 (0.061)
 * MAE 0.062
Epoch: [196][100/101]	Time 0.078 (0.091)	Data 0.019 (0.017)	Loss 0.0049 (0.0119)	MAE 0.061 (0.059)
Test: [0/15]	Time 0.038 (0.038)	Loss 0.0070 (0.0070)	MAE 0.059 (0.059)
Test: [10/15]	Time 0.044 (0.065)	Loss 0.0958 (0.0152)	MAE 0.073 (0.061)
 * MAE 0.061
Epoch: [197][100/101]	Time 0.070 (0.092)	Data 0.018 (0.017)	Loss 0.0038 (0.0124)	MAE 0.053 (0.062)
Test: [0/15]	Time 0.046 (0.046)	Loss 0.0065 (0.0065)	MAE 0.057 (0.057)
Test: [10/15]	Time 0.040 (0.065)	Loss 0.0094 (0.0160)	MAE 0.068 (0.063)
 * MAE 0.062
Epoch: [198][100/101]	Time 0.078 (0.092)	Data 0.017 (0.018)	Loss 0.0091 (0.0120)	MAE 0.086 (0.060)
Test: [0/15]	Time 0.042 (0.042)	Loss 0.0102 (0.0102)	MAE 0.070 (0.070)
Test: [10/15]	Time 0.035 (0.064)	Loss 0.0072 (0.0158)	MAE 0.061 (0.062)
 * MAE 0.062
Epoch: [199][100/101]	Time 0.082 (0.092)	Data 0.018 (0.017)	Loss 0.0083 (0.0119)	MAE 0.075 (0.059)
Test: [0/15]	Time 0.041 (0.041)	Loss 0.0095 (0.0095)	MAE 0.060 (0.060)
Test: [10/15]	Time 0.043 (0.041)	Loss 0.0058 (0.0071)	MAE 0.056 (0.060)
 * MAE 0.061
---------Evaluate Model on Test Set---------------
Test: [0/29]	Time 4.888 (4.888)	Loss 0.0110 (0.0110)	MAE 0.068 (0.068)
Test: [10/29]	Time 4.329 (4.236)	Loss 0.0077 (0.0076)	MAE 0.058 (0.060)
Test: [20/29]	Time 3.920 (4.227)	Loss 0.0059 (0.0077)	MAE 0.056 (0.059)
 ** MAE 0.059
