Epoch: [0][100/108]	Time 4.174 (4.081)	Data 4.102 (4.000)	Loss 0.0564 (0.2072)	MAE 0.187 (0.333)
Test: [0/15]	Time 3.573 (3.573)	Loss 0.2402 (0.2402)	MAE 0.447 (0.447)
Test: [10/15]	Time 4.150 (4.074)	Loss 0.2136 (0.2341)	MAE 0.406 (0.431)
 * MAE 0.433
Epoch: [1][100/108]	Time 0.080 (0.097)	Data 0.017 (0.022)	Loss 0.0544 (0.0725)	MAE 0.189 (0.206)
Test: [0/15]	Time 0.044 (0.044)	Loss 0.0429 (0.0429)	MAE 0.176 (0.176)
Test: [10/15]	Time 0.042 (0.043)	Loss 0.1301 (0.0641)	MAE 0.212 (0.200)
 * MAE 0.200
Epoch: [2][100/108]	Time 0.107 (0.096)	Data 0.021 (0.021)	Loss 0.0370 (0.0571)	MAE 0.175 (0.178)
Test: [0/15]	Time 0.042 (0.042)	Loss 0.1398 (0.1398)	MAE 0.334 (0.334)
Test: [10/15]	Time 0.045 (0.042)	Loss 0.1295 (0.1232)	MAE 0.324 (0.315)
 * MAE 0.317
Epoch: [3][100/108]	Time 0.091 (0.096)	Data 0.016 (0.021)	Loss 0.0494 (0.0548)	MAE 0.196 (0.175)
Test: [0/15]	Time 0.043 (0.043)	Loss 0.0289 (0.0289)	MAE 0.146 (0.146)
Test: [10/15]	Time 0.036 (0.040)	Loss 0.0440 (0.0456)	MAE 0.171 (0.161)
 * MAE 0.162
Epoch: [4][100/108]	Time 0.103 (0.095)	Data 0.023 (0.021)	Loss 0.0284 (0.0466)	MAE 0.140 (0.163)
Test: [0/15]	Time 0.046 (0.046)	Loss 0.0596 (0.0596)	MAE 0.224 (0.224)
Test: [10/15]	Time 0.042 (0.041)	Loss 0.0646 (0.0669)	MAE 0.239 (0.233)
 * MAE 0.235
Epoch: [5][100/108]	Time 0.092 (0.096)	Data 0.021 (0.022)	Loss 0.0360 (0.0440)	MAE 0.152 (0.155)
Test: [0/15]	Time 0.041 (0.041)	Loss 0.0371 (0.0371)	MAE 0.163 (0.163)
Test: [10/15]	Time 0.043 (0.042)	Loss 0.0416 (0.0442)	MAE 0.172 (0.166)
 * MAE 0.166
Epoch: [6][100/108]	Time 0.095 (0.096)	Data 0.015 (0.022)	Loss 0.0405 (0.0419)	MAE 0.155 (0.152)
Test: [0/15]	Time 0.042 (0.042)	Loss 0.0978 (0.0978)	MAE 0.172 (0.172)
Test: [10/15]	Time 0.037 (0.041)	Loss 0.0385 (0.0477)	MAE 0.158 (0.165)
 * MAE 0.164
Epoch: [7][100/108]	Time 0.090 (0.095)	Data 0.014 (0.021)	Loss 0.0374 (0.0426)	MAE 0.160 (0.153)
Test: [0/15]	Time 0.042 (0.042)	Loss 0.0189 (0.0189)	MAE 0.109 (0.109)
Test: [10/15]	Time 0.045 (0.041)	Loss 0.0238 (0.0317)	MAE 0.115 (0.120)
 * MAE 0.118
Epoch: [8][100/108]	Time 0.090 (0.095)	Data 0.020 (0.021)	Loss 0.0118 (0.0420)	MAE 0.095 (0.152)
Test: [0/15]	Time 0.047 (0.047)	Loss 0.0234 (0.0234)	MAE 0.115 (0.115)
Test: [10/15]	Time 0.040 (0.042)	Loss 0.0325 (0.0328)	MAE 0.133 (0.125)
 * MAE 0.124
Epoch: [9][100/108]	Time 0.092 (0.092)	Data 0.019 (0.018)	Loss 0.0275 (0.0373)	MAE 0.119 (0.139)
Test: [0/15]	Time 0.046 (0.046)	Loss 0.0202 (0.0202)	MAE 0.119 (0.119)
Test: [10/15]	Time 0.041 (0.044)	Loss 0.0207 (0.0283)	MAE 0.115 (0.121)
 * MAE 0.120
Epoch: [10][100/108]	Time 0.371 (0.095)	Data 0.293 (0.021)	Loss 0.0287 (0.0361)	MAE 0.144 (0.138)
Test: [0/15]	Time 0.040 (0.040)	Loss 0.0780 (0.0780)	MAE 0.267 (0.267)
Test: [10/15]	Time 0.041 (0.042)	Loss 0.0809 (0.0724)	MAE 0.285 (0.263)
 * MAE 0.265
Epoch: [11][100/108]	Time 0.086 (0.092)	Data 0.021 (0.019)	Loss 0.0304 (0.0385)	MAE 0.149 (0.146)
Test: [0/15]	Time 0.041 (0.041)	Loss 0.0232 (0.0232)	MAE 0.121 (0.121)
Test: [10/15]	Time 0.044 (0.041)	Loss 0.0174 (0.0211)	MAE 0.112 (0.116)
 * MAE 0.119
Epoch: [12][100/108]	Time 0.096 (0.093)	Data 0.017 (0.018)	Loss 0.0512 (0.0350)	MAE 0.192 (0.135)
Test: [0/15]	Time 0.043 (0.043)	Loss 0.0240 (0.0240)	MAE 0.115 (0.115)
Test: [10/15]	Time 0.047 (0.071)	Loss 0.0152 (0.0281)	MAE 0.103 (0.116)
 * MAE 0.116
Epoch: [13][100/108]	Time 0.088 (0.093)	Data 0.020 (0.019)	Loss 0.1758 (0.0339)	MAE 0.121 (0.134)
Test: [0/15]	Time 0.040 (0.040)	Loss 0.0711 (0.0711)	MAE 0.248 (0.248)
Test: [10/15]	Time 0.038 (0.040)	Loss 0.0611 (0.0728)	MAE 0.238 (0.245)
 * MAE 0.245
Epoch: [14][100/108]	Time 0.109 (0.094)	Data 0.021 (0.019)	Loss 0.0428 (0.0294)	MAE 0.123 (0.121)
Test: [0/15]	Time 0.048 (0.048)	Loss 0.1359 (0.1359)	MAE 0.347 (0.347)
Test: [10/15]	Time 0.040 (0.044)	Loss 0.1324 (0.1435)	MAE 0.335 (0.347)
 * MAE 0.346
Epoch: [15][100/108]	Time 0.082 (0.093)	Data 0.018 (0.019)	Loss 0.0312 (0.0336)	MAE 0.165 (0.144)
Test: [0/15]	Time 0.037 (0.037)	Loss 0.0222 (0.0222)	MAE 0.118 (0.118)
Test: [10/15]	Time 0.038 (0.042)	Loss 0.0226 (0.0274)	MAE 0.117 (0.113)
 * MAE 0.112
Epoch: [16][100/108]	Time 0.079 (0.092)	Data 0.016 (0.018)	Loss 0.0191 (0.0304)	MAE 0.108 (0.124)
Test: [0/15]	Time 0.046 (0.046)	Loss 0.0219 (0.0219)	MAE 0.123 (0.123)
Test: [10/15]	Time 0.032 (0.043)	Loss 0.0363 (0.0366)	MAE 0.149 (0.141)
 * MAE 0.141
Epoch: [17][100/108]	Time 0.097 (0.093)	Data 0.019 (0.018)	Loss 0.0262 (0.0288)	MAE 0.123 (0.118)
Test: [0/15]	Time 0.040 (0.040)	Loss 0.0245 (0.0245)	MAE 0.124 (0.124)
Test: [10/15]	Time 0.041 (0.039)	Loss 0.1172 (0.0340)	MAE 0.167 (0.135)
 * MAE 0.137
Epoch: [18][100/108]	Time 0.100 (0.094)	Data 0.019 (0.019)	Loss 0.0211 (0.0313)	MAE 0.119 (0.126)
Test: [0/15]	Time 0.040 (0.040)	Loss 0.0292 (0.0292)	MAE 0.142 (0.142)
Test: [10/15]	Time 0.046 (0.043)	Loss 0.0369 (0.0408)	MAE 0.156 (0.149)
 * MAE 0.148
Epoch: [19][100/108]	Time 0.100 (0.094)	Data 0.023 (0.019)	Loss 0.0508 (0.0306)	MAE 0.173 (0.125)
Test: [0/15]	Time 0.044 (0.044)	Loss 0.0176 (0.0176)	MAE 0.100 (0.100)
Test: [10/15]	Time 0.044 (0.043)	Loss 0.0203 (0.0227)	MAE 0.106 (0.100)
 * MAE 0.099
Epoch: [20][100/108]	Time 0.107 (0.093)	Data 0.020 (0.019)	Loss 0.0269 (0.0284)	MAE 0.153 (0.125)
Test: [0/15]	Time 0.049 (0.049)	Loss 0.0199 (0.0199)	MAE 0.115 (0.115)
Test: [10/15]	Time 0.047 (0.045)	Loss 0.0190 (0.0222)	MAE 0.119 (0.122)
 * MAE 0.126
Epoch: [21][100/108]	Time 0.113 (0.093)	Data 0.025 (0.019)	Loss 0.0207 (0.0301)	MAE 0.105 (0.123)
Test: [0/15]	Time 0.044 (0.044)	Loss 0.0314 (0.0314)	MAE 0.123 (0.123)
Test: [10/15]	Time 0.051 (0.042)	Loss 0.0148 (0.0220)	MAE 0.096 (0.111)
 * MAE 0.113
Epoch: [22][100/108]	Time 0.093 (0.092)	Data 0.019 (0.018)	Loss 0.0098 (0.0283)	MAE 0.079 (0.117)
Test: [0/15]	Time 0.045 (0.045)	Loss 0.0196 (0.0196)	MAE 0.116 (0.116)
Test: [10/15]	Time 0.044 (0.043)	Loss 0.0128 (0.0165)	MAE 0.092 (0.102)
 * MAE 0.104
Epoch: [23][100/108]	Time 0.099 (0.093)	Data 0.019 (0.018)	Loss 0.0236 (0.0256)	MAE 0.144 (0.110)
Test: [0/15]	Time 0.047 (0.047)	Loss 0.0512 (0.0512)	MAE 0.201 (0.201)
Test: [10/15]	Time 0.041 (0.043)	Loss 0.1273 (0.0596)	MAE 0.217 (0.207)
 * MAE 0.208
Epoch: [24][100/108]	Time 0.104 (0.093)	Data 0.022 (0.019)	Loss 0.0148 (0.0217)	MAE 0.090 (0.111)
Test: [0/15]	Time 0.036 (0.036)	Loss 0.0164 (0.0164)	MAE 0.106 (0.106)
Test: [10/15]	Time 0.039 (0.043)	Loss 0.0152 (0.0237)	MAE 0.098 (0.105)
 * MAE 0.106
Epoch: [25][100/108]	Time 0.087 (0.094)	Data 0.018 (0.019)	Loss 0.0220 (0.0275)	MAE 0.113 (0.117)
Test: [0/15]	Time 0.047 (0.047)	Loss 0.0117 (0.0117)	MAE 0.080 (0.080)
Test: [10/15]	Time 0.053 (0.044)	Loss 0.0148 (0.0220)	MAE 0.092 (0.088)
 * MAE 0.086
Epoch: [26][100/108]	Time 0.091 (0.092)	Data 0.015 (0.018)	Loss 0.0497 (0.0286)	MAE 0.221 (0.121)
Test: [0/15]	Time 0.037 (0.037)	Loss 0.0195 (0.0195)	MAE 0.101 (0.101)
Test: [10/15]	Time 0.331 (0.069)	Loss 0.0172 (0.0213)	MAE 0.096 (0.090)
 * MAE 0.090
Epoch: [27][100/108]	Time 0.098 (0.092)	Data 0.022 (0.018)	Loss 0.0502 (0.0296)	MAE 0.195 (0.123)
Test: [0/15]	Time 0.044 (0.044)	Loss 0.0177 (0.0177)	MAE 0.115 (0.115)
Test: [10/15]	Time 0.048 (0.043)	Loss 0.0239 (0.0333)	MAE 0.134 (0.134)
 * MAE 0.135
Epoch: [28][100/108]	Time 0.096 (0.092)	Data 0.021 (0.018)	Loss 0.0292 (0.0262)	MAE 0.133 (0.113)
Test: [0/15]	Time 0.046 (0.046)	Loss 0.0170 (0.0170)	MAE 0.102 (0.102)
Test: [10/15]	Time 0.038 (0.042)	Loss 0.0200 (0.0155)	MAE 0.107 (0.096)
 * MAE 0.096
Epoch: [29][100/108]	Time 0.088 (0.091)	Data 0.016 (0.019)	Loss 0.0270 (0.0256)	MAE 0.131 (0.112)
Test: [0/15]	Time 0.043 (0.043)	Loss 0.0448 (0.0448)	MAE 0.183 (0.183)
Test: [10/15]	Time 0.038 (0.043)	Loss 0.0528 (0.0537)	MAE 0.201 (0.188)
 * MAE 0.190
Epoch: [30][100/108]	Time 0.097 (0.095)	Data 0.020 (0.021)	Loss 0.0175 (0.0266)	MAE 0.116 (0.115)
Test: [0/15]	Time 0.040 (0.040)	Loss 0.0209 (0.0209)	MAE 0.104 (0.104)
Test: [10/15]	Time 0.041 (0.040)	Loss 0.0193 (0.0227)	MAE 0.098 (0.095)
 * MAE 0.095
Epoch: [31][100/108]	Time 0.092 (0.095)	Data 0.016 (0.021)	Loss 0.0288 (0.0273)	MAE 0.141 (0.116)
Test: [0/15]	Time 0.043 (0.043)	Loss 0.0308 (0.0308)	MAE 0.154 (0.154)
Test: [10/15]	Time 0.038 (0.041)	Loss 0.0342 (0.0384)	MAE 0.159 (0.154)
 * MAE 0.155
Epoch: [32][100/108]	Time 0.091 (0.095)	Data 0.020 (0.021)	Loss 0.0153 (0.0265)	MAE 0.096 (0.113)
Test: [0/15]	Time 0.043 (0.043)	Loss 0.0235 (0.0235)	MAE 0.142 (0.142)
Test: [10/15]	Time 0.040 (0.040)	Loss 0.0247 (0.0308)	MAE 0.151 (0.146)
 * MAE 0.147
Epoch: [33][100/108]	Time 0.097 (0.095)	Data 0.015 (0.021)	Loss 0.0153 (0.0270)	MAE 0.098 (0.115)
Test: [0/15]	Time 0.040 (0.040)	Loss 0.0213 (0.0213)	MAE 0.126 (0.126)
Test: [10/15]	Time 0.037 (0.041)	Loss 0.0927 (0.0290)	MAE 0.146 (0.134)
 * MAE 0.133
Epoch: [34][100/108]	Time 0.086 (0.096)	Data 0.016 (0.021)	Loss 0.0829 (0.0267)	MAE 0.152 (0.114)
Test: [0/15]	Time 0.044 (0.044)	Loss 0.0815 (0.0815)	MAE 0.134 (0.134)
Test: [10/15]	Time 0.036 (0.043)	Loss 0.0198 (0.0237)	MAE 0.117 (0.113)
 * MAE 0.113
Epoch: [35][100/108]	Time 0.099 (0.096)	Data 0.019 (0.021)	Loss 0.0168 (0.0245)	MAE 0.109 (0.107)
Test: [0/15]	Time 0.042 (0.042)	Loss 0.0172 (0.0172)	MAE 0.107 (0.107)
Test: [10/15]	Time 0.037 (0.042)	Loss 0.0228 (0.0252)	MAE 0.113 (0.110)
 * MAE 0.111
Epoch: [36][100/108]	Time 0.099 (0.095)	Data 0.018 (0.021)	Loss 0.0152 (0.0260)	MAE 0.103 (0.114)
Test: [0/15]	Time 0.046 (0.046)	Loss 0.0230 (0.0230)	MAE 0.117 (0.117)
Test: [10/15]	Time 0.034 (0.042)	Loss 0.0236 (0.0252)	MAE 0.120 (0.113)
 * MAE 0.113
Epoch: [37][100/108]	Time 0.087 (0.096)	Data 0.015 (0.021)	Loss 0.0282 (0.0243)	MAE 0.121 (0.108)
Test: [0/15]	Time 0.054 (0.054)	Loss 0.0133 (0.0133)	MAE 0.091 (0.091)
Test: [10/15]	Time 0.044 (0.042)	Loss 0.0136 (0.0203)	MAE 0.094 (0.096)
 * MAE 0.095
Epoch: [38][100/108]	Time 0.100 (0.095)	Data 0.019 (0.021)	Loss 0.0167 (0.0270)	MAE 0.105 (0.117)
Test: [0/15]	Time 0.045 (0.045)	Loss 0.0155 (0.0155)	MAE 0.099 (0.099)
Test: [10/15]	Time 0.042 (0.045)	Loss 0.0136 (0.0197)	MAE 0.094 (0.097)
 * MAE 0.097
Epoch: [39][100/108]	Time 0.100 (0.095)	Data 0.019 (0.022)	Loss 0.0373 (0.0202)	MAE 0.187 (0.108)
Test: [0/15]	Time 0.036 (0.036)	Loss 0.0262 (0.0262)	MAE 0.133 (0.133)
Test: [10/15]	Time 0.048 (0.042)	Loss 0.0237 (0.0267)	MAE 0.126 (0.123)
 * MAE 0.121
Epoch: [40][100/108]	Time 0.081 (0.095)	Data 0.019 (0.021)	Loss 0.0104 (0.0267)	MAE 0.083 (0.115)
Test: [0/15]	Time 0.042 (0.042)	Loss 0.0202 (0.0202)	MAE 0.111 (0.111)
Test: [10/15]	Time 0.050 (0.042)	Loss 0.0220 (0.0251)	MAE 0.122 (0.110)
 * MAE 0.111
Epoch: [41][100/108]	Time 0.082 (0.095)	Data 0.017 (0.021)	Loss 0.0080 (0.0241)	MAE 0.071 (0.108)
Test: [0/15]	Time 0.038 (0.038)	Loss 0.0718 (0.0718)	MAE 0.115 (0.115)
Test: [10/15]	Time 0.042 (0.041)	Loss 0.0164 (0.0221)	MAE 0.107 (0.109)
 * MAE 0.109
Epoch: [42][100/108]	Time 0.097 (0.095)	Data 0.023 (0.021)	Loss 0.0146 (0.0236)	MAE 0.090 (0.104)
Test: [0/15]	Time 0.041 (0.041)	Loss 0.0139 (0.0139)	MAE 0.091 (0.091)
Test: [10/15]	Time 0.044 (0.043)	Loss 0.0105 (0.0187)	MAE 0.081 (0.089)
 * MAE 0.089
Epoch: [43][100/108]	Time 0.092 (0.096)	Data 0.016 (0.021)	Loss 0.0108 (0.0228)	MAE 0.090 (0.103)
Test: [0/15]	Time 0.041 (0.041)	Loss 0.0084 (0.0084)	MAE 0.073 (0.073)
Test: [10/15]	Time 0.037 (0.040)	Loss 0.0153 (0.0126)	MAE 0.089 (0.083)
 * MAE 0.084
Epoch: [44][100/108]	Time 0.089 (0.095)	Data 0.019 (0.022)	Loss 0.0132 (0.0212)	MAE 0.097 (0.097)
Test: [0/15]	Time 0.046 (0.046)	Loss 0.0168 (0.0168)	MAE 0.098 (0.098)
Test: [10/15]	Time 0.043 (0.043)	Loss 0.0133 (0.0191)	MAE 0.091 (0.097)
 * MAE 0.097
Epoch: [45][100/108]	Time 0.096 (0.096)	Data 0.019 (0.022)	Loss 0.0135 (0.0219)	MAE 0.096 (0.100)
Test: [0/15]	Time 0.039 (0.039)	Loss 0.0184 (0.0184)	MAE 0.117 (0.117)
Test: [10/15]	Time 0.037 (0.041)	Loss 0.0222 (0.0192)	MAE 0.116 (0.117)
 * MAE 0.117
Epoch: [46][100/108]	Time 0.087 (0.096)	Data 0.015 (0.021)	Loss 0.0211 (0.0255)	MAE 0.116 (0.115)
Test: [0/15]	Time 0.042 (0.042)	Loss 0.0169 (0.0169)	MAE 0.112 (0.112)
Test: [10/15]	Time 0.039 (0.042)	Loss 0.0671 (0.0226)	MAE 0.130 (0.114)
 * MAE 0.115
Epoch: [47][100/108]	Time 0.094 (0.094)	Data 0.020 (0.021)	Loss 0.0121 (0.0235)	MAE 0.089 (0.110)
Test: [0/15]	Time 0.042 (0.042)	Loss 0.0127 (0.0127)	MAE 0.076 (0.076)
Test: [10/15]	Time 0.035 (0.041)	Loss 0.0120 (0.0169)	MAE 0.085 (0.083)
 * MAE 0.084
Epoch: [48][100/108]	Time 0.093 (0.095)	Data 0.016 (0.021)	Loss 0.0154 (0.0220)	MAE 0.101 (0.099)
Test: [0/15]	Time 0.039 (0.039)	Loss 0.0210 (0.0210)	MAE 0.096 (0.096)
Test: [10/15]	Time 0.038 (0.039)	Loss 0.0143 (0.0184)	MAE 0.085 (0.085)
 * MAE 0.084
Epoch: [49][100/108]	Time 0.096 (0.095)	Data 0.024 (0.021)	Loss 0.0117 (0.0209)	MAE 0.084 (0.095)
Test: [0/15]	Time 0.043 (0.043)	Loss 0.0109 (0.0109)	MAE 0.077 (0.077)
Test: [10/15]	Time 0.041 (0.040)	Loss 0.0110 (0.0180)	MAE 0.077 (0.086)
 * MAE 0.086
Epoch: [50][100/108]	Time 0.095 (0.095)	Data 0.016 (0.021)	Loss 0.0158 (0.0213)	MAE 0.095 (0.098)
Test: [0/15]	Time 0.041 (0.041)	Loss 0.0172 (0.0172)	MAE 0.098 (0.098)
Test: [10/15]	Time 0.046 (0.041)	Loss 0.0152 (0.0188)	MAE 0.093 (0.091)
 * MAE 0.090
Epoch: [51][100/108]	Time 0.107 (0.096)	Data 0.020 (0.021)	Loss 0.0071 (0.0235)	MAE 0.073 (0.105)
Test: [0/15]	Time 0.045 (0.045)	Loss 0.0126 (0.0126)	MAE 0.084 (0.084)
Test: [10/15]	Time 0.041 (0.044)	Loss 0.0124 (0.0171)	MAE 0.084 (0.084)
 * MAE 0.084
Epoch: [52][100/108]	Time 0.087 (0.095)	Data 0.019 (0.021)	Loss 0.0163 (0.0202)	MAE 0.109 (0.100)
Test: [0/15]	Time 0.044 (0.044)	Loss 0.0109 (0.0109)	MAE 0.084 (0.084)
Test: [10/15]	Time 0.045 (0.041)	Loss 0.0120 (0.0187)	MAE 0.091 (0.092)
 * MAE 0.092
Epoch: [53][100/108]	Time 0.102 (0.096)	Data 0.020 (0.021)	Loss 0.0093 (0.0207)	MAE 0.070 (0.095)
Test: [0/15]	Time 0.044 (0.044)	Loss 0.0091 (0.0091)	MAE 0.079 (0.079)
Test: [10/15]	Time 0.040 (0.044)	Loss 0.0089 (0.0157)	MAE 0.076 (0.088)
 * MAE 0.089
Epoch: [54][100/108]	Time 0.092 (0.096)	Data 0.015 (0.021)	Loss 0.0135 (0.0198)	MAE 0.093 (0.092)
Test: [0/15]	Time 0.037 (0.037)	Loss 0.0098 (0.0098)	MAE 0.076 (0.076)
Test: [10/15]	Time 0.042 (0.041)	Loss 0.0110 (0.0158)	MAE 0.081 (0.080)
 * MAE 0.081
Epoch: [55][100/108]	Time 0.095 (0.095)	Data 0.018 (0.022)	Loss 0.0106 (0.0192)	MAE 0.082 (0.094)
Test: [0/15]	Time 0.044 (0.044)	Loss 0.0140 (0.0140)	MAE 0.096 (0.096)
Test: [10/15]	Time 0.041 (0.044)	Loss 0.0115 (0.0163)	MAE 0.088 (0.090)
 * MAE 0.091
Epoch: [56][100/108]	Time 0.098 (0.096)	Data 0.020 (0.021)	Loss 0.0149 (0.0212)	MAE 0.075 (0.097)
Test: [0/15]	Time 0.046 (0.046)	Loss 0.0111 (0.0111)	MAE 0.084 (0.084)
Test: [10/15]	Time 0.047 (0.044)	Loss 0.0120 (0.0167)	MAE 0.083 (0.088)
 * MAE 0.087
Epoch: [57][100/108]	Time 0.091 (0.096)	Data 0.016 (0.021)	Loss 0.0112 (0.0204)	MAE 0.079 (0.094)
Test: [0/15]	Time 0.039 (0.039)	Loss 0.0121 (0.0121)	MAE 0.082 (0.082)
Test: [10/15]	Time 0.044 (0.042)	Loss 0.0080 (0.0167)	MAE 0.075 (0.084)
 * MAE 0.084
Epoch: [58][100/108]	Time 0.097 (0.095)	Data 0.020 (0.021)	Loss 0.0304 (0.0218)	MAE 0.165 (0.100)
Test: [0/15]	Time 0.042 (0.042)	Loss 0.0111 (0.0111)	MAE 0.072 (0.072)
Test: [10/15]	Time 0.049 (0.041)	Loss 0.0087 (0.0146)	MAE 0.072 (0.076)
 * MAE 0.077
Epoch: [59][100/108]	Time 0.096 (0.095)	Data 0.017 (0.022)	Loss 0.0365 (0.0199)	MAE 0.143 (0.094)
Test: [0/15]	Time 0.043 (0.043)	Loss 0.0144 (0.0144)	MAE 0.098 (0.098)
Test: [10/15]	Time 0.049 (0.042)	Loss 0.0148 (0.0213)	MAE 0.101 (0.105)
 * MAE 0.104
Epoch: [60][100/108]	Time 0.095 (0.096)	Data 0.017 (0.022)	Loss 0.0133 (0.0199)	MAE 0.096 (0.093)
Test: [0/15]	Time 0.046 (0.046)	Loss 0.0149 (0.0149)	MAE 0.108 (0.108)
Test: [10/15]	Time 0.035 (0.040)	Loss 0.0191 (0.0247)	MAE 0.120 (0.123)
 * MAE 0.121
Epoch: [61][100/108]	Time 0.087 (0.095)	Data 0.015 (0.021)	Loss 0.0051 (0.0189)	MAE 0.059 (0.089)
Test: [0/15]	Time 0.042 (0.042)	Loss 0.0091 (0.0091)	MAE 0.076 (0.076)
Test: [10/15]	Time 0.046 (0.042)	Loss 0.0117 (0.0113)	MAE 0.084 (0.085)
 * MAE 0.087
Epoch: [62][100/108]	Time 0.103 (0.097)	Data 0.016 (0.021)	Loss 0.0086 (0.0202)	MAE 0.075 (0.094)
Test: [0/15]	Time 0.042 (0.042)	Loss 0.0131 (0.0131)	MAE 0.080 (0.080)
Test: [10/15]	Time 0.041 (0.041)	Loss 0.0072 (0.0156)	MAE 0.064 (0.074)
 * MAE 0.074
Epoch: [63][100/108]	Time 0.105 (0.097)	Data 0.019 (0.021)	Loss 0.0104 (0.0188)	MAE 0.074 (0.089)
Test: [0/15]	Time 0.045 (0.045)	Loss 0.0114 (0.0114)	MAE 0.087 (0.087)
Test: [10/15]	Time 0.044 (0.045)	Loss 0.0658 (0.0170)	MAE 0.103 (0.089)
 * MAE 0.088
Epoch: [64][100/108]	Time 0.083 (0.096)	Data 0.015 (0.021)	Loss 0.4223 (0.0206)	MAE 0.139 (0.096)
Test: [0/15]	Time 0.038 (0.038)	Loss 0.0115 (0.0115)	MAE 0.078 (0.078)
Test: [10/15]	Time 0.038 (0.042)	Loss 0.0078 (0.0103)	MAE 0.068 (0.076)
 * MAE 0.077
Epoch: [65][100/108]	Time 0.089 (0.096)	Data 0.020 (0.021)	Loss 0.0135 (0.0210)	MAE 0.091 (0.098)
Test: [0/15]	Time 0.048 (0.048)	Loss 0.0202 (0.0202)	MAE 0.105 (0.105)
Test: [10/15]	Time 0.038 (0.044)	Loss 0.0122 (0.0206)	MAE 0.091 (0.100)
 * MAE 0.098
Epoch: [66][100/108]	Time 0.090 (0.096)	Data 0.018 (0.021)	Loss 0.0134 (0.0190)	MAE 0.080 (0.088)
Test: [0/15]	Time 0.042 (0.042)	Loss 0.0099 (0.0099)	MAE 0.088 (0.088)
Test: [10/15]	Time 0.034 (0.043)	Loss 0.0995 (0.0194)	MAE 0.106 (0.088)
 * MAE 0.088
Epoch: [67][100/108]	Time 0.101 (0.096)	Data 0.020 (0.021)	Loss 0.0121 (0.0205)	MAE 0.093 (0.095)
Test: [0/15]	Time 0.042 (0.042)	Loss 0.0069 (0.0069)	MAE 0.067 (0.067)
Test: [10/15]	Time 0.042 (0.043)	Loss 0.0111 (0.0101)	MAE 0.078 (0.074)
 * MAE 0.076
Epoch: [68][100/108]	Time 0.105 (0.097)	Data 0.021 (0.021)	Loss 0.0117 (0.0186)	MAE 0.089 (0.089)
Test: [0/15]	Time 0.043 (0.043)	Loss 0.0080 (0.0080)	MAE 0.074 (0.074)
Test: [10/15]	Time 0.041 (0.043)	Loss 0.0087 (0.0157)	MAE 0.077 (0.076)
 * MAE 0.076
Epoch: [69][100/108]	Time 0.082 (0.096)	Data 0.016 (0.021)	Loss 0.0304 (0.0203)	MAE 0.151 (0.094)
Test: [0/15]	Time 0.040 (0.040)	Loss 0.1129 (0.1129)	MAE 0.150 (0.150)
Test: [10/15]	Time 0.042 (0.043)	Loss 0.0251 (0.0314)	MAE 0.131 (0.127)
 * MAE 0.128
Epoch: [70][100/108]	Time 0.093 (0.096)	Data 0.020 (0.021)	Loss 0.0060 (0.0201)	MAE 0.061 (0.093)
Test: [0/15]	Time 0.040 (0.040)	Loss 0.0164 (0.0164)	MAE 0.098 (0.098)
Test: [10/15]	Time 0.042 (0.043)	Loss 0.0149 (0.0207)	MAE 0.092 (0.089)
 * MAE 0.088
Epoch: [71][100/108]	Time 0.094 (0.096)	Data 0.015 (0.021)	Loss 0.0117 (0.0200)	MAE 0.090 (0.094)
Test: [0/15]	Time 0.041 (0.041)	Loss 0.0149 (0.0149)	MAE 0.092 (0.092)
Test: [10/15]	Time 0.043 (0.041)	Loss 0.0114 (0.0128)	MAE 0.083 (0.088)
 * MAE 0.090
Epoch: [72][100/108]	Time 0.103 (0.096)	Data 0.021 (0.021)	Loss 0.0071 (0.0170)	MAE 0.066 (0.087)
Test: [0/15]	Time 0.044 (0.044)	Loss 0.0122 (0.0122)	MAE 0.096 (0.096)
Test: [10/15]	Time 0.043 (0.042)	Loss 0.0139 (0.0229)	MAE 0.097 (0.096)
 * MAE 0.097
Epoch: [73][100/108]	Time 0.089 (0.093)	Data 0.015 (0.019)	Loss 0.0076 (0.0198)	MAE 0.072 (0.093)
Test: [0/15]	Time 0.042 (0.042)	Loss 0.0123 (0.0123)	MAE 0.093 (0.093)
Test: [10/15]	Time 0.045 (0.042)	Loss 0.0211 (0.0236)	MAE 0.104 (0.097)
 * MAE 0.095
Epoch: [74][100/108]	Time 0.097 (0.093)	Data 0.018 (0.019)	Loss 0.0204 (0.0191)	MAE 0.128 (0.089)
Test: [0/15]	Time 0.043 (0.043)	Loss 0.0116 (0.0116)	MAE 0.086 (0.086)
Test: [10/15]	Time 0.042 (0.045)	Loss 0.0114 (0.0253)	MAE 0.081 (0.091)
 * MAE 0.091
Epoch: [75][100/108]	Time 0.096 (0.093)	Data 0.017 (0.018)	Loss 0.0141 (0.0204)	MAE 0.096 (0.096)
Test: [0/15]	Time 0.045 (0.045)	Loss 0.0134 (0.0134)	MAE 0.090 (0.090)
Test: [10/15]	Time 0.036 (0.043)	Loss 0.0111 (0.0123)	MAE 0.082 (0.086)
 * MAE 0.087
Epoch: [76][100/108]	Time 0.097 (0.093)	Data 0.020 (0.018)	Loss 0.0086 (0.0184)	MAE 0.066 (0.087)
Test: [0/15]	Time 0.040 (0.040)	Loss 0.0099 (0.0099)	MAE 0.077 (0.077)
Test: [10/15]	Time 0.039 (0.041)	Loss 0.0073 (0.0196)	MAE 0.065 (0.074)
 * MAE 0.073
Epoch: [77][100/108]	Time 0.100 (0.093)	Data 0.020 (0.019)	Loss 0.0154 (0.0174)	MAE 0.096 (0.082)
Test: [0/15]	Time 0.331 (0.331)	Loss 0.0132 (0.0132)	MAE 0.076 (0.076)
Test: [10/15]	Time 0.039 (0.068)	Loss 0.0092 (0.0204)	MAE 0.070 (0.078)
 * MAE 0.079
Epoch: [78][100/108]	Time 0.089 (0.092)	Data 0.021 (0.018)	Loss 0.0083 (0.0195)	MAE 0.076 (0.092)
Test: [0/15]	Time 0.042 (0.042)	Loss 0.0097 (0.0097)	MAE 0.075 (0.075)
Test: [10/15]	Time 0.046 (0.067)	Loss 0.0138 (0.0209)	MAE 0.080 (0.078)
 * MAE 0.077
Epoch: [79][100/108]	Time 0.090 (0.093)	Data 0.016 (0.018)	Loss 0.0086 (0.0182)	MAE 0.074 (0.087)
Test: [0/15]	Time 0.041 (0.041)	Loss 0.0074 (0.0074)	MAE 0.068 (0.068)
Test: [10/15]	Time 0.049 (0.069)	Loss 0.0079 (0.0194)	MAE 0.067 (0.075)
 * MAE 0.074
Epoch: [80][100/108]	Time 0.091 (0.092)	Data 0.019 (0.018)	Loss 0.0099 (0.0175)	MAE 0.088 (0.085)
Test: [0/15]	Time 0.042 (0.042)	Loss 0.0116 (0.0116)	MAE 0.073 (0.073)
Test: [10/15]	Time 0.038 (0.068)	Loss 0.1179 (0.0198)	MAE 0.105 (0.078)
 * MAE 0.078
Epoch: [81][100/108]	Time 0.090 (0.093)	Data 0.017 (0.019)	Loss 0.0145 (0.0196)	MAE 0.111 (0.096)
Test: [0/15]	Time 0.039 (0.039)	Loss 0.0209 (0.0209)	MAE 0.135 (0.135)
Test: [10/15]	Time 0.334 (0.068)	Loss 0.0147 (0.0191)	MAE 0.114 (0.124)
 * MAE 0.125
Epoch: [82][100/108]	Time 0.096 (0.093)	Data 0.015 (0.018)	Loss 0.0117 (0.0171)	MAE 0.095 (0.082)
Test: [0/15]	Time 0.048 (0.048)	Loss 0.0118 (0.0118)	MAE 0.090 (0.090)
Test: [10/15]	Time 0.040 (0.042)	Loss 0.0175 (0.0250)	MAE 0.104 (0.095)
 * MAE 0.094
Epoch: [83][100/108]	Time 0.102 (0.093)	Data 0.023 (0.018)	Loss 0.0120 (0.0171)	MAE 0.077 (0.083)
Test: [0/15]	Time 0.046 (0.046)	Loss 0.0107 (0.0107)	MAE 0.082 (0.082)
Test: [10/15]	Time 0.036 (0.070)	Loss 0.0106 (0.0210)	MAE 0.083 (0.085)
 * MAE 0.083
Epoch: [84][100/108]	Time 0.091 (0.093)	Data 0.021 (0.019)	Loss 0.0181 (0.0172)	MAE 0.098 (0.083)
Test: [0/15]	Time 0.041 (0.041)	Loss 0.0136 (0.0136)	MAE 0.095 (0.095)
Test: [10/15]	Time 0.049 (0.043)	Loss 0.0128 (0.0134)	MAE 0.096 (0.095)
 * MAE 0.098
Epoch: [85][100/108]	Time 0.103 (0.093)	Data 0.020 (0.019)	Loss 0.0113 (0.0171)	MAE 0.083 (0.083)
Test: [0/15]	Time 0.043 (0.043)	Loss 0.0124 (0.0124)	MAE 0.086 (0.086)
Test: [10/15]	Time 0.044 (0.040)	Loss 0.0125 (0.0102)	MAE 0.079 (0.077)
 * MAE 0.079
Epoch: [86][100/108]	Time 0.101 (0.092)	Data 0.019 (0.018)	Loss 0.0167 (0.0175)	MAE 0.108 (0.085)
Test: [0/15]	Time 0.039 (0.039)	Loss 0.0185 (0.0185)	MAE 0.111 (0.111)
Test: [10/15]	Time 0.342 (0.068)	Loss 0.0161 (0.0164)	MAE 0.100 (0.102)
 * MAE 0.102
Epoch: [87][100/108]	Time 0.102 (0.093)	Data 0.022 (0.018)	Loss 0.0134 (0.0179)	MAE 0.087 (0.086)
Test: [0/15]	Time 0.044 (0.044)	Loss 0.0109 (0.0109)	MAE 0.080 (0.080)
Test: [10/15]	Time 0.045 (0.042)	Loss 0.0111 (0.0109)	MAE 0.079 (0.079)
 * MAE 0.080
Epoch: [88][100/108]	Time 0.083 (0.093)	Data 0.016 (0.018)	Loss 0.0135 (0.0161)	MAE 0.099 (0.078)
Test: [0/15]	Time 0.039 (0.039)	Loss 0.0153 (0.0153)	MAE 0.097 (0.097)
Test: [10/15]	Time 0.045 (0.043)	Loss 0.0135 (0.0248)	MAE 0.096 (0.101)
 * MAE 0.098
Epoch: [89][100/108]	Time 0.086 (0.096)	Data 0.017 (0.021)	Loss 0.0211 (0.0188)	MAE 0.099 (0.090)
Test: [0/15]	Time 0.042 (0.042)	Loss 0.0209 (0.0209)	MAE 0.129 (0.129)
Test: [10/15]	Time 0.039 (0.040)	Loss 0.0203 (0.0201)	MAE 0.133 (0.130)
 * MAE 0.132
Epoch: [90][100/108]	Time 0.102 (0.097)	Data 0.018 (0.021)	Loss 0.0074 (0.0185)	MAE 0.071 (0.088)
Test: [0/15]	Time 0.045 (0.045)	Loss 0.0094 (0.0094)	MAE 0.073 (0.073)
Test: [10/15]	Time 0.042 (0.041)	Loss 0.0108 (0.0179)	MAE 0.074 (0.072)
 * MAE 0.070
Epoch: [91][100/108]	Time 0.094 (0.096)	Data 0.020 (0.021)	Loss 0.0153 (0.0165)	MAE 0.087 (0.079)
Test: [0/15]	Time 0.043 (0.043)	Loss 0.0147 (0.0147)	MAE 0.088 (0.088)
Test: [10/15]	Time 0.038 (0.042)	Loss 0.1035 (0.0199)	MAE 0.100 (0.082)
 * MAE 0.082
Epoch: [92][100/108]	Time 0.094 (0.096)	Data 0.018 (0.021)	Loss 0.0087 (0.0185)	MAE 0.073 (0.087)
Test: [0/15]	Time 0.045 (0.045)	Loss 0.0136 (0.0136)	MAE 0.087 (0.087)
Test: [10/15]	Time 0.041 (0.042)	Loss 0.0113 (0.0233)	MAE 0.082 (0.089)
 * MAE 0.088
Epoch: [93][100/108]	Time 0.098 (0.096)	Data 0.022 (0.021)	Loss 0.0091 (0.0174)	MAE 0.079 (0.085)
Test: [0/15]	Time 0.040 (0.040)	Loss 0.0118 (0.0118)	MAE 0.084 (0.084)
Test: [10/15]	Time 0.041 (0.042)	Loss 0.0169 (0.0215)	MAE 0.091 (0.081)
 * MAE 0.081
Epoch: [94][100/108]	Time 0.098 (0.097)	Data 0.019 (0.021)	Loss 0.0120 (0.0160)	MAE 0.074 (0.077)
Test: [0/15]	Time 0.042 (0.042)	Loss 0.0162 (0.0162)	MAE 0.106 (0.106)
Test: [10/15]	Time 0.045 (0.044)	Loss 0.0143 (0.0234)	MAE 0.098 (0.102)
 * MAE 0.103
Epoch: [95][100/108]	Time 0.095 (0.097)	Data 0.019 (0.022)	Loss 0.0106 (0.0158)	MAE 0.071 (0.081)
Test: [0/15]	Time 0.038 (0.038)	Loss 0.0077 (0.0077)	MAE 0.063 (0.063)
Test: [10/15]	Time 0.046 (0.043)	Loss 0.0063 (0.0082)	MAE 0.065 (0.066)
 * MAE 0.068
Epoch: [96][100/108]	Time 0.089 (0.095)	Data 0.015 (0.021)	Loss 0.0127 (0.0162)	MAE 0.097 (0.080)
Test: [0/15]	Time 0.042 (0.042)	Loss 0.0140 (0.0140)	MAE 0.085 (0.085)
Test: [10/15]	Time 0.040 (0.041)	Loss 0.0165 (0.0265)	MAE 0.099 (0.095)
 * MAE 0.094
Epoch: [97][100/108]	Time 0.084 (0.097)	Data 0.019 (0.022)	Loss 0.0098 (0.0135)	MAE 0.075 (0.086)
Test: [0/15]	Time 0.044 (0.044)	Loss 0.0178 (0.0178)	MAE 0.112 (0.112)
Test: [10/15]	Time 0.040 (0.041)	Loss 0.0866 (0.0257)	MAE 0.121 (0.115)
 * MAE 0.114
Epoch: [98][100/108]	Time 0.105 (0.096)	Data 0.021 (0.021)	Loss 0.0086 (0.0170)	MAE 0.079 (0.087)
Test: [0/15]	Time 0.038 (0.038)	Loss 0.0117 (0.0117)	MAE 0.078 (0.078)
Test: [10/15]	Time 0.051 (0.043)	Loss 0.0131 (0.0199)	MAE 0.079 (0.074)
 * MAE 0.074
Epoch: [99][100/108]	Time 0.098 (0.097)	Data 0.020 (0.022)	Loss 0.0072 (0.0162)	MAE 0.067 (0.080)
Test: [0/15]	Time 0.042 (0.042)	Loss 0.0121 (0.0121)	MAE 0.073 (0.073)
Test: [10/15]	Time 0.035 (0.041)	Loss 0.0114 (0.0109)	MAE 0.072 (0.073)
 * MAE 0.072
Epoch: [100][100/108]	Time 0.096 (0.097)	Data 0.019 (0.022)	Loss 0.0072 (0.0136)	MAE 0.076 (0.066)
Test: [0/15]	Time 0.043 (0.043)	Loss 0.0094 (0.0094)	MAE 0.067 (0.067)
Test: [10/15]	Time 0.035 (0.042)	Loss 0.0081 (0.0125)	MAE 0.064 (0.064)
 * MAE 0.063
Epoch: [101][100/108]	Time 0.087 (0.096)	Data 0.020 (0.021)	Loss 0.0056 (0.0133)	MAE 0.055 (0.068)
Test: [0/15]	Time 0.044 (0.044)	Loss 0.0682 (0.0682)	MAE 0.072 (0.072)
Test: [10/15]	Time 0.034 (0.043)	Loss 0.0067 (0.0132)	MAE 0.059 (0.059)
 * MAE 0.059
Epoch: [102][100/108]	Time 0.100 (0.096)	Data 0.020 (0.021)	Loss 0.0321 (0.0128)	MAE 0.075 (0.063)
Test: [0/15]	Time 0.037 (0.037)	Loss 0.0087 (0.0087)	MAE 0.062 (0.062)
Test: [10/15]	Time 0.040 (0.041)	Loss 0.0090 (0.0127)	MAE 0.058 (0.060)
 * MAE 0.059
Epoch: [103][100/108]	Time 0.099 (0.097)	Data 0.021 (0.022)	Loss 0.0065 (0.0127)	MAE 0.069 (0.063)
Test: [0/15]	Time 0.041 (0.041)	Loss 0.0081 (0.0081)	MAE 0.064 (0.064)
Test: [10/15]	Time 0.045 (0.041)	Loss 0.0098 (0.0142)	MAE 0.063 (0.060)
 * MAE 0.058
Epoch: [104][100/108]	Time 0.098 (0.096)	Data 0.018 (0.021)	Loss 0.0048 (0.0125)	MAE 0.059 (0.062)
Test: [0/15]	Time 0.041 (0.041)	Loss 0.0087 (0.0087)	MAE 0.059 (0.059)
Test: [10/15]	Time 0.037 (0.042)	Loss 0.0098 (0.0132)	MAE 0.062 (0.060)
 * MAE 0.060
Epoch: [105][100/108]	Time 0.088 (0.097)	Data 0.020 (0.021)	Loss 0.0073 (0.0127)	MAE 0.065 (0.063)
Test: [0/15]	Time 0.045 (0.045)	Loss 0.0090 (0.0090)	MAE 0.060 (0.060)
Test: [10/15]	Time 0.050 (0.042)	Loss 0.0044 (0.0074)	MAE 0.050 (0.058)
 * MAE 0.060
Epoch: [106][100/108]	Time 0.097 (0.098)	Data 0.020 (0.022)	Loss 0.0354 (0.0127)	MAE 0.075 (0.063)
Test: [0/15]	Time 0.050 (0.050)	Loss 0.0086 (0.0086)	MAE 0.063 (0.063)
Test: [10/15]	Time 0.036 (0.043)	Loss 0.0036 (0.0148)	MAE 0.049 (0.060)
 * MAE 0.060
Epoch: [107][100/108]	Time 0.097 (0.096)	Data 0.019 (0.021)	Loss 0.0053 (0.0130)	MAE 0.062 (0.065)
Test: [0/15]	Time 0.043 (0.043)	Loss 0.0093 (0.0093)	MAE 0.062 (0.062)
Test: [10/15]	Time 0.039 (0.042)	Loss 0.0084 (0.0165)	MAE 0.060 (0.060)
 * MAE 0.059
Epoch: [108][100/108]	Time 0.089 (0.095)	Data 0.018 (0.021)	Loss 0.0052 (0.0126)	MAE 0.055 (0.063)
Test: [0/15]	Time 0.041 (0.041)	Loss 0.0063 (0.0063)	MAE 0.058 (0.058)
Test: [10/15]	Time 0.040 (0.042)	Loss 0.0080 (0.0073)	MAE 0.063 (0.060)
 * MAE 0.062
Epoch: [109][100/108]	Time 0.082 (0.096)	Data 0.017 (0.022)	Loss 0.0060 (0.0125)	MAE 0.061 (0.062)
Test: [0/15]	Time 0.038 (0.038)	Loss 0.0067 (0.0067)	MAE 0.060 (0.060)
Test: [10/15]	Time 0.039 (0.043)	Loss 0.0067 (0.0165)	MAE 0.056 (0.060)
 * MAE 0.059
Epoch: [110][100/108]	Time 0.088 (0.096)	Data 0.016 (0.021)	Loss 0.0043 (0.0122)	MAE 0.055 (0.064)
Test: [0/15]	Time 0.049 (0.049)	Loss 0.0084 (0.0084)	MAE 0.060 (0.060)
Test: [10/15]	Time 0.039 (0.043)	Loss 0.0081 (0.0169)	MAE 0.060 (0.060)
 * MAE 0.059
Epoch: [111][100/108]	Time 0.088 (0.096)	Data 0.019 (0.022)	Loss 0.0058 (0.0121)	MAE 0.056 (0.061)
Test: [0/15]	Time 0.042 (0.042)	Loss 0.0080 (0.0080)	MAE 0.065 (0.065)
Test: [10/15]	Time 0.039 (0.042)	Loss 0.0047 (0.0067)	MAE 0.052 (0.058)
 * MAE 0.059
Epoch: [112][100/108]	Time 0.087 (0.096)	Data 0.017 (0.021)	Loss 0.0066 (0.0125)	MAE 0.065 (0.062)
Test: [0/15]	Time 0.040 (0.040)	Loss 0.0065 (0.0065)	MAE 0.057 (0.057)
Test: [10/15]	Time 0.045 (0.043)	Loss 0.0061 (0.0174)	MAE 0.057 (0.063)
 * MAE 0.063
Epoch: [113][100/108]	Time 0.088 (0.095)	Data 0.020 (0.021)	Loss 0.0068 (0.0125)	MAE 0.060 (0.063)
Test: [0/15]	Time 0.044 (0.044)	Loss 0.0072 (0.0072)	MAE 0.056 (0.056)
Test: [10/15]	Time 0.037 (0.039)	Loss 0.0067 (0.0170)	MAE 0.056 (0.060)
 * MAE 0.060
Epoch: [114][100/108]	Time 0.089 (0.095)	Data 0.016 (0.021)	Loss 0.0089 (0.0123)	MAE 0.087 (0.061)
Test: [0/15]	Time 0.042 (0.042)	Loss 0.0068 (0.0068)	MAE 0.060 (0.060)
Test: [10/15]	Time 0.046 (0.041)	Loss 0.0047 (0.0156)	MAE 0.054 (0.058)
 * MAE 0.060
Epoch: [115][100/108]	Time 0.082 (0.095)	Data 0.015 (0.021)	Loss 0.0053 (0.0125)	MAE 0.054 (0.064)
Test: [0/15]	Time 0.041 (0.041)	Loss 0.0058 (0.0058)	MAE 0.060 (0.060)
Test: [10/15]	Time 0.048 (0.043)	Loss 0.0073 (0.0175)	MAE 0.062 (0.066)
 * MAE 0.065
Epoch: [116][100/108]	Time 0.096 (0.095)	Data 0.016 (0.021)	Loss 0.0132 (0.0125)	MAE 0.067 (0.063)
Test: [0/15]	Time 0.037 (0.037)	Loss 0.1159 (0.1159)	MAE 0.083 (0.083)
Test: [10/15]	Time 0.037 (0.039)	Loss 0.0106 (0.0170)	MAE 0.068 (0.062)
 * MAE 0.060
Epoch: [117][100/108]	Time 0.091 (0.096)	Data 0.019 (0.021)	Loss 0.0080 (0.0123)	MAE 0.065 (0.062)
Test: [0/15]	Time 0.041 (0.041)	Loss 0.1131 (0.1131)	MAE 0.079 (0.079)
Test: [10/15]	Time 0.041 (0.042)	Loss 0.0069 (0.0167)	MAE 0.063 (0.061)
 * MAE 0.061
Epoch: [118][100/108]	Time 0.088 (0.096)	Data 0.015 (0.021)	Loss 0.0102 (0.0122)	MAE 0.085 (0.062)
Test: [0/15]	Time 0.044 (0.044)	Loss 0.0091 (0.0091)	MAE 0.061 (0.061)
Test: [10/15]	Time 0.037 (0.041)	Loss 0.0071 (0.0074)	MAE 0.058 (0.058)
 * MAE 0.059
Epoch: [119][100/108]	Time 0.096 (0.096)	Data 0.019 (0.022)	Loss 0.0061 (0.0119)	MAE 0.060 (0.061)
Test: [0/15]	Time 0.045 (0.045)	Loss 0.0089 (0.0089)	MAE 0.066 (0.066)
Test: [10/15]	Time 0.042 (0.044)	Loss 0.0057 (0.0169)	MAE 0.058 (0.061)
 * MAE 0.061
Epoch: [120][100/108]	Time 0.098 (0.096)	Data 0.017 (0.021)	Loss 0.0087 (0.0124)	MAE 0.061 (0.063)
Test: [0/15]	Time 0.040 (0.040)	Loss 0.0099 (0.0099)	MAE 0.068 (0.068)
Test: [10/15]	Time 0.044 (0.043)	Loss 0.0076 (0.0176)	MAE 0.065 (0.069)
 * MAE 0.069
Epoch: [121][100/108]	Time 0.091 (0.096)	Data 0.019 (0.021)	Loss 0.0051 (0.0116)	MAE 0.053 (0.061)
Test: [0/15]	Time 0.046 (0.046)	Loss 0.0041 (0.0041)	MAE 0.049 (0.049)
Test: [10/15]	Time 0.048 (0.042)	Loss 0.0072 (0.0070)	MAE 0.058 (0.057)
 * MAE 0.059
Epoch: [122][100/108]	Time 0.093 (0.095)	Data 0.017 (0.021)	Loss 0.0061 (0.0119)	MAE 0.066 (0.062)
Test: [0/15]	Time 0.040 (0.040)	Loss 0.0089 (0.0089)	MAE 0.061 (0.061)
Test: [10/15]	Time 0.039 (0.041)	Loss 0.0110 (0.0072)	MAE 0.064 (0.058)
 * MAE 0.060
Epoch: [123][100/108]	Time 0.089 (0.096)	Data 0.018 (0.021)	Loss 0.0078 (0.0116)	MAE 0.064 (0.062)
Test: [0/15]	Time 0.045 (0.045)	Loss 0.0057 (0.0057)	MAE 0.051 (0.051)
Test: [10/15]	Time 0.036 (0.042)	Loss 0.0050 (0.0164)	MAE 0.052 (0.059)
 * MAE 0.059
Epoch: [124][100/108]	Time 0.083 (0.092)	Data 0.015 (0.019)	Loss 0.3628 (0.0111)	MAE 0.099 (0.060)
Test: [0/15]	Time 0.042 (0.042)	Loss 0.0090 (0.0090)	MAE 0.064 (0.064)
Test: [10/15]	Time 0.038 (0.042)	Loss 0.0084 (0.0174)	MAE 0.061 (0.062)
 * MAE 0.061
Epoch: [125][100/108]	Time 0.096 (0.093)	Data 0.022 (0.019)	Loss 0.0045 (0.0120)	MAE 0.053 (0.061)
Test: [0/15]	Time 0.311 (0.311)	Loss 0.0053 (0.0053)	MAE 0.058 (0.058)
Test: [10/15]	Time 0.039 (0.068)	Loss 0.0101 (0.0074)	MAE 0.072 (0.064)
 * MAE 0.065
Epoch: [126][100/108]	Time 0.100 (0.094)	Data 0.019 (0.019)	Loss 0.0030 (0.0122)	MAE 0.046 (0.062)
Test: [0/15]	Time 0.038 (0.038)	Loss 0.0103 (0.0103)	MAE 0.065 (0.065)
Test: [10/15]	Time 0.037 (0.071)	Loss 0.0057 (0.0070)	MAE 0.058 (0.059)
 * MAE 0.061
Epoch: [127][100/108]	Time 0.092 (0.093)	Data 0.020 (0.019)	Loss 0.0311 (0.0119)	MAE 0.076 (0.061)
Test: [0/15]	Time 0.041 (0.041)	Loss 0.0086 (0.0086)	MAE 0.060 (0.060)
Test: [10/15]	Time 0.038 (0.069)	Loss 0.0075 (0.0073)	MAE 0.060 (0.059)
 * MAE 0.059
Epoch: [128][100/108]	Time 0.101 (0.094)	Data 0.023 (0.018)	Loss 0.0068 (0.0123)	MAE 0.059 (0.064)
Test: [0/15]	Time 0.043 (0.043)	Loss 0.0065 (0.0065)	MAE 0.060 (0.060)
Test: [10/15]	Time 0.039 (0.070)	Loss 0.0085 (0.0169)	MAE 0.060 (0.060)
 * MAE 0.060
Epoch: [129][100/108]	Time 0.090 (0.093)	Data 0.015 (0.018)	Loss 0.0057 (0.0120)	MAE 0.055 (0.061)
Test: [0/15]	Time 0.039 (0.039)	Loss 0.0079 (0.0079)	MAE 0.055 (0.055)
Test: [10/15]	Time 0.043 (0.043)	Loss 0.0072 (0.0072)	MAE 0.057 (0.058)
 * MAE 0.059
Epoch: [130][100/108]	Time 0.089 (0.093)	Data 0.018 (0.018)	Loss 0.0061 (0.0108)	MAE 0.064 (0.062)
Test: [0/15]	Time 0.042 (0.042)	Loss 0.0092 (0.0092)	MAE 0.067 (0.067)
Test: [10/15]	Time 0.042 (0.043)	Loss 0.0087 (0.0152)	MAE 0.063 (0.062)
 * MAE 0.061
Epoch: [131][100/108]	Time 0.081 (0.096)	Data 0.017 (0.021)	Loss 0.0054 (0.0121)	MAE 0.062 (0.062)
Test: [0/15]	Time 0.047 (0.047)	Loss 0.0064 (0.0064)	MAE 0.056 (0.056)
Test: [10/15]	Time 0.041 (0.042)	Loss 0.0100 (0.0163)	MAE 0.065 (0.059)
 * MAE 0.059
Epoch: [132][100/108]	Time 0.101 (0.096)	Data 0.017 (0.021)	Loss 0.0118 (0.0119)	MAE 0.062 (0.061)
Test: [0/15]	Time 0.041 (0.041)	Loss 0.1157 (0.1157)	MAE 0.078 (0.078)
Test: [10/15]	Time 0.054 (0.043)	Loss 0.0077 (0.0172)	MAE 0.062 (0.063)
 * MAE 0.061
Epoch: [133][100/108]	Time 0.107 (0.095)	Data 0.023 (0.021)	Loss 0.0056 (0.0121)	MAE 0.068 (0.063)
Test: [0/15]	Time 0.042 (0.042)	Loss 0.0074 (0.0074)	MAE 0.062 (0.062)
Test: [10/15]	Time 0.037 (0.040)	Loss 0.0072 (0.0176)	MAE 0.065 (0.061)
 * MAE 0.061
Epoch: [134][100/108]	Time 0.108 (0.096)	Data 0.021 (0.021)	Loss 0.0087 (0.0085)	MAE 0.066 (0.061)
Test: [0/15]	Time 0.037 (0.037)	Loss 0.0066 (0.0066)	MAE 0.056 (0.056)
Test: [10/15]	Time 0.037 (0.042)	Loss 0.0065 (0.0170)	MAE 0.058 (0.060)
 * MAE 0.059
Epoch: [135][100/108]	Time 0.082 (0.096)	Data 0.014 (0.022)	Loss 0.0080 (0.0113)	MAE 0.061 (0.061)
Test: [0/15]	Time 0.051 (0.051)	Loss 0.0062 (0.0062)	MAE 0.060 (0.060)
Test: [10/15]	Time 0.036 (0.043)	Loss 0.0076 (0.0138)	MAE 0.057 (0.062)
 * MAE 0.061
Epoch: [136][100/108]	Time 0.094 (0.096)	Data 0.021 (0.021)	Loss 0.0052 (0.0118)	MAE 0.049 (0.061)
Test: [0/15]	Time 0.036 (0.036)	Loss 0.0108 (0.0108)	MAE 0.067 (0.067)
Test: [10/15]	Time 0.043 (0.042)	Loss 0.0071 (0.0076)	MAE 0.057 (0.061)
 * MAE 0.062
Epoch: [137][100/108]	Time 0.095 (0.096)	Data 0.018 (0.021)	Loss 0.0052 (0.0118)	MAE 0.059 (0.061)
Test: [0/15]	Time 0.037 (0.037)	Loss 0.0065 (0.0065)	MAE 0.061 (0.061)
Test: [10/15]	Time 0.049 (0.043)	Loss 0.0104 (0.0147)	MAE 0.068 (0.062)
 * MAE 0.061
Epoch: [138][100/108]	Time 0.083 (0.095)	Data 0.016 (0.021)	Loss 0.0098 (0.0118)	MAE 0.065 (0.061)
Test: [0/15]	Time 0.040 (0.040)	Loss 0.0100 (0.0100)	MAE 0.062 (0.062)
Test: [10/15]	Time 0.036 (0.044)	Loss 0.0092 (0.0137)	MAE 0.062 (0.061)
 * MAE 0.060
Epoch: [139][100/108]	Time 0.092 (0.095)	Data 0.019 (0.021)	Loss 0.0076 (0.0116)	MAE 0.072 (0.061)
Test: [0/15]	Time 0.043 (0.043)	Loss 0.0087 (0.0087)	MAE 0.065 (0.065)
Test: [10/15]	Time 0.044 (0.041)	Loss 0.0056 (0.0145)	MAE 0.057 (0.064)
 * MAE 0.063
Epoch: [140][100/108]	Time 0.096 (0.097)	Data 0.019 (0.021)	Loss 0.0068 (0.0119)	MAE 0.063 (0.061)
Test: [0/15]	Time 0.043 (0.043)	Loss 0.0056 (0.0056)	MAE 0.054 (0.054)
Test: [10/15]	Time 0.045 (0.042)	Loss 0.0083 (0.0114)	MAE 0.060 (0.059)
 * MAE 0.059
Epoch: [141][100/108]	Time 0.107 (0.097)	Data 0.018 (0.021)	Loss 0.0044 (0.0115)	MAE 0.053 (0.060)
Test: [0/15]	Time 0.050 (0.050)	Loss 0.0073 (0.0073)	MAE 0.060 (0.060)
Test: [10/15]	Time 0.040 (0.044)	Loss 0.0066 (0.0075)	MAE 0.057 (0.058)
 * MAE 0.059
Epoch: [142][100/108]	Time 0.100 (0.096)	Data 0.017 (0.022)	Loss 0.0063 (0.0114)	MAE 0.054 (0.061)
Test: [0/15]	Time 0.047 (0.047)	Loss 0.0920 (0.0920)	MAE 0.078 (0.078)
Test: [10/15]	Time 0.040 (0.044)	Loss 0.0060 (0.0148)	MAE 0.055 (0.059)
 * MAE 0.059
Epoch: [143][100/108]	Time 0.096 (0.096)	Data 0.020 (0.021)	Loss 0.0117 (0.0126)	MAE 0.065 (0.065)
Test: [0/15]	Time 0.043 (0.043)	Loss 0.0082 (0.0082)	MAE 0.062 (0.062)
Test: [10/15]	Time 0.054 (0.044)	Loss 0.0058 (0.0187)	MAE 0.054 (0.065)
 * MAE 0.064
Epoch: [144][100/108]	Time 0.097 (0.095)	Data 0.020 (0.021)	Loss 0.0073 (0.0116)	MAE 0.057 (0.061)
Test: [0/15]	Time 0.042 (0.042)	Loss 0.0068 (0.0068)	MAE 0.056 (0.056)
Test: [10/15]	Time 0.052 (0.043)	Loss 0.0103 (0.0126)	MAE 0.061 (0.059)
 * MAE 0.059
Epoch: [145][100/108]	Time 0.101 (0.097)	Data 0.019 (0.022)	Loss 0.0049 (0.0109)	MAE 0.053 (0.061)
Test: [0/15]	Time 0.040 (0.040)	Loss 0.0082 (0.0082)	MAE 0.056 (0.056)
Test: [10/15]	Time 0.043 (0.041)	Loss 0.0060 (0.0069)	MAE 0.054 (0.057)
 * MAE 0.059
Epoch: [146][100/108]	Time 0.092 (0.096)	Data 0.020 (0.022)	Loss 0.0090 (0.0114)	MAE 0.062 (0.060)
Test: [0/15]	Time 0.041 (0.041)	Loss 0.0048 (0.0048)	MAE 0.055 (0.055)
Test: [10/15]	Time 0.040 (0.041)	Loss 0.0083 (0.0072)	MAE 0.059 (0.059)
 * MAE 0.061
Epoch: [147][100/108]	Time 0.082 (0.096)	Data 0.015 (0.021)	Loss 0.0285 (0.0115)	MAE 0.069 (0.061)
Test: [0/15]	Time 0.045 (0.045)	Loss 0.0059 (0.0059)	MAE 0.057 (0.057)
Test: [10/15]	Time 0.040 (0.042)	Loss 0.0062 (0.0075)	MAE 0.059 (0.060)
 * MAE 0.061
Epoch: [148][100/108]	Time 0.092 (0.097)	Data 0.019 (0.022)	Loss 0.0097 (0.0113)	MAE 0.059 (0.062)
Test: [0/15]	Time 0.042 (0.042)	Loss 0.0049 (0.0049)	MAE 0.054 (0.054)
Test: [10/15]	Time 0.035 (0.043)	Loss 0.0094 (0.0074)	MAE 0.063 (0.059)
 * MAE 0.061
Epoch: [149][100/108]	Time 0.082 (0.097)	Data 0.019 (0.021)	Loss 0.0085 (0.0113)	MAE 0.071 (0.061)
Test: [0/15]	Time 0.042 (0.042)	Loss 0.0084 (0.0084)	MAE 0.060 (0.060)
Test: [10/15]	Time 0.036 (0.042)	Loss 0.0069 (0.0119)	MAE 0.062 (0.059)
 * MAE 0.059
Epoch: [150][100/108]	Time 0.084 (0.096)	Data 0.016 (0.021)	Loss 0.0083 (0.0112)	MAE 0.072 (0.062)
Test: [0/15]	Time 0.038 (0.038)	Loss 0.0043 (0.0043)	MAE 0.050 (0.050)
Test: [10/15]	Time 0.047 (0.043)	Loss 0.0069 (0.0113)	MAE 0.059 (0.059)
 * MAE 0.059
Epoch: [151][100/108]	Time 0.094 (0.097)	Data 0.019 (0.022)	Loss 0.0055 (0.0113)	MAE 0.057 (0.063)
Test: [0/15]	Time 0.049 (0.049)	Loss 0.0059 (0.0059)	MAE 0.054 (0.054)
Test: [10/15]	Time 0.043 (0.044)	Loss 0.0862 (0.0144)	MAE 0.076 (0.059)
 * MAE 0.060
Epoch: [152][100/108]	Time 0.083 (0.096)	Data 0.019 (0.021)	Loss 0.0058 (0.0109)	MAE 0.060 (0.060)
Test: [0/15]	Time 0.050 (0.050)	Loss 0.0112 (0.0112)	MAE 0.062 (0.062)
Test: [10/15]	Time 0.045 (0.046)	Loss 0.0096 (0.0076)	MAE 0.064 (0.059)
 * MAE 0.062
Epoch: [153][100/108]	Time 0.086 (0.095)	Data 0.018 (0.021)	Loss 0.0062 (0.0110)	MAE 0.061 (0.062)
Test: [0/15]	Time 0.037 (0.037)	Loss 0.0071 (0.0071)	MAE 0.062 (0.062)
Test: [10/15]	Time 0.040 (0.042)	Loss 0.0048 (0.0156)	MAE 0.053 (0.060)
 * MAE 0.060
Epoch: [154][100/108]	Time 0.109 (0.097)	Data 0.019 (0.021)	Loss 0.0053 (0.0103)	MAE 0.057 (0.060)
Test: [0/15]	Time 0.039 (0.039)	Loss 0.0063 (0.0063)	MAE 0.060 (0.060)
Test: [10/15]	Time 0.040 (0.044)	Loss 0.0094 (0.0156)	MAE 0.063 (0.061)
 * MAE 0.060
Epoch: [155][100/108]	Time 0.089 (0.096)	Data 0.015 (0.022)	Loss 0.0053 (0.0106)	MAE 0.057 (0.062)
Test: [0/15]	Time 0.043 (0.043)	Loss 0.0085 (0.0085)	MAE 0.062 (0.062)
Test: [10/15]	Time 0.045 (0.041)	Loss 0.0072 (0.0136)	MAE 0.061 (0.062)
 * MAE 0.062
Epoch: [156][100/108]	Time 0.105 (0.097)	Data 0.019 (0.022)	Loss 0.0066 (0.0106)	MAE 0.068 (0.061)
Test: [0/15]	Time 0.047 (0.047)	Loss 0.0106 (0.0106)	MAE 0.072 (0.072)
Test: [10/15]	Time 0.039 (0.041)	Loss 0.0088 (0.0132)	MAE 0.068 (0.065)
 * MAE 0.065
Epoch: [157][100/108]	Time 0.099 (0.096)	Data 0.020 (0.021)	Loss 0.0075 (0.0091)	MAE 0.063 (0.062)
Test: [0/15]	Time 0.046 (0.046)	Loss 0.0079 (0.0079)	MAE 0.061 (0.061)
Test: [10/15]	Time 0.043 (0.042)	Loss 0.0071 (0.0076)	MAE 0.064 (0.062)
 * MAE 0.063
Epoch: [158][100/108]	Time 0.092 (0.097)	Data 0.016 (0.021)	Loss 0.0041 (0.0101)	MAE 0.053 (0.062)
Test: [0/15]	Time 0.041 (0.041)	Loss 0.0063 (0.0063)	MAE 0.059 (0.059)
Test: [10/15]	Time 0.042 (0.042)	Loss 0.0060 (0.0138)	MAE 0.055 (0.063)
 * MAE 0.062
Epoch: [159][100/108]	Time 0.092 (0.097)	Data 0.017 (0.021)	Loss 0.0052 (0.0105)	MAE 0.056 (0.064)
Test: [0/15]	Time 0.036 (0.036)	Loss 0.0118 (0.0118)	MAE 0.068 (0.068)
Test: [10/15]	Time 0.050 (0.042)	Loss 0.0071 (0.0132)	MAE 0.063 (0.063)
 * MAE 0.063
Epoch: [160][100/108]	Time 0.085 (0.097)	Data 0.016 (0.022)	Loss 0.0048 (0.0085)	MAE 0.058 (0.062)
Test: [0/15]	Time 0.043 (0.043)	Loss 0.0100 (0.0100)	MAE 0.068 (0.068)
Test: [10/15]	Time 0.044 (0.043)	Loss 0.0069 (0.0156)	MAE 0.058 (0.067)
 * MAE 0.067
Epoch: [161][100/108]	Time 0.088 (0.096)	Data 0.016 (0.021)	Loss 0.0085 (0.0094)	MAE 0.055 (0.061)
Test: [0/15]	Time 0.042 (0.042)	Loss 0.1045 (0.1045)	MAE 0.073 (0.073)
Test: [10/15]	Time 0.038 (0.040)	Loss 0.0068 (0.0162)	MAE 0.061 (0.061)
 * MAE 0.061
Epoch: [162][100/108]	Time 0.093 (0.097)	Data 0.016 (0.021)	Loss 0.0047 (0.0076)	MAE 0.058 (0.060)
Test: [0/15]	Time 0.038 (0.038)	Loss 0.0098 (0.0098)	MAE 0.064 (0.064)
Test: [10/15]	Time 0.043 (0.042)	Loss 0.0112 (0.0080)	MAE 0.073 (0.062)
 * MAE 0.063
Epoch: [163][100/108]	Time 0.110 (0.097)	Data 0.021 (0.021)	Loss 0.0042 (0.0089)	MAE 0.053 (0.062)
Test: [0/15]	Time 0.041 (0.041)	Loss 0.0081 (0.0081)	MAE 0.064 (0.064)
Test: [10/15]	Time 0.042 (0.043)	Loss 0.1072 (0.0163)	MAE 0.082 (0.062)
 * MAE 0.062
Epoch: [164][100/108]	Time 0.087 (0.095)	Data 0.018 (0.021)	Loss 0.0054 (0.0088)	MAE 0.058 (0.061)
Test: [0/15]	Time 0.036 (0.036)	Loss 0.0063 (0.0063)	MAE 0.058 (0.058)
Test: [10/15]	Time 0.039 (0.042)	Loss 0.0053 (0.0170)	MAE 0.056 (0.061)
 * MAE 0.060
Epoch: [165][100/108]	Time 0.093 (0.094)	Data 0.019 (0.019)	Loss 0.0087 (0.0092)	MAE 0.075 (0.061)
Test: [0/15]	Time 0.041 (0.041)	Loss 0.1322 (0.1322)	MAE 0.093 (0.093)
Test: [10/15]	Time 0.041 (0.045)	Loss 0.0058 (0.0274)	MAE 0.056 (0.067)
 * MAE 0.066
Epoch: [166][100/108]	Time 0.102 (0.093)	Data 0.020 (0.018)	Loss 0.0070 (0.0097)	MAE 0.064 (0.063)
Test: [0/15]	Time 0.045 (0.045)	Loss 0.1337 (0.1337)	MAE 0.094 (0.094)
Test: [10/15]	Time 0.041 (0.071)	Loss 0.0116 (0.0208)	MAE 0.071 (0.068)
 * MAE 0.066
Epoch: [167][100/108]	Time 0.079 (0.093)	Data 0.015 (0.018)	Loss 0.0084 (0.0085)	MAE 0.061 (0.061)
Test: [0/15]	Time 0.038 (0.038)	Loss 0.0104 (0.0104)	MAE 0.066 (0.066)
Test: [10/15]	Time 0.042 (0.071)	Loss 0.0079 (0.0081)	MAE 0.067 (0.066)
 * MAE 0.067
Epoch: [168][100/108]	Time 0.094 (0.093)	Data 0.016 (0.019)	Loss 0.0054 (0.0083)	MAE 0.064 (0.062)
Test: [0/15]	Time 0.043 (0.043)	Loss 0.0059 (0.0059)	MAE 0.054 (0.054)
Test: [10/15]	Time 0.038 (0.042)	Loss 0.0056 (0.0208)	MAE 0.056 (0.062)
 * MAE 0.061
Epoch: [169][100/108]	Time 0.087 (0.097)	Data 0.018 (0.022)	Loss 0.0039 (0.0080)	MAE 0.050 (0.060)
Test: [0/15]	Time 0.040 (0.040)	Loss 0.0055 (0.0055)	MAE 0.056 (0.056)
Test: [10/15]	Time 0.043 (0.041)	Loss 0.0084 (0.0176)	MAE 0.055 (0.060)
 * MAE 0.061
Epoch: [170][100/108]	Time 0.082 (0.096)	Data 0.015 (0.021)	Loss 0.0050 (0.0080)	MAE 0.051 (0.061)
Test: [0/15]	Time 0.042 (0.042)	Loss 0.0044 (0.0044)	MAE 0.052 (0.052)
Test: [10/15]	Time 0.037 (0.043)	Loss 0.0090 (0.0207)	MAE 0.065 (0.064)
 * MAE 0.064
Epoch: [171][100/108]	Time 0.093 (0.096)	Data 0.020 (0.021)	Loss 0.0035 (0.0082)	MAE 0.050 (0.060)
Test: [0/15]	Time 0.035 (0.035)	Loss 0.0092 (0.0092)	MAE 0.066 (0.066)
Test: [10/15]	Time 0.049 (0.044)	Loss 0.0074 (0.0076)	MAE 0.066 (0.063)
 * MAE 0.065
Epoch: [172][100/108]	Time 0.091 (0.096)	Data 0.017 (0.021)	Loss 0.0061 (0.0080)	MAE 0.060 (0.060)
Test: [0/15]	Time 0.042 (0.042)	Loss 0.0216 (0.0216)	MAE 0.067 (0.067)
Test: [10/15]	Time 0.048 (0.044)	Loss 0.0064 (0.0094)	MAE 0.060 (0.063)
 * MAE 0.065
Epoch: [173][100/108]	Time 0.112 (0.096)	Data 0.026 (0.021)	Loss 0.0052 (0.0069)	MAE 0.060 (0.061)
Test: [0/15]	Time 0.045 (0.045)	Loss 0.0089 (0.0089)	MAE 0.067 (0.067)
Test: [10/15]	Time 0.045 (0.044)	Loss 0.0082 (0.0229)	MAE 0.062 (0.063)
 * MAE 0.063
Epoch: [174][100/108]	Time 0.085 (0.095)	Data 0.015 (0.021)	Loss 0.0042 (0.0081)	MAE 0.050 (0.061)
Test: [0/15]	Time 0.040 (0.040)	Loss 0.0064 (0.0064)	MAE 0.058 (0.058)
Test: [10/15]	Time 0.047 (0.042)	Loss 0.0108 (0.0071)	MAE 0.064 (0.059)
 * MAE 0.060
Epoch: [175][100/108]	Time 0.101 (0.096)	Data 0.021 (0.021)	Loss 0.0054 (0.0082)	MAE 0.060 (0.060)
Test: [0/15]	Time 0.038 (0.038)	Loss 0.0056 (0.0056)	MAE 0.059 (0.059)
Test: [10/15]	Time 0.046 (0.042)	Loss 0.0065 (0.0209)	MAE 0.056 (0.064)
 * MAE 0.063
Epoch: [176][100/108]	Time 0.084 (0.097)	Data 0.018 (0.022)	Loss 0.0063 (0.0084)	MAE 0.058 (0.061)
Test: [0/15]	Time 0.041 (0.041)	Loss 0.0079 (0.0079)	MAE 0.061 (0.061)
Test: [10/15]	Time 0.043 (0.044)	Loss 0.0217 (0.0215)	MAE 0.062 (0.062)
 * MAE 0.061
Epoch: [177][100/108]	Time 0.108 (0.096)	Data 0.021 (0.022)	Loss 0.0043 (0.0066)	MAE 0.051 (0.059)
Test: [0/15]	Time 0.043 (0.043)	Loss 0.0054 (0.0054)	MAE 0.058 (0.058)
Test: [10/15]	Time 0.049 (0.045)	Loss 0.0125 (0.0229)	MAE 0.074 (0.063)
 * MAE 0.062
Epoch: [178][100/108]	Time 0.093 (0.095)	Data 0.019 (0.021)	Loss 0.0034 (0.0080)	MAE 0.048 (0.060)
Test: [0/15]	Time 0.041 (0.041)	Loss 0.0040 (0.0040)	MAE 0.049 (0.049)
Test: [10/15]	Time 0.049 (0.044)	Loss 0.0101 (0.0205)	MAE 0.060 (0.060)
 * MAE 0.059
Epoch: [179][100/108]	Time 0.099 (0.097)	Data 0.017 (0.022)	Loss 0.0043 (0.0078)	MAE 0.052 (0.060)
Test: [0/15]	Time 0.041 (0.041)	Loss 0.0122 (0.0122)	MAE 0.064 (0.064)
Test: [10/15]	Time 0.042 (0.042)	Loss 0.0067 (0.0123)	MAE 0.057 (0.059)
 * MAE 0.059
Epoch: [180][100/108]	Time 0.101 (0.096)	Data 0.019 (0.021)	Loss 0.0055 (0.0087)	MAE 0.057 (0.061)
Test: [0/15]	Time 0.045 (0.045)	Loss 0.0052 (0.0052)	MAE 0.056 (0.056)
Test: [10/15]	Time 0.046 (0.042)	Loss 0.0082 (0.0169)	MAE 0.061 (0.063)
 * MAE 0.062
Epoch: [181][100/108]	Time 0.094 (0.096)	Data 0.019 (0.021)	Loss 0.0075 (0.0067)	MAE 0.055 (0.059)
Test: [0/15]	Time 0.039 (0.039)	Loss 0.0064 (0.0064)	MAE 0.060 (0.060)
Test: [10/15]	Time 0.038 (0.041)	Loss 0.0075 (0.0148)	MAE 0.061 (0.064)
 * MAE 0.065
Epoch: [182][100/108]	Time 0.098 (0.095)	Data 0.021 (0.021)	Loss 0.0050 (0.0080)	MAE 0.054 (0.061)
Test: [0/15]	Time 0.048 (0.048)	Loss 0.0051 (0.0051)	MAE 0.054 (0.054)
Test: [10/15]	Time 0.040 (0.044)	Loss 0.0140 (0.0262)	MAE 0.072 (0.066)
 * MAE 0.065
Epoch: [183][100/108]	Time 0.094 (0.096)	Data 0.019 (0.021)	Loss 0.0053 (0.0077)	MAE 0.055 (0.059)
Test: [0/15]	Time 0.037 (0.037)	Loss 0.0088 (0.0088)	MAE 0.059 (0.059)
Test: [10/15]	Time 0.037 (0.041)	Loss 0.0072 (0.0239)	MAE 0.059 (0.060)
 * MAE 0.060
Epoch: [184][100/108]	Time 0.090 (0.095)	Data 0.017 (0.021)	Loss 0.0270 (0.0073)	MAE 0.064 (0.059)
Test: [0/15]	Time 0.041 (0.041)	Loss 0.0092 (0.0092)	MAE 0.066 (0.066)
Test: [10/15]	Time 0.039 (0.042)	Loss 0.0044 (0.0232)	MAE 0.054 (0.060)
 * MAE 0.060
Epoch: [185][100/108]	Time 0.100 (0.097)	Data 0.022 (0.021)	Loss 0.0101 (0.0075)	MAE 0.061 (0.060)
Test: [0/15]	Time 0.047 (0.047)	Loss 0.0072 (0.0072)	MAE 0.061 (0.061)
Test: [10/15]	Time 0.041 (0.044)	Loss 0.0087 (0.0258)	MAE 0.059 (0.064)
 * MAE 0.064
Epoch: [186][100/108]	Time 0.094 (0.096)	Data 0.018 (0.021)	Loss 0.0153 (0.0078)	MAE 0.066 (0.060)
Test: [0/15]	Time 0.043 (0.043)	Loss 0.0096 (0.0096)	MAE 0.063 (0.063)
Test: [10/15]	Time 0.045 (0.043)	Loss 0.0072 (0.0242)	MAE 0.061 (0.062)
 * MAE 0.062
Epoch: [187][100/108]	Time 0.089 (0.097)	Data 0.018 (0.022)	Loss 0.0046 (0.0078)	MAE 0.062 (0.061)
Test: [0/15]	Time 0.040 (0.040)	Loss 0.2187 (0.2187)	MAE 0.092 (0.092)
Test: [10/15]	Time 0.044 (0.041)	Loss 0.0097 (0.0266)	MAE 0.062 (0.062)
 * MAE 0.060
Epoch: [188][100/108]	Time 0.117 (0.099)	Data 0.029 (0.022)	Loss 0.0108 (0.0078)	MAE 0.071 (0.060)
Test: [0/15]	Time 0.052 (0.052)	Loss 0.0076 (0.0076)	MAE 0.059 (0.059)
Test: [10/15]	Time 0.047 (0.049)	Loss 0.0098 (0.0071)	MAE 0.064 (0.057)
 * MAE 0.060
Epoch: [189][100/108]	Time 0.107 (0.101)	Data 0.020 (0.025)	Loss 0.0054 (0.0087)	MAE 0.060 (0.063)
Test: [0/15]	Time 0.042 (0.042)	Loss 0.0046 (0.0046)	MAE 0.049 (0.049)
Test: [10/15]	Time 0.045 (0.044)	Loss 0.0079 (0.0263)	MAE 0.059 (0.060)
 * MAE 0.060
Epoch: [190][100/108]	Time 0.100 (0.096)	Data 0.022 (0.021)	Loss 0.0088 (0.0079)	MAE 0.062 (0.060)
Test: [0/15]	Time 0.041 (0.041)	Loss 0.0102 (0.0102)	MAE 0.064 (0.064)
Test: [10/15]	Time 0.040 (0.041)	Loss 0.0062 (0.0278)	MAE 0.058 (0.061)
 * MAE 0.060
Epoch: [191][100/108]	Time 0.084 (0.096)	Data 0.019 (0.021)	Loss 0.0038 (0.0077)	MAE 0.050 (0.059)
Test: [0/15]	Time 0.048 (0.048)	Loss 0.0073 (0.0073)	MAE 0.060 (0.060)
Test: [10/15]	Time 0.037 (0.042)	Loss 0.0097 (0.0228)	MAE 0.067 (0.061)
 * MAE 0.060
Epoch: [192][100/108]	Time 0.101 (0.096)	Data 0.022 (0.021)	Loss 0.0068 (0.0075)	MAE 0.059 (0.059)
Test: [0/15]	Time 0.042 (0.042)	Loss 0.0057 (0.0057)	MAE 0.059 (0.059)
Test: [10/15]	Time 0.036 (0.043)	Loss 0.0079 (0.0262)	MAE 0.067 (0.067)
 * MAE 0.067
Epoch: [193][100/108]	Time 0.094 (0.096)	Data 0.017 (0.021)	Loss 0.0055 (0.0070)	MAE 0.059 (0.059)
Test: [0/15]	Time 0.040 (0.040)	Loss 0.0068 (0.0068)	MAE 0.058 (0.058)
Test: [10/15]	Time 0.041 (0.043)	Loss 0.0101 (0.0072)	MAE 0.064 (0.057)
 * MAE 0.059
Epoch: [194][100/108]	Time 0.094 (0.096)	Data 0.016 (0.022)	Loss 0.0067 (0.0075)	MAE 0.069 (0.060)
Test: [0/15]	Time 0.048 (0.048)	Loss 0.0080 (0.0080)	MAE 0.061 (0.061)
Test: [10/15]	Time 0.046 (0.044)	Loss 0.0078 (0.0249)	MAE 0.061 (0.063)
 * MAE 0.062
Epoch: [195][100/108]	Time 0.095 (0.097)	Data 0.018 (0.021)	Loss 0.0073 (0.0074)	MAE 0.070 (0.059)
Test: [0/15]	Time 0.054 (0.054)	Loss 0.0110 (0.0110)	MAE 0.068 (0.068)
Test: [10/15]	Time 0.042 (0.043)	Loss 0.0073 (0.0220)	MAE 0.062 (0.062)
 * MAE 0.062
Epoch: [196][100/108]	Time 0.385 (0.096)	Data 0.299 (0.021)	Loss 0.0074 (0.0075)	MAE 0.060 (0.060)
Test: [0/15]	Time 0.045 (0.045)	Loss 0.0101 (0.0101)	MAE 0.064 (0.064)
Test: [10/15]	Time 0.039 (0.042)	Loss 0.0070 (0.0070)	MAE 0.057 (0.058)
 * MAE 0.060
Epoch: [197][100/108]	Time 0.100 (0.092)	Data 0.017 (0.018)	Loss 0.0063 (0.0073)	MAE 0.059 (0.059)
Test: [0/15]	Time 0.047 (0.047)	Loss 0.0055 (0.0055)	MAE 0.053 (0.053)
Test: [10/15]	Time 0.041 (0.067)	Loss 0.0073 (0.0173)	MAE 0.062 (0.059)
 * MAE 0.059
Epoch: [198][100/108]	Time 0.100 (0.094)	Data 0.020 (0.018)	Loss 0.0072 (0.0072)	MAE 0.063 (0.059)
Test: [0/15]	Time 0.038 (0.038)	Loss 0.0074 (0.0074)	MAE 0.057 (0.057)
Test: [10/15]	Time 0.044 (0.067)	Loss 0.0060 (0.0216)	MAE 0.056 (0.061)
 * MAE 0.060
Epoch: [199][100/108]	Time 0.114 (0.094)	Data 0.022 (0.019)	Loss 0.0040 (0.0072)	MAE 0.050 (0.059)
Test: [0/15]	Time 0.036 (0.036)	Loss 0.0086 (0.0086)	MAE 0.064 (0.064)
Test: [10/15]	Time 0.041 (0.041)	Loss 0.0051 (0.0070)	MAE 0.056 (0.060)
 * MAE 0.062
---------Evaluate Model on Test Set---------------
Test: [0/22]	Time 4.883 (4.883)	Loss 0.0076 (0.0076)	MAE 0.058 (0.058)
Test: [10/22]	Time 3.920 (4.332)	Loss 0.0073 (0.0069)	MAE 0.061 (0.056)
Test: [20/22]	Time 3.772 (4.293)	Loss 0.0107 (0.0079)	MAE 0.063 (0.058)
 ** MAE 0.058
