Epoch: [0][100/108]	Time 4.193 (4.097)	Data 4.121 (4.021)	Loss 0.0672 (0.2240)	MAE 0.202 (0.351)
Test: [0/15]	Time 3.523 (3.523)	Loss 0.1269 (0.1269)	MAE 0.333 (0.333)
Test: [10/15]	Time 4.181 (4.085)	Loss 0.1163 (0.1270)	MAE 0.313 (0.323)
 * MAE 0.324
Epoch: [1][100/108]	Time 0.088 (0.092)	Data 0.020 (0.022)	Loss 0.0504 (0.0720)	MAE 0.183 (0.205)
Test: [0/15]	Time 0.047 (0.047)	Loss 0.0620 (0.0620)	MAE 0.217 (0.217)
Test: [10/15]	Time 0.036 (0.041)	Loss 0.1784 (0.0809)	MAE 0.258 (0.233)
 * MAE 0.233
Epoch: [2][100/108]	Time 0.087 (0.091)	Data 0.017 (0.021)	Loss 0.0464 (0.0598)	MAE 0.194 (0.184)
Test: [0/15]	Time 0.041 (0.041)	Loss 0.0694 (0.0694)	MAE 0.212 (0.212)
Test: [10/15]	Time 0.037 (0.039)	Loss 0.0500 (0.0486)	MAE 0.184 (0.183)
 * MAE 0.184
Epoch: [3][100/108]	Time 0.093 (0.090)	Data 0.016 (0.021)	Loss 0.0442 (0.0573)	MAE 0.178 (0.180)
Test: [0/15]	Time 0.038 (0.038)	Loss 0.0502 (0.0502)	MAE 0.188 (0.188)
Test: [10/15]	Time 0.035 (0.040)	Loss 0.0609 (0.0608)	MAE 0.196 (0.186)
 * MAE 0.189
Epoch: [4][100/108]	Time 0.103 (0.091)	Data 0.024 (0.021)	Loss 0.0344 (0.0484)	MAE 0.156 (0.168)
Test: [0/15]	Time 0.037 (0.037)	Loss 0.0416 (0.0416)	MAE 0.157 (0.157)
Test: [10/15]	Time 0.040 (0.039)	Loss 0.0352 (0.0431)	MAE 0.159 (0.157)
 * MAE 0.159
Epoch: [5][100/108]	Time 0.088 (0.091)	Data 0.020 (0.021)	Loss 0.0356 (0.0460)	MAE 0.148 (0.159)
Test: [0/15]	Time 0.039 (0.039)	Loss 0.0382 (0.0382)	MAE 0.157 (0.157)
Test: [10/15]	Time 0.038 (0.041)	Loss 0.0481 (0.0449)	MAE 0.162 (0.157)
 * MAE 0.157
Epoch: [6][100/108]	Time 0.081 (0.090)	Data 0.016 (0.021)	Loss 0.0417 (0.0423)	MAE 0.147 (0.152)
Test: [0/15]	Time 0.043 (0.043)	Loss 0.1541 (0.1541)	MAE 0.237 (0.237)
Test: [10/15]	Time 0.037 (0.039)	Loss 0.0596 (0.0739)	MAE 0.213 (0.222)
 * MAE 0.220
Epoch: [7][100/108]	Time 0.072 (0.091)	Data 0.014 (0.021)	Loss 0.0427 (0.0445)	MAE 0.170 (0.158)
Test: [0/15]	Time 0.036 (0.036)	Loss 0.0241 (0.0241)	MAE 0.125 (0.125)
Test: [10/15]	Time 0.039 (0.039)	Loss 0.0333 (0.0413)	MAE 0.143 (0.143)
 * MAE 0.143
Epoch: [8][100/108]	Time 0.093 (0.091)	Data 0.019 (0.021)	Loss 0.0166 (0.0430)	MAE 0.110 (0.154)
Test: [0/15]	Time 0.040 (0.040)	Loss 0.0312 (0.0312)	MAE 0.133 (0.133)
Test: [10/15]	Time 0.036 (0.040)	Loss 0.0447 (0.0390)	MAE 0.155 (0.139)
 * MAE 0.136
Epoch: [9][100/108]	Time 0.089 (0.088)	Data 0.016 (0.018)	Loss 0.0269 (0.0393)	MAE 0.127 (0.144)
Test: [0/15]	Time 0.038 (0.038)	Loss 0.0193 (0.0193)	MAE 0.114 (0.114)
Test: [10/15]	Time 0.039 (0.041)	Loss 0.0249 (0.0306)	MAE 0.114 (0.122)
 * MAE 0.121
Epoch: [10][100/108]	Time 0.373 (0.091)	Data 0.299 (0.021)	Loss 0.0330 (0.0393)	MAE 0.150 (0.144)
Test: [0/15]	Time 0.040 (0.040)	Loss 0.0417 (0.0417)	MAE 0.180 (0.180)
Test: [10/15]	Time 0.037 (0.040)	Loss 0.0400 (0.0405)	MAE 0.188 (0.182)
 * MAE 0.185
Epoch: [11][100/108]	Time 0.084 (0.087)	Data 0.018 (0.018)	Loss 0.0279 (0.0405)	MAE 0.143 (0.151)
Test: [0/15]	Time 0.037 (0.037)	Loss 0.0306 (0.0306)	MAE 0.153 (0.153)
Test: [10/15]	Time 0.038 (0.038)	Loss 0.0266 (0.0280)	MAE 0.146 (0.143)
 * MAE 0.146
Epoch: [12][100/108]	Time 0.080 (0.087)	Data 0.018 (0.018)	Loss 0.0447 (0.0373)	MAE 0.184 (0.141)
Test: [0/15]	Time 0.041 (0.041)	Loss 0.0236 (0.0236)	MAE 0.118 (0.118)
Test: [10/15]	Time 0.038 (0.066)	Loss 0.0159 (0.0286)	MAE 0.110 (0.118)
 * MAE 0.117
Epoch: [13][100/108]	Time 0.089 (0.088)	Data 0.021 (0.018)	Loss 0.1776 (0.0359)	MAE 0.130 (0.139)
Test: [0/15]	Time 0.041 (0.041)	Loss 0.0760 (0.0760)	MAE 0.260 (0.260)
Test: [10/15]	Time 0.038 (0.039)	Loss 0.0591 (0.0768)	MAE 0.237 (0.256)
 * MAE 0.257
Epoch: [14][100/108]	Time 0.096 (0.087)	Data 0.019 (0.018)	Loss 0.0443 (0.0308)	MAE 0.125 (0.124)
Test: [0/15]	Time 0.043 (0.043)	Loss 0.0811 (0.0811)	MAE 0.241 (0.241)
Test: [10/15]	Time 0.041 (0.042)	Loss 0.0751 (0.0836)	MAE 0.228 (0.232)
 * MAE 0.230
Epoch: [15][100/108]	Time 0.083 (0.088)	Data 0.020 (0.018)	Loss 0.0368 (0.0366)	MAE 0.174 (0.152)
Test: [0/15]	Time 0.042 (0.042)	Loss 0.0231 (0.0231)	MAE 0.104 (0.104)
Test: [10/15]	Time 0.042 (0.041)	Loss 0.0245 (0.0256)	MAE 0.114 (0.105)
 * MAE 0.107
Epoch: [16][100/108]	Time 0.082 (0.089)	Data 0.019 (0.018)	Loss 0.0196 (0.0328)	MAE 0.106 (0.132)
Test: [0/15]	Time 0.041 (0.041)	Loss 0.0169 (0.0169)	MAE 0.106 (0.106)
Test: [10/15]	Time 0.037 (0.040)	Loss 0.0277 (0.0281)	MAE 0.126 (0.119)
 * MAE 0.118
Epoch: [17][100/108]	Time 0.094 (0.088)	Data 0.020 (0.018)	Loss 0.0428 (0.0311)	MAE 0.136 (0.124)
Test: [0/15]	Time 0.040 (0.040)	Loss 0.0150 (0.0150)	MAE 0.094 (0.094)
Test: [10/15]	Time 0.043 (0.040)	Loss 0.0866 (0.0240)	MAE 0.132 (0.103)
 * MAE 0.104
Epoch: [18][100/108]	Time 0.094 (0.089)	Data 0.019 (0.019)	Loss 0.0233 (0.0342)	MAE 0.126 (0.134)
Test: [0/15]	Time 0.042 (0.042)	Loss 0.0218 (0.0218)	MAE 0.113 (0.113)
Test: [10/15]	Time 0.039 (0.040)	Loss 0.0297 (0.0312)	MAE 0.130 (0.120)
 * MAE 0.121
Epoch: [19][100/108]	Time 0.093 (0.088)	Data 0.021 (0.018)	Loss 0.0547 (0.0337)	MAE 0.181 (0.134)
Test: [0/15]	Time 0.042 (0.042)	Loss 0.0179 (0.0179)	MAE 0.109 (0.109)
Test: [10/15]	Time 0.047 (0.040)	Loss 0.0240 (0.0242)	MAE 0.121 (0.113)
 * MAE 0.113
Epoch: [20][100/108]	Time 0.094 (0.087)	Data 0.017 (0.018)	Loss 0.0304 (0.0307)	MAE 0.160 (0.131)
Test: [0/15]	Time 0.040 (0.040)	Loss 0.0282 (0.0282)	MAE 0.142 (0.142)
Test: [10/15]	Time 0.039 (0.040)	Loss 0.0343 (0.0330)	MAE 0.147 (0.148)
 * MAE 0.153
Epoch: [21][100/108]	Time 0.095 (0.087)	Data 0.019 (0.018)	Loss 0.0198 (0.0325)	MAE 0.113 (0.129)
Test: [0/15]	Time 0.041 (0.041)	Loss 0.0353 (0.0353)	MAE 0.145 (0.145)
Test: [10/15]	Time 0.050 (0.040)	Loss 0.0169 (0.0261)	MAE 0.107 (0.128)
 * MAE 0.128
Epoch: [22][100/108]	Time 0.090 (0.088)	Data 0.019 (0.018)	Loss 0.0139 (0.0314)	MAE 0.094 (0.126)
Test: [0/15]	Time 0.044 (0.044)	Loss 0.0242 (0.0242)	MAE 0.140 (0.140)
Test: [10/15]	Time 0.042 (0.042)	Loss 0.0193 (0.0239)	MAE 0.126 (0.130)
 * MAE 0.131
Epoch: [23][100/108]	Time 0.092 (0.088)	Data 0.019 (0.018)	Loss 0.0315 (0.0294)	MAE 0.160 (0.121)
Test: [0/15]	Time 0.046 (0.046)	Loss 0.0346 (0.0346)	MAE 0.167 (0.167)
Test: [10/15]	Time 0.040 (0.041)	Loss 0.0972 (0.0424)	MAE 0.188 (0.173)
 * MAE 0.174
Epoch: [24][100/108]	Time 0.104 (0.088)	Data 0.022 (0.018)	Loss 0.0184 (0.0243)	MAE 0.097 (0.119)
Test: [0/15]	Time 0.040 (0.040)	Loss 0.0218 (0.0218)	MAE 0.119 (0.119)
Test: [10/15]	Time 0.041 (0.039)	Loss 0.0193 (0.0288)	MAE 0.113 (0.118)
 * MAE 0.120
Epoch: [25][100/108]	Time 0.087 (0.088)	Data 0.018 (0.018)	Loss 0.0246 (0.0301)	MAE 0.124 (0.124)
Test: [0/15]	Time 0.042 (0.042)	Loss 0.0175 (0.0175)	MAE 0.108 (0.108)
Test: [10/15]	Time 0.038 (0.039)	Loss 0.0196 (0.0251)	MAE 0.117 (0.111)
 * MAE 0.109
Epoch: [26][100/108]	Time 0.078 (0.088)	Data 0.020 (0.018)	Loss 0.0567 (0.0317)	MAE 0.228 (0.129)
Test: [0/15]	Time 0.037 (0.037)	Loss 0.0179 (0.0179)	MAE 0.109 (0.109)
Test: [10/15]	Time 0.322 (0.064)	Loss 0.0182 (0.0233)	MAE 0.110 (0.106)
 * MAE 0.106
Epoch: [27][100/108]	Time 0.095 (0.088)	Data 0.016 (0.018)	Loss 0.0499 (0.0328)	MAE 0.188 (0.131)
Test: [0/15]	Time 0.036 (0.036)	Loss 0.0102 (0.0102)	MAE 0.084 (0.084)
Test: [10/15]	Time 0.041 (0.039)	Loss 0.0139 (0.0214)	MAE 0.088 (0.091)
 * MAE 0.092
Epoch: [28][100/108]	Time 0.088 (0.087)	Data 0.020 (0.018)	Loss 0.0454 (0.0278)	MAE 0.138 (0.117)
Test: [0/15]	Time 0.040 (0.040)	Loss 0.0154 (0.0154)	MAE 0.098 (0.098)
Test: [10/15]	Time 0.035 (0.037)	Loss 0.0226 (0.0195)	MAE 0.108 (0.104)
 * MAE 0.104
Epoch: [29][100/108]	Time 0.079 (0.089)	Data 0.016 (0.018)	Loss 0.0234 (0.0290)	MAE 0.122 (0.123)
Test: [0/15]	Time 0.035 (0.035)	Loss 0.0722 (0.0722)	MAE 0.233 (0.233)
Test: [10/15]	Time 0.036 (0.038)	Loss 0.0748 (0.0790)	MAE 0.242 (0.236)
 * MAE 0.236
Epoch: [30][100/108]	Time 0.087 (0.091)	Data 0.015 (0.021)	Loss 0.0284 (0.0292)	MAE 0.148 (0.122)
Test: [0/15]	Time 0.037 (0.037)	Loss 0.0201 (0.0201)	MAE 0.116 (0.116)
Test: [10/15]	Time 0.038 (0.037)	Loss 0.0187 (0.0252)	MAE 0.116 (0.113)
 * MAE 0.113
Epoch: [31][100/108]	Time 0.088 (0.091)	Data 0.016 (0.021)	Loss 0.0241 (0.0297)	MAE 0.129 (0.124)
Test: [0/15]	Time 0.041 (0.041)	Loss 0.0273 (0.0273)	MAE 0.145 (0.145)
Test: [10/15]	Time 0.037 (0.039)	Loss 0.0292 (0.0366)	MAE 0.153 (0.155)
 * MAE 0.155
Epoch: [32][100/108]	Time 0.082 (0.091)	Data 0.016 (0.021)	Loss 0.0165 (0.0290)	MAE 0.097 (0.122)
Test: [0/15]	Time 0.036 (0.036)	Loss 0.0258 (0.0258)	MAE 0.139 (0.139)
Test: [10/15]	Time 0.041 (0.038)	Loss 0.0240 (0.0299)	MAE 0.135 (0.138)
 * MAE 0.137
Epoch: [33][100/108]	Time 0.079 (0.090)	Data 0.017 (0.021)	Loss 0.0191 (0.0291)	MAE 0.115 (0.122)
Test: [0/15]	Time 0.047 (0.047)	Loss 0.0307 (0.0307)	MAE 0.147 (0.147)
Test: [10/15]	Time 0.038 (0.038)	Loss 0.1061 (0.0376)	MAE 0.167 (0.152)
 * MAE 0.151
Epoch: [34][100/108]	Time 0.081 (0.090)	Data 0.017 (0.021)	Loss 0.0878 (0.0288)	MAE 0.163 (0.121)
Test: [0/15]	Time 0.042 (0.042)	Loss 0.1061 (0.1061)	MAE 0.169 (0.169)
Test: [10/15]	Time 0.034 (0.039)	Loss 0.0259 (0.0368)	MAE 0.138 (0.152)
 * MAE 0.154
Epoch: [35][100/108]	Time 0.090 (0.090)	Data 0.020 (0.021)	Loss 0.0220 (0.0274)	MAE 0.125 (0.117)
Test: [0/15]	Time 0.040 (0.040)	Loss 0.0240 (0.0240)	MAE 0.133 (0.133)
Test: [10/15]	Time 0.035 (0.037)	Loss 0.0254 (0.0322)	MAE 0.135 (0.134)
 * MAE 0.135
Epoch: [36][100/108]	Time 0.091 (0.091)	Data 0.016 (0.021)	Loss 0.0199 (0.0299)	MAE 0.122 (0.126)
Test: [0/15]	Time 0.043 (0.043)	Loss 0.0186 (0.0186)	MAE 0.113 (0.113)
Test: [10/15]	Time 0.033 (0.039)	Loss 0.0235 (0.0236)	MAE 0.117 (0.109)
 * MAE 0.109
Epoch: [37][100/108]	Time 0.090 (0.090)	Data 0.019 (0.021)	Loss 0.0237 (0.0276)	MAE 0.109 (0.119)
Test: [0/15]	Time 0.040 (0.040)	Loss 0.0129 (0.0129)	MAE 0.095 (0.095)
Test: [10/15]	Time 0.038 (0.038)	Loss 0.0167 (0.0202)	MAE 0.101 (0.096)
 * MAE 0.095
Epoch: [38][100/108]	Time 0.098 (0.090)	Data 0.020 (0.021)	Loss 0.0184 (0.0284)	MAE 0.102 (0.121)
Test: [0/15]	Time 0.039 (0.039)	Loss 0.0251 (0.0251)	MAE 0.124 (0.124)
Test: [10/15]	Time 0.036 (0.039)	Loss 0.0261 (0.0324)	MAE 0.136 (0.135)
 * MAE 0.134
Epoch: [39][100/108]	Time 0.092 (0.090)	Data 0.015 (0.021)	Loss 0.0350 (0.0230)	MAE 0.172 (0.116)
Test: [0/15]	Time 0.034 (0.034)	Loss 0.0277 (0.0277)	MAE 0.137 (0.137)
Test: [10/15]	Time 0.050 (0.038)	Loss 0.0247 (0.0317)	MAE 0.131 (0.133)
 * MAE 0.132
Epoch: [40][100/108]	Time 0.075 (0.090)	Data 0.017 (0.021)	Loss 0.0144 (0.0300)	MAE 0.095 (0.126)
Test: [0/15]	Time 0.037 (0.037)	Loss 0.0211 (0.0211)	MAE 0.117 (0.117)
Test: [10/15]	Time 0.041 (0.038)	Loss 0.0196 (0.0267)	MAE 0.117 (0.116)
 * MAE 0.117
Epoch: [41][100/108]	Time 0.076 (0.091)	Data 0.016 (0.021)	Loss 0.0109 (0.0268)	MAE 0.083 (0.116)
Test: [0/15]	Time 0.035 (0.035)	Loss 0.0960 (0.0960)	MAE 0.137 (0.137)
Test: [10/15]	Time 0.048 (0.041)	Loss 0.0201 (0.0292)	MAE 0.121 (0.128)
 * MAE 0.128
Epoch: [42][100/108]	Time 0.090 (0.092)	Data 0.019 (0.021)	Loss 0.0135 (0.0255)	MAE 0.090 (0.111)
Test: [0/15]	Time 0.037 (0.037)	Loss 0.0160 (0.0160)	MAE 0.103 (0.103)
Test: [10/15]	Time 0.039 (0.041)	Loss 0.0154 (0.0232)	MAE 0.108 (0.108)
 * MAE 0.107
Epoch: [43][100/108]	Time 0.088 (0.090)	Data 0.016 (0.020)	Loss 0.0149 (0.0266)	MAE 0.106 (0.114)
Test: [0/15]	Time 0.044 (0.044)	Loss 0.0132 (0.0132)	MAE 0.098 (0.098)
Test: [10/15]	Time 0.038 (0.039)	Loss 0.0196 (0.0173)	MAE 0.108 (0.109)
 * MAE 0.111
Epoch: [44][100/108]	Time 0.090 (0.092)	Data 0.019 (0.021)	Loss 0.0192 (0.0244)	MAE 0.118 (0.108)
Test: [0/15]	Time 0.044 (0.044)	Loss 0.0229 (0.0229)	MAE 0.113 (0.113)
Test: [10/15]	Time 0.040 (0.040)	Loss 0.0180 (0.0254)	MAE 0.110 (0.114)
 * MAE 0.113
Epoch: [45][100/108]	Time 0.086 (0.092)	Data 0.019 (0.021)	Loss 0.0213 (0.0239)	MAE 0.122 (0.107)
Test: [0/15]	Time 0.034 (0.034)	Loss 0.0177 (0.0177)	MAE 0.116 (0.116)
Test: [10/15]	Time 0.037 (0.042)	Loss 0.0298 (0.0212)	MAE 0.129 (0.122)
 * MAE 0.123
Epoch: [46][100/108]	Time 0.086 (0.091)	Data 0.015 (0.021)	Loss 0.0287 (0.0285)	MAE 0.128 (0.124)
Test: [0/15]	Time 0.039 (0.039)	Loss 0.0126 (0.0126)	MAE 0.091 (0.091)
Test: [10/15]	Time 0.041 (0.042)	Loss 0.0951 (0.0226)	MAE 0.128 (0.101)
 * MAE 0.101
Epoch: [47][100/108]	Time 0.094 (0.091)	Data 0.024 (0.021)	Loss 0.0119 (0.0262)	MAE 0.090 (0.118)
Test: [0/15]	Time 0.044 (0.044)	Loss 0.0186 (0.0186)	MAE 0.099 (0.099)
Test: [10/15]	Time 0.035 (0.039)	Loss 0.0154 (0.0239)	MAE 0.104 (0.107)
 * MAE 0.108
Epoch: [48][100/108]	Time 0.095 (0.091)	Data 0.022 (0.021)	Loss 0.0211 (0.0258)	MAE 0.121 (0.111)
Test: [0/15]	Time 0.036 (0.036)	Loss 0.0214 (0.0214)	MAE 0.112 (0.112)
Test: [10/15]	Time 0.036 (0.040)	Loss 0.0216 (0.0238)	MAE 0.107 (0.102)
 * MAE 0.103
Epoch: [49][100/108]	Time 0.090 (0.091)	Data 0.020 (0.021)	Loss 0.0125 (0.0243)	MAE 0.090 (0.107)
Test: [0/15]	Time 0.038 (0.038)	Loss 0.0160 (0.0160)	MAE 0.100 (0.100)
Test: [10/15]	Time 0.042 (0.040)	Loss 0.0163 (0.0256)	MAE 0.100 (0.110)
 * MAE 0.111
Epoch: [50][100/108]	Time 0.083 (0.092)	Data 0.015 (0.021)	Loss 0.0213 (0.0253)	MAE 0.119 (0.112)
Test: [0/15]	Time 0.038 (0.038)	Loss 0.0222 (0.0222)	MAE 0.112 (0.112)
Test: [10/15]	Time 0.044 (0.040)	Loss 0.0214 (0.0280)	MAE 0.116 (0.115)
 * MAE 0.113
Epoch: [51][100/108]	Time 0.097 (0.092)	Data 0.020 (0.021)	Loss 0.0106 (0.0261)	MAE 0.084 (0.113)
Test: [0/15]	Time 0.038 (0.038)	Loss 0.0172 (0.0172)	MAE 0.101 (0.101)
Test: [10/15]	Time 0.043 (0.041)	Loss 0.0173 (0.0222)	MAE 0.108 (0.104)
 * MAE 0.105
Epoch: [52][100/108]	Time 0.073 (0.091)	Data 0.015 (0.021)	Loss 0.0151 (0.0244)	MAE 0.099 (0.114)
Test: [0/15]	Time 0.039 (0.039)	Loss 0.0325 (0.0325)	MAE 0.150 (0.150)
Test: [10/15]	Time 0.040 (0.040)	Loss 0.0327 (0.0386)	MAE 0.143 (0.150)
 * MAE 0.151
Epoch: [53][100/108]	Time 0.100 (0.091)	Data 0.020 (0.021)	Loss 0.0098 (0.0244)	MAE 0.078 (0.108)
Test: [0/15]	Time 0.041 (0.041)	Loss 0.0127 (0.0127)	MAE 0.098 (0.098)
Test: [10/15]	Time 0.038 (0.040)	Loss 0.0128 (0.0204)	MAE 0.099 (0.104)
 * MAE 0.105
Epoch: [54][100/108]	Time 0.090 (0.091)	Data 0.018 (0.021)	Loss 0.0134 (0.0238)	MAE 0.091 (0.106)
Test: [0/15]	Time 0.038 (0.038)	Loss 0.0108 (0.0108)	MAE 0.083 (0.083)
Test: [10/15]	Time 0.036 (0.040)	Loss 0.0163 (0.0197)	MAE 0.099 (0.090)
 * MAE 0.090
Epoch: [55][100/108]	Time 0.083 (0.091)	Data 0.017 (0.021)	Loss 0.0129 (0.0233)	MAE 0.091 (0.108)
Test: [0/15]	Time 0.041 (0.041)	Loss 0.0100 (0.0100)	MAE 0.081 (0.081)
Test: [10/15]	Time 0.040 (0.041)	Loss 0.0092 (0.0194)	MAE 0.078 (0.087)
 * MAE 0.087
Epoch: [56][100/108]	Time 0.093 (0.091)	Data 0.022 (0.021)	Loss 0.0175 (0.0238)	MAE 0.082 (0.107)
Test: [0/15]	Time 0.046 (0.046)	Loss 0.0131 (0.0131)	MAE 0.083 (0.083)
Test: [10/15]	Time 0.042 (0.042)	Loss 0.0102 (0.0187)	MAE 0.080 (0.089)
 * MAE 0.088
Epoch: [57][100/108]	Time 0.086 (0.091)	Data 0.015 (0.021)	Loss 0.0158 (0.0234)	MAE 0.108 (0.104)
Test: [0/15]	Time 0.039 (0.039)	Loss 0.0158 (0.0158)	MAE 0.096 (0.096)
Test: [10/15]	Time 0.038 (0.039)	Loss 0.0103 (0.0194)	MAE 0.086 (0.092)
 * MAE 0.093
Epoch: [58][100/108]	Time 0.093 (0.092)	Data 0.019 (0.021)	Loss 0.0355 (0.0243)	MAE 0.171 (0.108)
Test: [0/15]	Time 0.038 (0.038)	Loss 0.0184 (0.0184)	MAE 0.112 (0.112)
Test: [10/15]	Time 0.043 (0.040)	Loss 0.0162 (0.0277)	MAE 0.107 (0.117)
 * MAE 0.117
Epoch: [59][100/108]	Time 0.096 (0.091)	Data 0.017 (0.021)	Loss 0.0364 (0.0256)	MAE 0.133 (0.113)
Test: [0/15]	Time 0.042 (0.042)	Loss 0.0151 (0.0151)	MAE 0.097 (0.097)
Test: [10/15]	Time 0.042 (0.041)	Loss 0.0111 (0.0211)	MAE 0.091 (0.097)
 * MAE 0.096
Epoch: [60][100/108]	Time 0.103 (0.092)	Data 0.023 (0.021)	Loss 0.0145 (0.0242)	MAE 0.105 (0.109)
Test: [0/15]	Time 0.041 (0.041)	Loss 0.0157 (0.0157)	MAE 0.105 (0.105)
Test: [10/15]	Time 0.034 (0.040)	Loss 0.0157 (0.0249)	MAE 0.100 (0.108)
 * MAE 0.107
Epoch: [61][100/108]	Time 0.083 (0.090)	Data 0.018 (0.021)	Loss 0.0095 (0.0245)	MAE 0.083 (0.109)
Test: [0/15]	Time 0.037 (0.037)	Loss 0.0121 (0.0121)	MAE 0.090 (0.090)
Test: [10/15]	Time 0.036 (0.040)	Loss 0.0155 (0.0159)	MAE 0.103 (0.103)
 * MAE 0.105
Epoch: [62][100/108]	Time 0.096 (0.091)	Data 0.021 (0.021)	Loss 0.0116 (0.0250)	MAE 0.089 (0.111)
Test: [0/15]	Time 0.042 (0.042)	Loss 0.0177 (0.0177)	MAE 0.094 (0.094)
Test: [10/15]	Time 0.038 (0.040)	Loss 0.0107 (0.0195)	MAE 0.078 (0.088)
 * MAE 0.086
Epoch: [63][100/108]	Time 0.103 (0.091)	Data 0.020 (0.021)	Loss 0.0106 (0.0231)	MAE 0.077 (0.104)
Test: [0/15]	Time 0.044 (0.044)	Loss 0.0125 (0.0125)	MAE 0.090 (0.090)
Test: [10/15]	Time 0.049 (0.042)	Loss 0.0941 (0.0208)	MAE 0.125 (0.096)
 * MAE 0.096
Epoch: [64][100/108]	Time 0.084 (0.092)	Data 0.019 (0.021)	Loss 0.4352 (0.0256)	MAE 0.173 (0.113)
Test: [0/15]	Time 0.036 (0.036)	Loss 0.0248 (0.0248)	MAE 0.127 (0.127)
Test: [10/15]	Time 0.034 (0.041)	Loss 0.0166 (0.0182)	MAE 0.109 (0.111)
 * MAE 0.112
Epoch: [65][100/108]	Time 0.079 (0.091)	Data 0.016 (0.021)	Loss 0.0178 (0.0237)	MAE 0.118 (0.108)
Test: [0/15]	Time 0.046 (0.046)	Loss 0.0163 (0.0163)	MAE 0.099 (0.099)
Test: [10/15]	Time 0.039 (0.043)	Loss 0.0101 (0.0234)	MAE 0.082 (0.098)
 * MAE 0.096
Epoch: [66][100/108]	Time 0.084 (0.091)	Data 0.019 (0.021)	Loss 0.0161 (0.0234)	MAE 0.097 (0.104)
Test: [0/15]	Time 0.044 (0.044)	Loss 0.0134 (0.0134)	MAE 0.102 (0.102)
Test: [10/15]	Time 0.037 (0.041)	Loss 0.0882 (0.0206)	MAE 0.109 (0.100)
 * MAE 0.100
Epoch: [67][100/108]	Time 0.093 (0.091)	Data 0.020 (0.021)	Loss 0.0113 (0.0248)	MAE 0.084 (0.111)
Test: [0/15]	Time 0.043 (0.043)	Loss 0.0166 (0.0166)	MAE 0.100 (0.100)
Test: [10/15]	Time 0.035 (0.041)	Loss 0.0187 (0.0210)	MAE 0.108 (0.112)
 * MAE 0.114
Epoch: [68][100/108]	Time 0.098 (0.092)	Data 0.019 (0.021)	Loss 0.0127 (0.0219)	MAE 0.094 (0.100)
Test: [0/15]	Time 0.041 (0.041)	Loss 0.0195 (0.0195)	MAE 0.121 (0.121)
Test: [10/15]	Time 0.038 (0.040)	Loss 0.0196 (0.0257)	MAE 0.115 (0.116)
 * MAE 0.116
Epoch: [69][100/108]	Time 0.088 (0.091)	Data 0.019 (0.021)	Loss 0.0309 (0.0231)	MAE 0.159 (0.105)
Test: [0/15]	Time 0.042 (0.042)	Loss 0.0959 (0.0959)	MAE 0.114 (0.114)
Test: [10/15]	Time 0.037 (0.041)	Loss 0.0136 (0.0226)	MAE 0.091 (0.099)
 * MAE 0.100
Epoch: [70][100/108]	Time 0.091 (0.091)	Data 0.019 (0.021)	Loss 0.0120 (0.0224)	MAE 0.083 (0.102)
Test: [0/15]	Time 0.043 (0.043)	Loss 0.0184 (0.0184)	MAE 0.100 (0.100)
Test: [10/15]	Time 0.045 (0.043)	Loss 0.0233 (0.0228)	MAE 0.105 (0.095)
 * MAE 0.096
Epoch: [71][100/108]	Time 0.091 (0.091)	Data 0.019 (0.021)	Loss 0.0104 (0.0230)	MAE 0.085 (0.105)
Test: [0/15]	Time 0.037 (0.037)	Loss 0.0405 (0.0405)	MAE 0.165 (0.165)
Test: [10/15]	Time 0.040 (0.038)	Loss 0.0363 (0.0358)	MAE 0.161 (0.156)
 * MAE 0.159
Epoch: [72][100/108]	Time 0.097 (0.091)	Data 0.018 (0.021)	Loss 0.0091 (0.0209)	MAE 0.081 (0.103)
Test: [0/15]	Time 0.041 (0.041)	Loss 0.0153 (0.0153)	MAE 0.091 (0.091)
Test: [10/15]	Time 0.043 (0.040)	Loss 0.0144 (0.0213)	MAE 0.092 (0.092)
 * MAE 0.091
Epoch: [73][100/108]	Time 0.089 (0.087)	Data 0.019 (0.018)	Loss 0.0154 (0.0238)	MAE 0.102 (0.107)
Test: [0/15]	Time 0.038 (0.038)	Loss 0.0105 (0.0105)	MAE 0.087 (0.087)
Test: [10/15]	Time 0.036 (0.040)	Loss 0.0194 (0.0216)	MAE 0.100 (0.091)
 * MAE 0.091
Epoch: [74][100/108]	Time 0.096 (0.088)	Data 0.020 (0.018)	Loss 0.0287 (0.0232)	MAE 0.160 (0.104)
Test: [0/15]	Time 0.043 (0.043)	Loss 0.0127 (0.0127)	MAE 0.081 (0.081)
Test: [10/15]	Time 0.037 (0.040)	Loss 0.0100 (0.0177)	MAE 0.080 (0.081)
 * MAE 0.083
Epoch: [75][100/108]	Time 0.098 (0.087)	Data 0.020 (0.018)	Loss 0.0131 (0.0243)	MAE 0.083 (0.110)
Test: [0/15]	Time 0.044 (0.044)	Loss 0.0147 (0.0147)	MAE 0.090 (0.090)
Test: [10/15]	Time 0.032 (0.038)	Loss 0.0148 (0.0141)	MAE 0.089 (0.087)
 * MAE 0.088
Epoch: [76][100/108]	Time 0.096 (0.088)	Data 0.019 (0.018)	Loss 0.0114 (0.0231)	MAE 0.081 (0.104)
Test: [0/15]	Time 0.041 (0.041)	Loss 0.0243 (0.0243)	MAE 0.133 (0.133)
Test: [10/15]	Time 0.040 (0.039)	Loss 0.0232 (0.0313)	MAE 0.132 (0.130)
 * MAE 0.130
Epoch: [77][100/108]	Time 0.094 (0.088)	Data 0.020 (0.018)	Loss 0.0174 (0.0226)	MAE 0.107 (0.103)
Test: [0/15]	Time 0.315 (0.315)	Loss 0.0343 (0.0343)	MAE 0.151 (0.151)
Test: [10/15]	Time 0.038 (0.064)	Loss 0.0315 (0.0369)	MAE 0.140 (0.145)
 * MAE 0.146
Epoch: [78][100/108]	Time 0.079 (0.088)	Data 0.018 (0.018)	Loss 0.0223 (0.0252)	MAE 0.130 (0.113)
Test: [0/15]	Time 0.041 (0.041)	Loss 0.0128 (0.0128)	MAE 0.094 (0.094)
Test: [10/15]	Time 0.037 (0.064)	Loss 0.0159 (0.0221)	MAE 0.102 (0.098)
 * MAE 0.097
Epoch: [79][100/108]	Time 0.086 (0.088)	Data 0.015 (0.018)	Loss 0.0192 (0.0240)	MAE 0.120 (0.107)
Test: [0/15]	Time 0.037 (0.037)	Loss 0.0135 (0.0135)	MAE 0.104 (0.104)
Test: [10/15]	Time 0.042 (0.065)	Loss 0.0143 (0.0239)	MAE 0.099 (0.111)
 * MAE 0.112
Epoch: [80][100/108]	Time 0.092 (0.088)	Data 0.020 (0.018)	Loss 0.0085 (0.0221)	MAE 0.078 (0.102)
Test: [0/15]	Time 0.038 (0.038)	Loss 0.0164 (0.0164)	MAE 0.100 (0.100)
Test: [10/15]	Time 0.037 (0.065)	Loss 0.1051 (0.0238)	MAE 0.137 (0.105)
 * MAE 0.105
Epoch: [81][100/108]	Time 0.087 (0.089)	Data 0.019 (0.018)	Loss 0.0262 (0.0232)	MAE 0.143 (0.109)
Test: [0/15]	Time 0.037 (0.037)	Loss 0.0139 (0.0139)	MAE 0.082 (0.082)
Test: [10/15]	Time 0.331 (0.063)	Loss 0.0085 (0.0125)	MAE 0.080 (0.088)
 * MAE 0.089
Epoch: [82][100/108]	Time 0.084 (0.087)	Data 0.018 (0.018)	Loss 0.0141 (0.0205)	MAE 0.105 (0.095)
Test: [0/15]	Time 0.037 (0.037)	Loss 0.0118 (0.0118)	MAE 0.094 (0.094)
Test: [10/15]	Time 0.039 (0.038)	Loss 0.0152 (0.0213)	MAE 0.098 (0.097)
 * MAE 0.097
Epoch: [83][100/108]	Time 0.095 (0.088)	Data 0.019 (0.018)	Loss 0.0128 (0.0213)	MAE 0.084 (0.100)
Test: [0/15]	Time 0.039 (0.039)	Loss 0.0123 (0.0123)	MAE 0.093 (0.093)
Test: [10/15]	Time 0.034 (0.067)	Loss 0.0194 (0.0228)	MAE 0.114 (0.101)
 * MAE 0.100
Epoch: [84][100/108]	Time 0.089 (0.088)	Data 0.021 (0.018)	Loss 0.0182 (0.0242)	MAE 0.104 (0.108)
Test: [0/15]	Time 0.041 (0.041)	Loss 0.0212 (0.0212)	MAE 0.129 (0.129)
Test: [10/15]	Time 0.040 (0.039)	Loss 0.0200 (0.0229)	MAE 0.126 (0.129)
 * MAE 0.132
Epoch: [85][100/108]	Time 0.086 (0.088)	Data 0.015 (0.018)	Loss 0.0149 (0.0209)	MAE 0.092 (0.097)
Test: [0/15]	Time 0.047 (0.047)	Loss 0.0124 (0.0124)	MAE 0.091 (0.091)
Test: [10/15]	Time 0.038 (0.038)	Loss 0.0149 (0.0131)	MAE 0.095 (0.092)
 * MAE 0.093
Epoch: [86][100/108]	Time 0.085 (0.088)	Data 0.018 (0.018)	Loss 0.0190 (0.0226)	MAE 0.124 (0.104)
Test: [0/15]	Time 0.040 (0.040)	Loss 0.0287 (0.0287)	MAE 0.152 (0.152)
Test: [10/15]	Time 0.333 (0.065)	Loss 0.0254 (0.0271)	MAE 0.138 (0.143)
 * MAE 0.146
Epoch: [87][100/108]	Time 0.092 (0.088)	Data 0.020 (0.018)	Loss 0.0094 (0.0226)	MAE 0.076 (0.102)
Test: [0/15]	Time 0.038 (0.038)	Loss 0.0146 (0.0146)	MAE 0.094 (0.094)
Test: [10/15]	Time 0.041 (0.038)	Loss 0.0167 (0.0140)	MAE 0.102 (0.094)
 * MAE 0.096
Epoch: [88][100/108]	Time 0.089 (0.089)	Data 0.021 (0.018)	Loss 0.0089 (0.0206)	MAE 0.071 (0.096)
Test: [0/15]	Time 0.042 (0.042)	Loss 0.0111 (0.0111)	MAE 0.087 (0.087)
Test: [10/15]	Time 0.034 (0.038)	Loss 0.0121 (0.0211)	MAE 0.090 (0.095)
 * MAE 0.093
Epoch: [89][100/108]	Time 0.082 (0.091)	Data 0.023 (0.021)	Loss 0.0158 (0.0213)	MAE 0.092 (0.100)
Test: [0/15]	Time 0.037 (0.037)	Loss 0.0113 (0.0113)	MAE 0.084 (0.084)
Test: [10/15]	Time 0.034 (0.038)	Loss 0.0125 (0.0137)	MAE 0.096 (0.094)
 * MAE 0.095
Epoch: [90][100/108]	Time 0.098 (0.090)	Data 0.019 (0.021)	Loss 0.0154 (0.0211)	MAE 0.107 (0.098)
Test: [0/15]	Time 0.038 (0.038)	Loss 0.0097 (0.0097)	MAE 0.076 (0.076)
Test: [10/15]	Time 0.033 (0.037)	Loss 0.0100 (0.0185)	MAE 0.072 (0.078)
 * MAE 0.077
Epoch: [91][100/108]	Time 0.091 (0.090)	Data 0.017 (0.020)	Loss 0.0126 (0.0203)	MAE 0.072 (0.095)
Test: [0/15]	Time 0.041 (0.041)	Loss 0.0138 (0.0138)	MAE 0.087 (0.087)
Test: [10/15]	Time 0.037 (0.040)	Loss 0.0931 (0.0197)	MAE 0.099 (0.084)
 * MAE 0.084
Epoch: [92][100/108]	Time 0.084 (0.090)	Data 0.016 (0.021)	Loss 0.0136 (0.0221)	MAE 0.094 (0.101)
Test: [0/15]	Time 0.042 (0.042)	Loss 0.0134 (0.0134)	MAE 0.096 (0.096)
Test: [10/15]	Time 0.038 (0.039)	Loss 0.0145 (0.0211)	MAE 0.099 (0.097)
 * MAE 0.096
Epoch: [93][100/108]	Time 0.084 (0.091)	Data 0.020 (0.021)	Loss 0.0116 (0.0224)	MAE 0.089 (0.103)
Test: [0/15]	Time 0.042 (0.042)	Loss 0.0166 (0.0166)	MAE 0.096 (0.096)
Test: [10/15]	Time 0.033 (0.038)	Loss 0.0192 (0.0204)	MAE 0.099 (0.090)
 * MAE 0.090
Epoch: [94][100/108]	Time 0.074 (0.091)	Data 0.015 (0.021)	Loss 0.0265 (0.0207)	MAE 0.113 (0.097)
Test: [0/15]	Time 0.036 (0.036)	Loss 0.0142 (0.0142)	MAE 0.097 (0.097)
Test: [10/15]	Time 0.041 (0.038)	Loss 0.0148 (0.0230)	MAE 0.095 (0.100)
 * MAE 0.099
Epoch: [95][100/108]	Time 0.096 (0.091)	Data 0.021 (0.021)	Loss 0.0150 (0.0216)	MAE 0.091 (0.103)
Test: [0/15]	Time 0.042 (0.042)	Loss 0.0197 (0.0197)	MAE 0.111 (0.111)
Test: [10/15]	Time 0.039 (0.038)	Loss 0.0150 (0.0178)	MAE 0.102 (0.105)
 * MAE 0.108
Epoch: [96][100/108]	Time 0.081 (0.091)	Data 0.018 (0.021)	Loss 0.0302 (0.0206)	MAE 0.155 (0.096)
Test: [0/15]	Time 0.047 (0.047)	Loss 0.0252 (0.0252)	MAE 0.137 (0.137)
Test: [10/15]	Time 0.034 (0.038)	Loss 0.0313 (0.0334)	MAE 0.147 (0.138)
 * MAE 0.138
Epoch: [97][100/108]	Time 0.086 (0.090)	Data 0.019 (0.021)	Loss 0.0112 (0.0168)	MAE 0.078 (0.097)
Test: [0/15]	Time 0.044 (0.044)	Loss 0.0164 (0.0164)	MAE 0.091 (0.091)
Test: [10/15]	Time 0.036 (0.039)	Loss 0.1073 (0.0230)	MAE 0.119 (0.096)
 * MAE 0.095
Epoch: [98][100/108]	Time 0.091 (0.091)	Data 0.020 (0.021)	Loss 0.0124 (0.0236)	MAE 0.090 (0.111)
Test: [0/15]	Time 0.041 (0.041)	Loss 0.0191 (0.0191)	MAE 0.110 (0.110)
Test: [10/15]	Time 0.043 (0.040)	Loss 0.0237 (0.0265)	MAE 0.111 (0.110)
 * MAE 0.109
Epoch: [99][100/108]	Time 0.090 (0.091)	Data 0.019 (0.021)	Loss 0.0118 (0.0202)	MAE 0.086 (0.095)
Test: [0/15]	Time 0.039 (0.039)	Loss 0.0175 (0.0175)	MAE 0.113 (0.113)
Test: [10/15]	Time 0.035 (0.039)	Loss 0.0196 (0.0258)	MAE 0.111 (0.112)
 * MAE 0.111
Epoch: [100][100/108]	Time 0.091 (0.091)	Data 0.018 (0.021)	Loss 0.0249 (0.0172)	MAE 0.109 (0.082)
Test: [0/15]	Time 0.041 (0.041)	Loss 0.0136 (0.0136)	MAE 0.074 (0.074)
Test: [10/15]	Time 0.039 (0.041)	Loss 0.0093 (0.0173)	MAE 0.066 (0.070)
 * MAE 0.070
Epoch: [101][100/108]	Time 0.092 (0.090)	Data 0.023 (0.021)	Loss 0.0110 (0.0170)	MAE 0.089 (0.083)
Test: [0/15]	Time 0.038 (0.038)	Loss 0.0900 (0.0900)	MAE 0.084 (0.084)
Test: [10/15]	Time 0.034 (0.040)	Loss 0.0162 (0.0171)	MAE 0.075 (0.071)
 * MAE 0.069
Epoch: [102][100/108]	Time 0.084 (0.091)	Data 0.015 (0.021)	Loss 0.0360 (0.0162)	MAE 0.090 (0.079)
Test: [0/15]	Time 0.040 (0.040)	Loss 0.0092 (0.0092)	MAE 0.071 (0.071)
Test: [10/15]	Time 0.036 (0.038)	Loss 0.0095 (0.0169)	MAE 0.070 (0.072)
 * MAE 0.071
Epoch: [103][100/108]	Time 0.084 (0.091)	Data 0.016 (0.021)	Loss 0.0115 (0.0157)	MAE 0.093 (0.077)
Test: [0/15]	Time 0.035 (0.035)	Loss 0.0087 (0.0087)	MAE 0.070 (0.070)
Test: [10/15]	Time 0.037 (0.038)	Loss 0.0092 (0.0173)	MAE 0.072 (0.070)
 * MAE 0.068
Epoch: [104][100/108]	Time 0.080 (0.091)	Data 0.016 (0.021)	Loss 0.0090 (0.0157)	MAE 0.070 (0.076)
Test: [0/15]	Time 0.040 (0.040)	Loss 0.0120 (0.0120)	MAE 0.068 (0.068)
Test: [10/15]	Time 0.036 (0.038)	Loss 0.0104 (0.0166)	MAE 0.068 (0.067)
 * MAE 0.068
Epoch: [105][100/108]	Time 0.090 (0.091)	Data 0.019 (0.022)	Loss 0.0096 (0.0159)	MAE 0.080 (0.077)
Test: [0/15]	Time 0.043 (0.043)	Loss 0.0122 (0.0122)	MAE 0.075 (0.075)
Test: [10/15]	Time 0.039 (0.038)	Loss 0.0051 (0.0089)	MAE 0.059 (0.067)
 * MAE 0.070
Epoch: [106][100/108]	Time 0.090 (0.090)	Data 0.019 (0.021)	Loss 0.0404 (0.0166)	MAE 0.091 (0.081)
Test: [0/15]	Time 0.043 (0.043)	Loss 0.0085 (0.0085)	MAE 0.066 (0.066)
Test: [10/15]	Time 0.034 (0.038)	Loss 0.0067 (0.0167)	MAE 0.064 (0.069)
 * MAE 0.068
Epoch: [107][100/108]	Time 0.084 (0.090)	Data 0.016 (0.021)	Loss 0.0102 (0.0167)	MAE 0.080 (0.082)
Test: [0/15]	Time 0.036 (0.036)	Loss 0.0132 (0.0132)	MAE 0.074 (0.074)
Test: [10/15]	Time 0.035 (0.038)	Loss 0.0110 (0.0167)	MAE 0.072 (0.070)
 * MAE 0.070
Epoch: [108][100/108]	Time 0.089 (0.091)	Data 0.018 (0.021)	Loss 0.0079 (0.0164)	MAE 0.072 (0.080)
Test: [0/15]	Time 0.041 (0.041)	Loss 0.0086 (0.0086)	MAE 0.067 (0.067)
Test: [10/15]	Time 0.036 (0.038)	Loss 0.0093 (0.0093)	MAE 0.069 (0.068)
 * MAE 0.069
Epoch: [109][100/108]	Time 0.083 (0.090)	Data 0.017 (0.021)	Loss 0.0083 (0.0157)	MAE 0.068 (0.077)
Test: [0/15]	Time 0.043 (0.043)	Loss 0.0100 (0.0100)	MAE 0.073 (0.073)
Test: [10/15]	Time 0.039 (0.039)	Loss 0.0098 (0.0166)	MAE 0.072 (0.068)
 * MAE 0.068
Epoch: [110][100/108]	Time 0.091 (0.091)	Data 0.018 (0.021)	Loss 0.0077 (0.0157)	MAE 0.073 (0.079)
Test: [0/15]	Time 0.038 (0.038)	Loss 0.0122 (0.0122)	MAE 0.073 (0.073)
Test: [10/15]	Time 0.036 (0.039)	Loss 0.0129 (0.0166)	MAE 0.073 (0.070)
 * MAE 0.069
Epoch: [111][100/108]	Time 0.081 (0.091)	Data 0.015 (0.021)	Loss 0.0082 (0.0153)	MAE 0.068 (0.074)
Test: [0/15]	Time 0.043 (0.043)	Loss 0.0098 (0.0098)	MAE 0.072 (0.072)
Test: [10/15]	Time 0.037 (0.040)	Loss 0.0083 (0.0087)	MAE 0.065 (0.067)
 * MAE 0.068
Epoch: [112][100/108]	Time 0.081 (0.091)	Data 0.015 (0.021)	Loss 0.0085 (0.0159)	MAE 0.077 (0.079)
Test: [0/15]	Time 0.045 (0.045)	Loss 0.0084 (0.0084)	MAE 0.064 (0.064)
Test: [10/15]	Time 0.037 (0.038)	Loss 0.0082 (0.0169)	MAE 0.070 (0.071)
 * MAE 0.072
Epoch: [113][100/108]	Time 0.080 (0.090)	Data 0.016 (0.021)	Loss 0.0067 (0.0158)	MAE 0.066 (0.078)
Test: [0/15]	Time 0.042 (0.042)	Loss 0.0086 (0.0086)	MAE 0.066 (0.066)
Test: [10/15]	Time 0.037 (0.040)	Loss 0.0097 (0.0169)	MAE 0.067 (0.070)
 * MAE 0.068
Epoch: [114][100/108]	Time 0.091 (0.092)	Data 0.019 (0.022)	Loss 0.0173 (0.0154)	MAE 0.121 (0.075)
Test: [0/15]	Time 0.044 (0.044)	Loss 0.0074 (0.0074)	MAE 0.066 (0.066)
Test: [10/15]	Time 0.039 (0.040)	Loss 0.0061 (0.0153)	MAE 0.063 (0.066)
 * MAE 0.068
Epoch: [115][100/108]	Time 0.088 (0.091)	Data 0.019 (0.021)	Loss 0.0075 (0.0164)	MAE 0.071 (0.081)
Test: [0/15]	Time 0.045 (0.045)	Loss 0.0098 (0.0098)	MAE 0.076 (0.076)
Test: [10/15]	Time 0.040 (0.041)	Loss 0.0097 (0.0187)	MAE 0.082 (0.083)
 * MAE 0.082
Epoch: [116][100/108]	Time 0.096 (0.091)	Data 0.019 (0.021)	Loss 0.0187 (0.0165)	MAE 0.092 (0.080)
Test: [0/15]	Time 0.040 (0.040)	Loss 0.0903 (0.0903)	MAE 0.092 (0.092)
Test: [10/15]	Time 0.034 (0.038)	Loss 0.0091 (0.0171)	MAE 0.070 (0.073)
 * MAE 0.072
Epoch: [117][100/108]	Time 0.089 (0.090)	Data 0.022 (0.021)	Loss 0.0119 (0.0154)	MAE 0.076 (0.075)
Test: [0/15]	Time 0.039 (0.039)	Loss 0.0876 (0.0876)	MAE 0.080 (0.080)
Test: [10/15]	Time 0.039 (0.038)	Loss 0.0099 (0.0166)	MAE 0.074 (0.072)
 * MAE 0.072
Epoch: [118][100/108]	Time 0.088 (0.091)	Data 0.018 (0.021)	Loss 0.0160 (0.0152)	MAE 0.108 (0.076)
Test: [0/15]	Time 0.042 (0.042)	Loss 0.0154 (0.0154)	MAE 0.077 (0.077)
Test: [10/15]	Time 0.038 (0.041)	Loss 0.0098 (0.0097)	MAE 0.068 (0.069)
 * MAE 0.069
Epoch: [119][100/108]	Time 0.090 (0.090)	Data 0.018 (0.021)	Loss 0.0096 (0.0153)	MAE 0.071 (0.076)
Test: [0/15]	Time 0.041 (0.041)	Loss 0.0109 (0.0109)	MAE 0.079 (0.079)
Test: [10/15]	Time 0.037 (0.039)	Loss 0.0069 (0.0176)	MAE 0.069 (0.073)
 * MAE 0.072
Epoch: [120][100/108]	Time 0.087 (0.091)	Data 0.016 (0.021)	Loss 0.0111 (0.0161)	MAE 0.076 (0.078)
Test: [0/15]	Time 0.043 (0.043)	Loss 0.0146 (0.0146)	MAE 0.092 (0.092)
Test: [10/15]	Time 0.041 (0.040)	Loss 0.0095 (0.0183)	MAE 0.079 (0.083)
 * MAE 0.082
Epoch: [121][100/108]	Time 0.079 (0.092)	Data 0.016 (0.021)	Loss 0.0068 (0.0146)	MAE 0.066 (0.075)
Test: [0/15]	Time 0.043 (0.043)	Loss 0.0092 (0.0092)	MAE 0.071 (0.071)
Test: [10/15]	Time 0.045 (0.041)	Loss 0.0088 (0.0094)	MAE 0.065 (0.068)
 * MAE 0.069
Epoch: [122][100/108]	Time 0.105 (0.092)	Data 0.023 (0.021)	Loss 0.0079 (0.0152)	MAE 0.075 (0.078)
Test: [0/15]	Time 0.041 (0.041)	Loss 0.0082 (0.0082)	MAE 0.066 (0.066)
Test: [10/15]	Time 0.039 (0.040)	Loss 0.0124 (0.0090)	MAE 0.072 (0.067)
 * MAE 0.068
Epoch: [123][100/108]	Time 0.089 (0.091)	Data 0.022 (0.021)	Loss 0.0085 (0.0151)	MAE 0.066 (0.076)
Test: [0/15]	Time 0.045 (0.045)	Loss 0.0075 (0.0075)	MAE 0.061 (0.061)
Test: [10/15]	Time 0.035 (0.039)	Loss 0.0075 (0.0150)	MAE 0.063 (0.066)
 * MAE 0.067
Epoch: [124][100/108]	Time 0.077 (0.088)	Data 0.016 (0.018)	Loss 0.4063 (0.0141)	MAE 0.109 (0.072)
Test: [0/15]	Time 0.043 (0.043)	Loss 0.0108 (0.0108)	MAE 0.076 (0.076)
Test: [10/15]	Time 0.040 (0.040)	Loss 0.0115 (0.0183)	MAE 0.072 (0.076)
 * MAE 0.075
Epoch: [125][100/108]	Time 0.084 (0.087)	Data 0.020 (0.018)	Loss 0.0071 (0.0158)	MAE 0.067 (0.077)
Test: [0/15]	Time 0.313 (0.313)	Loss 0.0086 (0.0086)	MAE 0.073 (0.073)
Test: [10/15]	Time 0.034 (0.065)	Loss 0.0113 (0.0095)	MAE 0.079 (0.073)
 * MAE 0.074
Epoch: [126][100/108]	Time 0.093 (0.088)	Data 0.020 (0.018)	Loss 0.0046 (0.0155)	MAE 0.055 (0.076)
Test: [0/15]	Time 0.039 (0.039)	Loss 0.0146 (0.0146)	MAE 0.076 (0.076)
Test: [10/15]	Time 0.035 (0.065)	Loss 0.0072 (0.0085)	MAE 0.063 (0.066)
 * MAE 0.067
Epoch: [127][100/108]	Time 0.082 (0.088)	Data 0.019 (0.018)	Loss 0.0354 (0.0157)	MAE 0.094 (0.078)
Test: [0/15]	Time 0.044 (0.044)	Loss 0.0084 (0.0084)	MAE 0.063 (0.063)
Test: [10/15]	Time 0.037 (0.068)	Loss 0.0108 (0.0092)	MAE 0.074 (0.068)
 * MAE 0.069
Epoch: [128][100/108]	Time 0.096 (0.088)	Data 0.020 (0.018)	Loss 0.0093 (0.0160)	MAE 0.074 (0.079)
Test: [0/15]	Time 0.040 (0.040)	Loss 0.0074 (0.0074)	MAE 0.066 (0.066)
Test: [10/15]	Time 0.040 (0.067)	Loss 0.0122 (0.0173)	MAE 0.071 (0.071)
 * MAE 0.070
Epoch: [129][100/108]	Time 0.084 (0.089)	Data 0.015 (0.018)	Loss 0.0084 (0.0155)	MAE 0.069 (0.076)
Test: [0/15]	Time 0.036 (0.036)	Loss 0.0067 (0.0067)	MAE 0.062 (0.062)
Test: [10/15]	Time 0.040 (0.040)	Loss 0.0122 (0.0090)	MAE 0.075 (0.066)
 * MAE 0.067
Epoch: [130][100/108]	Time 0.091 (0.088)	Data 0.019 (0.018)	Loss 0.0098 (0.0140)	MAE 0.089 (0.076)
Test: [0/15]	Time 0.035 (0.035)	Loss 0.0107 (0.0107)	MAE 0.071 (0.071)
Test: [10/15]	Time 0.038 (0.040)	Loss 0.0107 (0.0160)	MAE 0.070 (0.068)
 * MAE 0.068
Epoch: [131][100/108]	Time 0.074 (0.090)	Data 0.014 (0.021)	Loss 0.0068 (0.0155)	MAE 0.070 (0.076)
Test: [0/15]	Time 0.046 (0.046)	Loss 0.0071 (0.0071)	MAE 0.069 (0.069)
Test: [10/15]	Time 0.034 (0.042)	Loss 0.0116 (0.0160)	MAE 0.077 (0.071)
 * MAE 0.071
Epoch: [132][100/108]	Time 0.098 (0.091)	Data 0.020 (0.021)	Loss 0.0134 (0.0153)	MAE 0.074 (0.076)
Test: [0/15]	Time 0.039 (0.039)	Loss 0.0911 (0.0911)	MAE 0.082 (0.082)
Test: [10/15]	Time 0.036 (0.039)	Loss 0.0111 (0.0172)	MAE 0.069 (0.072)
 * MAE 0.071
Epoch: [133][100/108]	Time 0.090 (0.091)	Data 0.018 (0.021)	Loss 0.0074 (0.0156)	MAE 0.073 (0.076)
Test: [0/15]	Time 0.039 (0.039)	Loss 0.0090 (0.0090)	MAE 0.067 (0.067)
Test: [10/15]	Time 0.035 (0.039)	Loss 0.0079 (0.0163)	MAE 0.070 (0.069)
 * MAE 0.068
Epoch: [134][100/108]	Time 0.101 (0.091)	Data 0.021 (0.021)	Loss 0.0092 (0.0117)	MAE 0.074 (0.076)
Test: [0/15]	Time 0.036 (0.036)	Loss 0.0108 (0.0108)	MAE 0.074 (0.074)
Test: [10/15]	Time 0.036 (0.042)	Loss 0.0068 (0.0167)	MAE 0.061 (0.069)
 * MAE 0.068
Epoch: [135][100/108]	Time 0.075 (0.091)	Data 0.013 (0.021)	Loss 0.0133 (0.0152)	MAE 0.083 (0.077)
Test: [0/15]	Time 0.044 (0.044)	Loss 0.0070 (0.0070)	MAE 0.063 (0.063)
Test: [10/15]	Time 0.037 (0.041)	Loss 0.0090 (0.0170)	MAE 0.068 (0.070)
 * MAE 0.070
Epoch: [136][100/108]	Time 0.079 (0.092)	Data 0.018 (0.021)	Loss 0.0080 (0.0153)	MAE 0.071 (0.075)
Test: [0/15]	Time 0.034 (0.034)	Loss 0.0141 (0.0141)	MAE 0.073 (0.073)
Test: [10/15]	Time 0.047 (0.041)	Loss 0.0102 (0.0092)	MAE 0.068 (0.066)
 * MAE 0.068
Epoch: [137][100/108]	Time 0.090 (0.091)	Data 0.021 (0.021)	Loss 0.0067 (0.0152)	MAE 0.066 (0.074)
Test: [0/15]	Time 0.035 (0.035)	Loss 0.0081 (0.0081)	MAE 0.073 (0.073)
Test: [10/15]	Time 0.041 (0.041)	Loss 0.0128 (0.0165)	MAE 0.079 (0.073)
 * MAE 0.071
Epoch: [138][100/108]	Time 0.084 (0.091)	Data 0.017 (0.021)	Loss 0.0112 (0.0156)	MAE 0.071 (0.076)
Test: [0/15]	Time 0.044 (0.044)	Loss 0.0099 (0.0099)	MAE 0.065 (0.065)
Test: [10/15]	Time 0.035 (0.043)	Loss 0.0117 (0.0168)	MAE 0.070 (0.070)
 * MAE 0.070
Epoch: [139][100/108]	Time 0.087 (0.091)	Data 0.021 (0.021)	Loss 0.0100 (0.0153)	MAE 0.084 (0.075)
Test: [0/15]	Time 0.040 (0.040)	Loss 0.0117 (0.0117)	MAE 0.076 (0.076)
Test: [10/15]	Time 0.039 (0.040)	Loss 0.0083 (0.0171)	MAE 0.063 (0.070)
 * MAE 0.068
Epoch: [140][100/108]	Time 0.090 (0.092)	Data 0.016 (0.021)	Loss 0.0083 (0.0151)	MAE 0.070 (0.074)
Test: [0/15]	Time 0.039 (0.039)	Loss 0.0071 (0.0071)	MAE 0.069 (0.069)
Test: [10/15]	Time 0.045 (0.040)	Loss 0.0097 (0.0167)	MAE 0.071 (0.072)
 * MAE 0.072
Epoch: [141][100/108]	Time 0.092 (0.091)	Data 0.016 (0.021)	Loss 0.0061 (0.0148)	MAE 0.060 (0.073)
Test: [0/15]	Time 0.041 (0.041)	Loss 0.0095 (0.0095)	MAE 0.069 (0.069)
Test: [10/15]	Time 0.035 (0.042)	Loss 0.0091 (0.0092)	MAE 0.071 (0.069)
 * MAE 0.070
Epoch: [142][100/108]	Time 0.099 (0.091)	Data 0.020 (0.021)	Loss 0.0064 (0.0153)	MAE 0.066 (0.075)
Test: [0/15]	Time 0.041 (0.041)	Loss 0.0860 (0.0860)	MAE 0.080 (0.080)
Test: [10/15]	Time 0.050 (0.039)	Loss 0.0106 (0.0158)	MAE 0.070 (0.067)
 * MAE 0.067
Epoch: [143][100/108]	Time 0.084 (0.091)	Data 0.017 (0.021)	Loss 0.0118 (0.0158)	MAE 0.071 (0.078)
Test: [0/15]	Time 0.037 (0.037)	Loss 0.0094 (0.0094)	MAE 0.070 (0.070)
Test: [10/15]	Time 0.044 (0.040)	Loss 0.0086 (0.0167)	MAE 0.063 (0.071)
 * MAE 0.071
Epoch: [144][100/108]	Time 0.089 (0.092)	Data 0.019 (0.021)	Loss 0.0102 (0.0148)	MAE 0.072 (0.073)
Test: [0/15]	Time 0.041 (0.041)	Loss 0.0071 (0.0071)	MAE 0.059 (0.059)
Test: [10/15]	Time 0.054 (0.041)	Loss 0.0122 (0.0154)	MAE 0.069 (0.066)
 * MAE 0.067
Epoch: [145][100/108]	Time 0.099 (0.092)	Data 0.019 (0.021)	Loss 0.0067 (0.0144)	MAE 0.059 (0.074)
Test: [0/15]	Time 0.041 (0.041)	Loss 0.0094 (0.0094)	MAE 0.072 (0.072)
Test: [10/15]	Time 0.054 (0.041)	Loss 0.0090 (0.0089)	MAE 0.067 (0.066)
 * MAE 0.068
Epoch: [146][100/108]	Time 0.085 (0.092)	Data 0.018 (0.021)	Loss 0.0127 (0.0153)	MAE 0.089 (0.075)
Test: [0/15]	Time 0.038 (0.038)	Loss 0.0066 (0.0066)	MAE 0.066 (0.066)
Test: [10/15]	Time 0.042 (0.040)	Loss 0.0117 (0.0098)	MAE 0.070 (0.070)
 * MAE 0.073
Epoch: [147][100/108]	Time 0.096 (0.091)	Data 0.021 (0.021)	Loss 0.0327 (0.0159)	MAE 0.081 (0.077)
Test: [0/15]	Time 0.037 (0.037)	Loss 0.0063 (0.0063)	MAE 0.061 (0.061)
Test: [10/15]	Time 0.040 (0.040)	Loss 0.0083 (0.0088)	MAE 0.066 (0.066)
 * MAE 0.068
Epoch: [148][100/108]	Time 0.094 (0.091)	Data 0.019 (0.021)	Loss 0.0093 (0.0149)	MAE 0.069 (0.075)
Test: [0/15]	Time 0.039 (0.039)	Loss 0.0074 (0.0074)	MAE 0.064 (0.064)
Test: [10/15]	Time 0.033 (0.038)	Loss 0.0126 (0.0099)	MAE 0.078 (0.071)
 * MAE 0.072
Epoch: [149][100/108]	Time 0.072 (0.092)	Data 0.013 (0.021)	Loss 0.0137 (0.0152)	MAE 0.098 (0.075)
Test: [0/15]	Time 0.041 (0.041)	Loss 0.0084 (0.0084)	MAE 0.066 (0.066)
Test: [10/15]	Time 0.038 (0.042)	Loss 0.0097 (0.0166)	MAE 0.072 (0.068)
 * MAE 0.067
Epoch: [150][100/108]	Time 0.079 (0.091)	Data 0.018 (0.021)	Loss 0.0125 (0.0152)	MAE 0.091 (0.075)
Test: [0/15]	Time 0.040 (0.040)	Loss 0.0055 (0.0055)	MAE 0.057 (0.057)
Test: [10/15]	Time 0.039 (0.041)	Loss 0.0076 (0.0163)	MAE 0.064 (0.068)
 * MAE 0.068
Epoch: [151][100/108]	Time 0.083 (0.091)	Data 0.020 (0.021)	Loss 0.0065 (0.0150)	MAE 0.064 (0.075)
Test: [0/15]	Time 0.042 (0.042)	Loss 0.0053 (0.0053)	MAE 0.057 (0.057)
Test: [10/15]	Time 0.035 (0.040)	Loss 0.0880 (0.0160)	MAE 0.082 (0.067)
 * MAE 0.067
Epoch: [152][100/108]	Time 0.079 (0.091)	Data 0.015 (0.021)	Loss 0.0086 (0.0150)	MAE 0.078 (0.074)
Test: [0/15]	Time 0.043 (0.043)	Loss 0.0151 (0.0151)	MAE 0.074 (0.074)
Test: [10/15]	Time 0.039 (0.040)	Loss 0.0079 (0.0089)	MAE 0.066 (0.065)
 * MAE 0.067
Epoch: [153][100/108]	Time 0.084 (0.091)	Data 0.016 (0.021)	Loss 0.0108 (0.0151)	MAE 0.085 (0.074)
Test: [0/15]	Time 0.040 (0.040)	Loss 0.0098 (0.0098)	MAE 0.071 (0.071)
Test: [10/15]	Time 0.044 (0.040)	Loss 0.0065 (0.0161)	MAE 0.063 (0.070)
 * MAE 0.069
Epoch: [154][100/108]	Time 0.095 (0.091)	Data 0.018 (0.021)	Loss 0.0085 (0.0146)	MAE 0.068 (0.074)
Test: [0/15]	Time 0.043 (0.043)	Loss 0.0127 (0.0127)	MAE 0.074 (0.074)
Test: [10/15]	Time 0.043 (0.040)	Loss 0.0100 (0.0164)	MAE 0.066 (0.069)
 * MAE 0.068
Epoch: [155][100/108]	Time 0.097 (0.091)	Data 0.021 (0.021)	Loss 0.0067 (0.0146)	MAE 0.064 (0.074)
Test: [0/15]	Time 0.038 (0.038)	Loss 0.0091 (0.0091)	MAE 0.066 (0.066)
Test: [10/15]	Time 0.047 (0.040)	Loss 0.0107 (0.0162)	MAE 0.070 (0.070)
 * MAE 0.069
Epoch: [156][100/108]	Time 0.098 (0.091)	Data 0.020 (0.021)	Loss 0.0069 (0.0148)	MAE 0.066 (0.072)
Test: [0/15]	Time 0.042 (0.042)	Loss 0.0134 (0.0134)	MAE 0.075 (0.075)
Test: [10/15]	Time 0.035 (0.038)	Loss 0.0096 (0.0163)	MAE 0.068 (0.067)
 * MAE 0.067
Epoch: [157][100/108]	Time 0.099 (0.091)	Data 0.021 (0.021)	Loss 0.0078 (0.0136)	MAE 0.068 (0.074)
Test: [0/15]	Time 0.039 (0.039)	Loss 0.0064 (0.0064)	MAE 0.060 (0.060)
Test: [10/15]	Time 0.041 (0.039)	Loss 0.0086 (0.0094)	MAE 0.073 (0.068)
 * MAE 0.069
Epoch: [158][100/108]	Time 0.093 (0.091)	Data 0.021 (0.021)	Loss 0.0060 (0.0151)	MAE 0.064 (0.074)
Test: [0/15]	Time 0.042 (0.042)	Loss 0.0079 (0.0079)	MAE 0.066 (0.066)
Test: [10/15]	Time 0.036 (0.042)	Loss 0.0087 (0.0164)	MAE 0.064 (0.067)
 * MAE 0.067
Epoch: [159][100/108]	Time 0.089 (0.091)	Data 0.018 (0.021)	Loss 0.0084 (0.0152)	MAE 0.077 (0.075)
Test: [0/15]	Time 0.040 (0.040)	Loss 0.0112 (0.0112)	MAE 0.070 (0.070)
Test: [10/15]	Time 0.039 (0.040)	Loss 0.0110 (0.0171)	MAE 0.076 (0.071)
 * MAE 0.069
Epoch: [160][100/108]	Time 0.095 (0.091)	Data 0.022 (0.021)	Loss 0.0075 (0.0136)	MAE 0.071 (0.074)
Test: [0/15]	Time 0.034 (0.034)	Loss 0.0114 (0.0114)	MAE 0.070 (0.070)
Test: [10/15]	Time 0.045 (0.040)	Loss 0.0085 (0.0167)	MAE 0.068 (0.071)
 * MAE 0.072
Epoch: [161][100/108]	Time 0.087 (0.091)	Data 0.015 (0.021)	Loss 0.0085 (0.0149)	MAE 0.064 (0.074)
Test: [0/15]	Time 0.044 (0.044)	Loss 0.0880 (0.0880)	MAE 0.087 (0.087)
Test: [10/15]	Time 0.038 (0.041)	Loss 0.0090 (0.0162)	MAE 0.068 (0.071)
 * MAE 0.071
Epoch: [162][100/108]	Time 0.092 (0.092)	Data 0.021 (0.021)	Loss 0.0087 (0.0133)	MAE 0.076 (0.072)
Test: [0/15]	Time 0.037 (0.037)	Loss 0.0143 (0.0143)	MAE 0.075 (0.075)
Test: [10/15]	Time 0.036 (0.039)	Loss 0.0100 (0.0095)	MAE 0.069 (0.069)
 * MAE 0.070
Epoch: [163][100/108]	Time 0.105 (0.091)	Data 0.021 (0.021)	Loss 0.0092 (0.0150)	MAE 0.082 (0.074)
Test: [0/15]	Time 0.035 (0.035)	Loss 0.0090 (0.0090)	MAE 0.076 (0.076)
Test: [10/15]	Time 0.042 (0.041)	Loss 0.0876 (0.0171)	MAE 0.088 (0.075)
 * MAE 0.075
Epoch: [164][100/108]	Time 0.076 (0.091)	Data 0.014 (0.021)	Loss 0.0069 (0.0149)	MAE 0.072 (0.074)
Test: [0/15]	Time 0.035 (0.035)	Loss 0.0064 (0.0064)	MAE 0.058 (0.058)
Test: [10/15]	Time 0.040 (0.041)	Loss 0.0065 (0.0160)	MAE 0.062 (0.068)
 * MAE 0.067
Epoch: [165][100/108]	Time 0.096 (0.088)	Data 0.022 (0.018)	Loss 0.0118 (0.0146)	MAE 0.084 (0.073)
Test: [0/15]	Time 0.044 (0.044)	Loss 0.0892 (0.0892)	MAE 0.091 (0.091)
Test: [10/15]	Time 0.040 (0.041)	Loss 0.0068 (0.0162)	MAE 0.061 (0.069)
 * MAE 0.069
Epoch: [166][100/108]	Time 0.093 (0.088)	Data 0.019 (0.018)	Loss 0.0070 (0.0147)	MAE 0.068 (0.073)
Test: [0/15]	Time 0.039 (0.039)	Loss 0.0955 (0.0955)	MAE 0.092 (0.092)
Test: [10/15]	Time 0.042 (0.066)	Loss 0.0098 (0.0170)	MAE 0.071 (0.071)
 * MAE 0.070
Epoch: [167][100/108]	Time 0.084 (0.088)	Data 0.015 (0.018)	Loss 0.0098 (0.0143)	MAE 0.069 (0.072)
Test: [0/15]	Time 0.046 (0.046)	Loss 0.0129 (0.0129)	MAE 0.076 (0.076)
Test: [10/15]	Time 0.043 (0.068)	Loss 0.0080 (0.0096)	MAE 0.066 (0.069)
 * MAE 0.069
Epoch: [168][100/108]	Time 0.087 (0.088)	Data 0.015 (0.018)	Loss 0.0071 (0.0148)	MAE 0.069 (0.074)
Test: [0/15]	Time 0.037 (0.037)	Loss 0.0077 (0.0077)	MAE 0.064 (0.064)
Test: [10/15]	Time 0.038 (0.040)	Loss 0.0060 (0.0169)	MAE 0.064 (0.070)
 * MAE 0.068
Epoch: [169][100/108]	Time 0.086 (0.091)	Data 0.019 (0.021)	Loss 0.0063 (0.0150)	MAE 0.069 (0.074)
Test: [0/15]	Time 0.037 (0.037)	Loss 0.0078 (0.0078)	MAE 0.068 (0.068)
Test: [10/15]	Time 0.038 (0.040)	Loss 0.0153 (0.0167)	MAE 0.075 (0.070)
 * MAE 0.069
Epoch: [170][100/108]	Time 0.099 (0.091)	Data 0.022 (0.021)	Loss 0.0068 (0.0147)	MAE 0.063 (0.072)
Test: [0/15]	Time 0.040 (0.040)	Loss 0.0055 (0.0055)	MAE 0.061 (0.061)
Test: [10/15]	Time 0.034 (0.040)	Loss 0.0103 (0.0164)	MAE 0.068 (0.070)
 * MAE 0.070
Epoch: [171][100/108]	Time 0.080 (0.090)	Data 0.017 (0.021)	Loss 0.0049 (0.0143)	MAE 0.059 (0.071)
Test: [0/15]	Time 0.036 (0.036)	Loss 0.0091 (0.0091)	MAE 0.063 (0.063)
Test: [10/15]	Time 0.040 (0.040)	Loss 0.0079 (0.0088)	MAE 0.065 (0.066)
 * MAE 0.068
Epoch: [172][100/108]	Time 0.086 (0.091)	Data 0.019 (0.021)	Loss 0.0080 (0.0146)	MAE 0.070 (0.072)
Test: [0/15]	Time 0.041 (0.041)	Loss 0.0092 (0.0092)	MAE 0.067 (0.067)
Test: [10/15]	Time 0.048 (0.041)	Loss 0.0096 (0.0098)	MAE 0.066 (0.068)
 * MAE 0.070
Epoch: [173][100/108]	Time 0.106 (0.090)	Data 0.022 (0.021)	Loss 0.0095 (0.0130)	MAE 0.085 (0.071)
Test: [0/15]	Time 0.041 (0.041)	Loss 0.0109 (0.0109)	MAE 0.068 (0.068)
Test: [10/15]	Time 0.033 (0.040)	Loss 0.0070 (0.0166)	MAE 0.061 (0.070)
 * MAE 0.070
Epoch: [174][100/108]	Time 0.086 (0.090)	Data 0.018 (0.021)	Loss 0.0059 (0.0144)	MAE 0.060 (0.072)
Test: [0/15]	Time 0.041 (0.041)	Loss 0.0078 (0.0078)	MAE 0.065 (0.065)
Test: [10/15]	Time 0.043 (0.039)	Loss 0.0143 (0.0097)	MAE 0.073 (0.070)
 * MAE 0.071
Epoch: [175][100/108]	Time 0.087 (0.092)	Data 0.015 (0.021)	Loss 0.0069 (0.0148)	MAE 0.069 (0.073)
Test: [0/15]	Time 0.043 (0.043)	Loss 0.0059 (0.0059)	MAE 0.060 (0.060)
Test: [10/15]	Time 0.037 (0.040)	Loss 0.0094 (0.0168)	MAE 0.069 (0.069)
 * MAE 0.068
Epoch: [176][100/108]	Time 0.089 (0.091)	Data 0.018 (0.021)	Loss 0.0067 (0.0150)	MAE 0.061 (0.074)
Test: [0/15]	Time 0.044 (0.044)	Loss 0.0099 (0.0099)	MAE 0.070 (0.070)
Test: [10/15]	Time 0.046 (0.043)	Loss 0.0078 (0.0175)	MAE 0.065 (0.072)
 * MAE 0.071
Epoch: [177][100/108]	Time 0.092 (0.092)	Data 0.020 (0.021)	Loss 0.0067 (0.0127)	MAE 0.065 (0.071)
Test: [0/15]	Time 0.040 (0.040)	Loss 0.0068 (0.0068)	MAE 0.064 (0.064)
Test: [10/15]	Time 0.040 (0.041)	Loss 0.0163 (0.0165)	MAE 0.077 (0.068)
 * MAE 0.068
Epoch: [178][100/108]	Time 0.085 (0.092)	Data 0.020 (0.021)	Loss 0.0069 (0.0146)	MAE 0.066 (0.073)
Test: [0/15]	Time 0.038 (0.038)	Loss 0.0057 (0.0057)	MAE 0.061 (0.061)
Test: [10/15]	Time 0.044 (0.040)	Loss 0.0115 (0.0161)	MAE 0.066 (0.069)
 * MAE 0.068
Epoch: [179][100/108]	Time 0.085 (0.091)	Data 0.020 (0.021)	Loss 0.0083 (0.0147)	MAE 0.074 (0.072)
Test: [0/15]	Time 0.040 (0.040)	Loss 0.0143 (0.0143)	MAE 0.070 (0.070)
Test: [10/15]	Time 0.035 (0.039)	Loss 0.0088 (0.0161)	MAE 0.063 (0.067)
 * MAE 0.068
Epoch: [180][100/108]	Time 0.093 (0.091)	Data 0.016 (0.021)	Loss 0.0069 (0.0146)	MAE 0.073 (0.073)
Test: [0/15]	Time 0.043 (0.043)	Loss 0.0070 (0.0070)	MAE 0.063 (0.063)
Test: [10/15]	Time 0.041 (0.042)	Loss 0.0108 (0.0163)	MAE 0.069 (0.068)
 * MAE 0.067
Epoch: [181][100/108]	Time 0.086 (0.092)	Data 0.016 (0.021)	Loss 0.0224 (0.0130)	MAE 0.077 (0.071)
Test: [0/15]	Time 0.043 (0.043)	Loss 0.0107 (0.0107)	MAE 0.072 (0.072)
Test: [10/15]	Time 0.039 (0.039)	Loss 0.0067 (0.0164)	MAE 0.063 (0.073)
 * MAE 0.074
Epoch: [182][100/108]	Time 0.087 (0.091)	Data 0.015 (0.021)	Loss 0.0082 (0.0146)	MAE 0.072 (0.073)
Test: [0/15]	Time 0.047 (0.047)	Loss 0.0083 (0.0083)	MAE 0.065 (0.065)
Test: [10/15]	Time 0.035 (0.041)	Loss 0.0180 (0.0175)	MAE 0.083 (0.074)
 * MAE 0.073
Epoch: [183][100/108]	Time 0.096 (0.092)	Data 0.025 (0.021)	Loss 0.0074 (0.0143)	MAE 0.072 (0.071)
Test: [0/15]	Time 0.040 (0.040)	Loss 0.0078 (0.0078)	MAE 0.066 (0.066)
Test: [10/15]	Time 0.037 (0.041)	Loss 0.0080 (0.0156)	MAE 0.066 (0.068)
 * MAE 0.068
Epoch: [184][100/108]	Time 0.091 (0.090)	Data 0.020 (0.021)	Loss 0.0278 (0.0141)	MAE 0.060 (0.071)
Test: [0/15]	Time 0.039 (0.039)	Loss 0.0116 (0.0116)	MAE 0.074 (0.074)
Test: [10/15]	Time 0.037 (0.040)	Loss 0.0063 (0.0158)	MAE 0.063 (0.066)
 * MAE 0.067
Epoch: [185][100/108]	Time 0.099 (0.091)	Data 0.019 (0.021)	Loss 0.0101 (0.0139)	MAE 0.072 (0.071)
Test: [0/15]	Time 0.046 (0.046)	Loss 0.0088 (0.0088)	MAE 0.073 (0.073)
Test: [10/15]	Time 0.037 (0.041)	Loss 0.0093 (0.0161)	MAE 0.070 (0.069)
 * MAE 0.069
Epoch: [186][100/108]	Time 0.089 (0.092)	Data 0.017 (0.021)	Loss 0.0173 (0.0141)	MAE 0.079 (0.070)
Test: [0/15]	Time 0.039 (0.039)	Loss 0.0136 (0.0136)	MAE 0.075 (0.075)
Test: [10/15]	Time 0.051 (0.042)	Loss 0.0093 (0.0166)	MAE 0.064 (0.068)
 * MAE 0.067
Epoch: [187][100/108]	Time 0.090 (0.091)	Data 0.018 (0.021)	Loss 0.0055 (0.0148)	MAE 0.062 (0.073)
Test: [0/15]	Time 0.040 (0.040)	Loss 0.0880 (0.0880)	MAE 0.089 (0.089)
Test: [10/15]	Time 0.051 (0.042)	Loss 0.0121 (0.0161)	MAE 0.071 (0.068)
 * MAE 0.067
Epoch: [188][100/108]	Time 0.108 (0.092)	Data 0.021 (0.022)	Loss 0.0120 (0.0143)	MAE 0.078 (0.071)
Test: [0/15]	Time 0.044 (0.044)	Loss 0.0095 (0.0095)	MAE 0.069 (0.069)
Test: [10/15]	Time 0.038 (0.039)	Loss 0.0091 (0.0091)	MAE 0.070 (0.067)
 * MAE 0.068
Epoch: [189][100/108]	Time 0.094 (0.092)	Data 0.019 (0.021)	Loss 0.0071 (0.0142)	MAE 0.069 (0.070)
Test: [0/15]	Time 0.032 (0.032)	Loss 0.0093 (0.0093)	MAE 0.068 (0.068)
Test: [10/15]	Time 0.041 (0.039)	Loss 0.0075 (0.0164)	MAE 0.057 (0.067)
 * MAE 0.066
Epoch: [190][100/108]	Time 0.101 (0.090)	Data 0.018 (0.021)	Loss 0.0070 (0.0144)	MAE 0.066 (0.072)
Test: [0/15]	Time 0.036 (0.036)	Loss 0.0127 (0.0127)	MAE 0.074 (0.074)
Test: [10/15]	Time 0.036 (0.038)	Loss 0.0077 (0.0162)	MAE 0.065 (0.069)
 * MAE 0.068
Epoch: [191][100/108]	Time 0.086 (0.092)	Data 0.019 (0.021)	Loss 0.0066 (0.0145)	MAE 0.065 (0.072)
Test: [0/15]	Time 0.046 (0.046)	Loss 0.0095 (0.0095)	MAE 0.071 (0.071)
Test: [10/15]	Time 0.037 (0.041)	Loss 0.0106 (0.0167)	MAE 0.072 (0.070)
 * MAE 0.070
Epoch: [192][100/108]	Time 0.088 (0.091)	Data 0.016 (0.021)	Loss 0.0103 (0.0144)	MAE 0.079 (0.071)
Test: [0/15]	Time 0.041 (0.041)	Loss 0.0082 (0.0082)	MAE 0.067 (0.067)
Test: [10/15]	Time 0.033 (0.042)	Loss 0.0093 (0.0157)	MAE 0.067 (0.067)
 * MAE 0.068
Epoch: [193][100/108]	Time 0.090 (0.092)	Data 0.021 (0.021)	Loss 0.0067 (0.0140)	MAE 0.068 (0.070)
Test: [0/15]	Time 0.038 (0.038)	Loss 0.0082 (0.0082)	MAE 0.063 (0.063)
Test: [10/15]	Time 0.040 (0.041)	Loss 0.0146 (0.0088)	MAE 0.079 (0.065)
 * MAE 0.067
Epoch: [194][100/108]	Time 0.088 (0.092)	Data 0.019 (0.021)	Loss 0.0073 (0.0143)	MAE 0.067 (0.071)
Test: [0/15]	Time 0.043 (0.043)	Loss 0.0063 (0.0063)	MAE 0.064 (0.064)
Test: [10/15]	Time 0.039 (0.040)	Loss 0.0085 (0.0161)	MAE 0.070 (0.071)
 * MAE 0.071
Epoch: [195][100/108]	Time 0.089 (0.091)	Data 0.016 (0.021)	Loss 0.0074 (0.0143)	MAE 0.072 (0.072)
Test: [0/15]	Time 0.041 (0.041)	Loss 0.0139 (0.0139)	MAE 0.071 (0.071)
Test: [10/15]	Time 0.037 (0.041)	Loss 0.0083 (0.0160)	MAE 0.066 (0.068)
 * MAE 0.067
Epoch: [196][100/108]	Time 0.373 (0.091)	Data 0.303 (0.021)	Loss 0.0111 (0.0145)	MAE 0.070 (0.072)
Test: [0/15]	Time 0.042 (0.042)	Loss 0.0156 (0.0156)	MAE 0.080 (0.080)
Test: [10/15]	Time 0.039 (0.043)	Loss 0.0079 (0.0089)	MAE 0.069 (0.068)
 * MAE 0.069
Epoch: [197][100/108]	Time 0.092 (0.088)	Data 0.021 (0.018)	Loss 0.0066 (0.0145)	MAE 0.066 (0.072)
Test: [0/15]	Time 0.045 (0.045)	Loss 0.0048 (0.0048)	MAE 0.054 (0.054)
Test: [10/15]	Time 0.034 (0.067)	Loss 0.0095 (0.0156)	MAE 0.072 (0.066)
 * MAE 0.067
Epoch: [198][100/108]	Time 0.095 (0.089)	Data 0.022 (0.018)	Loss 0.0081 (0.0145)	MAE 0.068 (0.072)
Test: [0/15]	Time 0.037 (0.037)	Loss 0.0111 (0.0111)	MAE 0.069 (0.069)
Test: [10/15]	Time 0.039 (0.067)	Loss 0.0082 (0.0153)	MAE 0.065 (0.067)
 * MAE 0.066
Epoch: [199][100/108]	Time 0.098 (0.088)	Data 0.021 (0.018)	Loss 0.0049 (0.0142)	MAE 0.062 (0.072)
Test: [0/15]	Time 0.036 (0.036)	Loss 0.0087 (0.0087)	MAE 0.067 (0.067)
Test: [10/15]	Time 0.037 (0.041)	Loss 0.0079 (0.0091)	MAE 0.069 (0.070)
 * MAE 0.072
Epoch: [200][100/108]	Time 0.086 (0.091)	Data 0.017 (0.021)	Loss 0.0707 (0.0125)	MAE 0.095 (0.070)
Test: [0/15]	Time 0.038 (0.038)	Loss 0.0087 (0.0087)	MAE 0.066 (0.066)
Test: [10/15]	Time 0.042 (0.039)	Loss 0.0062 (0.0164)	MAE 0.057 (0.069)
 * MAE 0.069
Epoch: [201][100/108]	Time 0.089 (0.091)	Data 0.020 (0.021)	Loss 0.0068 (0.0145)	MAE 0.065 (0.071)
Test: [0/15]	Time 0.043 (0.043)	Loss 0.0148 (0.0148)	MAE 0.079 (0.079)
Test: [10/15]	Time 0.043 (0.041)	Loss 0.0079 (0.0175)	MAE 0.067 (0.073)
 * MAE 0.071
Epoch: [202][100/108]	Time 0.098 (0.091)	Data 0.019 (0.021)	Loss 0.0066 (0.0143)	MAE 0.060 (0.071)
Test: [0/15]	Time 0.044 (0.044)	Loss 0.0086 (0.0086)	MAE 0.064 (0.064)
Test: [10/15]	Time 0.048 (0.042)	Loss 0.0071 (0.0160)	MAE 0.061 (0.068)
 * MAE 0.068
Epoch: [203][100/108]	Time 0.095 (0.092)	Data 0.019 (0.022)	Loss 0.0064 (0.0143)	MAE 0.062 (0.071)
Test: [0/15]	Time 0.042 (0.042)	Loss 0.0100 (0.0100)	MAE 0.069 (0.069)
Test: [10/15]	Time 0.039 (0.040)	Loss 0.0055 (0.0160)	MAE 0.058 (0.067)
 * MAE 0.067
Epoch: [204][100/108]	Time 0.076 (0.091)	Data 0.015 (0.021)	Loss 0.0076 (0.0144)	MAE 0.065 (0.072)
Test: [0/15]	Time 0.035 (0.035)	Loss 0.0128 (0.0128)	MAE 0.070 (0.070)
Test: [10/15]	Time 0.046 (0.042)	Loss 0.0084 (0.0166)	MAE 0.064 (0.070)
 * MAE 0.070
Epoch: [205][100/108]	Time 0.093 (0.091)	Data 0.020 (0.021)	Loss 0.0069 (0.0137)	MAE 0.068 (0.069)
Test: [0/15]	Time 0.043 (0.043)	Loss 0.0899 (0.0899)	MAE 0.084 (0.084)
Test: [10/15]	Time 0.038 (0.041)	Loss 0.0111 (0.0158)	MAE 0.071 (0.067)
 * MAE 0.066
Epoch: [206][100/108]	Time 0.083 (0.091)	Data 0.019 (0.021)	Loss 0.0052 (0.0141)	MAE 0.061 (0.070)
Test: [0/15]	Time 0.037 (0.037)	Loss 0.0104 (0.0104)	MAE 0.070 (0.070)
Test: [10/15]	Time 0.042 (0.039)	Loss 0.0838 (0.0158)	MAE 0.081 (0.069)
 * MAE 0.069
Epoch: [207][100/108]	Time 0.094 (0.091)	Data 0.018 (0.021)	Loss 0.0059 (0.0129)	MAE 0.061 (0.071)
Test: [0/15]	Time 0.037 (0.037)	Loss 0.0070 (0.0070)	MAE 0.060 (0.060)
Test: [10/15]	Time 0.038 (0.039)	Loss 0.0895 (0.0158)	MAE 0.088 (0.069)
 * MAE 0.069
Epoch: [208][100/108]	Time 0.086 (0.092)	Data 0.020 (0.021)	Loss 0.0065 (0.0142)	MAE 0.063 (0.072)
Test: [0/15]	Time 0.041 (0.041)	Loss 0.0064 (0.0064)	MAE 0.068 (0.068)
Test: [10/15]	Time 0.038 (0.040)	Loss 0.0085 (0.0166)	MAE 0.065 (0.074)
 * MAE 0.074
Epoch: [209][100/108]	Time 0.092 (0.092)	Data 0.019 (0.021)	Loss 0.0050 (0.0141)	MAE 0.058 (0.070)
Test: [0/15]	Time 0.039 (0.039)	Loss 0.0120 (0.0120)	MAE 0.071 (0.071)
Test: [10/15]	Time 0.040 (0.042)	Loss 0.0857 (0.0165)	MAE 0.081 (0.070)
 * MAE 0.070
Epoch: [210][100/108]	Time 0.090 (0.092)	Data 0.021 (0.021)	Loss 0.0086 (0.0140)	MAE 0.071 (0.069)
Test: [0/15]	Time 0.036 (0.036)	Loss 0.0082 (0.0082)	MAE 0.063 (0.063)
Test: [10/15]	Time 0.049 (0.040)	Loss 0.0078 (0.0154)	MAE 0.064 (0.067)
 * MAE 0.066
Epoch: [211][100/108]	Time 0.093 (0.091)	Data 0.015 (0.021)	Loss 0.0108 (0.0137)	MAE 0.088 (0.068)
Test: [0/15]	Time 0.044 (0.044)	Loss 0.0070 (0.0070)	MAE 0.065 (0.065)
Test: [10/15]	Time 0.037 (0.040)	Loss 0.0099 (0.0095)	MAE 0.074 (0.070)
 * MAE 0.070
Epoch: [212][100/108]	Time 0.088 (0.092)	Data 0.016 (0.021)	Loss 0.0066 (0.0143)	MAE 0.065 (0.071)
Test: [0/15]	Time 0.049 (0.049)	Loss 0.0084 (0.0084)	MAE 0.067 (0.067)
Test: [10/15]	Time 0.040 (0.041)	Loss 0.0095 (0.0167)	MAE 0.073 (0.071)
 * MAE 0.070
Epoch: [213][100/108]	Time 0.093 (0.092)	Data 0.016 (0.021)	Loss 0.0220 (0.0144)	MAE 0.073 (0.072)
Test: [0/15]	Time 0.036 (0.036)	Loss 0.0130 (0.0130)	MAE 0.074 (0.074)
Test: [10/15]	Time 0.045 (0.040)	Loss 0.0877 (0.0164)	MAE 0.085 (0.068)
 * MAE 0.067
Epoch: [214][100/108]	Time 0.078 (0.090)	Data 0.015 (0.021)	Loss 0.0067 (0.0146)	MAE 0.068 (0.073)
Test: [0/15]	Time 0.039 (0.039)	Loss 0.0067 (0.0067)	MAE 0.063 (0.063)
Test: [10/15]	Time 0.038 (0.040)	Loss 0.0108 (0.0161)	MAE 0.070 (0.068)
 * MAE 0.067
Epoch: [215][100/108]	Time 0.087 (0.092)	Data 0.018 (0.021)	Loss 0.0054 (0.0124)	MAE 0.063 (0.070)
Test: [0/15]	Time 0.036 (0.036)	Loss 0.0073 (0.0073)	MAE 0.066 (0.066)
Test: [10/15]	Time 0.043 (0.041)	Loss 0.0089 (0.0160)	MAE 0.067 (0.068)
 * MAE 0.067
Epoch: [216][100/108]	Time 0.097 (0.092)	Data 0.016 (0.021)	Loss 0.0074 (0.0146)	MAE 0.074 (0.073)
Test: [0/15]	Time 0.038 (0.038)	Loss 0.0096 (0.0096)	MAE 0.077 (0.077)
Test: [10/15]	Time 0.039 (0.041)	Loss 0.0092 (0.0175)	MAE 0.073 (0.077)
 * MAE 0.076
Epoch: [217][100/108]	Time 0.094 (0.091)	Data 0.020 (0.021)	Loss 0.0104 (0.0136)	MAE 0.078 (0.071)
Test: [0/15]	Time 0.042 (0.042)	Loss 0.0096 (0.0096)	MAE 0.072 (0.072)
Test: [10/15]	Time 0.044 (0.041)	Loss 0.0078 (0.0159)	MAE 0.066 (0.071)
 * MAE 0.072
Epoch: [218][100/108]	Time 0.088 (0.091)	Data 0.016 (0.021)	Loss 0.0630 (0.0139)	MAE 0.119 (0.070)
Test: [0/15]	Time 0.034 (0.034)	Loss 0.0104 (0.0104)	MAE 0.070 (0.070)
Test: [10/15]	Time 0.034 (0.039)	Loss 0.0129 (0.0161)	MAE 0.071 (0.068)
 * MAE 0.067
Epoch: [219][100/108]	Time 0.092 (0.091)	Data 0.020 (0.021)	Loss 0.0644 (0.0138)	MAE 0.088 (0.069)
Test: [0/15]	Time 0.037 (0.037)	Loss 0.0101 (0.0101)	MAE 0.066 (0.066)
Test: [10/15]	Time 0.038 (0.039)	Loss 0.0095 (0.0160)	MAE 0.064 (0.068)
 * MAE 0.069
Epoch: [220][100/108]	Time 0.100 (0.092)	Data 0.019 (0.021)	Loss 0.0067 (0.0141)	MAE 0.069 (0.070)
Test: [0/15]	Time 0.036 (0.036)	Loss 0.0868 (0.0868)	MAE 0.082 (0.082)
Test: [10/15]	Time 0.045 (0.041)	Loss 0.0081 (0.0164)	MAE 0.068 (0.069)
 * MAE 0.068
Epoch: [221][100/108]	Time 0.090 (0.092)	Data 0.021 (0.021)	Loss 0.0284 (0.0139)	MAE 0.077 (0.070)
Test: [0/15]	Time 0.037 (0.037)	Loss 0.0086 (0.0086)	MAE 0.070 (0.070)
Test: [10/15]	Time 0.039 (0.039)	Loss 0.0135 (0.0168)	MAE 0.076 (0.071)
 * MAE 0.070
Epoch: [222][100/108]	Time 0.078 (0.091)	Data 0.017 (0.021)	Loss 0.0093 (0.0142)	MAE 0.085 (0.072)
Test: [0/15]	Time 0.040 (0.040)	Loss 0.0072 (0.0072)	MAE 0.070 (0.070)
Test: [10/15]	Time 0.039 (0.040)	Loss 0.0072 (0.0158)	MAE 0.066 (0.067)
 * MAE 0.067
Epoch: [223][100/108]	Time 0.094 (0.092)	Data 0.022 (0.021)	Loss 0.0107 (0.0142)	MAE 0.090 (0.071)
Test: [0/15]	Time 0.038 (0.038)	Loss 0.0079 (0.0079)	MAE 0.069 (0.069)
Test: [10/15]	Time 0.035 (0.040)	Loss 0.0071 (0.0086)	MAE 0.063 (0.065)
 * MAE 0.066
Epoch: [224][100/108]	Time 0.082 (0.091)	Data 0.018 (0.021)	Loss 0.0102 (0.0140)	MAE 0.072 (0.071)
Test: [0/15]	Time 0.043 (0.043)	Loss 0.0084 (0.0084)	MAE 0.068 (0.068)
Test: [10/15]	Time 0.042 (0.040)	Loss 0.0107 (0.0165)	MAE 0.071 (0.069)
 * MAE 0.068
Epoch: [225][100/108]	Time 0.080 (0.091)	Data 0.018 (0.021)	Loss 0.0057 (0.0137)	MAE 0.063 (0.069)
Test: [0/15]	Time 0.039 (0.039)	Loss 0.0125 (0.0125)	MAE 0.077 (0.077)
Test: [10/15]	Time 0.047 (0.041)	Loss 0.0106 (0.0169)	MAE 0.077 (0.077)
 * MAE 0.077
Epoch: [226][100/108]	Time 0.090 (0.092)	Data 0.021 (0.021)	Loss 0.0134 (0.0142)	MAE 0.107 (0.071)
Test: [0/15]	Time 0.037 (0.037)	Loss 0.0102 (0.0102)	MAE 0.067 (0.067)
Test: [10/15]	Time 0.038 (0.040)	Loss 0.0079 (0.0091)	MAE 0.065 (0.069)
 * MAE 0.071
Epoch: [227][100/108]	Time 0.091 (0.090)	Data 0.020 (0.020)	Loss 0.0051 (0.0139)	MAE 0.058 (0.070)
Test: [0/15]	Time 0.046 (0.046)	Loss 0.0100 (0.0100)	MAE 0.068 (0.068)
Test: [10/15]	Time 0.037 (0.042)	Loss 0.0071 (0.0155)	MAE 0.060 (0.066)
 * MAE 0.067
Epoch: [228][100/108]	Time 0.088 (0.090)	Data 0.019 (0.021)	Loss 0.0068 (0.0137)	MAE 0.065 (0.069)
Test: [0/15]	Time 0.037 (0.037)	Loss 0.0194 (0.0194)	MAE 0.082 (0.082)
Test: [10/15]	Time 0.039 (0.041)	Loss 0.0079 (0.0093)	MAE 0.065 (0.067)
 * MAE 0.067
Epoch: [229][100/108]	Time 0.077 (0.091)	Data 0.018 (0.021)	Loss 0.0101 (0.0138)	MAE 0.088 (0.070)
Test: [0/15]	Time 0.039 (0.039)	Loss 0.0104 (0.0104)	MAE 0.070 (0.070)
Test: [10/15]	Time 0.040 (0.040)	Loss 0.0112 (0.0096)	MAE 0.079 (0.071)
 * MAE 0.073
Epoch: [230][100/108]	Time 0.365 (0.090)	Data 0.299 (0.020)	Loss 0.0066 (0.0141)	MAE 0.065 (0.070)
Test: [0/15]	Time 0.037 (0.037)	Loss 0.0126 (0.0126)	MAE 0.077 (0.077)
Test: [10/15]	Time 0.040 (0.040)	Loss 0.0092 (0.0167)	MAE 0.070 (0.070)
 * MAE 0.069
Epoch: [231][100/108]	Time 0.083 (0.087)	Data 0.015 (0.018)	Loss 0.0056 (0.0143)	MAE 0.059 (0.072)
Test: [0/15]	Time 0.043 (0.043)	Loss 0.0130 (0.0130)	MAE 0.070 (0.070)
Test: [10/15]	Time 0.039 (0.069)	Loss 0.0094 (0.0083)	MAE 0.064 (0.064)
 * MAE 0.066
Epoch: [232][100/108]	Time 0.084 (0.088)	Data 0.015 (0.018)	Loss 0.0176 (0.0104)	MAE 0.080 (0.071)
Test: [0/15]	Time 0.036 (0.036)	Loss 0.0124 (0.0124)	MAE 0.071 (0.071)
Test: [10/15]	Time 0.037 (0.065)	Loss 0.0105 (0.0082)	MAE 0.067 (0.064)
 * MAE 0.066
Epoch: [233][100/108]	Time 0.092 (0.089)	Data 0.020 (0.018)	Loss 0.0166 (0.0138)	MAE 0.093 (0.069)
Test: [0/15]	Time 0.037 (0.037)	Loss 0.0063 (0.0063)	MAE 0.059 (0.059)
Test: [10/15]	Time 0.043 (0.040)	Loss 0.0105 (0.0156)	MAE 0.066 (0.068)
 * MAE 0.068
Epoch: [234][100/108]	Time 0.103 (0.089)	Data 0.019 (0.018)	Loss 0.0079 (0.0139)	MAE 0.070 (0.070)
Test: [0/15]	Time 0.037 (0.037)	Loss 0.0857 (0.0857)	MAE 0.084 (0.084)
Test: [10/15]	Time 0.040 (0.040)	Loss 0.0075 (0.0160)	MAE 0.066 (0.069)
 * MAE 0.069
Epoch: [235][100/108]	Time 0.080 (0.091)	Data 0.016 (0.021)	Loss 0.0090 (0.0134)	MAE 0.069 (0.067)
Test: [0/15]	Time 0.039 (0.039)	Loss 0.0913 (0.0913)	MAE 0.094 (0.094)
Test: [10/15]	Time 0.034 (0.040)	Loss 0.0148 (0.0160)	MAE 0.076 (0.070)
 * MAE 0.070
Epoch: [236][100/108]	Time 0.091 (0.091)	Data 0.020 (0.020)	Loss 0.0116 (0.0140)	MAE 0.076 (0.069)
Test: [0/15]	Time 0.043 (0.043)	Loss 0.0094 (0.0094)	MAE 0.072 (0.072)
Test: [10/15]	Time 0.037 (0.038)	Loss 0.0087 (0.0087)	MAE 0.069 (0.068)
 * MAE 0.069
Epoch: [237][100/108]	Time 0.077 (0.090)	Data 0.014 (0.021)	Loss 0.0059 (0.0138)	MAE 0.063 (0.069)
Test: [0/15]	Time 0.039 (0.039)	Loss 0.0112 (0.0112)	MAE 0.077 (0.077)
Test: [10/15]	Time 0.038 (0.039)	Loss 0.0075 (0.0085)	MAE 0.064 (0.065)
 * MAE 0.067
Epoch: [238][100/108]	Time 0.080 (0.088)	Data 0.015 (0.018)	Loss 0.0055 (0.0127)	MAE 0.057 (0.070)
Test: [0/15]	Time 0.042 (0.042)	Loss 0.0910 (0.0910)	MAE 0.092 (0.092)
Test: [10/15]	Time 0.034 (0.040)	Loss 0.0090 (0.0167)	MAE 0.069 (0.070)
 * MAE 0.067
Epoch: [239][100/108]	Time 0.080 (0.088)	Data 0.019 (0.018)	Loss 0.0116 (0.0132)	MAE 0.071 (0.067)
Test: [0/15]	Time 0.034 (0.034)	Loss 0.0067 (0.0067)	MAE 0.061 (0.061)
Test: [10/15]	Time 0.038 (0.039)	Loss 0.0102 (0.0154)	MAE 0.072 (0.066)
 * MAE 0.066
Epoch: [240][100/108]	Time 0.093 (0.089)	Data 0.020 (0.018)	Loss 0.0052 (0.0139)	MAE 0.058 (0.070)
Test: [0/15]	Time 0.037 (0.037)	Loss 0.0914 (0.0914)	MAE 0.087 (0.087)
Test: [10/15]	Time 0.035 (0.040)	Loss 0.0051 (0.0161)	MAE 0.058 (0.068)
 * MAE 0.067
Epoch: [241][100/108]	Time 0.087 (0.088)	Data 0.016 (0.018)	Loss 0.1510 (0.0140)	MAE 0.091 (0.069)
Test: [0/15]	Time 0.037 (0.037)	Loss 0.0126 (0.0126)	MAE 0.079 (0.079)
Test: [10/15]	Time 0.042 (0.066)	Loss 0.0084 (0.0164)	MAE 0.069 (0.071)
 * MAE 0.070
Epoch: [242][100/108]	Time 0.091 (0.088)	Data 0.021 (0.018)	Loss 0.0068 (0.0138)	MAE 0.065 (0.069)
Test: [0/15]	Time 0.040 (0.040)	Loss 0.0927 (0.0927)	MAE 0.088 (0.088)
Test: [10/15]	Time 0.037 (0.041)	Loss 0.0061 (0.0154)	MAE 0.058 (0.066)
 * MAE 0.066
Epoch: [243][100/108]	Time 0.085 (0.088)	Data 0.016 (0.018)	Loss 0.0069 (0.0138)	MAE 0.065 (0.070)
Test: [0/15]	Time 0.040 (0.040)	Loss 0.0087 (0.0087)	MAE 0.072 (0.072)
Test: [10/15]	Time 0.043 (0.068)	Loss 0.0098 (0.0175)	MAE 0.076 (0.078)
 * MAE 0.076
Epoch: [244][100/108]	Time 0.088 (0.089)	Data 0.019 (0.018)	Loss 0.0063 (0.0132)	MAE 0.068 (0.069)
Test: [0/15]	Time 0.315 (0.315)	Loss 0.0060 (0.0060)	MAE 0.056 (0.056)
Test: [10/15]	Time 0.040 (0.066)	Loss 0.0082 (0.0158)	MAE 0.068 (0.068)
 * MAE 0.068
Epoch: [245][100/108]	Time 0.096 (0.089)	Data 0.019 (0.018)	Loss 0.0135 (0.0137)	MAE 0.098 (0.068)
Test: [0/15]	Time 0.039 (0.039)	Loss 0.0053 (0.0053)	MAE 0.061 (0.061)
Test: [10/15]	Time 0.037 (0.042)	Loss 0.0819 (0.0165)	MAE 0.080 (0.073)
 * MAE 0.072
Epoch: [246][100/108]	Time 0.086 (0.089)	Data 0.017 (0.018)	Loss 0.0071 (0.0141)	MAE 0.065 (0.070)
Test: [0/15]	Time 0.037 (0.037)	Loss 0.0065 (0.0065)	MAE 0.063 (0.063)
Test: [10/15]	Time 0.039 (0.041)	Loss 0.0079 (0.0155)	MAE 0.067 (0.067)
 * MAE 0.066
Epoch: [247][100/108]	Time 0.093 (0.089)	Data 0.018 (0.018)	Loss 0.0071 (0.0139)	MAE 0.071 (0.070)
Test: [0/15]	Time 0.041 (0.041)	Loss 0.0059 (0.0059)	MAE 0.062 (0.062)
Test: [10/15]	Time 0.044 (0.040)	Loss 0.0062 (0.0088)	MAE 0.061 (0.065)
 * MAE 0.067
Epoch: [248][100/108]	Time 0.099 (0.089)	Data 0.016 (0.019)	Loss 0.0074 (0.0140)	MAE 0.075 (0.070)
Test: [0/15]	Time 0.041 (0.041)	Loss 0.0075 (0.0075)	MAE 0.069 (0.069)
Test: [10/15]	Time 0.034 (0.069)	Loss 0.0144 (0.0093)	MAE 0.075 (0.071)
 * MAE 0.073
Epoch: [249][100/108]	Time 0.083 (0.088)	Data 0.017 (0.018)	Loss 0.0053 (0.0140)	MAE 0.059 (0.070)
Test: [0/15]	Time 0.038 (0.038)	Loss 0.0077 (0.0077)	MAE 0.068 (0.068)
Test: [10/15]	Time 0.037 (0.041)	Loss 0.0067 (0.0151)	MAE 0.065 (0.066)
 * MAE 0.067
---------Evaluate Model on Test Set---------------
Test: [0/22]	Time 4.168 (4.168)	Loss 0.0075 (0.0075)	MAE 0.065 (0.065)
Test: [10/22]	Time 4.906 (4.440)	Loss 0.0123 (0.0100)	MAE 0.072 (0.068)
Test: [20/22]	Time 4.141 (4.347)	Loss 0.0060 (0.0088)	MAE 0.060 (0.066)
 ** MAE 0.066
