Epoch: [0][100/108]	Time 4.200 (4.161)	Data 4.117 (4.080)	Loss 0.0678 (0.2148)	MAE 0.212 (0.347)
Test: [0/15]	Time 3.564 (3.564)	Loss 0.2028 (0.2028)	MAE 0.436 (0.436)
Test: [10/15]	Time 4.008 (4.106)	Loss 0.1924 (0.2006)	MAE 0.411 (0.423)
 * MAE 0.425
Epoch: [1][100/108]	Time 0.077 (0.092)	Data 0.017 (0.019)	Loss 0.0483 (0.0770)	MAE 0.177 (0.213)
Test: [0/15]	Time 0.047 (0.047)	Loss 0.0826 (0.0826)	MAE 0.256 (0.256)
Test: [10/15]	Time 0.041 (0.068)	Loss 0.1679 (0.1050)	MAE 0.272 (0.278)
 * MAE 0.278
Epoch: [2][100/108]	Time 0.098 (0.093)	Data 0.020 (0.018)	Loss 0.0336 (0.0610)	MAE 0.155 (0.187)
Test: [0/15]	Time 0.035 (0.035)	Loss 0.2272 (0.2272)	MAE 0.414 (0.414)
Test: [10/15]	Time 0.043 (0.066)	Loss 0.2241 (0.2103)	MAE 0.428 (0.405)
 * MAE 0.407
Epoch: [3][100/108]	Time 0.093 (0.093)	Data 0.020 (0.018)	Loss 0.0434 (0.0601)	MAE 0.175 (0.187)
Test: [0/15]	Time 0.044 (0.044)	Loss 0.0483 (0.0483)	MAE 0.186 (0.186)
Test: [10/15]	Time 0.037 (0.041)	Loss 0.0585 (0.0586)	MAE 0.191 (0.187)
 * MAE 0.189
Epoch: [4][100/108]	Time 0.100 (0.092)	Data 0.022 (0.018)	Loss 0.0378 (0.0486)	MAE 0.161 (0.168)
Test: [0/15]	Time 0.036 (0.036)	Loss 0.0409 (0.0409)	MAE 0.147 (0.147)
Test: [10/15]	Time 0.048 (0.041)	Loss 0.0276 (0.0387)	MAE 0.132 (0.140)
 * MAE 0.141
Epoch: [5][100/108]	Time 0.096 (0.095)	Data 0.020 (0.021)	Loss 0.0383 (0.0483)	MAE 0.154 (0.164)
Test: [0/15]	Time 0.044 (0.044)	Loss 0.0313 (0.0313)	MAE 0.135 (0.135)
Test: [10/15]	Time 0.037 (0.041)	Loss 0.0347 (0.0369)	MAE 0.150 (0.142)
 * MAE 0.142
Epoch: [6][100/108]	Time 0.091 (0.095)	Data 0.018 (0.021)	Loss 0.0444 (0.0445)	MAE 0.148 (0.158)
Test: [0/15]	Time 0.041 (0.041)	Loss 0.1122 (0.1122)	MAE 0.185 (0.185)
Test: [10/15]	Time 0.034 (0.041)	Loss 0.0311 (0.0461)	MAE 0.144 (0.158)
 * MAE 0.158
Epoch: [7][100/108]	Time 0.082 (0.095)	Data 0.017 (0.021)	Loss 0.0467 (0.0458)	MAE 0.177 (0.160)
Test: [0/15]	Time 0.041 (0.041)	Loss 0.0189 (0.0189)	MAE 0.114 (0.114)
Test: [10/15]	Time 0.039 (0.040)	Loss 0.0197 (0.0298)	MAE 0.109 (0.122)
 * MAE 0.121
Epoch: [8][100/108]	Time 0.095 (0.096)	Data 0.022 (0.021)	Loss 0.0141 (0.0428)	MAE 0.102 (0.153)
Test: [0/15]	Time 0.034 (0.034)	Loss 0.0277 (0.0277)	MAE 0.135 (0.135)
Test: [10/15]	Time 0.039 (0.041)	Loss 0.0316 (0.0325)	MAE 0.140 (0.134)
 * MAE 0.132
Epoch: [9][100/108]	Time 0.088 (0.095)	Data 0.016 (0.021)	Loss 0.0254 (0.0401)	MAE 0.126 (0.146)
Test: [0/15]	Time 0.039 (0.039)	Loss 0.0254 (0.0254)	MAE 0.132 (0.132)
Test: [10/15]	Time 0.040 (0.041)	Loss 0.0242 (0.0316)	MAE 0.126 (0.131)
 * MAE 0.130
Epoch: [10][100/108]	Time 0.100 (0.096)	Data 0.020 (0.021)	Loss 0.0312 (0.0385)	MAE 0.142 (0.143)
Test: [0/15]	Time 0.040 (0.040)	Loss 0.0320 (0.0320)	MAE 0.143 (0.143)
Test: [10/15]	Time 0.040 (0.041)	Loss 0.0254 (0.0269)	MAE 0.135 (0.135)
 * MAE 0.137
Epoch: [11][100/108]	Time 0.087 (0.095)	Data 0.019 (0.021)	Loss 0.0204 (0.0403)	MAE 0.118 (0.149)
Test: [0/15]	Time 0.036 (0.036)	Loss 0.0318 (0.0318)	MAE 0.141 (0.141)
Test: [10/15]	Time 0.039 (0.040)	Loss 0.0306 (0.0306)	MAE 0.136 (0.138)
 * MAE 0.140
Epoch: [12][100/108]	Time 0.098 (0.096)	Data 0.021 (0.021)	Loss 0.0396 (0.0383)	MAE 0.161 (0.144)
Test: [0/15]	Time 0.039 (0.039)	Loss 0.0369 (0.0369)	MAE 0.164 (0.164)
Test: [10/15]	Time 0.044 (0.042)	Loss 0.0304 (0.0433)	MAE 0.151 (0.166)
 * MAE 0.165
Epoch: [13][100/108]	Time 0.095 (0.095)	Data 0.019 (0.021)	Loss 0.1816 (0.0369)	MAE 0.133 (0.141)
Test: [0/15]	Time 0.045 (0.045)	Loss 0.0304 (0.0304)	MAE 0.138 (0.138)
Test: [10/15]	Time 0.037 (0.041)	Loss 0.0236 (0.0340)	MAE 0.131 (0.139)
 * MAE 0.138
Epoch: [14][100/108]	Time 0.110 (0.099)	Data 0.021 (0.022)	Loss 0.0447 (0.0313)	MAE 0.128 (0.125)
Test: [0/15]	Time 0.042 (0.042)	Loss 0.1051 (0.1051)	MAE 0.292 (0.292)
Test: [10/15]	Time 0.038 (0.041)	Loss 0.0946 (0.1058)	MAE 0.270 (0.281)
 * MAE 0.282
Epoch: [15][100/108]	Time 0.086 (0.097)	Data 0.018 (0.022)	Loss 0.0470 (0.0361)	MAE 0.198 (0.150)
Test: [0/15]	Time 0.036 (0.036)	Loss 0.0512 (0.0512)	MAE 0.194 (0.194)
Test: [10/15]	Time 0.037 (0.039)	Loss 0.0603 (0.0537)	MAE 0.219 (0.197)
 * MAE 0.196
Epoch: [16][100/108]	Time 0.088 (0.096)	Data 0.016 (0.021)	Loss 0.0210 (0.0345)	MAE 0.111 (0.136)
Test: [0/15]	Time 0.042 (0.042)	Loss 0.0243 (0.0243)	MAE 0.127 (0.127)
Test: [10/15]	Time 0.031 (0.041)	Loss 0.0335 (0.0335)	MAE 0.143 (0.138)
 * MAE 0.139
Epoch: [17][100/108]	Time 0.085 (0.096)	Data 0.016 (0.021)	Loss 0.0452 (0.0307)	MAE 0.150 (0.124)
Test: [0/15]	Time 0.042 (0.042)	Loss 0.0173 (0.0173)	MAE 0.104 (0.104)
Test: [10/15]	Time 0.043 (0.040)	Loss 0.0860 (0.0260)	MAE 0.141 (0.114)
 * MAE 0.114
Epoch: [18][100/108]	Time 0.094 (0.096)	Data 0.017 (0.021)	Loss 0.0222 (0.0344)	MAE 0.122 (0.134)
Test: [0/15]	Time 0.044 (0.044)	Loss 0.0477 (0.0477)	MAE 0.184 (0.184)
Test: [10/15]	Time 0.041 (0.041)	Loss 0.0462 (0.0515)	MAE 0.183 (0.186)
 * MAE 0.185
Epoch: [19][100/108]	Time 0.098 (0.096)	Data 0.022 (0.021)	Loss 0.0497 (0.0327)	MAE 0.164 (0.131)
Test: [0/15]	Time 0.043 (0.043)	Loss 0.0181 (0.0181)	MAE 0.101 (0.101)
Test: [10/15]	Time 0.045 (0.041)	Loss 0.0234 (0.0217)	MAE 0.109 (0.102)
 * MAE 0.101
Epoch: [20][100/108]	Time 0.103 (0.095)	Data 0.020 (0.021)	Loss 0.0224 (0.0293)	MAE 0.136 (0.127)
Test: [0/15]	Time 0.039 (0.039)	Loss 0.0227 (0.0227)	MAE 0.125 (0.125)
Test: [10/15]	Time 0.038 (0.041)	Loss 0.0225 (0.0255)	MAE 0.127 (0.130)
 * MAE 0.133
Epoch: [21][100/108]	Time 0.101 (0.095)	Data 0.022 (0.021)	Loss 0.0181 (0.0330)	MAE 0.104 (0.132)
Test: [0/15]	Time 0.040 (0.040)	Loss 0.0249 (0.0249)	MAE 0.117 (0.117)
Test: [10/15]	Time 0.044 (0.042)	Loss 0.0121 (0.0170)	MAE 0.090 (0.099)
 * MAE 0.101
Epoch: [22][100/108]	Time 0.092 (0.095)	Data 0.016 (0.021)	Loss 0.0122 (0.0281)	MAE 0.089 (0.119)
Test: [0/15]	Time 0.042 (0.042)	Loss 0.0195 (0.0195)	MAE 0.111 (0.111)
Test: [10/15]	Time 0.046 (0.043)	Loss 0.0185 (0.0199)	MAE 0.105 (0.107)
 * MAE 0.109
Epoch: [23][100/108]	Time 0.094 (0.096)	Data 0.019 (0.022)	Loss 0.0180 (0.0281)	MAE 0.109 (0.118)
Test: [0/15]	Time 0.045 (0.045)	Loss 0.0288 (0.0288)	MAE 0.144 (0.144)
Test: [10/15]	Time 0.041 (0.042)	Loss 0.0812 (0.0342)	MAE 0.157 (0.148)
 * MAE 0.147
Epoch: [24][100/108]	Time 0.100 (0.096)	Data 0.017 (0.021)	Loss 0.0169 (0.0230)	MAE 0.098 (0.116)
Test: [0/15]	Time 0.043 (0.043)	Loss 0.0301 (0.0301)	MAE 0.152 (0.152)
Test: [10/15]	Time 0.042 (0.041)	Loss 0.0266 (0.0318)	MAE 0.142 (0.138)
 * MAE 0.139
Epoch: [25][100/108]	Time 0.092 (0.095)	Data 0.020 (0.021)	Loss 0.0272 (0.0302)	MAE 0.132 (0.125)
Test: [0/15]	Time 0.038 (0.038)	Loss 0.0204 (0.0204)	MAE 0.124 (0.124)
Test: [10/15]	Time 0.042 (0.040)	Loss 0.0226 (0.0264)	MAE 0.122 (0.125)
 * MAE 0.126
Epoch: [26][100/108]	Time 0.081 (0.096)	Data 0.020 (0.022)	Loss 0.0454 (0.0302)	MAE 0.204 (0.126)
Test: [0/15]	Time 0.039 (0.039)	Loss 0.0250 (0.0250)	MAE 0.118 (0.118)
Test: [10/15]	Time 0.036 (0.041)	Loss 0.0257 (0.0252)	MAE 0.126 (0.114)
 * MAE 0.114
Epoch: [27][100/108]	Time 0.102 (0.096)	Data 0.023 (0.021)	Loss 0.0374 (0.0304)	MAE 0.153 (0.124)
Test: [0/15]	Time 0.041 (0.041)	Loss 0.0207 (0.0207)	MAE 0.126 (0.126)
Test: [10/15]	Time 0.049 (0.042)	Loss 0.0290 (0.0343)	MAE 0.144 (0.144)
 * MAE 0.144
Epoch: [28][100/108]	Time 0.090 (0.097)	Data 0.017 (0.022)	Loss 0.0432 (0.0287)	MAE 0.129 (0.121)
Test: [0/15]	Time 0.046 (0.046)	Loss 0.0208 (0.0208)	MAE 0.124 (0.124)
Test: [10/15]	Time 0.038 (0.040)	Loss 0.0362 (0.0245)	MAE 0.146 (0.129)
 * MAE 0.129
Epoch: [29][100/108]	Time 0.087 (0.095)	Data 0.015 (0.021)	Loss 0.0324 (0.0272)	MAE 0.154 (0.117)
Test: [0/15]	Time 0.041 (0.041)	Loss 0.0553 (0.0553)	MAE 0.200 (0.200)
Test: [10/15]	Time 0.036 (0.042)	Loss 0.0590 (0.0619)	MAE 0.213 (0.204)
 * MAE 0.205
Epoch: [30][100/108]	Time 0.096 (0.095)	Data 0.019 (0.021)	Loss 0.0242 (0.0273)	MAE 0.139 (0.117)
Test: [0/15]	Time 0.041 (0.041)	Loss 0.0237 (0.0237)	MAE 0.116 (0.116)
Test: [10/15]	Time 0.035 (0.038)	Loss 0.0208 (0.0254)	MAE 0.112 (0.112)
 * MAE 0.111
Epoch: [31][100/108]	Time 0.087 (0.095)	Data 0.020 (0.021)	Loss 0.0205 (0.0276)	MAE 0.116 (0.119)
Test: [0/15]	Time 0.042 (0.042)	Loss 0.0183 (0.0183)	MAE 0.117 (0.117)
Test: [10/15]	Time 0.037 (0.041)	Loss 0.0212 (0.0269)	MAE 0.124 (0.120)
 * MAE 0.120
Epoch: [32][100/108]	Time 0.098 (0.095)	Data 0.020 (0.021)	Loss 0.0151 (0.0280)	MAE 0.098 (0.119)
Test: [0/15]	Time 0.038 (0.038)	Loss 0.0260 (0.0260)	MAE 0.126 (0.126)
Test: [10/15]	Time 0.039 (0.039)	Loss 0.0299 (0.0308)	MAE 0.145 (0.133)
 * MAE 0.133
Epoch: [33][100/108]	Time 0.093 (0.097)	Data 0.021 (0.021)	Loss 0.0129 (0.0295)	MAE 0.100 (0.122)
Test: [0/15]	Time 0.043 (0.043)	Loss 0.0147 (0.0147)	MAE 0.091 (0.091)
Test: [10/15]	Time 0.040 (0.040)	Loss 0.0816 (0.0208)	MAE 0.114 (0.093)
 * MAE 0.092
Epoch: [34][100/108]	Time 0.153 (0.102)	Data 0.031 (0.023)	Loss 0.0857 (0.0280)	MAE 0.163 (0.118)
Test: [0/15]	Time 0.043 (0.043)	Loss 0.0822 (0.0822)	MAE 0.136 (0.136)
Test: [10/15]	Time 0.041 (0.046)	Loss 0.0192 (0.0251)	MAE 0.113 (0.116)
 * MAE 0.117
Epoch: [35][100/108]	Time 0.109 (0.104)	Data 0.023 (0.023)	Loss 0.0180 (0.0262)	MAE 0.111 (0.113)
Test: [0/15]	Time 0.042 (0.042)	Loss 0.0205 (0.0205)	MAE 0.118 (0.118)
Test: [10/15]	Time 0.037 (0.045)	Loss 0.0204 (0.0263)	MAE 0.113 (0.117)
 * MAE 0.120
Epoch: [36][100/108]	Time 0.105 (0.101)	Data 0.020 (0.022)	Loss 0.0184 (0.0275)	MAE 0.110 (0.118)
Test: [0/15]	Time 0.046 (0.046)	Loss 0.0203 (0.0203)	MAE 0.119 (0.119)
Test: [10/15]	Time 0.035 (0.042)	Loss 0.0258 (0.0251)	MAE 0.123 (0.116)
 * MAE 0.116
Epoch: [37][100/108]	Time 0.097 (0.101)	Data 0.017 (0.022)	Loss 0.0344 (0.0260)	MAE 0.140 (0.114)
Test: [0/15]	Time 0.044 (0.044)	Loss 0.0203 (0.0203)	MAE 0.112 (0.112)
Test: [10/15]	Time 0.048 (0.045)	Loss 0.0173 (0.0244)	MAE 0.108 (0.109)
 * MAE 0.109
Epoch: [38][100/108]	Time 0.102 (0.100)	Data 0.020 (0.022)	Loss 0.0385 (0.0275)	MAE 0.174 (0.118)
Test: [0/15]	Time 0.040 (0.040)	Loss 0.0152 (0.0152)	MAE 0.097 (0.097)
Test: [10/15]	Time 0.043 (0.042)	Loss 0.0156 (0.0225)	MAE 0.103 (0.105)
 * MAE 0.105
Epoch: [39][100/108]	Time 0.105 (0.098)	Data 0.019 (0.022)	Loss 0.0370 (0.0222)	MAE 0.175 (0.114)
Test: [0/15]	Time 0.043 (0.043)	Loss 0.0238 (0.0238)	MAE 0.124 (0.124)
Test: [10/15]	Time 0.048 (0.042)	Loss 0.0231 (0.0255)	MAE 0.119 (0.114)
 * MAE 0.114
Epoch: [40][100/108]	Time 0.088 (0.098)	Data 0.018 (0.022)	Loss 0.0128 (0.0276)	MAE 0.088 (0.119)
Test: [0/15]	Time 0.042 (0.042)	Loss 0.0175 (0.0175)	MAE 0.104 (0.104)
Test: [10/15]	Time 0.044 (0.041)	Loss 0.0183 (0.0249)	MAE 0.106 (0.108)
 * MAE 0.109
Epoch: [41][100/108]	Time 0.094 (0.098)	Data 0.020 (0.022)	Loss 0.0169 (0.0250)	MAE 0.111 (0.112)
Test: [0/15]	Time 0.040 (0.040)	Loss 0.0741 (0.0741)	MAE 0.126 (0.126)
Test: [10/15]	Time 0.049 (0.048)	Loss 0.0159 (0.0234)	MAE 0.107 (0.114)
 * MAE 0.113
Epoch: [42][100/108]	Time 0.097 (0.102)	Data 0.019 (0.023)	Loss 0.0138 (0.0247)	MAE 0.086 (0.109)
Test: [0/15]	Time 0.039 (0.039)	Loss 0.0132 (0.0132)	MAE 0.091 (0.091)
Test: [10/15]	Time 0.043 (0.043)	Loss 0.0135 (0.0200)	MAE 0.098 (0.098)
 * MAE 0.098
Epoch: [43][100/108]	Time 0.089 (0.097)	Data 0.019 (0.019)	Loss 0.0120 (0.0240)	MAE 0.089 (0.108)
Test: [0/15]	Time 0.043 (0.043)	Loss 0.0141 (0.0141)	MAE 0.102 (0.102)
Test: [10/15]	Time 0.038 (0.046)	Loss 0.0200 (0.0185)	MAE 0.115 (0.115)
 * MAE 0.117
Epoch: [44][100/108]	Time 0.104 (0.099)	Data 0.018 (0.020)	Loss 0.0162 (0.0225)	MAE 0.109 (0.102)
Test: [0/15]	Time 0.355 (0.355)	Loss 0.0184 (0.0184)	MAE 0.108 (0.108)
Test: [10/15]	Time 0.040 (0.071)	Loss 0.0193 (0.0234)	MAE 0.116 (0.116)
 * MAE 0.115
Epoch: [45][100/108]	Time 0.096 (0.096)	Data 0.018 (0.019)	Loss 0.0148 (0.0230)	MAE 0.100 (0.104)
Test: [0/15]	Time 0.035 (0.035)	Loss 0.0254 (0.0254)	MAE 0.140 (0.140)
Test: [10/15]	Time 0.037 (0.069)	Loss 0.0334 (0.0292)	MAE 0.149 (0.147)
 * MAE 0.147
Epoch: [46][100/108]	Time 0.105 (0.099)	Data 0.020 (0.020)	Loss 0.0277 (0.0278)	MAE 0.145 (0.123)
Test: [0/15]	Time 0.044 (0.044)	Loss 0.0206 (0.0206)	MAE 0.117 (0.117)
Test: [10/15]	Time 0.041 (0.043)	Loss 0.0792 (0.0238)	MAE 0.140 (0.115)
 * MAE 0.114
Epoch: [47][100/108]	Time 0.092 (0.096)	Data 0.017 (0.019)	Loss 0.0130 (0.0254)	MAE 0.090 (0.115)
Test: [0/15]	Time 0.329 (0.329)	Loss 0.0173 (0.0173)	MAE 0.102 (0.102)
Test: [10/15]	Time 0.038 (0.068)	Loss 0.0179 (0.0227)	MAE 0.104 (0.107)
 * MAE 0.107
Epoch: [48][100/108]	Time 0.119 (0.097)	Data 0.022 (0.019)	Loss 0.0197 (0.0247)	MAE 0.109 (0.108)
Test: [0/15]	Time 0.039 (0.039)	Loss 0.0203 (0.0203)	MAE 0.104 (0.104)
Test: [10/15]	Time 0.038 (0.041)	Loss 0.0167 (0.0222)	MAE 0.097 (0.097)
 * MAE 0.097
Epoch: [49][100/108]	Time 0.094 (0.096)	Data 0.019 (0.019)	Loss 0.0151 (0.0239)	MAE 0.097 (0.106)
Test: [0/15]	Time 0.040 (0.040)	Loss 0.0247 (0.0247)	MAE 0.125 (0.125)
Test: [10/15]	Time 0.038 (0.070)	Loss 0.0264 (0.0351)	MAE 0.126 (0.135)
 * MAE 0.136
Epoch: [50][100/108]	Time 0.105 (0.097)	Data 0.020 (0.019)	Loss 0.0159 (0.0240)	MAE 0.104 (0.108)
Test: [0/15]	Time 0.040 (0.040)	Loss 0.0314 (0.0314)	MAE 0.138 (0.138)
Test: [10/15]	Time 0.048 (0.070)	Loss 0.0279 (0.0308)	MAE 0.129 (0.132)
 * MAE 0.130
Epoch: [51][100/108]	Time 0.108 (0.096)	Data 0.021 (0.019)	Loss 0.0113 (0.0254)	MAE 0.084 (0.112)
Test: [0/15]	Time 0.037 (0.037)	Loss 0.0152 (0.0152)	MAE 0.096 (0.096)
Test: [10/15]	Time 0.336 (0.070)	Loss 0.0149 (0.0176)	MAE 0.100 (0.091)
 * MAE 0.090
Epoch: [52][100/108]	Time 0.088 (0.096)	Data 0.019 (0.019)	Loss 0.0197 (0.0215)	MAE 0.118 (0.103)
Test: [0/15]	Time 0.052 (0.052)	Loss 0.0152 (0.0152)	MAE 0.094 (0.094)
Test: [10/15]	Time 0.043 (0.042)	Loss 0.0115 (0.0217)	MAE 0.086 (0.097)
 * MAE 0.098
Epoch: [53][100/108]	Time 0.104 (0.101)	Data 0.016 (0.022)	Loss 0.0106 (0.0230)	MAE 0.084 (0.103)
Test: [0/15]	Time 0.044 (0.044)	Loss 0.0116 (0.0116)	MAE 0.088 (0.088)
Test: [10/15]	Time 0.048 (0.042)	Loss 0.0120 (0.0179)	MAE 0.083 (0.090)
 * MAE 0.091
Epoch: [54][100/108]	Time 0.101 (0.099)	Data 0.026 (0.022)	Loss 0.0147 (0.0219)	MAE 0.097 (0.101)
Test: [0/15]	Time 0.041 (0.041)	Loss 0.0192 (0.0192)	MAE 0.110 (0.110)
Test: [10/15]	Time 0.042 (0.044)	Loss 0.0241 (0.0261)	MAE 0.122 (0.116)
 * MAE 0.117
Epoch: [55][100/108]	Time 0.102 (0.099)	Data 0.021 (0.022)	Loss 0.0108 (0.0217)	MAE 0.085 (0.103)
Test: [0/15]	Time 0.037 (0.037)	Loss 0.0121 (0.0121)	MAE 0.090 (0.090)
Test: [10/15]	Time 0.046 (0.042)	Loss 0.0122 (0.0194)	MAE 0.090 (0.095)
 * MAE 0.096
Epoch: [56][100/108]	Time 0.103 (0.098)	Data 0.016 (0.021)	Loss 0.0165 (0.0230)	MAE 0.086 (0.104)
Test: [0/15]	Time 0.047 (0.047)	Loss 0.0164 (0.0164)	MAE 0.104 (0.104)
Test: [10/15]	Time 0.045 (0.042)	Loss 0.0136 (0.0208)	MAE 0.094 (0.098)
 * MAE 0.099
Epoch: [57][100/108]	Time 0.099 (0.099)	Data 0.015 (0.022)	Loss 0.0123 (0.0223)	MAE 0.087 (0.102)
Test: [0/15]	Time 0.043 (0.043)	Loss 0.0117 (0.0117)	MAE 0.079 (0.079)
Test: [10/15]	Time 0.038 (0.041)	Loss 0.0086 (0.0159)	MAE 0.073 (0.079)
 * MAE 0.081
Epoch: [58][100/108]	Time 0.095 (0.099)	Data 0.017 (0.021)	Loss 0.0358 (0.0223)	MAE 0.167 (0.102)
Test: [0/15]	Time 0.042 (0.042)	Loss 0.0110 (0.0110)	MAE 0.081 (0.081)
Test: [10/15]	Time 0.042 (0.042)	Loss 0.0111 (0.0182)	MAE 0.089 (0.089)
 * MAE 0.088
Epoch: [59][100/108]	Time 0.102 (0.098)	Data 0.021 (0.022)	Loss 0.0332 (0.0218)	MAE 0.124 (0.101)
Test: [0/15]	Time 0.038 (0.038)	Loss 0.0221 (0.0221)	MAE 0.121 (0.121)
Test: [10/15]	Time 0.044 (0.041)	Loss 0.0245 (0.0303)	MAE 0.134 (0.138)
 * MAE 0.136
Epoch: [60][100/108]	Time 0.110 (0.099)	Data 0.019 (0.022)	Loss 0.0134 (0.0234)	MAE 0.099 (0.107)
Test: [0/15]	Time 0.042 (0.042)	Loss 0.0172 (0.0172)	MAE 0.115 (0.115)
Test: [10/15]	Time 0.039 (0.042)	Loss 0.0203 (0.0249)	MAE 0.117 (0.126)
 * MAE 0.126
Epoch: [61][100/108]	Time 0.093 (0.098)	Data 0.018 (0.021)	Loss 0.0086 (0.0216)	MAE 0.077 (0.100)
Test: [0/15]	Time 0.042 (0.042)	Loss 0.0164 (0.0164)	MAE 0.103 (0.103)
Test: [10/15]	Time 0.041 (0.042)	Loss 0.0229 (0.0221)	MAE 0.118 (0.118)
 * MAE 0.121
Epoch: [62][100/108]	Time 0.096 (0.099)	Data 0.016 (0.022)	Loss 0.0109 (0.0221)	MAE 0.085 (0.102)
Test: [0/15]	Time 0.042 (0.042)	Loss 0.0156 (0.0156)	MAE 0.094 (0.094)
Test: [10/15]	Time 0.047 (0.043)	Loss 0.0118 (0.0196)	MAE 0.087 (0.093)
 * MAE 0.092
Epoch: [63][100/108]	Time 0.102 (0.100)	Data 0.020 (0.022)	Loss 0.0134 (0.0217)	MAE 0.085 (0.101)
Test: [0/15]	Time 0.045 (0.045)	Loss 0.0090 (0.0090)	MAE 0.075 (0.075)
Test: [10/15]	Time 0.047 (0.042)	Loss 0.0741 (0.0174)	MAE 0.103 (0.086)
 * MAE 0.085
Epoch: [64][100/108]	Time 0.092 (0.098)	Data 0.016 (0.022)	Loss 0.4197 (0.0239)	MAE 0.158 (0.107)
Test: [0/15]	Time 0.040 (0.040)	Loss 0.0233 (0.0233)	MAE 0.124 (0.124)
Test: [10/15]	Time 0.037 (0.042)	Loss 0.0150 (0.0185)	MAE 0.104 (0.114)
 * MAE 0.115
Epoch: [65][100/108]	Time 0.088 (0.097)	Data 0.019 (0.021)	Loss 0.0134 (0.0241)	MAE 0.090 (0.110)
Test: [0/15]	Time 0.045 (0.045)	Loss 0.0180 (0.0180)	MAE 0.104 (0.104)
Test: [10/15]	Time 0.037 (0.042)	Loss 0.0150 (0.0241)	MAE 0.101 (0.109)
 * MAE 0.108
Epoch: [66][100/108]	Time 0.088 (0.097)	Data 0.015 (0.021)	Loss 0.0138 (0.0211)	MAE 0.084 (0.098)
Test: [0/15]	Time 0.039 (0.039)	Loss 0.0129 (0.0129)	MAE 0.092 (0.092)
Test: [10/15]	Time 0.038 (0.042)	Loss 0.0636 (0.0180)	MAE 0.101 (0.093)
 * MAE 0.092
Epoch: [67][100/108]	Time 0.100 (0.097)	Data 0.018 (0.021)	Loss 0.0164 (0.0215)	MAE 0.104 (0.102)
Test: [0/15]	Time 0.044 (0.044)	Loss 0.0123 (0.0123)	MAE 0.089 (0.089)
Test: [10/15]	Time 0.038 (0.042)	Loss 0.0166 (0.0184)	MAE 0.097 (0.102)
 * MAE 0.104
Epoch: [68][100/108]	Time 0.092 (0.096)	Data 0.016 (0.021)	Loss 0.0117 (0.0200)	MAE 0.086 (0.095)
Test: [0/15]	Time 0.041 (0.041)	Loss 0.0110 (0.0110)	MAE 0.082 (0.082)
Test: [10/15]	Time 0.039 (0.041)	Loss 0.0156 (0.0185)	MAE 0.096 (0.087)
 * MAE 0.087
Epoch: [69][100/108]	Time 0.097 (0.099)	Data 0.021 (0.022)	Loss 0.0329 (0.0225)	MAE 0.151 (0.103)
Test: [0/15]	Time 0.051 (0.051)	Loss 0.0762 (0.0762)	MAE 0.120 (0.120)
Test: [10/15]	Time 0.041 (0.045)	Loss 0.0163 (0.0230)	MAE 0.107 (0.107)
 * MAE 0.109
Epoch: [70][100/108]	Time 0.106 (0.101)	Data 0.021 (0.023)	Loss 0.0122 (0.0209)	MAE 0.088 (0.098)
Test: [0/15]	Time 0.040 (0.040)	Loss 0.0152 (0.0152)	MAE 0.092 (0.092)
Test: [10/15]	Time 0.041 (0.044)	Loss 0.0143 (0.0182)	MAE 0.089 (0.088)
 * MAE 0.089
Epoch: [71][100/108]	Time 0.104 (0.100)	Data 0.018 (0.022)	Loss 0.0111 (0.0216)	MAE 0.085 (0.102)
Test: [0/15]	Time 0.037 (0.037)	Loss 0.0258 (0.0258)	MAE 0.129 (0.129)
Test: [10/15]	Time 0.047 (0.040)	Loss 0.0224 (0.0246)	MAE 0.116 (0.125)
 * MAE 0.126
Epoch: [72][100/108]	Time 0.103 (0.098)	Data 0.021 (0.022)	Loss 0.0070 (0.0191)	MAE 0.071 (0.097)
Test: [0/15]	Time 0.039 (0.039)	Loss 0.0135 (0.0135)	MAE 0.087 (0.087)
Test: [10/15]	Time 0.044 (0.041)	Loss 0.0185 (0.0214)	MAE 0.097 (0.093)
 * MAE 0.093
Epoch: [73][100/108]	Time 0.094 (0.097)	Data 0.019 (0.021)	Loss 0.0102 (0.0209)	MAE 0.080 (0.099)
Test: [0/15]	Time 0.041 (0.041)	Loss 0.0140 (0.0140)	MAE 0.096 (0.096)
Test: [10/15]	Time 0.039 (0.041)	Loss 0.0187 (0.0206)	MAE 0.104 (0.096)
 * MAE 0.094
Epoch: [74][100/108]	Time 0.099 (0.098)	Data 0.018 (0.022)	Loss 0.0210 (0.0212)	MAE 0.130 (0.100)
Test: [0/15]	Time 0.045 (0.045)	Loss 0.0124 (0.0124)	MAE 0.088 (0.088)
Test: [10/15]	Time 0.038 (0.042)	Loss 0.0110 (0.0190)	MAE 0.081 (0.091)
 * MAE 0.091
Epoch: [75][100/108]	Time 0.112 (0.100)	Data 0.021 (0.022)	Loss 0.0120 (0.0212)	MAE 0.086 (0.102)
Test: [0/15]	Time 0.049 (0.049)	Loss 0.0187 (0.0187)	MAE 0.110 (0.110)
Test: [10/15]	Time 0.035 (0.045)	Loss 0.0197 (0.0200)	MAE 0.114 (0.114)
 * MAE 0.115
Epoch: [76][100/108]	Time 0.106 (0.102)	Data 0.025 (0.023)	Loss 0.0106 (0.0197)	MAE 0.075 (0.094)
Test: [0/15]	Time 0.043 (0.043)	Loss 0.0104 (0.0104)	MAE 0.080 (0.080)
Test: [10/15]	Time 0.046 (0.044)	Loss 0.0085 (0.0167)	MAE 0.072 (0.081)
 * MAE 0.081
Epoch: [77][100/108]	Time 0.096 (0.100)	Data 0.020 (0.022)	Loss 0.0150 (0.0189)	MAE 0.098 (0.091)
Test: [0/15]	Time 0.043 (0.043)	Loss 0.0126 (0.0126)	MAE 0.083 (0.083)
Test: [10/15]	Time 0.036 (0.042)	Loss 0.0104 (0.0196)	MAE 0.081 (0.089)
 * MAE 0.090
Epoch: [78][100/108]	Time 0.093 (0.097)	Data 0.018 (0.021)	Loss 0.0118 (0.0213)	MAE 0.092 (0.100)
Test: [0/15]	Time 0.042 (0.042)	Loss 0.0176 (0.0176)	MAE 0.107 (0.107)
Test: [10/15]	Time 0.047 (0.043)	Loss 0.0202 (0.0243)	MAE 0.111 (0.109)
 * MAE 0.107
Epoch: [79][100/108]	Time 0.106 (0.098)	Data 0.021 (0.022)	Loss 0.0133 (0.0211)	MAE 0.094 (0.100)
Test: [0/15]	Time 0.041 (0.041)	Loss 0.0159 (0.0159)	MAE 0.104 (0.104)
Test: [10/15]	Time 0.042 (0.041)	Loss 0.0145 (0.0227)	MAE 0.096 (0.104)
 * MAE 0.103
Epoch: [80][100/108]	Time 0.100 (0.098)	Data 0.019 (0.021)	Loss 0.0116 (0.0206)	MAE 0.088 (0.099)
Test: [0/15]	Time 0.037 (0.037)	Loss 0.0231 (0.0231)	MAE 0.129 (0.129)
Test: [10/15]	Time 0.040 (0.041)	Loss 0.0944 (0.0292)	MAE 0.149 (0.131)
 * MAE 0.131
Epoch: [81][100/108]	Time 0.100 (0.098)	Data 0.017 (0.022)	Loss 0.0164 (0.0231)	MAE 0.113 (0.109)
Test: [0/15]	Time 0.041 (0.041)	Loss 0.0143 (0.0143)	MAE 0.096 (0.096)
Test: [10/15]	Time 0.042 (0.043)	Loss 0.0110 (0.0153)	MAE 0.090 (0.099)
 * MAE 0.099
Epoch: [82][100/108]	Time 0.085 (0.098)	Data 0.015 (0.022)	Loss 0.0228 (0.0199)	MAE 0.102 (0.094)
Test: [0/15]	Time 0.040 (0.040)	Loss 0.0159 (0.0159)	MAE 0.104 (0.104)
Test: [10/15]	Time 0.043 (0.041)	Loss 0.0226 (0.0260)	MAE 0.120 (0.117)
 * MAE 0.116
Epoch: [83][100/108]	Time 0.102 (0.098)	Data 0.021 (0.021)	Loss 0.0133 (0.0202)	MAE 0.088 (0.096)
Test: [0/15]	Time 0.040 (0.040)	Loss 0.0089 (0.0089)	MAE 0.081 (0.081)
Test: [10/15]	Time 0.043 (0.043)	Loss 0.0109 (0.0180)	MAE 0.084 (0.088)
 * MAE 0.087
Epoch: [84][100/108]	Time 0.102 (0.098)	Data 0.022 (0.021)	Loss 0.0152 (0.0199)	MAE 0.093 (0.095)
Test: [0/15]	Time 0.039 (0.039)	Loss 0.0147 (0.0147)	MAE 0.094 (0.094)
Test: [10/15]	Time 0.051 (0.042)	Loss 0.0151 (0.0152)	MAE 0.095 (0.095)
 * MAE 0.097
Epoch: [85][100/108]	Time 0.096 (0.098)	Data 0.022 (0.022)	Loss 0.0141 (0.0201)	MAE 0.088 (0.096)
Test: [0/15]	Time 0.043 (0.043)	Loss 0.0161 (0.0161)	MAE 0.104 (0.104)
Test: [10/15]	Time 0.042 (0.041)	Loss 0.0185 (0.0164)	MAE 0.105 (0.103)
 * MAE 0.105
Epoch: [86][100/108]	Time 0.108 (0.097)	Data 0.020 (0.021)	Loss 0.0131 (0.0197)	MAE 0.100 (0.097)
Test: [0/15]	Time 0.040 (0.040)	Loss 0.0199 (0.0199)	MAE 0.095 (0.095)
Test: [10/15]	Time 0.039 (0.042)	Loss 0.0128 (0.0130)	MAE 0.088 (0.085)
 * MAE 0.086
Epoch: [87][100/108]	Time 0.100 (0.099)	Data 0.021 (0.022)	Loss 0.0142 (0.0210)	MAE 0.099 (0.099)
Test: [0/15]	Time 0.043 (0.043)	Loss 0.0259 (0.0259)	MAE 0.137 (0.137)
Test: [10/15]	Time 0.045 (0.041)	Loss 0.0275 (0.0278)	MAE 0.141 (0.142)
 * MAE 0.142
Epoch: [88][100/108]	Time 0.098 (0.095)	Data 0.020 (0.019)	Loss 0.0143 (0.0190)	MAE 0.100 (0.092)
Test: [0/15]	Time 0.046 (0.046)	Loss 0.0137 (0.0137)	MAE 0.089 (0.089)
Test: [10/15]	Time 0.039 (0.042)	Loss 0.0102 (0.0178)	MAE 0.082 (0.086)
 * MAE 0.085
Epoch: [89][100/108]	Time 0.086 (0.096)	Data 0.018 (0.019)	Loss 0.0218 (0.0193)	MAE 0.108 (0.095)
Test: [0/15]	Time 0.045 (0.045)	Loss 0.0179 (0.0179)	MAE 0.110 (0.110)
Test: [10/15]	Time 0.036 (0.041)	Loss 0.0147 (0.0167)	MAE 0.106 (0.108)
 * MAE 0.110
Epoch: [90][100/108]	Time 0.104 (0.096)	Data 0.016 (0.019)	Loss 0.0100 (0.0202)	MAE 0.091 (0.097)
Test: [0/15]	Time 0.040 (0.040)	Loss 0.0160 (0.0160)	MAE 0.099 (0.099)
Test: [10/15]	Time 0.035 (0.041)	Loss 0.0147 (0.0209)	MAE 0.093 (0.100)
 * MAE 0.101
Epoch: [91][100/108]	Time 0.102 (0.096)	Data 0.020 (0.019)	Loss 0.0135 (0.0193)	MAE 0.080 (0.094)
Test: [0/15]	Time 0.043 (0.043)	Loss 0.0157 (0.0157)	MAE 0.095 (0.095)
Test: [10/15]	Time 0.040 (0.042)	Loss 0.0783 (0.0209)	MAE 0.115 (0.096)
 * MAE 0.095
Epoch: [92][100/108]	Time 0.096 (0.094)	Data 0.019 (0.018)	Loss 0.0126 (0.0211)	MAE 0.085 (0.099)
Test: [0/15]	Time 0.041 (0.041)	Loss 0.0148 (0.0148)	MAE 0.098 (0.098)
Test: [10/15]	Time 0.042 (0.040)	Loss 0.0129 (0.0198)	MAE 0.098 (0.097)
 * MAE 0.097
Epoch: [93][100/108]	Time 0.102 (0.096)	Data 0.019 (0.019)	Loss 0.0139 (0.0196)	MAE 0.096 (0.095)
Test: [0/15]	Time 0.039 (0.039)	Loss 0.0242 (0.0242)	MAE 0.127 (0.127)
Test: [10/15]	Time 0.036 (0.040)	Loss 0.0320 (0.0301)	MAE 0.135 (0.124)
 * MAE 0.125
Epoch: [94][100/108]	Time 0.096 (0.094)	Data 0.020 (0.018)	Loss 0.0222 (0.0187)	MAE 0.105 (0.092)
Test: [0/15]	Time 0.040 (0.040)	Loss 0.0207 (0.0207)	MAE 0.111 (0.111)
Test: [10/15]	Time 0.047 (0.068)	Loss 0.0130 (0.0249)	MAE 0.092 (0.109)
 * MAE 0.108
Epoch: [95][100/108]	Time 0.096 (0.094)	Data 0.017 (0.019)	Loss 0.0124 (0.0189)	MAE 0.083 (0.094)
Test: [0/15]	Time 0.045 (0.045)	Loss 0.0122 (0.0122)	MAE 0.082 (0.082)
Test: [10/15]	Time 0.044 (0.068)	Loss 0.0089 (0.0114)	MAE 0.075 (0.078)
 * MAE 0.081
Epoch: [96][100/108]	Time 0.096 (0.096)	Data 0.019 (0.019)	Loss 0.0168 (0.0195)	MAE 0.116 (0.095)
Test: [0/15]	Time 0.330 (0.330)	Loss 0.0226 (0.0226)	MAE 0.122 (0.122)
Test: [10/15]	Time 0.038 (0.067)	Loss 0.0207 (0.0270)	MAE 0.124 (0.120)
 * MAE 0.119
Epoch: [97][100/108]	Time 0.088 (0.096)	Data 0.017 (0.019)	Loss 0.0116 (0.0154)	MAE 0.086 (0.095)
Test: [0/15]	Time 0.038 (0.038)	Loss 0.0164 (0.0164)	MAE 0.106 (0.106)
Test: [10/15]	Time 0.034 (0.067)	Loss 0.0833 (0.0234)	MAE 0.111 (0.104)
 * MAE 0.104
Epoch: [98][100/108]	Time 0.109 (0.096)	Data 0.022 (0.019)	Loss 0.0140 (0.0201)	MAE 0.103 (0.103)
Test: [0/15]	Time 0.046 (0.046)	Loss 0.0186 (0.0186)	MAE 0.104 (0.104)
Test: [10/15]	Time 0.051 (0.044)	Loss 0.0216 (0.0221)	MAE 0.108 (0.099)
 * MAE 0.100
Epoch: [99][100/108]	Time 0.103 (0.100)	Data 0.020 (0.022)	Loss 0.0091 (0.0195)	MAE 0.079 (0.093)
Test: [0/15]	Time 0.042 (0.042)	Loss 0.0143 (0.0143)	MAE 0.085 (0.085)
Test: [10/15]	Time 0.040 (0.042)	Loss 0.0115 (0.0181)	MAE 0.082 (0.086)
 * MAE 0.085
Epoch: [100][100/108]	Time 0.102 (0.099)	Data 0.021 (0.022)	Loss 0.0134 (0.0158)	MAE 0.082 (0.078)
Test: [0/15]	Time 0.046 (0.046)	Loss 0.0134 (0.0134)	MAE 0.088 (0.088)
Test: [10/15]	Time 0.039 (0.044)	Loss 0.0074 (0.0157)	MAE 0.070 (0.076)
 * MAE 0.075
Epoch: [101][100/108]	Time 0.087 (0.098)	Data 0.017 (0.021)	Loss 0.0094 (0.0153)	MAE 0.082 (0.078)
Test: [0/15]	Time 0.038 (0.038)	Loss 0.0722 (0.0722)	MAE 0.085 (0.085)
Test: [10/15]	Time 0.035 (0.042)	Loss 0.0098 (0.0158)	MAE 0.068 (0.072)
 * MAE 0.071
Epoch: [102][100/108]	Time 0.090 (0.098)	Data 0.019 (0.021)	Loss 0.0318 (0.0147)	MAE 0.087 (0.075)
Test: [0/15]	Time 0.044 (0.044)	Loss 0.0094 (0.0094)	MAE 0.075 (0.075)
Test: [10/15]	Time 0.039 (0.041)	Loss 0.0133 (0.0153)	MAE 0.073 (0.071)
 * MAE 0.071
Epoch: [103][100/108]	Time 0.094 (0.100)	Data 0.018 (0.022)	Loss 0.0099 (0.0140)	MAE 0.082 (0.074)
Test: [0/15]	Time 0.041 (0.041)	Loss 0.0121 (0.0121)	MAE 0.079 (0.079)
Test: [10/15]	Time 0.043 (0.042)	Loss 0.0119 (0.0159)	MAE 0.077 (0.074)
 * MAE 0.072
Epoch: [104][100/108]	Time 0.108 (0.099)	Data 0.017 (0.022)	Loss 0.0067 (0.0143)	MAE 0.071 (0.074)
Test: [0/15]	Time 0.046 (0.046)	Loss 0.0118 (0.0118)	MAE 0.072 (0.072)
Test: [10/15]	Time 0.044 (0.043)	Loss 0.0135 (0.0153)	MAE 0.081 (0.072)
 * MAE 0.071
Epoch: [105][100/108]	Time 0.098 (0.098)	Data 0.020 (0.021)	Loss 0.0109 (0.0140)	MAE 0.087 (0.074)
Test: [0/15]	Time 0.041 (0.041)	Loss 0.0120 (0.0120)	MAE 0.077 (0.077)
Test: [10/15]	Time 0.042 (0.043)	Loss 0.0055 (0.0093)	MAE 0.061 (0.071)
 * MAE 0.073
Epoch: [106][100/108]	Time 0.095 (0.098)	Data 0.020 (0.022)	Loss 0.0362 (0.0137)	MAE 0.085 (0.077)
Test: [0/15]	Time 0.044 (0.044)	Loss 0.0119 (0.0119)	MAE 0.074 (0.074)
Test: [10/15]	Time 0.035 (0.041)	Loss 0.0055 (0.0156)	MAE 0.062 (0.072)
 * MAE 0.072
Epoch: [107][100/108]	Time 0.093 (0.098)	Data 0.018 (0.022)	Loss 0.0089 (0.0139)	MAE 0.081 (0.078)
Test: [0/15]	Time 0.039 (0.039)	Loss 0.0123 (0.0123)	MAE 0.076 (0.076)
Test: [10/15]	Time 0.042 (0.042)	Loss 0.0125 (0.0158)	MAE 0.083 (0.076)
 * MAE 0.076
Epoch: [108][100/108]	Time 0.092 (0.098)	Data 0.016 (0.022)	Loss 0.0061 (0.0132)	MAE 0.067 (0.077)
Test: [0/15]	Time 0.045 (0.045)	Loss 0.0118 (0.0118)	MAE 0.080 (0.080)
Test: [10/15]	Time 0.042 (0.042)	Loss 0.0118 (0.0111)	MAE 0.081 (0.078)
 * MAE 0.079
Epoch: [109][100/108]	Time 0.096 (0.099)	Data 0.018 (0.021)	Loss 0.0066 (0.0123)	MAE 0.062 (0.074)
Test: [0/15]	Time 0.039 (0.039)	Loss 0.0103 (0.0103)	MAE 0.077 (0.077)
Test: [10/15]	Time 0.039 (0.043)	Loss 0.0106 (0.0157)	MAE 0.078 (0.074)
 * MAE 0.074
Epoch: [110][100/108]	Time 0.086 (0.099)	Data 0.015 (0.022)	Loss 0.0077 (0.0113)	MAE 0.072 (0.076)
Test: [0/15]	Time 0.042 (0.042)	Loss 0.0105 (0.0105)	MAE 0.073 (0.073)
Test: [10/15]	Time 0.043 (0.041)	Loss 0.0096 (0.0157)	MAE 0.071 (0.073)
 * MAE 0.072
Epoch: [111][100/108]	Time 0.097 (0.098)	Data 0.023 (0.021)	Loss 0.0073 (0.0109)	MAE 0.063 (0.072)
Test: [0/15]	Time 0.042 (0.042)	Loss 0.0105 (0.0105)	MAE 0.081 (0.081)
Test: [10/15]	Time 0.046 (0.043)	Loss 0.0069 (0.0094)	MAE 0.065 (0.071)
 * MAE 0.073
Epoch: [112][100/108]	Time 0.086 (0.099)	Data 0.015 (0.022)	Loss 0.0083 (0.0114)	MAE 0.075 (0.075)
Test: [0/15]	Time 0.042 (0.042)	Loss 0.0114 (0.0114)	MAE 0.072 (0.072)
Test: [10/15]	Time 0.039 (0.042)	Loss 0.0106 (0.0170)	MAE 0.077 (0.078)
 * MAE 0.079
Epoch: [113][100/108]	Time 0.083 (0.099)	Data 0.016 (0.022)	Loss 0.0094 (0.0111)	MAE 0.075 (0.076)
Test: [0/15]	Time 0.050 (0.050)	Loss 0.0119 (0.0119)	MAE 0.080 (0.080)
Test: [10/15]	Time 0.040 (0.042)	Loss 0.0103 (0.0167)	MAE 0.072 (0.076)
 * MAE 0.075
Epoch: [114][100/108]	Time 0.090 (0.099)	Data 0.018 (0.022)	Loss 0.0110 (0.0110)	MAE 0.093 (0.075)
Test: [0/15]	Time 0.041 (0.041)	Loss 0.0088 (0.0088)	MAE 0.075 (0.075)
Test: [10/15]	Time 0.045 (0.045)	Loss 0.0100 (0.0157)	MAE 0.078 (0.076)
 * MAE 0.078
Epoch: [115][100/108]	Time 0.092 (0.099)	Data 0.019 (0.022)	Loss 0.0070 (0.0101)	MAE 0.066 (0.076)
Test: [0/15]	Time 0.042 (0.042)	Loss 0.0075 (0.0075)	MAE 0.066 (0.066)
Test: [10/15]	Time 0.037 (0.042)	Loss 0.0070 (0.0163)	MAE 0.062 (0.074)
 * MAE 0.073
Epoch: [116][100/108]	Time 0.096 (0.098)	Data 0.019 (0.022)	Loss 0.0165 (0.0101)	MAE 0.082 (0.076)
Test: [0/15]	Time 0.043 (0.043)	Loss 0.0754 (0.0754)	MAE 0.085 (0.085)
Test: [10/15]	Time 0.040 (0.043)	Loss 0.0122 (0.0157)	MAE 0.079 (0.074)
 * MAE 0.074
Epoch: [117][100/108]	Time 0.093 (0.098)	Data 0.016 (0.022)	Loss 0.0106 (0.0100)	MAE 0.079 (0.073)
Test: [0/15]	Time 0.042 (0.042)	Loss 0.0724 (0.0724)	MAE 0.080 (0.080)
Test: [10/15]	Time 0.044 (0.042)	Loss 0.0118 (0.0161)	MAE 0.077 (0.073)
 * MAE 0.073
Epoch: [118][100/108]	Time 0.096 (0.098)	Data 0.020 (0.021)	Loss 0.0125 (0.0096)	MAE 0.093 (0.073)
Test: [0/15]	Time 0.043 (0.043)	Loss 0.0113 (0.0113)	MAE 0.073 (0.073)
Test: [10/15]	Time 0.045 (0.043)	Loss 0.0112 (0.0101)	MAE 0.069 (0.071)
 * MAE 0.071
Epoch: [119][100/108]	Time 0.099 (0.098)	Data 0.021 (0.021)	Loss 0.0083 (0.0095)	MAE 0.069 (0.072)
Test: [0/15]	Time 0.047 (0.047)	Loss 0.0097 (0.0097)	MAE 0.071 (0.071)
Test: [10/15]	Time 0.047 (0.045)	Loss 0.0089 (0.0160)	MAE 0.073 (0.074)
 * MAE 0.073
Epoch: [120][100/108]	Time 0.093 (0.099)	Data 0.019 (0.022)	Loss 0.0121 (0.0099)	MAE 0.076 (0.073)
Test: [0/15]	Time 0.041 (0.041)	Loss 0.0137 (0.0137)	MAE 0.089 (0.089)
Test: [10/15]	Time 0.042 (0.043)	Loss 0.0091 (0.0167)	MAE 0.078 (0.083)
 * MAE 0.083
Epoch: [121][100/108]	Time 0.093 (0.099)	Data 0.018 (0.022)	Loss 0.0081 (0.0088)	MAE 0.069 (0.071)
Test: [0/15]	Time 0.046 (0.046)	Loss 0.0080 (0.0080)	MAE 0.065 (0.065)
Test: [10/15]	Time 0.040 (0.042)	Loss 0.0120 (0.0096)	MAE 0.079 (0.071)
 * MAE 0.072
Epoch: [122][100/108]	Time 0.094 (0.098)	Data 0.017 (0.022)	Loss 0.0083 (0.0099)	MAE 0.077 (0.074)
Test: [0/15]	Time 0.047 (0.047)	Loss 0.0120 (0.0120)	MAE 0.079 (0.079)
Test: [10/15]	Time 0.039 (0.042)	Loss 0.0147 (0.0099)	MAE 0.081 (0.073)
 * MAE 0.073
Epoch: [123][100/108]	Time 0.094 (0.099)	Data 0.018 (0.022)	Loss 0.0080 (0.0090)	MAE 0.065 (0.072)
Test: [0/15]	Time 0.047 (0.047)	Loss 0.0073 (0.0073)	MAE 0.063 (0.063)
Test: [10/15]	Time 0.037 (0.041)	Loss 0.0080 (0.0150)	MAE 0.067 (0.072)
 * MAE 0.072
Epoch: [124][100/108]	Time 0.089 (0.097)	Data 0.021 (0.021)	Loss 0.0127 (0.0085)	MAE 0.070 (0.070)
Test: [0/15]	Time 0.041 (0.041)	Loss 0.0105 (0.0105)	MAE 0.083 (0.083)
Test: [10/15]	Time 0.043 (0.041)	Loss 0.0106 (0.0172)	MAE 0.076 (0.082)
 * MAE 0.081
Epoch: [125][100/108]	Time 0.096 (0.097)	Data 0.017 (0.022)	Loss 0.0067 (0.0096)	MAE 0.068 (0.073)
Test: [0/15]	Time 0.039 (0.039)	Loss 0.0081 (0.0081)	MAE 0.073 (0.073)
Test: [10/15]	Time 0.039 (0.040)	Loss 0.0112 (0.0097)	MAE 0.076 (0.073)
 * MAE 0.075
Epoch: [126][100/108]	Time 0.097 (0.098)	Data 0.023 (0.022)	Loss 0.0050 (0.0096)	MAE 0.057 (0.072)
Test: [0/15]	Time 0.037 (0.037)	Loss 0.0122 (0.0122)	MAE 0.075 (0.075)
Test: [10/15]	Time 0.036 (0.042)	Loss 0.0083 (0.0097)	MAE 0.068 (0.070)
 * MAE 0.072
Epoch: [127][100/108]	Time 0.100 (0.098)	Data 0.020 (0.021)	Loss 0.0307 (0.0107)	MAE 0.083 (0.075)
Test: [0/15]	Time 0.043 (0.043)	Loss 0.0114 (0.0114)	MAE 0.073 (0.073)
Test: [10/15]	Time 0.038 (0.042)	Loss 0.0105 (0.0100)	MAE 0.073 (0.071)
 * MAE 0.072
Epoch: [128][100/108]	Time 0.105 (0.097)	Data 0.020 (0.021)	Loss 0.0082 (0.0108)	MAE 0.067 (0.074)
Test: [0/15]	Time 0.044 (0.044)	Loss 0.0069 (0.0069)	MAE 0.065 (0.065)
Test: [10/15]	Time 0.039 (0.042)	Loss 0.0110 (0.0157)	MAE 0.070 (0.074)
 * MAE 0.074
Epoch: [129][100/108]	Time 0.100 (0.098)	Data 0.019 (0.021)	Loss 0.0059 (0.0092)	MAE 0.064 (0.072)
Test: [0/15]	Time 0.035 (0.035)	Loss 0.0146 (0.0146)	MAE 0.071 (0.071)
Test: [10/15]	Time 0.042 (0.043)	Loss 0.0117 (0.0101)	MAE 0.078 (0.070)
 * MAE 0.071
Epoch: [130][100/108]	Time 0.098 (0.099)	Data 0.021 (0.022)	Loss 0.0091 (0.0093)	MAE 0.082 (0.072)
Test: [0/15]	Time 0.039 (0.039)	Loss 0.0178 (0.0178)	MAE 0.083 (0.083)
Test: [10/15]	Time 0.040 (0.042)	Loss 0.0102 (0.0160)	MAE 0.073 (0.074)
 * MAE 0.073
Epoch: [131][100/108]	Time 0.086 (0.097)	Data 0.015 (0.021)	Loss 0.0073 (0.0096)	MAE 0.072 (0.073)
Test: [0/15]	Time 0.041 (0.041)	Loss 0.0073 (0.0073)	MAE 0.066 (0.066)
Test: [10/15]	Time 0.036 (0.042)	Loss 0.0123 (0.0166)	MAE 0.078 (0.074)
 * MAE 0.074
Epoch: [132][100/108]	Time 0.101 (0.098)	Data 0.018 (0.021)	Loss 0.0130 (0.0094)	MAE 0.073 (0.072)
Test: [0/15]	Time 0.043 (0.043)	Loss 0.0739 (0.0739)	MAE 0.090 (0.090)
Test: [10/15]	Time 0.046 (0.043)	Loss 0.0091 (0.0157)	MAE 0.068 (0.075)
 * MAE 0.074
Epoch: [133][100/108]	Time 0.106 (0.098)	Data 0.022 (0.022)	Loss 0.0088 (0.0091)	MAE 0.082 (0.071)
Test: [0/15]	Time 0.043 (0.043)	Loss 0.0103 (0.0103)	MAE 0.072 (0.072)
Test: [10/15]	Time 0.040 (0.044)	Loss 0.0084 (0.0160)	MAE 0.069 (0.075)
 * MAE 0.076
Epoch: [134][100/108]	Time 0.094 (0.101)	Data 0.015 (0.022)	Loss 0.0091 (0.0092)	MAE 0.074 (0.072)
Test: [0/15]	Time 0.034 (0.034)	Loss 0.0083 (0.0083)	MAE 0.068 (0.068)
Test: [10/15]	Time 0.041 (0.042)	Loss 0.0079 (0.0163)	MAE 0.070 (0.076)
 * MAE 0.074
Epoch: [135][100/108]	Time 0.083 (0.099)	Data 0.017 (0.022)	Loss 0.0087 (0.0085)	MAE 0.077 (0.071)
Test: [0/15]	Time 0.044 (0.044)	Loss 0.0086 (0.0086)	MAE 0.070 (0.070)
Test: [10/15]	Time 0.035 (0.042)	Loss 0.0085 (0.0157)	MAE 0.067 (0.073)
 * MAE 0.073
Epoch: [136][100/108]	Time 0.092 (0.098)	Data 0.017 (0.021)	Loss 0.0065 (0.0089)	MAE 0.061 (0.071)
Test: [0/15]	Time 0.039 (0.039)	Loss 0.0112 (0.0112)	MAE 0.074 (0.074)
Test: [10/15]	Time 0.041 (0.042)	Loss 0.0087 (0.0095)	MAE 0.067 (0.071)
 * MAE 0.073
Epoch: [137][100/108]	Time 0.102 (0.099)	Data 0.021 (0.022)	Loss 0.0084 (0.0088)	MAE 0.076 (0.069)
Test: [0/15]	Time 0.037 (0.037)	Loss 0.0082 (0.0082)	MAE 0.071 (0.071)
Test: [10/15]	Time 0.042 (0.041)	Loss 0.0108 (0.0153)	MAE 0.072 (0.072)
 * MAE 0.072
Epoch: [138][100/108]	Time 0.085 (0.098)	Data 0.018 (0.022)	Loss 0.0126 (0.0092)	MAE 0.081 (0.072)
Test: [0/15]	Time 0.043 (0.043)	Loss 0.0094 (0.0094)	MAE 0.068 (0.068)
Test: [10/15]	Time 0.037 (0.043)	Loss 0.0096 (0.0148)	MAE 0.070 (0.071)
 * MAE 0.071
Epoch: [139][100/108]	Time 0.089 (0.099)	Data 0.018 (0.022)	Loss 0.0091 (0.0088)	MAE 0.079 (0.070)
Test: [0/15]	Time 0.041 (0.041)	Loss 0.0123 (0.0123)	MAE 0.084 (0.084)
Test: [10/15]	Time 0.041 (0.041)	Loss 0.0069 (0.0169)	MAE 0.068 (0.080)
 * MAE 0.078
Epoch: [140][100/108]	Time 0.099 (0.098)	Data 0.020 (0.022)	Loss 0.0076 (0.0088)	MAE 0.069 (0.070)
Test: [0/15]	Time 0.047 (0.047)	Loss 0.0096 (0.0096)	MAE 0.071 (0.071)
Test: [10/15]	Time 0.044 (0.043)	Loss 0.0089 (0.0160)	MAE 0.071 (0.072)
 * MAE 0.071
Epoch: [141][100/108]	Time 0.099 (0.097)	Data 0.018 (0.021)	Loss 0.0057 (0.0089)	MAE 0.059 (0.070)
Test: [0/15]	Time 0.039 (0.039)	Loss 0.0099 (0.0099)	MAE 0.068 (0.068)
Test: [10/15]	Time 0.045 (0.044)	Loss 0.0077 (0.0100)	MAE 0.071 (0.070)
 * MAE 0.071
Epoch: [142][100/108]	Time 0.104 (0.098)	Data 0.021 (0.022)	Loss 0.0079 (0.0093)	MAE 0.071 (0.071)
Test: [0/15]	Time 0.044 (0.044)	Loss 0.0715 (0.0715)	MAE 0.089 (0.089)
Test: [10/15]	Time 0.040 (0.042)	Loss 0.0095 (0.0158)	MAE 0.070 (0.071)
 * MAE 0.072
Epoch: [143][100/108]	Time 0.092 (0.099)	Data 0.020 (0.022)	Loss 0.0126 (0.0098)	MAE 0.076 (0.074)
Test: [0/15]	Time 0.041 (0.041)	Loss 0.0101 (0.0101)	MAE 0.077 (0.077)
Test: [10/15]	Time 0.047 (0.043)	Loss 0.0069 (0.0164)	MAE 0.071 (0.081)
 * MAE 0.080
Epoch: [144][100/108]	Time 0.096 (0.099)	Data 0.020 (0.022)	Loss 0.0094 (0.0091)	MAE 0.066 (0.070)
Test: [0/15]	Time 0.045 (0.045)	Loss 0.0116 (0.0116)	MAE 0.069 (0.069)
Test: [10/15]	Time 0.049 (0.041)	Loss 0.0124 (0.0153)	MAE 0.073 (0.072)
 * MAE 0.071
Epoch: [145][100/108]	Time 0.115 (0.099)	Data 0.021 (0.022)	Loss 0.0064 (0.0083)	MAE 0.062 (0.069)
Test: [0/15]	Time 0.046 (0.046)	Loss 0.0105 (0.0105)	MAE 0.071 (0.071)
Test: [10/15]	Time 0.042 (0.042)	Loss 0.0093 (0.0090)	MAE 0.071 (0.069)
 * MAE 0.071
Epoch: [146][100/108]	Time 0.091 (0.098)	Data 0.018 (0.021)	Loss 0.0085 (0.0089)	MAE 0.076 (0.071)
Test: [0/15]	Time 0.039 (0.039)	Loss 0.0065 (0.0065)	MAE 0.063 (0.063)
Test: [10/15]	Time 0.046 (0.042)	Loss 0.0100 (0.0101)	MAE 0.069 (0.071)
 * MAE 0.072
Epoch: [147][100/108]	Time 0.095 (0.099)	Data 0.016 (0.022)	Loss 0.0291 (0.0088)	MAE 0.076 (0.071)
Test: [0/15]	Time 0.040 (0.040)	Loss 0.0094 (0.0094)	MAE 0.071 (0.071)
Test: [10/15]	Time 0.048 (0.041)	Loss 0.0111 (0.0092)	MAE 0.076 (0.071)
 * MAE 0.072
Epoch: [148][100/108]	Time 0.096 (0.097)	Data 0.017 (0.019)	Loss 0.0094 (0.0085)	MAE 0.065 (0.070)
Test: [0/15]	Time 0.043 (0.043)	Loss 0.0088 (0.0088)	MAE 0.069 (0.069)
Test: [10/15]	Time 0.037 (0.042)	Loss 0.0125 (0.0100)	MAE 0.076 (0.073)
 * MAE 0.074
Epoch: [149][100/108]	Time 0.080 (0.096)	Data 0.017 (0.018)	Loss 0.0078 (0.0085)	MAE 0.072 (0.069)
Test: [0/15]	Time 0.044 (0.044)	Loss 0.0099 (0.0099)	MAE 0.070 (0.070)
Test: [10/15]	Time 0.036 (0.043)	Loss 0.0111 (0.0157)	MAE 0.071 (0.071)
 * MAE 0.071
Epoch: [150][100/108]	Time 0.085 (0.095)	Data 0.016 (0.019)	Loss 0.0100 (0.0087)	MAE 0.079 (0.070)
Test: [0/15]	Time 0.039 (0.039)	Loss 0.0079 (0.0079)	MAE 0.068 (0.068)
Test: [10/15]	Time 0.041 (0.068)	Loss 0.0081 (0.0155)	MAE 0.067 (0.075)
 * MAE 0.075
Epoch: [151][100/108]	Time 0.094 (0.096)	Data 0.019 (0.019)	Loss 0.0055 (0.0088)	MAE 0.061 (0.071)
Test: [0/15]	Time 0.043 (0.043)	Loss 0.0077 (0.0077)	MAE 0.066 (0.066)
Test: [10/15]	Time 0.038 (0.068)	Loss 0.0697 (0.0149)	MAE 0.080 (0.070)
 * MAE 0.070
Epoch: [152][100/108]	Time 0.098 (0.096)	Data 0.017 (0.019)	Loss 0.0066 (0.0084)	MAE 0.070 (0.069)
Test: [0/15]	Time 0.043 (0.043)	Loss 0.0139 (0.0139)	MAE 0.077 (0.077)
Test: [10/15]	Time 0.041 (0.071)	Loss 0.0088 (0.0090)	MAE 0.068 (0.067)
 * MAE 0.070
Epoch: [153][100/108]	Time 0.090 (0.095)	Data 0.017 (0.019)	Loss 0.0066 (0.0089)	MAE 0.063 (0.070)
Test: [0/15]	Time 0.037 (0.037)	Loss 0.0088 (0.0088)	MAE 0.071 (0.071)
Test: [10/15]	Time 0.037 (0.067)	Loss 0.0080 (0.0160)	MAE 0.066 (0.073)
 * MAE 0.073
Epoch: [154][100/108]	Time 0.104 (0.096)	Data 0.023 (0.019)	Loss 0.0079 (0.0090)	MAE 0.066 (0.070)
Test: [0/15]	Time 0.040 (0.040)	Loss 0.0110 (0.0110)	MAE 0.079 (0.079)
Test: [10/15]	Time 0.043 (0.070)	Loss 0.0081 (0.0153)	MAE 0.065 (0.075)
 * MAE 0.074
Epoch: [155][100/108]	Time 0.094 (0.095)	Data 0.016 (0.019)	Loss 0.0076 (0.0094)	MAE 0.072 (0.071)
Test: [0/15]	Time 0.045 (0.045)	Loss 0.0111 (0.0111)	MAE 0.073 (0.073)
Test: [10/15]	Time 0.046 (0.070)	Loss 0.0086 (0.0159)	MAE 0.069 (0.073)
 * MAE 0.073
Epoch: [156][100/108]	Time 0.105 (0.096)	Data 0.020 (0.019)	Loss 0.0094 (0.0088)	MAE 0.072 (0.070)
Test: [0/15]	Time 0.039 (0.039)	Loss 0.0116 (0.0116)	MAE 0.079 (0.079)
Test: [10/15]	Time 0.039 (0.041)	Loss 0.0117 (0.0151)	MAE 0.077 (0.072)
 * MAE 0.072
Epoch: [157][100/108]	Time 0.099 (0.095)	Data 0.020 (0.019)	Loss 0.0095 (0.0086)	MAE 0.075 (0.070)
Test: [0/15]	Time 0.043 (0.043)	Loss 0.0083 (0.0083)	MAE 0.069 (0.069)
Test: [10/15]	Time 0.048 (0.043)	Loss 0.0097 (0.0098)	MAE 0.078 (0.070)
 * MAE 0.071
Epoch: [158][100/108]	Time 0.101 (0.096)	Data 0.021 (0.019)	Loss 0.0055 (0.0089)	MAE 0.062 (0.072)
Test: [0/15]	Time 0.046 (0.046)	Loss 0.0098 (0.0098)	MAE 0.075 (0.075)
Test: [10/15]	Time 0.038 (0.042)	Loss 0.0075 (0.0151)	MAE 0.068 (0.074)
 * MAE 0.074
Epoch: [159][100/108]	Time 0.092 (0.099)	Data 0.016 (0.022)	Loss 0.0072 (0.0087)	MAE 0.070 (0.070)
Test: [0/15]	Time 0.041 (0.041)	Loss 0.0132 (0.0132)	MAE 0.070 (0.070)
Test: [10/15]	Time 0.046 (0.042)	Loss 0.0088 (0.0157)	MAE 0.073 (0.072)
 * MAE 0.071
Epoch: [160][100/108]	Time 0.093 (0.098)	Data 0.019 (0.021)	Loss 0.0052 (0.0087)	MAE 0.061 (0.070)
Test: [0/15]	Time 0.044 (0.044)	Loss 0.0104 (0.0104)	MAE 0.070 (0.070)
Test: [10/15]	Time 0.048 (0.043)	Loss 0.0086 (0.0163)	MAE 0.070 (0.072)
 * MAE 0.073
Epoch: [161][100/108]	Time 0.095 (0.098)	Data 0.019 (0.022)	Loss 0.0096 (0.0085)	MAE 0.063 (0.069)
Test: [0/15]	Time 0.044 (0.044)	Loss 0.0711 (0.0711)	MAE 0.083 (0.083)
Test: [10/15]	Time 0.042 (0.040)	Loss 0.0082 (0.0154)	MAE 0.069 (0.072)
 * MAE 0.072
Epoch: [162][100/108]	Time 0.098 (0.098)	Data 0.015 (0.022)	Loss 0.0086 (0.0082)	MAE 0.079 (0.068)
Test: [0/15]	Time 0.040 (0.040)	Loss 0.0083 (0.0083)	MAE 0.064 (0.064)
Test: [10/15]	Time 0.041 (0.040)	Loss 0.0100 (0.0090)	MAE 0.074 (0.068)
 * MAE 0.070
Epoch: [163][100/108]	Time 0.101 (0.099)	Data 0.019 (0.022)	Loss 0.0057 (0.0086)	MAE 0.063 (0.069)
Test: [0/15]	Time 0.037 (0.037)	Loss 0.0100 (0.0100)	MAE 0.077 (0.077)
Test: [10/15]	Time 0.040 (0.042)	Loss 0.0744 (0.0158)	MAE 0.088 (0.076)
 * MAE 0.076
Epoch: [164][100/108]	Time 0.095 (0.099)	Data 0.019 (0.022)	Loss 0.0080 (0.0087)	MAE 0.077 (0.069)
Test: [0/15]	Time 0.043 (0.043)	Loss 0.0094 (0.0094)	MAE 0.068 (0.068)
Test: [10/15]	Time 0.038 (0.040)	Loss 0.0066 (0.0156)	MAE 0.061 (0.071)
 * MAE 0.070
Epoch: [165][100/108]	Time 0.092 (0.098)	Data 0.017 (0.021)	Loss 0.0099 (0.0080)	MAE 0.079 (0.068)
Test: [0/15]	Time 0.042 (0.042)	Loss 0.0755 (0.0755)	MAE 0.086 (0.086)
Test: [10/15]	Time 0.050 (0.043)	Loss 0.0090 (0.0156)	MAE 0.067 (0.070)
 * MAE 0.070
Epoch: [166][100/108]	Time 0.095 (0.098)	Data 0.015 (0.022)	Loss 0.0063 (0.0085)	MAE 0.067 (0.069)
Test: [0/15]	Time 0.043 (0.043)	Loss 0.0770 (0.0770)	MAE 0.090 (0.090)
Test: [10/15]	Time 0.043 (0.042)	Loss 0.0119 (0.0163)	MAE 0.076 (0.073)
 * MAE 0.071
Epoch: [167][100/108]	Time 0.098 (0.098)	Data 0.022 (0.021)	Loss 0.0110 (0.0077)	MAE 0.080 (0.067)
Test: [0/15]	Time 0.041 (0.041)	Loss 0.0106 (0.0106)	MAE 0.073 (0.073)
Test: [10/15]	Time 0.039 (0.041)	Loss 0.0137 (0.0099)	MAE 0.072 (0.070)
 * MAE 0.070
Epoch: [168][100/108]	Time 0.097 (0.098)	Data 0.018 (0.021)	Loss 0.0060 (0.0083)	MAE 0.067 (0.069)
Test: [0/15]	Time 0.038 (0.038)	Loss 0.0144 (0.0144)	MAE 0.071 (0.071)
Test: [10/15]	Time 0.041 (0.041)	Loss 0.0081 (0.0155)	MAE 0.070 (0.072)
 * MAE 0.071
Epoch: [169][100/108]	Time 0.087 (0.098)	Data 0.015 (0.021)	Loss 0.0061 (0.0092)	MAE 0.066 (0.070)
Test: [0/15]	Time 0.037 (0.037)	Loss 0.0088 (0.0088)	MAE 0.070 (0.070)
Test: [10/15]	Time 0.040 (0.042)	Loss 0.0114 (0.0157)	MAE 0.069 (0.071)
 * MAE 0.071
Epoch: [170][100/108]	Time 0.089 (0.098)	Data 0.015 (0.022)	Loss 0.0060 (0.0089)	MAE 0.062 (0.069)
Test: [0/15]	Time 0.039 (0.039)	Loss 0.0065 (0.0065)	MAE 0.065 (0.065)
Test: [10/15]	Time 0.037 (0.042)	Loss 0.0095 (0.0153)	MAE 0.074 (0.072)
 * MAE 0.072
Epoch: [171][100/108]	Time 0.083 (0.099)	Data 0.015 (0.022)	Loss 0.0046 (0.0086)	MAE 0.055 (0.069)
Test: [0/15]	Time 0.040 (0.040)	Loss 0.0082 (0.0082)	MAE 0.069 (0.069)
Test: [10/15]	Time 0.041 (0.043)	Loss 0.0098 (0.0100)	MAE 0.077 (0.075)
 * MAE 0.075
Epoch: [172][100/108]	Time 0.089 (0.099)	Data 0.018 (0.022)	Loss 0.0075 (0.0086)	MAE 0.067 (0.069)
Test: [0/15]	Time 0.044 (0.044)	Loss 0.0115 (0.0115)	MAE 0.075 (0.075)
Test: [10/15]	Time 0.042 (0.041)	Loss 0.0066 (0.0102)	MAE 0.062 (0.071)
 * MAE 0.072
Epoch: [173][100/108]	Time 0.100 (0.098)	Data 0.021 (0.022)	Loss 0.0086 (0.0082)	MAE 0.075 (0.069)
Test: [0/15]	Time 0.041 (0.041)	Loss 0.0082 (0.0082)	MAE 0.067 (0.067)
Test: [10/15]	Time 0.041 (0.042)	Loss 0.0086 (0.0149)	MAE 0.068 (0.070)
 * MAE 0.070
Epoch: [174][100/108]	Time 0.092 (0.100)	Data 0.020 (0.022)	Loss 0.0062 (0.0082)	MAE 0.062 (0.069)
Test: [0/15]	Time 0.045 (0.045)	Loss 0.0090 (0.0090)	MAE 0.068 (0.068)
Test: [10/15]	Time 0.038 (0.042)	Loss 0.0143 (0.0092)	MAE 0.075 (0.069)
 * MAE 0.069
Epoch: [175][100/108]	Time 0.096 (0.098)	Data 0.015 (0.021)	Loss 0.0064 (0.0086)	MAE 0.064 (0.069)
Test: [0/15]	Time 0.039 (0.039)	Loss 0.0079 (0.0079)	MAE 0.068 (0.068)
Test: [10/15]	Time 0.041 (0.042)	Loss 0.0091 (0.0165)	MAE 0.068 (0.074)
 * MAE 0.072
Epoch: [176][100/108]	Time 0.091 (0.098)	Data 0.019 (0.022)	Loss 0.0064 (0.0085)	MAE 0.063 (0.069)
Test: [0/15]	Time 0.045 (0.045)	Loss 0.0125 (0.0125)	MAE 0.076 (0.076)
Test: [10/15]	Time 0.040 (0.043)	Loss 0.0096 (0.0151)	MAE 0.068 (0.071)
 * MAE 0.071
Epoch: [177][100/108]	Time 0.106 (0.098)	Data 0.020 (0.022)	Loss 0.0072 (0.0081)	MAE 0.070 (0.067)
Test: [0/15]	Time 0.045 (0.045)	Loss 0.0061 (0.0061)	MAE 0.062 (0.062)
Test: [10/15]	Time 0.044 (0.041)	Loss 0.0106 (0.0149)	MAE 0.075 (0.070)
 * MAE 0.070
Epoch: [178][100/108]	Time 0.103 (0.099)	Data 0.024 (0.022)	Loss 0.0052 (0.0083)	MAE 0.058 (0.069)
Test: [0/15]	Time 0.044 (0.044)	Loss 0.0085 (0.0085)	MAE 0.063 (0.063)
Test: [10/15]	Time 0.047 (0.043)	Loss 0.0109 (0.0149)	MAE 0.075 (0.070)
 * MAE 0.070
Epoch: [179][100/108]	Time 0.089 (0.098)	Data 0.017 (0.021)	Loss 0.0076 (0.0081)	MAE 0.071 (0.067)
Test: [0/15]	Time 0.048 (0.048)	Loss 0.0150 (0.0150)	MAE 0.070 (0.070)
Test: [10/15]	Time 0.035 (0.043)	Loss 0.0089 (0.0158)	MAE 0.069 (0.070)
 * MAE 0.071
Epoch: [180][100/108]	Time 0.104 (0.099)	Data 0.021 (0.022)	Loss 0.0066 (0.0079)	MAE 0.067 (0.067)
Test: [0/15]	Time 0.054 (0.054)	Loss 0.0104 (0.0104)	MAE 0.070 (0.070)
Test: [10/15]	Time 0.041 (0.043)	Loss 0.0104 (0.0149)	MAE 0.074 (0.072)
 * MAE 0.071
Epoch: [181][100/108]	Time 0.092 (0.099)	Data 0.015 (0.022)	Loss 0.0103 (0.0081)	MAE 0.071 (0.068)
Test: [0/15]	Time 0.039 (0.039)	Loss 0.0080 (0.0080)	MAE 0.070 (0.070)
Test: [10/15]	Time 0.039 (0.041)	Loss 0.0092 (0.0158)	MAE 0.072 (0.072)
 * MAE 0.073
Epoch: [182][100/108]	Time 0.104 (0.099)	Data 0.021 (0.022)	Loss 0.0065 (0.0081)	MAE 0.067 (0.068)
Test: [0/15]	Time 0.049 (0.049)	Loss 0.0099 (0.0099)	MAE 0.071 (0.071)
Test: [10/15]	Time 0.040 (0.043)	Loss 0.0153 (0.0163)	MAE 0.083 (0.074)
 * MAE 0.075
Epoch: [183][100/108]	Time 0.100 (0.100)	Data 0.017 (0.022)	Loss 0.0066 (0.0083)	MAE 0.062 (0.068)
Test: [0/15]	Time 0.040 (0.040)	Loss 0.0102 (0.0102)	MAE 0.073 (0.073)
Test: [10/15]	Time 0.037 (0.041)	Loss 0.0076 (0.0152)	MAE 0.066 (0.070)
 * MAE 0.070
Epoch: [184][100/108]	Time 0.090 (0.097)	Data 0.019 (0.021)	Loss 0.0238 (0.0079)	MAE 0.066 (0.067)
Test: [0/15]	Time 0.037 (0.037)	Loss 0.0114 (0.0114)	MAE 0.075 (0.075)
Test: [10/15]	Time 0.042 (0.042)	Loss 0.0062 (0.0153)	MAE 0.064 (0.069)
 * MAE 0.069
Epoch: [185][100/108]	Time 0.101 (0.098)	Data 0.020 (0.022)	Loss 0.0094 (0.0077)	MAE 0.070 (0.067)
Test: [0/15]	Time 0.042 (0.042)	Loss 0.0105 (0.0105)	MAE 0.074 (0.074)
Test: [10/15]	Time 0.049 (0.045)	Loss 0.0103 (0.0150)	MAE 0.073 (0.072)
 * MAE 0.072
Epoch: [186][100/108]	Time 0.101 (0.099)	Data 0.020 (0.022)	Loss 0.0180 (0.0089)	MAE 0.079 (0.069)
Test: [0/15]	Time 0.041 (0.041)	Loss 0.0120 (0.0120)	MAE 0.077 (0.077)
Test: [10/15]	Time 0.041 (0.043)	Loss 0.0110 (0.0161)	MAE 0.074 (0.075)
 * MAE 0.075
Epoch: [187][100/108]	Time 0.095 (0.097)	Data 0.019 (0.021)	Loss 0.0050 (0.0086)	MAE 0.060 (0.071)
Test: [0/15]	Time 0.039 (0.039)	Loss 0.0687 (0.0687)	MAE 0.089 (0.089)
Test: [10/15]	Time 0.053 (0.044)	Loss 0.0107 (0.0147)	MAE 0.075 (0.071)
 * MAE 0.071
Epoch: [188][100/108]	Time 0.105 (0.102)	Data 0.018 (0.023)	Loss 0.0100 (0.0100)	MAE 0.072 (0.071)
Test: [0/15]	Time 0.042 (0.042)	Loss 0.0133 (0.0133)	MAE 0.083 (0.083)
Test: [10/15]	Time 0.041 (0.042)	Loss 0.0110 (0.0101)	MAE 0.073 (0.075)
 * MAE 0.076
Epoch: [189][100/108]	Time 0.096 (0.101)	Data 0.020 (0.023)	Loss 0.0065 (0.0082)	MAE 0.065 (0.068)
Test: [0/15]	Time 0.039 (0.039)	Loss 0.0132 (0.0132)	MAE 0.074 (0.074)
Test: [10/15]	Time 0.042 (0.041)	Loss 0.0091 (0.0148)	MAE 0.063 (0.069)
 * MAE 0.069
Epoch: [190][100/108]	Time 0.110 (0.100)	Data 0.021 (0.022)	Loss 0.0079 (0.0080)	MAE 0.065 (0.068)
Test: [0/15]	Time 0.046 (0.046)	Loss 0.0117 (0.0117)	MAE 0.072 (0.072)
Test: [10/15]	Time 0.037 (0.043)	Loss 0.0083 (0.0153)	MAE 0.065 (0.071)
 * MAE 0.070
Epoch: [191][100/108]	Time 0.095 (0.099)	Data 0.023 (0.022)	Loss 0.0046 (0.0080)	MAE 0.054 (0.067)
Test: [0/15]	Time 0.042 (0.042)	Loss 0.0093 (0.0093)	MAE 0.072 (0.072)
Test: [10/15]	Time 0.038 (0.043)	Loss 0.0100 (0.0154)	MAE 0.071 (0.071)
 * MAE 0.070
Epoch: [192][100/108]	Time 0.098 (0.099)	Data 0.017 (0.022)	Loss 0.0081 (0.0080)	MAE 0.070 (0.067)
Test: [0/15]	Time 0.044 (0.044)	Loss 0.0064 (0.0064)	MAE 0.063 (0.063)
Test: [10/15]	Time 0.039 (0.042)	Loss 0.0088 (0.0146)	MAE 0.070 (0.071)
 * MAE 0.071
Epoch: [193][100/108]	Time 0.088 (0.099)	Data 0.018 (0.022)	Loss 0.0054 (0.0078)	MAE 0.061 (0.067)
Test: [0/15]	Time 0.041 (0.041)	Loss 0.0080 (0.0080)	MAE 0.061 (0.061)
Test: [10/15]	Time 0.036 (0.042)	Loss 0.0115 (0.0097)	MAE 0.076 (0.069)
 * MAE 0.070
Epoch: [194][100/108]	Time 0.107 (0.099)	Data 0.016 (0.021)	Loss 0.0074 (0.0082)	MAE 0.068 (0.068)
Test: [0/15]	Time 0.040 (0.040)	Loss 0.0103 (0.0103)	MAE 0.072 (0.072)
Test: [10/15]	Time 0.038 (0.041)	Loss 0.0081 (0.0146)	MAE 0.066 (0.070)
 * MAE 0.070
Epoch: [195][100/108]	Time 0.100 (0.099)	Data 0.016 (0.022)	Loss 0.0060 (0.0082)	MAE 0.063 (0.067)
Test: [0/15]	Time 0.043 (0.043)	Loss 0.0105 (0.0105)	MAE 0.069 (0.069)
Test: [10/15]	Time 0.040 (0.044)	Loss 0.0105 (0.0148)	MAE 0.070 (0.071)
 * MAE 0.070
Epoch: [196][100/108]	Time 0.103 (0.098)	Data 0.017 (0.022)	Loss 0.0081 (0.0082)	MAE 0.063 (0.068)
Test: [0/15]	Time 0.044 (0.044)	Loss 0.0129 (0.0129)	MAE 0.081 (0.081)
Test: [10/15]	Time 0.036 (0.042)	Loss 0.0082 (0.0088)	MAE 0.067 (0.067)
 * MAE 0.069
Epoch: [197][100/108]	Time 0.098 (0.098)	Data 0.018 (0.022)	Loss 0.0075 (0.0079)	MAE 0.072 (0.067)
Test: [0/15]	Time 0.048 (0.048)	Loss 0.0089 (0.0089)	MAE 0.060 (0.060)
Test: [10/15]	Time 0.040 (0.043)	Loss 0.0097 (0.0141)	MAE 0.071 (0.068)
 * MAE 0.069
Epoch: [198][100/108]	Time 0.105 (0.099)	Data 0.023 (0.022)	Loss 0.0120 (0.0080)	MAE 0.085 (0.067)
Test: [0/15]	Time 0.038 (0.038)	Loss 0.0139 (0.0139)	MAE 0.077 (0.077)
Test: [10/15]	Time 0.043 (0.041)	Loss 0.0069 (0.0144)	MAE 0.061 (0.070)
 * MAE 0.070
Epoch: [199][100/108]	Time 0.111 (0.099)	Data 0.024 (0.022)	Loss 0.0045 (0.0079)	MAE 0.059 (0.067)
Test: [0/15]	Time 0.039 (0.039)	Loss 0.0100 (0.0100)	MAE 0.070 (0.070)
Test: [10/15]	Time 0.041 (0.041)	Loss 0.0086 (0.0093)	MAE 0.072 (0.069)
 * MAE 0.069
---------Evaluate Model on Test Set---------------
Test: [0/22]	Time 4.772 (4.772)	Loss 0.0079 (0.0079)	MAE 0.063 (0.063)
Test: [10/22]	Time 4.070 (4.484)	Loss 0.0083 (0.0083)	MAE 0.071 (0.066)
Test: [20/22]	Time 4.289 (4.459)	Loss 0.0090 (0.0099)	MAE 0.069 (0.069)
 ** MAE 0.069
