Epoch: [0][10/17]	Time 0.442 (0.377)	Data 0.403 (0.326)	Loss 0.9509 (1.0709)	MAE 2.518 (2.606)
Test: [0/3]	Time 0.357 (0.357)	Loss 0.8021 (0.8021)	MAE 2.325 (2.325)
 * MAE 2.464
Epoch: [1][10/17]	Time 0.042 (0.045)	Data 0.006 (0.007)	Loss 0.8239 (1.0230)	MAE 2.401 (2.552)
Test: [0/3]	Time 0.015 (0.015)	Loss 0.9024 (0.9024)	MAE 2.489 (2.489)
 * MAE 2.467
Epoch: [2][10/17]	Time 0.047 (0.046)	Data 0.009 (0.008)	Loss 1.0290 (1.0889)	MAE 2.637 (2.675)
Test: [0/3]	Time 0.013 (0.013)	Loss 1.0394 (1.0394)	MAE 2.677 (2.677)
 * MAE 2.467
Epoch: [3][10/17]	Time 0.039 (0.037)	Data 0.006 (0.006)	Loss 1.1839 (1.0596)	MAE 2.794 (2.641)
Test: [0/3]	Time 0.014 (0.014)	Loss 0.7813 (0.7813)	MAE 2.277 (2.277)
 * MAE 2.470
Epoch: [4][10/17]	Time 0.043 (0.043)	Data 0.007 (0.008)	Loss 1.4692 (1.1105)	MAE 2.947 (2.700)
Test: [0/3]	Time 0.017 (0.017)	Loss 0.9242 (0.9242)	MAE 2.458 (2.458)
 * MAE 2.471
Epoch: [5][10/17]	Time 0.049 (0.042)	Data 0.009 (0.007)	Loss 0.6155 (1.0927)	MAE 1.899 (2.614)
Test: [0/3]	Time 0.017 (0.017)	Loss 0.5915 (0.5915)	MAE 2.075 (2.075)
 * MAE 2.471
Epoch: [6][10/17]	Time 0.044 (0.043)	Data 0.009 (0.008)	Loss 0.9460 (1.0911)	MAE 2.475 (2.683)
Test: [0/3]	Time 0.013 (0.013)	Loss 0.8746 (0.8746)	MAE 2.417 (2.417)
 * MAE 2.472
Epoch: [7][10/17]	Time 0.048 (0.045)	Data 0.006 (0.008)	Loss 0.8069 (1.0774)	MAE 2.388 (2.629)
Test: [0/3]	Time 0.015 (0.015)	Loss 1.0515 (1.0515)	MAE 2.730 (2.730)
 * MAE 2.472
Epoch: [8][10/17]	Time 0.049 (0.045)	Data 0.008 (0.009)	Loss 1.0707 (1.0796)	MAE 2.615 (2.621)
Test: [0/3]	Time 0.014 (0.014)	Loss 1.1398 (1.1398)	MAE 2.851 (2.851)
 * MAE 2.471
Epoch: [9][10/17]	Time 0.040 (0.044)	Data 0.006 (0.007)	Loss 0.9291 (0.9679)	MAE 2.573 (2.494)
Test: [0/3]	Time 0.014 (0.014)	Loss 1.1286 (1.1286)	MAE 2.846 (2.846)
 * MAE 2.471
---------Evaluate Model on Test Set---------------
Test: [0/5]	Time 0.377 (0.377)	Loss 0.8166 (0.8166)	MAE 2.339 (2.339)
 ** MAE 2.479
